gridpoints_x: 16
gridpoints_y: 16
timesteps: 10
write_per_t: 1
radi_coef_beta: 0
freq_coef_gamma: 1
coef_alpha: 1
tolerance: 1e-06
The norm of iteration 1-0 is 0.76196
The norm of iteration 1-1 is 0.299267
The norm of iteration 1-2 is 0.454717
The norm of iteration 1-3 is 0.314825
The norm of iteration 1-4 is 0.347349
The norm of iteration 1-5 is 0.295189
The norm of iteration 1-6 is 0.293524
The norm of iteration 1-7 is 0.267751
The norm of iteration 1-8 is 0.257354
The norm of iteration 1-9 is 0.240473
The norm of iteration 1-10 is 0.228631
The norm of iteration 1-11 is 0.215388
The norm of iteration 1-12 is 0.204084
The norm of iteration 1-13 is 0.192802
The norm of iteration 1-14 is 0.182495
The norm of iteration 1-15 is 0.172576
The norm of iteration 1-16 is 0.163301
The norm of iteration 1-17 is 0.15448
The norm of iteration 1-18 is 0.146167
The norm of iteration 1-19 is 0.138289
The norm of iteration 1-20 is 0.130846
The norm of iteration 1-21 is 0.1238
The norm of iteration 1-22 is 0.117136
The norm of iteration 1-23 is 0.110831
The norm of iteration 1-24 is 0.104866
The norm of iteration 1-25 is 0.0992213
The norm of iteration 1-26 is 0.0938813
The norm of iteration 1-27 is 0.0888286
The norm of iteration 1-28 is 0.084048
The norm of iteration 1-29 is 0.0795247
The norm of iteration 1-30 is 0.0752449
The norm of iteration 1-31 is 0.0711954
The norm of iteration 1-32 is 0.0673639
The norm of iteration 1-33 is 0.0637386
The norm of iteration 1-34 is 0.0603084
The norm of iteration 1-35 is 0.0570628
The norm of iteration 1-36 is 0.0539918
The norm of iteration 1-37 is 0.0510862
The norm of iteration 1-38 is 0.0483369
The norm of iteration 1-39 is 0.0457355
The norm of iteration 1-40 is 0.0432742
The norm of iteration 1-41 is 0.0409453
The norm of iteration 1-42 is 0.0387418
The norm of iteration 1-43 is 0.0366568
The norm of iteration 1-44 is 0.0346841
The norm of iteration 1-45 is 0.0328175
The norm of iteration 1-46 is 0.0310514
The norm of iteration 1-47 is 0.0293803
The norm of iteration 1-48 is 0.0277991
The norm of iteration 1-49 is 0.0263031
The norm of iteration 1-50 is 0.0248875
The norm of iteration 1-51 is 0.0235482
The norm of iteration 1-52 is 0.0222809
The norm of iteration 1-53 is 0.0210818
The norm of iteration 1-54 is 0.0199473
The norm of iteration 1-55 is 0.0188738
The norm of iteration 1-56 is 0.017858
The norm of iteration 1-57 is 0.016897
The norm of iteration 1-58 is 0.0159876
The norm of iteration 1-59 is 0.0151272
The norm of iteration 1-60 is 0.0143131
The norm of iteration 1-61 is 0.0135429
The norm of iteration 1-62 is 0.012814
The norm of iteration 1-63 is 0.0121244
The norm of iteration 1-64 is 0.0114719
The norm of iteration 1-65 is 0.0108545
The norm of iteration 1-66 is 0.0102704
The norm of iteration 1-67 is 0.00971766
The norm of iteration 1-68 is 0.00919469
The norm of iteration 1-69 is 0.00869986
The norm of iteration 1-70 is 0.00823166
The norm of iteration 1-71 is 0.00778866
The norm of iteration 1-72 is 0.0073695
The norm of iteration 1-73 is 0.0069729
The norm of iteration 1-74 is 0.00659764
The norm of iteration 1-75 is 0.00624258
The norm of iteration 1-76 is 0.00590662
The norm of iteration 1-77 is 0.00558875
The norm of iteration 1-78 is 0.00528798
The norm of iteration 1-79 is 0.0050034
The norm of iteration 1-80 is 0.00473413
The norm of iteration 1-81 is 0.00447936
The norm of iteration 1-82 is 0.00423829
The norm of iteration 1-83 is 0.0040102
The norm of iteration 1-84 is 0.00379439
The norm of iteration 1-85 is 0.00359019
The norm of iteration 1-86 is 0.00339697
The norm of iteration 1-87 is 0.00321416
The norm of iteration 1-88 is 0.00304118
The norm of iteration 1-89 is 0.00287752
The norm of iteration 1-90 is 0.00272266
The norm of iteration 1-91 is 0.00257613
The norm of iteration 1-92 is 0.0024375
The norm of iteration 1-93 is 0.00230632
The norm of iteration 1-94 is 0.0021822
The norm of iteration 1-95 is 0.00206476
The norm of iteration 1-96 is 0.00195364
The norm of iteration 1-97 is 0.0018485
The norm of iteration 1-98 is 0.00174902
The norm of iteration 1-99 is 0.0016549
The norm of iteration 1-100 is 0.00156584
The norm of iteration 1-101 is 0.00148157
The norm of iteration 1-102 is 0.00140183
The norm of iteration 1-103 is 0.00132639
The norm of iteration 1-104 is 0.00125501
The norm of iteration 1-105 is 0.00118747
The norm of iteration 1-106 is 0.00112356
The norm of iteration 1-107 is 0.0010631
The norm of iteration 1-108 is 0.00100589
The norm of iteration 1-109 is 0.000951752
The norm of iteration 1-110 is 0.000900532
The norm of iteration 1-111 is 0.000852068
The norm of iteration 1-112 is 0.000806212
The norm of iteration 1-113 is 0.000762825
The norm of iteration 1-114 is 0.000721772
The norm of iteration 1-115 is 0.000682929
The norm of iteration 1-116 is 0.000646176
The norm of iteration 1-117 is 0.000611401
The norm of iteration 1-118 is 0.000578497
The norm of iteration 1-119 is 0.000547364
The norm of iteration 1-120 is 0.000517907
The norm of iteration 1-121 is 0.000490035
The norm of iteration 1-122 is 0.000463663
The norm of iteration 1-123 is 0.00043871
The norm of iteration 1-124 is 0.0004151
The norm of iteration 1-125 is 0.000392761
The norm of iteration 1-126 is 0.000371624
The norm of iteration 1-127 is 0.000351624
The norm of iteration 1-128 is 0.000332701
The norm of iteration 1-129 is 0.000314796
The norm of iteration 1-130 is 0.000297855
The norm of iteration 1-131 is 0.000281825
The norm of iteration 1-132 is 0.000266658
The norm of iteration 1-133 is 0.000252308
The norm of iteration 1-134 is 0.000238729
The norm of iteration 1-135 is 0.000225882
The norm of iteration 1-136 is 0.000213725
The norm of iteration 1-137 is 0.000202223
The norm of iteration 1-138 is 0.00019134
The norm of iteration 1-139 is 0.000181043
The norm of iteration 1-140 is 0.0001713
The norm of iteration 1-141 is 0.000162081
The norm of iteration 1-142 is 0.000153359
The norm of iteration 1-143 is 0.000145105
The norm of iteration 1-144 is 0.000137296
The norm of iteration 1-145 is 0.000129907
The norm of iteration 1-146 is 0.000122916
The norm of iteration 1-147 is 0.000116301
The norm of iteration 1-148 is 0.000110042
The norm of iteration 1-149 is 0.00010412
The norm of iteration 1-150 is 9.85168e-05
The norm of iteration 1-151 is 9.32149e-05
The norm of iteration 1-152 is 8.81984e-05
The norm of iteration 1-153 is 8.34519e-05
The norm of iteration 1-154 is 7.89608e-05
The norm of iteration 1-155 is 7.47114e-05
The norm of iteration 1-156 is 7.06906e-05
The norm of iteration 1-157 is 6.68863e-05
The norm of iteration 1-158 is 6.32867e-05
The norm of iteration 1-159 is 5.98808e-05
The norm of iteration 1-160 is 5.66582e-05
The norm of iteration 1-161 is 5.36091e-05
The norm of iteration 1-162 is 5.0724e-05
The norm of iteration 1-163 is 4.79942e-05
The norm of iteration 1-164 is 4.54113e-05
The norm of iteration 1-165 is 4.29674e-05
The norm of iteration 1-166 is 4.06551e-05
The norm of iteration 1-167 is 3.84672e-05
The norm of iteration 1-168 is 3.6397e-05
The norm of iteration 1-169 is 3.44382e-05
The norm of iteration 1-170 is 3.25849e-05
The norm of iteration 1-171 is 3.08313e-05
The norm of iteration 1-172 is 2.9172e-05
The norm of iteration 1-173 is 2.76021e-05
The norm of iteration 1-174 is 2.61166e-05
The norm of iteration 1-175 is 2.47111e-05
The norm of iteration 1-176 is 2.33812e-05
The norm of iteration 1-177 is 2.21229e-05
The norm of iteration 1-178 is 2.09324e-05
The norm of iteration 1-179 is 1.98058e-05
The norm of iteration 1-180 is 1.874e-05
The norm of iteration 1-181 is 1.77314e-05
The norm of iteration 1-182 is 1.67772e-05
The norm of iteration 1-183 is 1.58743e-05
The norm of iteration 1-184 is 1.502e-05
The norm of iteration 1-185 is 1.42117e-05
The norm of iteration 1-186 is 1.34468e-05
The norm of iteration 1-187 is 1.27232e-05
The norm of iteration 1-188 is 1.20385e-05
The norm of iteration 1-189 is 1.13906e-05
The norm of iteration 1-190 is 1.07776e-05
The norm of iteration 1-191 is 1.01976e-05
The norm of iteration 1-192 is 9.64877e-06
The norm of iteration 1-193 is 9.12951e-06
The norm of iteration 1-194 is 8.63819e-06
The norm of iteration 1-195 is 8.17331e-06
The norm of iteration 1-196 is 7.73345e-06
The norm of iteration 1-197 is 7.31726e-06
The norm of iteration 1-198 is 6.92347e-06
The norm of iteration 1-199 is 6.55087e-06
The norm of iteration 1-200 is 6.19833e-06
The norm of iteration 1-201 is 5.86475e-06
The norm of iteration 1-202 is 5.54913e-06
The norm of iteration 1-203 is 5.2505e-06
The norm of iteration 1-204 is 4.96793e-06
The norm of iteration 1-205 is 4.70057e-06
The norm of iteration 1-206 is 4.4476e-06
The norm of iteration 1-207 is 4.20825e-06
The norm of iteration 1-208 is 3.98177e-06
The norm of iteration 1-209 is 3.76749e-06
The norm of iteration 1-210 is 3.56474e-06
The norm of iteration 1-211 is 3.37289e-06
The norm of iteration 1-212 is 3.19137e-06
The norm of iteration 1-213 is 3.01963e-06
The norm of iteration 1-214 is 2.85712e-06
The norm of iteration 1-215 is 2.70336e-06
The norm of iteration 1-216 is 2.55787e-06
The norm of iteration 1-217 is 2.42022e-06
The norm of iteration 1-218 is 2.28997e-06
The norm of iteration 1-219 is 2.16673e-06
The norm of iteration 1-220 is 2.05012e-06
The norm of iteration 1-221 is 1.93979e-06
The norm of iteration 1-222 is 1.8354e-06
The norm of iteration 1-223 is 1.73662e-06
The norm of iteration 1-224 is 1.64317e-06
The norm of iteration 1-225 is 1.55474e-06
The norm of iteration 1-226 is 1.47106e-06
The norm of iteration 1-227 is 1.3919e-06
The norm of iteration 1-228 is 1.31699e-06
The norm of iteration 1-229 is 1.24611e-06
The norm of iteration 1-230 is 1.17905e-06
The norm of iteration 1-231 is 1.1156e-06
The norm of iteration 1-232 is 1.05556e-06
The norm of iteration 1-233 is 9.98755e-07
The norm of iteration 2-0 is 1.17724
The norm of iteration 2-1 is 0.131321
The norm of iteration 2-2 is 0.475021
The norm of iteration 2-3 is 0.200578
The norm of iteration 2-4 is 0.292179
The norm of iteration 2-5 is 0.209285
The norm of iteration 2-6 is 0.228053
The norm of iteration 2-7 is 0.196755
The norm of iteration 2-8 is 0.194961
The norm of iteration 2-9 is 0.178943
The norm of iteration 2-10 is 0.171873
The norm of iteration 2-11 is 0.160997
The norm of iteration 2-12 is 0.153071
The norm of iteration 2-13 is 0.144351
The norm of iteration 2-14 is 0.136793
The norm of iteration 2-15 is 0.129286
The norm of iteration 2-16 is 0.122387
The norm of iteration 2-17 is 0.115757
The norm of iteration 2-18 is 0.109543
The norm of iteration 2-19 is 0.103634
The norm of iteration 2-20 is 0.0980612
The norm of iteration 2-21 is 0.0927795
The norm of iteration 2-22 is 0.0877874
The norm of iteration 2-23 is 0.0830615
The norm of iteration 2-24 is 0.0785916
The norm of iteration 2-25 is 0.0743616
The norm of iteration 2-26 is 0.0703597
The norm of iteration 2-27 is 0.066573
The norm of iteration 2-28 is 0.0629903
The norm of iteration 2-29 is 0.0596003
The norm of iteration 2-30 is 0.0563928
The norm of iteration 2-31 is 0.0533579
The norm of iteration 2-32 is 0.0504863
The norm of iteration 2-33 is 0.0477693
The norm of iteration 2-34 is 0.0451985
The norm of iteration 2-35 is 0.0427661
The norm of iteration 2-36 is 0.0404645
The norm of iteration 2-37 is 0.0382869
The norm of iteration 2-38 is 0.0362264
The norm of iteration 2-39 is 0.0342768
The norm of iteration 2-40 is 0.0324321
The norm of iteration 2-41 is 0.0306868
The norm of iteration 2-42 is 0.0290353
The norm of iteration 2-43 is 0.0274727
The norm of iteration 2-44 is 0.0259942
The norm of iteration 2-45 is 0.0245953
The norm of iteration 2-46 is 0.0232717
The norm of iteration 2-47 is 0.0220193
The norm of iteration 2-48 is 0.0208343
The norm of iteration 2-49 is 0.019713
The norm of iteration 2-50 is 0.0186521
The norm of iteration 2-51 is 0.0176483
The norm of iteration 2-52 is 0.0166986
The norm of iteration 2-53 is 0.0157999
The norm of iteration 2-54 is 0.0149496
The norm of iteration 2-55 is 0.0141451
The norm of iteration 2-56 is 0.0133838
The norm of iteration 2-57 is 0.0126636
The norm of iteration 2-58 is 0.011982
The norm of iteration 2-59 is 0.0113372
The norm of iteration 2-60 is 0.0107271
The norm of iteration 2-61 is 0.0101498
The norm of iteration 2-62 is 0.00960355
The norm of iteration 2-63 is 0.00908672
The norm of iteration 2-64 is 0.0085977
The norm of iteration 2-65 is 0.008135
The norm of iteration 2-66 is 0.00769721
The norm of iteration 2-67 is 0.00728297
The norm of iteration 2-68 is 0.00689102
The norm of iteration 2-69 is 0.00652017
The norm of iteration 2-70 is 0.00616928
The norm of iteration 2-71 is 0.00583727
The norm of iteration 2-72 is 0.00552312
The norm of iteration 2-73 is 0.00522589
The norm of iteration 2-74 is 0.00494465
The norm of iteration 2-75 is 0.00467854
The norm of iteration 2-76 is 0.00442676
The norm of iteration 2-77 is 0.00418853
The norm of iteration 2-78 is 0.00396311
The norm of iteration 2-79 is 0.00374983
The norm of iteration 2-80 is 0.00354803
The norm of iteration 2-81 is 0.00335708
The norm of iteration 2-82 is 0.00317642
The norm of iteration 2-83 is 0.00300547
The norm of iteration 2-84 is 0.00284373
The norm of iteration 2-85 is 0.00269069
The norm of iteration 2-86 is 0.00254588
The norm of iteration 2-87 is 0.00240887
The norm of iteration 2-88 is 0.00227924
The norm of iteration 2-89 is 0.00215658
The norm of iteration 2-90 is 0.00204052
The norm of iteration 2-91 is 0.0019307
The norm of iteration 2-92 is 0.0018268
The norm of iteration 2-93 is 0.00172849
The norm of iteration 2-94 is 0.00163546
The norm of iteration 2-95 is 0.00154745
The norm of iteration 2-96 is 0.00146417
The norm of iteration 2-97 is 0.00138537
The norm of iteration 2-98 is 0.00131082
The norm of iteration 2-99 is 0.00124027
The norm of iteration 2-100 is 0.00117353
The norm of iteration 2-101 is 0.00111037
The norm of iteration 2-102 is 0.00105061
The norm of iteration 2-103 is 0.000994074
The norm of iteration 2-104 is 0.000940576
The norm of iteration 2-105 is 0.000889957
The norm of iteration 2-106 is 0.000842063
The norm of iteration 2-107 is 0.000796746
The norm of iteration 2-108 is 0.000753867
The norm of iteration 2-109 is 0.000713297
The norm of iteration 2-110 is 0.000674909
The norm of iteration 2-111 is 0.000638588
The norm of iteration 2-112 is 0.000604221
The norm of iteration 2-113 is 0.000571704
The norm of iteration 2-114 is 0.000540937
The norm of iteration 2-115 is 0.000511826
The norm of iteration 2-116 is 0.000484281
The norm of iteration 2-117 is 0.000458218
The norm of iteration 2-118 is 0.000433559
The norm of iteration 2-119 is 0.000410226
The norm of iteration 2-120 is 0.000388149
The norm of iteration 2-121 is 0.00036726
The norm of iteration 2-122 is 0.000347495
The norm of iteration 2-123 is 0.000328794
The norm of iteration 2-124 is 0.0003111
The norm of iteration 2-125 is 0.000294357
The norm of iteration 2-126 is 0.000278516
The norm of iteration 2-127 is 0.000263527
The norm of iteration 2-128 is 0.000249345
The norm of iteration 2-129 is 0.000235926
The norm of iteration 2-130 is 0.000223229
The norm of iteration 2-131 is 0.000211216
The norm of iteration 2-132 is 0.000199849
The norm of iteration 2-133 is 0.000189094
The norm of iteration 2-134 is 0.000178917
The norm of iteration 2-135 is 0.000169289
The norm of iteration 2-136 is 0.000160178
The norm of iteration 2-137 is 0.000151558
The norm of iteration 2-138 is 0.000143401
The norm of iteration 2-139 is 0.000135684
The norm of iteration 2-140 is 0.000128382
The norm of iteration 2-141 is 0.000121473
The norm of iteration 2-142 is 0.000114936
The norm of iteration 2-143 is 0.00010875
The norm of iteration 2-144 is 0.000102898
The norm of iteration 2-145 is 9.736e-05
The norm of iteration 2-146 is 9.21204e-05
The norm of iteration 2-147 is 8.71628e-05
The norm of iteration 2-148 is 8.2472e-05
The norm of iteration 2-149 is 7.80336e-05
The norm of iteration 2-150 is 7.38341e-05
The norm of iteration 2-151 is 6.98606e-05
The norm of iteration 2-152 is 6.61009e-05
The norm of iteration 2-153 is 6.25436e-05
The norm of iteration 2-154 is 5.91777e-05
The norm of iteration 2-155 is 5.59929e-05
The norm of iteration 2-156 is 5.29796e-05
The norm of iteration 2-157 is 5.01284e-05
The norm of iteration 2-158 is 4.74307e-05
The norm of iteration 2-159 is 4.48781e-05
The norm of iteration 2-160 is 4.24629e-05
The norm of iteration 2-161 is 4.01777e-05
The norm of iteration 2-162 is 3.80155e-05
The norm of iteration 2-163 is 3.59696e-05
The norm of iteration 2-164 is 3.40338e-05
The norm of iteration 2-165 is 3.22022e-05
The norm of iteration 2-166 is 3.04692e-05
The norm of iteration 2-167 is 2.88295e-05
The norm of iteration 2-168 is 2.7278e-05
The norm of iteration 2-169 is 2.581e-05
The norm of iteration 2-170 is 2.44209e-05
The norm of iteration 2-171 is 2.31067e-05
The norm of iteration 2-172 is 2.18632e-05
The norm of iteration 2-173 is 2.06866e-05
The norm of iteration 2-174 is 1.95733e-05
The norm of iteration 2-175 is 1.85199e-05
The norm of iteration 2-176 is 1.75232e-05
The norm of iteration 2-177 is 1.65802e-05
The norm of iteration 2-178 is 1.56879e-05
The norm of iteration 2-179 is 1.48436e-05
The norm of iteration 2-180 is 1.40448e-05
The norm of iteration 2-181 is 1.32889e-05
The norm of iteration 2-182 is 1.25738e-05
The norm of iteration 2-183 is 1.18971e-05
The norm of iteration 2-184 is 1.12568e-05
The norm of iteration 2-185 is 1.0651e-05
The norm of iteration 2-186 is 1.00778e-05
The norm of iteration 2-187 is 9.53547e-06
The norm of iteration 2-188 is 9.02231e-06
The norm of iteration 2-189 is 8.53676e-06
The norm of iteration 2-190 is 8.07734e-06
The norm of iteration 2-191 is 7.64264e-06
The norm of iteration 2-192 is 7.23134e-06
The norm of iteration 2-193 is 6.84217e-06
The norm of iteration 2-194 is 6.47395e-06
The norm of iteration 2-195 is 6.12554e-06
The norm of iteration 2-196 is 5.79589e-06
The norm of iteration 2-197 is 5.48397e-06
The norm of iteration 2-198 is 5.18884e-06
The norm of iteration 2-199 is 4.9096e-06
The norm of iteration 2-200 is 4.64538e-06
The norm of iteration 2-201 is 4.39538e-06
The norm of iteration 2-202 is 4.15883e-06
The norm of iteration 2-203 is 3.93502e-06
The norm of iteration 2-204 is 3.72325e-06
The norm of iteration 2-205 is 3.52288e-06
The norm of iteration 2-206 is 3.33329e-06
The norm of iteration 2-207 is 3.1539e-06
The norm of iteration 2-208 is 2.98417e-06
The norm of iteration 2-209 is 2.82357e-06
The norm of iteration 2-210 is 2.67161e-06
The norm of iteration 2-211 is 2.52784e-06
The norm of iteration 2-212 is 2.3918e-06
The norm of iteration 2-213 is 2.26308e-06
The norm of iteration 2-214 is 2.14129e-06
The norm of iteration 2-215 is 2.02605e-06
The norm of iteration 2-216 is 1.91702e-06
The norm of iteration 2-217 is 1.81385e-06
The norm of iteration 2-218 is 1.71623e-06
The norm of iteration 2-219 is 1.62387e-06
The norm of iteration 2-220 is 1.53648e-06
The norm of iteration 2-221 is 1.45379e-06
The norm of iteration 2-222 is 1.37555e-06
The norm of iteration 2-223 is 1.30152e-06
The norm of iteration 2-224 is 1.23148e-06
The norm of iteration 2-225 is 1.16521e-06
The norm of iteration 2-226 is 1.1025e-06
The norm of iteration 2-227 is 1.04317e-06
The norm of iteration 2-228 is 9.87027e-07
The norm of iteration 3-0 is 1.33037
The norm of iteration 3-1 is 0.109271
The norm of iteration 3-2 is 0.496226
The norm of iteration 3-3 is 0.180109
The norm of iteration 3-4 is 0.285903
The norm of iteration 3-5 is 0.192849
The norm of iteration 3-6 is 0.21632
The norm of iteration 3-7 is 0.182715
The norm of iteration 3-8 is 0.182775
The norm of iteration 3-9 is 0.166541
The norm of iteration 3-10 is 0.160444
The norm of iteration 3-11 is 0.149917
The norm of iteration 3-12 is 0.142668
The norm of iteration 3-13 is 0.134423
The norm of iteration 3-14 is 0.127419
The norm of iteration 3-15 is 0.12039
The norm of iteration 3-16 is 0.113974
The norm of iteration 3-17 is 0.107787
The norm of iteration 3-18 is 0.102003
The norm of iteration 3-19 is 0.0964962
The norm of iteration 3-20 is 0.091307
The norm of iteration 3-21 is 0.0863876
The norm of iteration 3-22 is 0.0817393
The norm of iteration 3-23 is 0.0773385
The norm of iteration 3-24 is 0.0731764
The norm of iteration 3-25 is 0.0692377
The norm of iteration 3-26 is 0.0655115
The norm of iteration 3-27 is 0.0619856
The norm of iteration 3-28 is 0.0586497
The norm of iteration 3-29 is 0.0554933
The norm of iteration 3-30 is 0.0525068
The norm of iteration 3-31 is 0.049681
The norm of iteration 3-32 is 0.0470073
The norm of iteration 3-33 is 0.0444775
The norm of iteration 3-34 is 0.0420839
The norm of iteration 3-35 is 0.0398191
The norm of iteration 3-36 is 0.0376761
The norm of iteration 3-37 is 0.0356485
The norm of iteration 3-38 is 0.03373
The norm of iteration 3-39 is 0.0319148
The norm of iteration 3-40 is 0.0301972
The norm of iteration 3-41 is 0.0285721
The norm of iteration 3-42 is 0.0270345
The norm of iteration 3-43 is 0.0255796
The norm of iteration 3-44 is 0.024203
The norm of iteration 3-45 is 0.0229004
The norm of iteration 3-46 is 0.021668
The norm of iteration 3-47 is 0.0205019
The norm of iteration 3-48 is 0.0193986
The norm of iteration 3-49 is 0.0183546
The norm of iteration 3-50 is 0.0173668
The norm of iteration 3-51 is 0.0164322
The norm of iteration 3-52 is 0.0155479
The norm of iteration 3-53 is 0.0147111
The norm of iteration 3-54 is 0.0139194
The norm of iteration 3-55 is 0.0131703
The norm of iteration 3-56 is 0.0124615
The norm of iteration 3-57 is 0.0117909
The norm of iteration 3-58 is 0.0111564
The norm of iteration 3-59 is 0.010556
The norm of iteration 3-60 is 0.00998787
The norm of iteration 3-61 is 0.00945036
The norm of iteration 3-62 is 0.00894177
The norm of iteration 3-63 is 0.00846055
The norm of iteration 3-64 is 0.00800523
The norm of iteration 3-65 is 0.00757442
The norm of iteration 3-66 is 0.00716679
The norm of iteration 3-67 is 0.0067811
The norm of iteration 3-68 is 0.00641616
The norm of iteration 3-69 is 0.00607086
The norm of iteration 3-70 is 0.00574415
The norm of iteration 3-71 is 0.00543502
The norm of iteration 3-72 is 0.00514252
The norm of iteration 3-73 is 0.00486577
The norm of iteration 3-74 is 0.00460391
The norm of iteration 3-75 is 0.00435614
The norm of iteration 3-76 is 0.00412171
The norm of iteration 3-77 is 0.00389989
The norm of iteration 3-78 is 0.00369001
The norm of iteration 3-79 is 0.00349143
The norm of iteration 3-80 is 0.00330353
The norm of iteration 3-81 is 0.00312575
The norm of iteration 3-82 is 0.00295753
The norm of iteration 3-83 is 0.00279837
The norm of iteration 3-84 is 0.00264777
The norm of iteration 3-85 is 0.00250527
The norm of iteration 3-86 is 0.00237045
The norm of iteration 3-87 is 0.00224288
The norm of iteration 3-88 is 0.00212217
The norm of iteration 3-89 is 0.00200796
The norm of iteration 3-90 is 0.0018999
The norm of iteration 3-91 is 0.00179766
The norm of iteration 3-92 is 0.00170091
The norm of iteration 3-93 is 0.00160937
The norm of iteration 3-94 is 0.00152276
The norm of iteration 3-95 is 0.00144081
The norm of iteration 3-96 is 0.00136327
The norm of iteration 3-97 is 0.00128991
The norm of iteration 3-98 is 0.00122049
The norm of iteration 3-99 is 0.00115481
The norm of iteration 3-100 is 0.00109266
The norm of iteration 3-101 is 0.00103385
The norm of iteration 3-102 is 0.000978216
The norm of iteration 3-103 is 0.000925572
The norm of iteration 3-104 is 0.000875761
The norm of iteration 3-105 is 0.00082863
The norm of iteration 3-106 is 0.000784036
The norm of iteration 3-107 is 0.000741842
The norm of iteration 3-108 is 0.000701918
The norm of iteration 3-109 is 0.000664143
The norm of iteration 3-110 is 0.000628401
The norm of iteration 3-111 is 0.000594583
The norm of iteration 3-112 is 0.000562584
The norm of iteration 3-113 is 0.000532308
The norm of iteration 3-114 is 0.000503661
The norm of iteration 3-115 is 0.000476555
The norm of iteration 3-116 is 0.000450909
The norm of iteration 3-117 is 0.000426642
The norm of iteration 3-118 is 0.000403682
The norm of iteration 3-119 is 0.000381957
The norm of iteration 3-120 is 0.000361401
The norm of iteration 3-121 is 0.000341952
The norm of iteration 3-122 is 0.000323549
The norm of iteration 3-123 is 0.000306137
The norm of iteration 3-124 is 0.000289662
The norm of iteration 3-125 is 0.000274073
The norm of iteration 3-126 is 0.000259323
The norm of iteration 3-127 is 0.000245367
The norm of iteration 3-128 is 0.000232163
The norm of iteration 3-129 is 0.000219668
The norm of iteration 3-130 is 0.000207846
The norm of iteration 3-131 is 0.000196661
The norm of iteration 3-132 is 0.000186077
The norm of iteration 3-133 is 0.000176063
The norm of iteration 3-134 is 0.000166588
The norm of iteration 3-135 is 0.000157623
The norm of iteration 3-136 is 0.00014914
The norm of iteration 3-137 is 0.000141114
The norm of iteration 3-138 is 0.00013352
The norm of iteration 3-139 is 0.000126334
The norm of iteration 3-140 is 0.000119535
The norm of iteration 3-141 is 0.000113102
The norm of iteration 3-142 is 0.000107015
The norm of iteration 3-143 is 0.000101256
The norm of iteration 3-144 is 9.58069e-05
The norm of iteration 3-145 is 9.06509e-05
The norm of iteration 3-146 is 8.57723e-05
The norm of iteration 3-147 is 8.11564e-05
The norm of iteration 3-148 is 7.67888e-05
The norm of iteration 3-149 is 7.26563e-05
The norm of iteration 3-150 is 6.87461e-05
The norm of iteration 3-151 is 6.50465e-05
The norm of iteration 3-152 is 6.15459e-05
The norm of iteration 3-153 is 5.82337e-05
The norm of iteration 3-154 is 5.50997e-05
The norm of iteration 3-155 is 5.21344e-05
The norm of iteration 3-156 is 4.93287e-05
The norm of iteration 3-157 is 4.6674e-05
The norm of iteration 3-158 is 4.41622e-05
The norm of iteration 3-159 is 4.17855e-05
The norm of iteration 3-160 is 3.95368e-05
The norm of iteration 3-161 is 3.7409e-05
The norm of iteration 3-162 is 3.53958e-05
The norm of iteration 3-163 is 3.34909e-05
The norm of iteration 3-164 is 3.16885e-05
The norm of iteration 3-165 is 2.99832e-05
The norm of iteration 3-166 is 2.83696e-05
The norm of iteration 3-167 is 2.68428e-05
The norm of iteration 3-168 is 2.53982e-05
The norm of iteration 3-169 is 2.40314e-05
The norm of iteration 3-170 is 2.27381e-05
The norm of iteration 3-171 is 2.15144e-05
The norm of iteration 3-172 is 2.03566e-05
The norm of iteration 3-173 is 1.9261e-05
The norm of iteration 3-174 is 1.82245e-05
The norm of iteration 3-175 is 1.72437e-05
The norm of iteration 3-176 is 1.63157e-05
The norm of iteration 3-177 is 1.54376e-05
The norm of iteration 3-178 is 1.46068e-05
The norm of iteration 3-179 is 1.38207e-05
The norm of iteration 3-180 is 1.3077e-05
The norm of iteration 3-181 is 1.23732e-05
The norm of iteration 3-182 is 1.17073e-05
The norm of iteration 3-183 is 1.10773e-05
The norm of iteration 3-184 is 1.04811e-05
The norm of iteration 3-185 is 9.91707e-06
The norm of iteration 3-186 is 9.38336e-06
The norm of iteration 3-187 is 8.87838e-06
The norm of iteration 3-188 is 8.40058e-06
The norm of iteration 3-189 is 7.94849e-06
The norm of iteration 3-190 is 7.52072e-06
The norm of iteration 3-191 is 7.11598e-06
The norm of iteration 3-192 is 6.73303e-06
The norm of iteration 3-193 is 6.37068e-06
The norm of iteration 3-194 is 6.02783e-06
The norm of iteration 3-195 is 5.70343e-06
The norm of iteration 3-196 is 5.39649e-06
The norm of iteration 3-197 is 5.10607e-06
The norm of iteration 3-198 is 4.83128e-06
The norm of iteration 3-199 is 4.57127e-06
The norm of iteration 3-200 is 4.32526e-06
The norm of iteration 3-201 is 4.09249e-06
The norm of iteration 3-202 is 3.87225e-06
The norm of iteration 3-203 is 3.66386e-06
The norm of iteration 3-204 is 3.46668e-06
The norm of iteration 3-205 is 3.28011e-06
The norm of iteration 3-206 is 3.10359e-06
The norm of iteration 3-207 is 2.93656e-06
The norm of iteration 3-208 is 2.77853e-06
The norm of iteration 3-209 is 2.629e-06
The norm of iteration 3-210 is 2.48751e-06
The norm of iteration 3-211 is 2.35364e-06
The norm of iteration 3-212 is 2.22698e-06
The norm of iteration 3-213 is 2.10713e-06
The norm of iteration 3-214 is 1.99373e-06
The norm of iteration 3-215 is 1.88643e-06
The norm of iteration 3-216 is 1.78491e-06
The norm of iteration 3-217 is 1.68885e-06
The norm of iteration 3-218 is 1.59797e-06
The norm of iteration 3-219 is 1.51197e-06
The norm of iteration 3-220 is 1.4306e-06
The norm of iteration 3-221 is 1.35361e-06
The norm of iteration 3-222 is 1.28076e-06
The norm of iteration 3-223 is 1.21184e-06
The norm of iteration 3-224 is 1.14662e-06
The norm of iteration 3-225 is 1.08491e-06
The norm of iteration 3-226 is 1.02653e-06
The norm of iteration 3-227 is 9.71282e-07
The norm of iteration 4-0 is 0.981504
The norm of iteration 4-1 is 0.0637836
The norm of iteration 4-2 is 0.330204
The norm of iteration 4-3 is 0.0937044
The norm of iteration 4-4 is 0.171387
The norm of iteration 4-5 is 0.103584
The norm of iteration 4-6 is 0.122372
The norm of iteration 4-7 is 0.0991999
The norm of iteration 4-8 is 0.100961
The norm of iteration 4-9 is 0.0906586
The norm of iteration 4-10 is 0.0878156
The norm of iteration 4-11 is 0.0816309
The norm of iteration 4-12 is 0.0778088
The norm of iteration 4-13 is 0.0731767
The norm of iteration 4-14 is 0.0693935
The norm of iteration 4-15 is 0.0655206
The norm of iteration 4-16 is 0.0620343
The norm of iteration 4-17 is 0.0586516
The norm of iteration 4-18 is 0.0555044
The norm of iteration 4-19 is 0.0525027
The norm of iteration 4-20 is 0.0496788
The norm of iteration 4-21 is 0.0470002
The norm of iteration 4-22 is 0.0444708
The norm of iteration 4-23 is 0.0420757
The norm of iteration 4-24 is 0.0398111
The norm of iteration 4-25 is 0.037668
The norm of iteration 4-26 is 0.0356407
The norm of iteration 4-27 is 0.0337223
The norm of iteration 4-28 is 0.0319074
The norm of iteration 4-29 is 0.0301902
The norm of iteration 4-30 is 0.0285654
The norm of iteration 4-31 is 0.0270281
The norm of iteration 4-32 is 0.0255735
The norm of iteration 4-33 is 0.0241972
The norm of iteration 4-34 is 0.022895
The norm of iteration 4-35 is 0.0216628
The norm of iteration 4-36 is 0.020497
The norm of iteration 4-37 is 0.0193939
The norm of iteration 4-38 is 0.0183502
The norm of iteration 4-39 is 0.0173626
The norm of iteration 4-40 is 0.0164282
The norm of iteration 4-41 is 0.0155441
The norm of iteration 4-42 is 0.0147076
The norm of iteration 4-43 is 0.0139161
The norm of iteration 4-44 is 0.0131672
The norm of iteration 4-45 is 0.0124585
The norm of iteration 4-46 is 0.0117881
The norm of iteration 4-47 is 0.0111537
The norm of iteration 4-48 is 0.0105534
The norm of iteration 4-49 is 0.00998547
The norm of iteration 4-50 is 0.00944808
The norm of iteration 4-51 is 0.00893962
The norm of iteration 4-52 is 0.00845852
The norm of iteration 4-53 is 0.00800331
The norm of iteration 4-54 is 0.0075726
The norm of iteration 4-55 is 0.00716507
The norm of iteration 4-56 is 0.00677947
The norm of iteration 4-57 is 0.00641462
The norm of iteration 4-58 is 0.0060694
The norm of iteration 4-59 is 0.00574277
The norm of iteration 4-60 is 0.00543371
The norm of iteration 4-61 is 0.00514129
The norm of iteration 4-62 is 0.0048646
The norm of iteration 4-63 is 0.0046028
The norm of iteration 4-64 is 0.0043551
The norm of iteration 4-65 is 0.00412072
The norm of iteration 4-66 is 0.00389896
The norm of iteration 4-67 is 0.00368913
The norm of iteration 4-68 is 0.00349059
The norm of iteration 4-69 is 0.00330274
The norm of iteration 4-70 is 0.003125
The norm of iteration 4-71 is 0.00295682
The norm of iteration 4-72 is 0.00279769
The norm of iteration 4-73 is 0.00264713
The norm of iteration 4-74 is 0.00250467
The norm of iteration 4-75 is 0.00236988
The norm of iteration 4-76 is 0.00224234
The norm of iteration 4-77 is 0.00212166
The norm of iteration 4-78 is 0.00200748
The norm of iteration 4-79 is 0.00189945
The norm of iteration 4-80 is 0.00179722
The norm of iteration 4-81 is 0.0017005
The norm of iteration 4-82 is 0.00160899
The norm of iteration 4-83 is 0.0015224
The norm of iteration 4-84 is 0.00144047
The norm of iteration 4-85 is 0.00136295
The norm of iteration 4-86 is 0.0012896
The norm of iteration 4-87 is 0.0012202
The norm of iteration 4-88 is 0.00115453
The norm of iteration 4-89 is 0.0010924
The norm of iteration 4-90 is 0.00103361
The norm of iteration 4-91 is 0.000977981
The norm of iteration 4-92 is 0.000925349
The norm of iteration 4-93 is 0.00087555
The norm of iteration 4-94 is 0.000828431
The norm of iteration 4-95 is 0.000783847
The norm of iteration 4-96 is 0.000741663
The norm of iteration 4-97 is 0.000701749
The norm of iteration 4-98 is 0.000663984
The norm of iteration 4-99 is 0.00062825
The norm of iteration 4-100 is 0.00059444
The norm of iteration 4-101 is 0.000562449
The norm of iteration 4-102 is 0.00053218
The norm of iteration 4-103 is 0.00050354
The norm of iteration 4-104 is 0.000476441
The norm of iteration 4-105 is 0.0004508
The norm of iteration 4-106 is 0.00042654
The norm of iteration 4-107 is 0.000403585
The norm of iteration 4-108 is 0.000381865
The norm of iteration 4-109 is 0.000361315
The norm of iteration 4-110 is 0.00034187
The norm of iteration 4-111 is 0.000323472
The norm of iteration 4-112 is 0.000306063
The norm of iteration 4-113 is 0.000289592
The norm of iteration 4-114 is 0.000274007
The norm of iteration 4-115 is 0.000259261
The norm of iteration 4-116 is 0.000245308
The norm of iteration 4-117 is 0.000232107
The norm of iteration 4-118 is 0.000219616
The norm of iteration 4-119 is 0.000207797
The norm of iteration 4-120 is 0.000196614
The norm of iteration 4-121 is 0.000186033
The norm of iteration 4-122 is 0.000176021
The norm of iteration 4-123 is 0.000166548
The norm of iteration 4-124 is 0.000157585
The norm of iteration 4-125 is 0.000149104
The norm of iteration 4-126 is 0.00014108
The norm of iteration 4-127 is 0.000133487
The norm of iteration 4-128 is 0.000126304
The norm of iteration 4-129 is 0.000119506
The norm of iteration 4-130 is 0.000113075
The norm of iteration 4-131 is 0.00010699
The norm of iteration 4-132 is 0.000101232
The norm of iteration 4-133 is 9.57838e-05
The norm of iteration 4-134 is 9.06291e-05
The norm of iteration 4-135 is 8.57517e-05
The norm of iteration 4-136 is 8.11368e-05
The norm of iteration 4-137 is 7.67703e-05
The norm of iteration 4-138 is 7.26388e-05
The norm of iteration 4-139 is 6.87296e-05
The norm of iteration 4-140 is 6.50308e-05
The norm of iteration 4-141 is 6.15311e-05
The norm of iteration 4-142 is 5.82197e-05
The norm of iteration 4-143 is 5.50865e-05
The norm of iteration 4-144 is 5.21219e-05
The norm of iteration 4-145 is 4.93169e-05
The norm of iteration 4-146 is 4.66628e-05
The norm of iteration 4-147 is 4.41516e-05
The norm of iteration 4-148 is 4.17755e-05
The norm of iteration 4-149 is 3.95273e-05
The norm of iteration 4-150 is 3.74e-05
The norm of iteration 4-151 is 3.53873e-05
The norm of iteration 4-152 is 3.34829e-05
The norm of iteration 4-153 is 3.16809e-05
The norm of iteration 4-154 is 2.9976e-05
The norm of iteration 4-155 is 2.83628e-05
The norm of iteration 4-156 is 2.68364e-05
The norm of iteration 4-157 is 2.53921e-05
The norm of iteration 4-158 is 2.40256e-05
The norm of iteration 4-159 is 2.27326e-05
The norm of iteration 4-160 is 2.15092e-05
The norm of iteration 4-161 is 2.03517e-05
The norm of iteration 4-162 is 1.92564e-05
The norm of iteration 4-163 is 1.82201e-05
The norm of iteration 4-164 is 1.72396e-05
The norm of iteration 4-165 is 1.63118e-05
The norm of iteration 4-166 is 1.54339e-05
The norm of iteration 4-167 is 1.46033e-05
The norm of iteration 4-168 is 1.38174e-05
The norm of iteration 4-169 is 1.30738e-05
The norm of iteration 4-170 is 1.23702e-05
The norm of iteration 4-171 is 1.17045e-05
The norm of iteration 4-172 is 1.10746e-05
The norm of iteration 4-173 is 1.04786e-05
The norm of iteration 4-174 is 9.91468e-06
The norm of iteration 4-175 is 9.38111e-06
The norm of iteration 4-176 is 8.87625e-06
The norm of iteration 4-177 is 8.39856e-06
The norm of iteration 4-178 is 7.94658e-06
The norm of iteration 4-179 is 7.51892e-06
The norm of iteration 4-180 is 7.11427e-06
The norm of iteration 4-181 is 6.73141e-06
The norm of iteration 4-182 is 6.36914e-06
The norm of iteration 4-183 is 6.02638e-06
The norm of iteration 4-184 is 5.70206e-06
The norm of iteration 4-185 is 5.39519e-06
The norm of iteration 4-186 is 5.10484e-06
The norm of iteration 4-187 is 4.83012e-06
The norm of iteration 4-188 is 4.57017e-06
The norm of iteration 4-189 is 4.32422e-06
The norm of iteration 4-190 is 4.09151e-06
The norm of iteration 4-191 is 3.87132e-06
The norm of iteration 4-192 is 3.66298e-06
The norm of iteration 4-193 is 3.46585e-06
The norm of iteration 4-194 is 3.27933e-06
The norm of iteration 4-195 is 3.10284e-06
The norm of iteration 4-196 is 2.93586e-06
The norm of iteration 4-197 is 2.77786e-06
The norm of iteration 4-198 is 2.62836e-06
The norm of iteration 4-199 is 2.48691e-06
The norm of iteration 4-200 is 2.35308e-06
The norm of iteration 4-201 is 2.22644e-06
The norm of iteration 4-202 is 2.10662e-06
The norm of iteration 4-203 is 1.99325e-06
The norm of iteration 4-204 is 1.88598e-06
The norm of iteration 4-205 is 1.78448e-06
The norm of iteration 4-206 is 1.68845e-06
The norm of iteration 4-207 is 1.59758e-06
The norm of iteration 4-208 is 1.51161e-06
The norm of iteration 4-209 is 1.43026e-06
The norm of iteration 4-210 is 1.35328e-06
The norm of iteration 4-211 is 1.28046e-06
The norm of iteration 4-212 is 1.21155e-06
The norm of iteration 4-213 is 1.14634e-06
The norm of iteration 4-214 is 1.08465e-06
The norm of iteration 4-215 is 1.02628e-06
The norm of iteration 4-216 is 9.71048e-07
The norm of iteration 5-0 is 0.284432
The norm of iteration 5-1 is 0.0671434
The norm of iteration 5-2 is 0.0603235
The norm of iteration 5-3 is 0.0441638
The norm of iteration 5-4 is 0.0252227
The norm of iteration 5-5 is 0.0313798
The norm of iteration 5-6 is 0.0228635
The norm of iteration 5-7 is 0.0248308
The norm of iteration 5-8 is 0.0211958
The norm of iteration 5-9 is 0.0210011
The norm of iteration 5-10 is 0.0191207
The norm of iteration 5-11 is 0.0183409
The norm of iteration 5-12 is 0.017107
The norm of iteration 5-13 is 0.0162442
The norm of iteration 5-14 is 0.0152867
The norm of iteration 5-15 is 0.014474
The norm of iteration 5-16 is 0.013666
The norm of iteration 5-17 is 0.0129304
The norm of iteration 5-18 is 0.012224
The norm of iteration 5-19 is 0.0115647
The norm of iteration 5-20 is 0.0109383
The norm of iteration 5-21 is 0.0103487
The norm of iteration 5-22 is 0.00979018
The norm of iteration 5-23 is 0.00926275
The norm of iteration 5-24 is 0.00876362
The norm of iteration 5-25 is 0.00829172
The norm of iteration 5-26 is 0.00784522
The norm of iteration 5-27 is 0.00742289
The norm of iteration 5-28 is 0.0070233
The norm of iteration 5-29 is 0.00664527
The norm of iteration 5-30 is 0.0062876
The norm of iteration 5-31 is 0.00594919
The norm of iteration 5-32 is 0.005629
The norm of iteration 5-33 is 0.00532606
The norm of iteration 5-34 is 0.00503942
The norm of iteration 5-35 is 0.00476821
The norm of iteration 5-36 is 0.0045116
The norm of iteration 5-37 is 0.00426879
The norm of iteration 5-38 is 0.00403906
The norm of iteration 5-39 is 0.00382169
The norm of iteration 5-40 is 0.00361602
The norm of iteration 5-41 is 0.00342142
The norm of iteration 5-42 is 0.00323729
The norm of iteration 5-43 is 0.00306307
The norm of iteration 5-44 is 0.00289822
The norm of iteration 5-45 is 0.00274225
The norm of iteration 5-46 is 0.00259467
The norm of iteration 5-47 is 0.00245503
The norm of iteration 5-48 is 0.00232291
The norm of iteration 5-49 is 0.0021979
The norm of iteration 5-50 is 0.00207962
The norm of iteration 5-51 is 0.0019677
The norm of iteration 5-52 is 0.0018618
The norm of iteration 5-53 is 0.00176161
The norm of iteration 5-54 is 0.0016668
The norm of iteration 5-55 is 0.0015771
The norm of iteration 5-56 is 0.00149223
The norm of iteration 5-57 is 0.00141192
The norm of iteration 5-58 is 0.00133594
The norm of iteration 5-59 is 0.00126404
The norm of iteration 5-60 is 0.00119601
The norm of iteration 5-61 is 0.00113165
The norm of iteration 5-62 is 0.00107075
The norm of iteration 5-63 is 0.00101312
The norm of iteration 5-64 is 0.000958599
The norm of iteration 5-65 is 0.000907011
The norm of iteration 5-66 is 0.000858199
The norm of iteration 5-67 is 0.000812013
The norm of iteration 5-68 is 0.000768313
The norm of iteration 5-69 is 0.000726965
The norm of iteration 5-70 is 0.000687842
The norm of iteration 5-71 is 0.000650825
The norm of iteration 5-72 is 0.0006158
The norm of iteration 5-73 is 0.000582659
The norm of iteration 5-74 is 0.000551303
The norm of iteration 5-75 is 0.000521633
The norm of iteration 5-76 is 0.000493561
The norm of iteration 5-77 is 0.000466999
The norm of iteration 5-78 is 0.000441867
The norm of iteration 5-79 is 0.000418087
The norm of iteration 5-80 is 0.000395587
The norm of iteration 5-81 is 0.000374298
The norm of iteration 5-82 is 0.000354154
The norm of iteration 5-83 is 0.000335095
The norm of iteration 5-84 is 0.000317061
The norm of iteration 5-85 is 0.000299998
The norm of iteration 5-86 is 0.000283853
The norm of iteration 5-87 is 0.000268577
The norm of iteration 5-88 is 0.000254123
The norm of iteration 5-89 is 0.000240447
The norm of iteration 5-90 is 0.000227507
The norm of iteration 5-91 is 0.000215263
The norm of iteration 5-92 is 0.000203678
The norm of iteration 5-93 is 0.000192717
The norm of iteration 5-94 is 0.000182346
The norm of iteration 5-95 is 0.000172533
The norm of iteration 5-96 is 0.000163247
The norm of iteration 5-97 is 0.000154462
The norm of iteration 5-98 is 0.000146149
The norm of iteration 5-99 is 0.000138284
The norm of iteration 5-100 is 0.000130842
The norm of iteration 5-101 is 0.000123801
The norm of iteration 5-102 is 0.000117138
The norm of iteration 5-103 is 0.000110834
The norm of iteration 5-104 is 0.000104869
The norm of iteration 5-105 is 9.92256e-05
The norm of iteration 5-106 is 9.38856e-05
The norm of iteration 5-107 is 8.8833e-05
The norm of iteration 5-108 is 8.40523e-05
The norm of iteration 5-109 is 7.95289e-05
The norm of iteration 5-110 is 7.52489e-05
The norm of iteration 5-111 is 7.11993e-05
The norm of iteration 5-112 is 6.73676e-05
The norm of iteration 5-113 is 6.37421e-05
The norm of iteration 5-114 is 6.03117e-05
The norm of iteration 5-115 is 5.70659e-05
The norm of iteration 5-116 is 5.39948e-05
The norm of iteration 5-117 is 5.1089e-05
The norm of iteration 5-118 is 4.83395e-05
The norm of iteration 5-119 is 4.57381e-05
The norm of iteration 5-120 is 4.32766e-05
The norm of iteration 5-121 is 4.09476e-05
The norm of iteration 5-122 is 3.87439e-05
The norm of iteration 5-123 is 3.66589e-05
The norm of iteration 5-124 is 3.4686e-05
The norm of iteration 5-125 is 3.28193e-05
The norm of iteration 5-126 is 3.10531e-05
The norm of iteration 5-127 is 2.93819e-05
The norm of iteration 5-128 is 2.78007e-05
The norm of iteration 5-129 is 2.63045e-05
The norm of iteration 5-130 is 2.48889e-05
The norm of iteration 5-131 is 2.35495e-05
The norm of iteration 5-132 is 2.22821e-05
The norm of iteration 5-133 is 2.1083e-05
The norm of iteration 5-134 is 1.99484e-05
The norm of iteration 5-135 is 1.88748e-05
The norm of iteration 5-136 is 1.7859e-05
The norm of iteration 5-137 is 1.68979e-05
The norm of iteration 5-138 is 1.59885e-05
The norm of iteration 5-139 is 1.51281e-05
The norm of iteration 5-140 is 1.43139e-05
The norm of iteration 5-141 is 1.35436e-05
The norm of iteration 5-142 is 1.28147e-05
The norm of iteration 5-143 is 1.21251e-05
The norm of iteration 5-144 is 1.14725e-05
The norm of iteration 5-145 is 1.08551e-05
The norm of iteration 5-146 is 1.02709e-05
The norm of iteration 5-147 is 9.7182e-06
The norm of iteration 5-148 is 9.1952e-06
The norm of iteration 5-149 is 8.70034e-06
The norm of iteration 5-150 is 8.23212e-06
The norm of iteration 5-151 is 7.78909e-06
The norm of iteration 5-152 is 7.36991e-06
The norm of iteration 5-153 is 6.97328e-06
The norm of iteration 5-154 is 6.59801e-06
The norm of iteration 5-155 is 6.24292e-06
The norm of iteration 5-156 is 5.90695e-06
The norm of iteration 5-157 is 5.58906e-06
The norm of iteration 5-158 is 5.28827e-06
The norm of iteration 5-159 is 5.00367e-06
The norm of iteration 5-160 is 4.73439e-06
The norm of iteration 5-161 is 4.4796e-06
The norm of iteration 5-162 is 4.23853e-06
The norm of iteration 5-163 is 4.01042e-06
The norm of iteration 5-164 is 3.7946e-06
The norm of iteration 5-165 is 3.59038e-06
The norm of iteration 5-166 is 3.39716e-06
The norm of iteration 5-167 is 3.21434e-06
The norm of iteration 5-168 is 3.04135e-06
The norm of iteration 5-169 is 2.87768e-06
The norm of iteration 5-170 is 2.72281e-06
The norm of iteration 5-171 is 2.57628e-06
The norm of iteration 5-172 is 2.43763e-06
The norm of iteration 5-173 is 2.30644e-06
The norm of iteration 5-174 is 2.18232e-06
The norm of iteration 5-175 is 2.06487e-06
The norm of iteration 5-176 is 1.95375e-06
The norm of iteration 5-177 is 1.84861e-06
The norm of iteration 5-178 is 1.74912e-06
The norm of iteration 5-179 is 1.65499e-06
The norm of iteration 5-180 is 1.56592e-06
The norm of iteration 5-181 is 1.48165e-06
The norm of iteration 5-182 is 1.40191e-06
The norm of iteration 5-183 is 1.32647e-06
The norm of iteration 5-184 is 1.25508e-06
The norm of iteration 5-185 is 1.18754e-06
The norm of iteration 5-186 is 1.12363e-06
The norm of iteration 5-187 is 1.06316e-06
The norm of iteration 5-188 is 1.00594e-06
The norm of iteration 5-189 is 9.51804e-07
The norm of iteration 6-0 is 0.584854
The norm of iteration 6-1 is 0.112481
The norm of iteration 6-2 is 0.275151
The norm of iteration 6-3 is 0.146248
The norm of iteration 6-4 is 0.187731
The norm of iteration 6-5 is 0.146367
The norm of iteration 6-6 is 0.153005
The norm of iteration 6-7 is 0.135869
The norm of iteration 6-8 is 0.13282
The norm of iteration 6-9 is 0.123091
The norm of iteration 6-10 is 0.117713
The norm of iteration 6-11 is 0.110624
The norm of iteration 6-12 is 0.105033
The norm of iteration 6-13 is 0.0991589
The norm of iteration 6-14 is 0.0939276
The norm of iteration 6-15 is 0.0888071
The norm of iteration 6-16 is 0.084058
The norm of iteration 6-17 is 0.0795147
The norm of iteration 6-18 is 0.075244
The norm of iteration 6-19 is 0.0711888
The norm of iteration 6-20 is 0.06736
The norm of iteration 6-21 is 0.0637331
The norm of iteration 6-22 is 0.0603039
The norm of iteration 6-23 is 0.0570579
The norm of iteration 6-24 is 0.0539874
The norm of iteration 6-25 is 0.0510818
The norm of iteration 6-26 is 0.0483328
The norm of iteration 6-27 is 0.0457316
The norm of iteration 6-28 is 0.0432705
The norm of iteration 6-29 is 0.0409418
The norm of iteration 6-30 is 0.0387385
The norm of iteration 6-31 is 0.0366537
The norm of iteration 6-32 is 0.0346811
The norm of iteration 6-33 is 0.0328147
The norm of iteration 6-34 is 0.0310487
The norm of iteration 6-35 is 0.0293778
The norm of iteration 6-36 is 0.0277968
The norm of iteration 6-37 is 0.0263008
The norm of iteration 6-38 is 0.0248854
The norm of iteration 6-39 is 0.0235462
The norm of iteration 6-40 is 0.022279
The norm of iteration 6-41 is 0.02108
The norm of iteration 6-42 is 0.0199455
The norm of iteration 6-43 is 0.0188721
The norm of iteration 6-44 is 0.0178565
The norm of iteration 6-45 is 0.0168955
The norm of iteration 6-46 is 0.0159863
The norm of iteration 6-47 is 0.0151259
The norm of iteration 6-48 is 0.0143119
The norm of iteration 6-49 is 0.0135417
The norm of iteration 6-50 is 0.0128129
The norm of iteration 6-51 is 0.0121234
The norm of iteration 6-52 is 0.0114709
The norm of iteration 6-53 is 0.0108536
The norm of iteration 6-54 is 0.0102695
The norm of iteration 6-55 is 0.00971683
The norm of iteration 6-56 is 0.0091939
The norm of iteration 6-57 is 0.00869911
The norm of iteration 6-58 is 0.00823096
The norm of iteration 6-59 is 0.00778799
The norm of iteration 6-60 is 0.00736887
The norm of iteration 6-61 is 0.0069723
The norm of iteration 6-62 is 0.00659707
The norm of iteration 6-63 is 0.00624204
The norm of iteration 6-64 is 0.00590612
The norm of iteration 6-65 is 0.00558827
The norm of iteration 6-66 is 0.00528753
The norm of iteration 6-67 is 0.00500297
The norm of iteration 6-68 is 0.00473373
The norm of iteration 6-69 is 0.00447897
The norm of iteration 6-70 is 0.00423793
The norm of iteration 6-71 is 0.00400986
The norm of iteration 6-72 is 0.00379406
The norm of iteration 6-73 is 0.00358988
The norm of iteration 6-74 is 0.00339668
The norm of iteration 6-75 is 0.00321388
The norm of iteration 6-76 is 0.00304092
The norm of iteration 6-77 is 0.00287727
The norm of iteration 6-78 is 0.00272243
The norm of iteration 6-79 is 0.00257591
The norm of iteration 6-80 is 0.00243729
The norm of iteration 6-81 is 0.00230612
The norm of iteration 6-82 is 0.00218201
The norm of iteration 6-83 is 0.00206458
The norm of iteration 6-84 is 0.00195347
The norm of iteration 6-85 is 0.00184834
The norm of iteration 6-86 is 0.00174887
The norm of iteration 6-87 is 0.00165475
The norm of iteration 6-88 is 0.0015657
The norm of iteration 6-89 is 0.00148144
The norm of iteration 6-90 is 0.00140171
The norm of iteration 6-91 is 0.00132628
The norm of iteration 6-92 is 0.0012549
The norm of iteration 6-93 is 0.00118737
The norm of iteration 6-94 is 0.00112347
The norm of iteration 6-95 is 0.00106301
The norm of iteration 6-96 is 0.0010058
The norm of iteration 6-97 is 0.00095167
The norm of iteration 6-98 is 0.000900454
The norm of iteration 6-99 is 0.000851995
The norm of iteration 6-100 is 0.000806143
The norm of iteration 6-101 is 0.000762759
The norm of iteration 6-102 is 0.00072171
The norm of iteration 6-103 is 0.00068287
The norm of iteration 6-104 is 0.00064612
The norm of iteration 6-105 is 0.000611348
The norm of iteration 6-106 is 0.000578447
The norm of iteration 6-107 is 0.000547317
The norm of iteration 6-108 is 0.000517862
The norm of iteration 6-109 is 0.000489993
The norm of iteration 6-110 is 0.000463623
The norm of iteration 6-111 is 0.000438672
The norm of iteration 6-112 is 0.000415064
The norm of iteration 6-113 is 0.000392727
The norm of iteration 6-114 is 0.000371592
The norm of iteration 6-115 is 0.000351594
The norm of iteration 6-116 is 0.000332672
The norm of iteration 6-117 is 0.000314769
The norm of iteration 6-118 is 0.000297829
The norm of iteration 6-119 is 0.000281801
The norm of iteration 6-120 is 0.000266635
The norm of iteration 6-121 is 0.000252286
The norm of iteration 6-122 is 0.000238709
The norm of iteration 6-123 is 0.000225862
The norm of iteration 6-124 is 0.000213707
The norm of iteration 6-125 is 0.000202206
The norm of iteration 6-126 is 0.000191324
The norm of iteration 6-127 is 0.000181028
The norm of iteration 6-128 is 0.000171285
The norm of iteration 6-129 is 0.000162067
The norm of iteration 6-130 is 0.000153345
The norm of iteration 6-131 is 0.000145093
The norm of iteration 6-132 is 0.000137284
The norm of iteration 6-133 is 0.000129896
The norm of iteration 6-134 is 0.000122906
The norm of iteration 6-135 is 0.000116291
The norm of iteration 6-136 is 0.000110033
The norm of iteration 6-137 is 0.000104111
The norm of iteration 6-138 is 9.85083e-05
The norm of iteration 6-139 is 9.32069e-05
The norm of iteration 6-140 is 8.81908e-05
The norm of iteration 6-141 is 8.34447e-05
The norm of iteration 6-142 is 7.8954e-05
The norm of iteration 6-143 is 7.47049e-05
The norm of iteration 6-144 is 7.06846e-05
The norm of iteration 6-145 is 6.68806e-05
The norm of iteration 6-146 is 6.32813e-05
The norm of iteration 6-147 is 5.98757e-05
The norm of iteration 6-148 is 5.66534e-05
The norm of iteration 6-149 is 5.36045e-05
The norm of iteration 6-150 is 5.07197e-05
The norm of iteration 6-151 is 4.79901e-05
The norm of iteration 6-152 is 4.54074e-05
The norm of iteration 6-153 is 4.29637e-05
The norm of iteration 6-154 is 4.06516e-05
The norm of iteration 6-155 is 3.84638e-05
The norm of iteration 6-156 is 3.63939e-05
The norm of iteration 6-157 is 3.44353e-05
The norm of iteration 6-158 is 3.25821e-05
The norm of iteration 6-159 is 3.08286e-05
The norm of iteration 6-160 is 2.91695e-05
The norm of iteration 6-161 is 2.75997e-05
The norm of iteration 6-162 is 2.61144e-05
The norm of iteration 6-163 is 2.4709e-05
The norm of iteration 6-164 is 2.33792e-05
The norm of iteration 6-165 is 2.2121e-05
The norm of iteration 6-166 is 2.09306e-05
The norm of iteration 6-167 is 1.98041e-05
The norm of iteration 6-168 is 1.87384e-05
The norm of iteration 6-169 is 1.77299e-05
The norm of iteration 6-170 is 1.67758e-05
The norm of iteration 6-171 is 1.58729e-05
The norm of iteration 6-172 is 1.50187e-05
The norm of iteration 6-173 is 1.42104e-05
The norm of iteration 6-174 is 1.34457e-05
The norm of iteration 6-175 is 1.27221e-05
The norm of iteration 6-176 is 1.20374e-05
The norm of iteration 6-177 is 1.13896e-05
The norm of iteration 6-178 is 1.07767e-05
The norm of iteration 6-179 is 1.01967e-05
The norm of iteration 6-180 is 9.64794e-06
The norm of iteration 6-181 is 9.12872e-06
The norm of iteration 6-182 is 8.63745e-06
The norm of iteration 6-183 is 8.17261e-06
The norm of iteration 6-184 is 7.73279e-06
The norm of iteration 6-185 is 7.31663e-06
The norm of iteration 6-186 is 6.92288e-06
The norm of iteration 6-187 is 6.55031e-06
The norm of iteration 6-188 is 6.19779e-06
The norm of iteration 6-189 is 5.86425e-06
The norm of iteration 6-190 is 5.54865e-06
The norm of iteration 6-191 is 5.25004e-06
The norm of iteration 6-192 is 4.9675e-06
The norm of iteration 6-193 is 4.70017e-06
The norm of iteration 6-194 is 4.44722e-06
The norm of iteration 6-195 is 4.20789e-06
The norm of iteration 6-196 is 3.98143e-06
The norm of iteration 6-197 is 3.76716e-06
The norm of iteration 6-198 is 3.56443e-06
The norm of iteration 6-199 is 3.3726e-06
The norm of iteration 6-200 is 3.1911e-06
The norm of iteration 6-201 is 3.01937e-06
The norm of iteration 6-202 is 2.85687e-06
The norm of iteration 6-203 is 2.70313e-06
The norm of iteration 6-204 is 2.55765e-06
The norm of iteration 6-205 is 2.42001e-06
The norm of iteration 6-206 is 2.28977e-06
The norm of iteration 6-207 is 2.16654e-06
The norm of iteration 6-208 is 2.04995e-06
The norm of iteration 6-209 is 1.93963e-06
The norm of iteration 6-210 is 1.83524e-06
The norm of iteration 6-211 is 1.73648e-06
The norm of iteration 6-212 is 1.64302e-06
The norm of iteration 6-213 is 1.5546e-06
The norm of iteration 6-214 is 1.47094e-06
The norm of iteration 6-215 is 1.39178e-06
The norm of iteration 6-216 is 1.31688e-06
The norm of iteration 6-217 is 1.24601e-06
The norm of iteration 6-218 is 1.17895e-06
The norm of iteration 6-219 is 1.1155e-06
The norm of iteration 6-220 is 1.05547e-06
The norm of iteration 6-221 is 9.98669e-07
The norm of iteration 7-0 is 1.17724
The norm of iteration 7-1 is 0.131321
The norm of iteration 7-2 is 0.475021
The norm of iteration 7-3 is 0.200578
The norm of iteration 7-4 is 0.292179
The norm of iteration 7-5 is 0.209285
The norm of iteration 7-6 is 0.228053
The norm of iteration 7-7 is 0.196755
The norm of iteration 7-8 is 0.194961
The norm of iteration 7-9 is 0.178943
The norm of iteration 7-10 is 0.171873
The norm of iteration 7-11 is 0.160997
The norm of iteration 7-12 is 0.153071
The norm of iteration 7-13 is 0.144351
The norm of iteration 7-14 is 0.136793
The norm of iteration 7-15 is 0.129286
The norm of iteration 7-16 is 0.122387
The norm of iteration 7-17 is 0.115757
The norm of iteration 7-18 is 0.109543
The norm of iteration 7-19 is 0.103634
The norm of iteration 7-20 is 0.0980612
The norm of iteration 7-21 is 0.0927795
The norm of iteration 7-22 is 0.0877874
The norm of iteration 7-23 is 0.0830615
The norm of iteration 7-24 is 0.0785916
The norm of iteration 7-25 is 0.0743616
The norm of iteration 7-26 is 0.0703597
The norm of iteration 7-27 is 0.066573
The norm of iteration 7-28 is 0.0629903
The norm of iteration 7-29 is 0.0596003
The norm of iteration 7-30 is 0.0563928
The norm of iteration 7-31 is 0.0533579
The norm of iteration 7-32 is 0.0504863
The norm of iteration 7-33 is 0.0477693
The norm of iteration 7-34 is 0.0451985
The norm of iteration 7-35 is 0.0427661
The norm of iteration 7-36 is 0.0404645
The norm of iteration 7-37 is 0.0382869
The norm of iteration 7-38 is 0.0362264
The norm of iteration 7-39 is 0.0342768
The norm of iteration 7-40 is 0.0324321
The norm of iteration 7-41 is 0.0306868
The norm of iteration 7-42 is 0.0290353
The norm of iteration 7-43 is 0.0274727
The norm of iteration 7-44 is 0.0259942
The norm of iteration 7-45 is 0.0245953
The norm of iteration 7-46 is 0.0232717
The norm of iteration 7-47 is 0.0220193
The norm of iteration 7-48 is 0.0208343
The norm of iteration 7-49 is 0.019713
The norm of iteration 7-50 is 0.0186521
The norm of iteration 7-51 is 0.0176483
The norm of iteration 7-52 is 0.0166986
The norm of iteration 7-53 is 0.0157999
The norm of iteration 7-54 is 0.0149496
The norm of iteration 7-55 is 0.0141451
The norm of iteration 7-56 is 0.0133838
The norm of iteration 7-57 is 0.0126636
The norm of iteration 7-58 is 0.011982
The norm of iteration 7-59 is 0.0113372
The norm of iteration 7-60 is 0.0107271
The norm of iteration 7-61 is 0.0101498
The norm of iteration 7-62 is 0.00960355
The norm of iteration 7-63 is 0.00908672
The norm of iteration 7-64 is 0.0085977
The norm of iteration 7-65 is 0.008135
The norm of iteration 7-66 is 0.00769721
The norm of iteration 7-67 is 0.00728297
The norm of iteration 7-68 is 0.00689102
The norm of iteration 7-69 is 0.00652017
The norm of iteration 7-70 is 0.00616928
The norm of iteration 7-71 is 0.00583727
The norm of iteration 7-72 is 0.00552312
The norm of iteration 7-73 is 0.00522589
The norm of iteration 7-74 is 0.00494465
The norm of iteration 7-75 is 0.00467854
The norm of iteration 7-76 is 0.00442676
The norm of iteration 7-77 is 0.00418853
The norm of iteration 7-78 is 0.00396311
The norm of iteration 7-79 is 0.00374983
The norm of iteration 7-80 is 0.00354803
The norm of iteration 7-81 is 0.00335708
The norm of iteration 7-82 is 0.00317642
The norm of iteration 7-83 is 0.00300547
The norm of iteration 7-84 is 0.00284373
The norm of iteration 7-85 is 0.00269069
The norm of iteration 7-86 is 0.00254588
The norm of iteration 7-87 is 0.00240887
The norm of iteration 7-88 is 0.00227924
The norm of iteration 7-89 is 0.00215658
The norm of iteration 7-90 is 0.00204052
The norm of iteration 7-91 is 0.0019307
The norm of iteration 7-92 is 0.0018268
The norm of iteration 7-93 is 0.00172849
The norm of iteration 7-94 is 0.00163546
The norm of iteration 7-95 is 0.00154745
The norm of iteration 7-96 is 0.00146417
The norm of iteration 7-97 is 0.00138537
The norm of iteration 7-98 is 0.00131082
The norm of iteration 7-99 is 0.00124027
The norm of iteration 7-100 is 0.00117353
The norm of iteration 7-101 is 0.00111037
The norm of iteration 7-102 is 0.00105061
The norm of iteration 7-103 is 0.000994074
The norm of iteration 7-104 is 0.000940576
The norm of iteration 7-105 is 0.000889957
The norm of iteration 7-106 is 0.000842063
The norm of iteration 7-107 is 0.000796746
The norm of iteration 7-108 is 0.000753867
The norm of iteration 7-109 is 0.000713297
The norm of iteration 7-110 is 0.000674909
The norm of iteration 7-111 is 0.000638588
The norm of iteration 7-112 is 0.000604221
The norm of iteration 7-113 is 0.000571704
The norm of iteration 7-114 is 0.000540937
The norm of iteration 7-115 is 0.000511826
The norm of iteration 7-116 is 0.000484281
The norm of iteration 7-117 is 0.000458218
The norm of iteration 7-118 is 0.000433559
The norm of iteration 7-119 is 0.000410226
The norm of iteration 7-120 is 0.000388149
The norm of iteration 7-121 is 0.00036726
The norm of iteration 7-122 is 0.000347495
The norm of iteration 7-123 is 0.000328794
The norm of iteration 7-124 is 0.0003111
The norm of iteration 7-125 is 0.000294357
The norm of iteration 7-126 is 0.000278516
The norm of iteration 7-127 is 0.000263527
The norm of iteration 7-128 is 0.000249345
The norm of iteration 7-129 is 0.000235926
The norm of iteration 7-130 is 0.000223229
The norm of iteration 7-131 is 0.000211216
The norm of iteration 7-132 is 0.000199849
The norm of iteration 7-133 is 0.000189094
The norm of iteration 7-134 is 0.000178917
The norm of iteration 7-135 is 0.000169289
The norm of iteration 7-136 is 0.000160178
The norm of iteration 7-137 is 0.000151558
The norm of iteration 7-138 is 0.000143401
The norm of iteration 7-139 is 0.000135684
The norm of iteration 7-140 is 0.000128382
The norm of iteration 7-141 is 0.000121473
The norm of iteration 7-142 is 0.000114936
The norm of iteration 7-143 is 0.00010875
The norm of iteration 7-144 is 0.000102898
The norm of iteration 7-145 is 9.736e-05
The norm of iteration 7-146 is 9.21204e-05
The norm of iteration 7-147 is 8.71628e-05
The norm of iteration 7-148 is 8.2472e-05
The norm of iteration 7-149 is 7.80336e-05
The norm of iteration 7-150 is 7.38341e-05
The norm of iteration 7-151 is 6.98606e-05
The norm of iteration 7-152 is 6.61009e-05
The norm of iteration 7-153 is 6.25436e-05
The norm of iteration 7-154 is 5.91777e-05
The norm of iteration 7-155 is 5.59929e-05
The norm of iteration 7-156 is 5.29796e-05
The norm of iteration 7-157 is 5.01284e-05
The norm of iteration 7-158 is 4.74307e-05
The norm of iteration 7-159 is 4.48781e-05
The norm of iteration 7-160 is 4.24629e-05
The norm of iteration 7-161 is 4.01777e-05
The norm of iteration 7-162 is 3.80155e-05
The norm of iteration 7-163 is 3.59696e-05
The norm of iteration 7-164 is 3.40338e-05
The norm of iteration 7-165 is 3.22022e-05
The norm of iteration 7-166 is 3.04692e-05
The norm of iteration 7-167 is 2.88295e-05
The norm of iteration 7-168 is 2.7278e-05
The norm of iteration 7-169 is 2.581e-05
The norm of iteration 7-170 is 2.44209e-05
The norm of iteration 7-171 is 2.31067e-05
The norm of iteration 7-172 is 2.18632e-05
The norm of iteration 7-173 is 2.06866e-05
The norm of iteration 7-174 is 1.95733e-05
The norm of iteration 7-175 is 1.85199e-05
The norm of iteration 7-176 is 1.75232e-05
The norm of iteration 7-177 is 1.65802e-05
The norm of iteration 7-178 is 1.56879e-05
The norm of iteration 7-179 is 1.48436e-05
The norm of iteration 7-180 is 1.40448e-05
The norm of iteration 7-181 is 1.32889e-05
The norm of iteration 7-182 is 1.25738e-05
The norm of iteration 7-183 is 1.18971e-05
The norm of iteration 7-184 is 1.12568e-05
The norm of iteration 7-185 is 1.0651e-05
The norm of iteration 7-186 is 1.00778e-05
The norm of iteration 7-187 is 9.53547e-06
The norm of iteration 7-188 is 9.02231e-06
The norm of iteration 7-189 is 8.53676e-06
The norm of iteration 7-190 is 8.07734e-06
The norm of iteration 7-191 is 7.64264e-06
The norm of iteration 7-192 is 7.23134e-06
The norm of iteration 7-193 is 6.84217e-06
The norm of iteration 7-194 is 6.47395e-06
The norm of iteration 7-195 is 6.12554e-06
The norm of iteration 7-196 is 5.79589e-06
The norm of iteration 7-197 is 5.48397e-06
The norm of iteration 7-198 is 5.18884e-06
The norm of iteration 7-199 is 4.9096e-06
The norm of iteration 7-200 is 4.64538e-06
The norm of iteration 7-201 is 4.39538e-06
The norm of iteration 7-202 is 4.15883e-06
The norm of iteration 7-203 is 3.93502e-06
The norm of iteration 7-204 is 3.72325e-06
The norm of iteration 7-205 is 3.52288e-06
The norm of iteration 7-206 is 3.33329e-06
The norm of iteration 7-207 is 3.1539e-06
The norm of iteration 7-208 is 2.98417e-06
The norm of iteration 7-209 is 2.82357e-06
The norm of iteration 7-210 is 2.67161e-06
The norm of iteration 7-211 is 2.52784e-06
The norm of iteration 7-212 is 2.3918e-06
The norm of iteration 7-213 is 2.26308e-06
The norm of iteration 7-214 is 2.14129e-06
The norm of iteration 7-215 is 2.02605e-06
The norm of iteration 7-216 is 1.91702e-06
The norm of iteration 7-217 is 1.81385e-06
The norm of iteration 7-218 is 1.71623e-06
The norm of iteration 7-219 is 1.62387e-06
The norm of iteration 7-220 is 1.53648e-06
The norm of iteration 7-221 is 1.45379e-06
The norm of iteration 7-222 is 1.37555e-06
The norm of iteration 7-223 is 1.30152e-06
The norm of iteration 7-224 is 1.23148e-06
The norm of iteration 7-225 is 1.16521e-06
The norm of iteration 7-226 is 1.1025e-06
The norm of iteration 7-227 is 1.04317e-06
The norm of iteration 7-228 is 9.87027e-07
The norm of iteration 8-0 is 1.33037
The norm of iteration 8-1 is 0.109271
The norm of iteration 8-2 is 0.496226
The norm of iteration 8-3 is 0.180109
The norm of iteration 8-4 is 0.285903
The norm of iteration 8-5 is 0.192849
The norm of iteration 8-6 is 0.21632
The norm of iteration 8-7 is 0.182715
The norm of iteration 8-8 is 0.182775
The norm of iteration 8-9 is 0.166541
The norm of iteration 8-10 is 0.160444
The norm of iteration 8-11 is 0.149917
The norm of iteration 8-12 is 0.142668
The norm of iteration 8-13 is 0.134423
The norm of iteration 8-14 is 0.127419
The norm of iteration 8-15 is 0.12039
The norm of iteration 8-16 is 0.113974
The norm of iteration 8-17 is 0.107787
The norm of iteration 8-18 is 0.102003
The norm of iteration 8-19 is 0.0964962
The norm of iteration 8-20 is 0.091307
The norm of iteration 8-21 is 0.0863876
The norm of iteration 8-22 is 0.0817393
The norm of iteration 8-23 is 0.0773385
The norm of iteration 8-24 is 0.0731764
The norm of iteration 8-25 is 0.0692377
The norm of iteration 8-26 is 0.0655115
The norm of iteration 8-27 is 0.0619856
The norm of iteration 8-28 is 0.0586497
The norm of iteration 8-29 is 0.0554933
The norm of iteration 8-30 is 0.0525068
The norm of iteration 8-31 is 0.049681
The norm of iteration 8-32 is 0.0470073
The norm of iteration 8-33 is 0.0444775
The norm of iteration 8-34 is 0.0420839
The norm of iteration 8-35 is 0.0398191
The norm of iteration 8-36 is 0.0376761
The norm of iteration 8-37 is 0.0356485
The norm of iteration 8-38 is 0.03373
The norm of iteration 8-39 is 0.0319148
The norm of iteration 8-40 is 0.0301972
The norm of iteration 8-41 is 0.0285721
The norm of iteration 8-42 is 0.0270345
The norm of iteration 8-43 is 0.0255796
The norm of iteration 8-44 is 0.024203
The norm of iteration 8-45 is 0.0229004
The norm of iteration 8-46 is 0.021668
The norm of iteration 8-47 is 0.0205019
The norm of iteration 8-48 is 0.0193986
The norm of iteration 8-49 is 0.0183546
The norm of iteration 8-50 is 0.0173668
The norm of iteration 8-51 is 0.0164322
The norm of iteration 8-52 is 0.0155479
The norm of iteration 8-53 is 0.0147111
The norm of iteration 8-54 is 0.0139194
The norm of iteration 8-55 is 0.0131703
The norm of iteration 8-56 is 0.0124615
The norm of iteration 8-57 is 0.0117909
The norm of iteration 8-58 is 0.0111564
The norm of iteration 8-59 is 0.010556
The norm of iteration 8-60 is 0.00998787
The norm of iteration 8-61 is 0.00945036
The norm of iteration 8-62 is 0.00894177
The norm of iteration 8-63 is 0.00846055
The norm of iteration 8-64 is 0.00800523
The norm of iteration 8-65 is 0.00757442
The norm of iteration 8-66 is 0.00716679
The norm of iteration 8-67 is 0.0067811
The norm of iteration 8-68 is 0.00641616
The norm of iteration 8-69 is 0.00607086
The norm of iteration 8-70 is 0.00574415
The norm of iteration 8-71 is 0.00543502
The norm of iteration 8-72 is 0.00514252
The norm of iteration 8-73 is 0.00486577
The norm of iteration 8-74 is 0.00460391
The norm of iteration 8-75 is 0.00435614
The norm of iteration 8-76 is 0.00412171
The norm of iteration 8-77 is 0.00389989
The norm of iteration 8-78 is 0.00369001
The norm of iteration 8-79 is 0.00349143
The norm of iteration 8-80 is 0.00330353
The norm of iteration 8-81 is 0.00312575
The norm of iteration 8-82 is 0.00295753
The norm of iteration 8-83 is 0.00279837
The norm of iteration 8-84 is 0.00264777
The norm of iteration 8-85 is 0.00250527
The norm of iteration 8-86 is 0.00237045
The norm of iteration 8-87 is 0.00224288
The norm of iteration 8-88 is 0.00212217
The norm of iteration 8-89 is 0.00200796
The norm of iteration 8-90 is 0.0018999
The norm of iteration 8-91 is 0.00179766
The norm of iteration 8-92 is 0.00170091
The norm of iteration 8-93 is 0.00160937
The norm of iteration 8-94 is 0.00152276
The norm of iteration 8-95 is 0.00144081
The norm of iteration 8-96 is 0.00136327
The norm of iteration 8-97 is 0.00128991
The norm of iteration 8-98 is 0.00122049
The norm of iteration 8-99 is 0.00115481
The norm of iteration 8-100 is 0.00109266
The norm of iteration 8-101 is 0.00103385
The norm of iteration 8-102 is 0.000978216
The norm of iteration 8-103 is 0.000925572
The norm of iteration 8-104 is 0.000875761
The norm of iteration 8-105 is 0.00082863
The norm of iteration 8-106 is 0.000784036
The norm of iteration 8-107 is 0.000741842
The norm of iteration 8-108 is 0.000701918
The norm of iteration 8-109 is 0.000664143
The norm of iteration 8-110 is 0.000628401
The norm of iteration 8-111 is 0.000594583
The norm of iteration 8-112 is 0.000562584
The norm of iteration 8-113 is 0.000532308
The norm of iteration 8-114 is 0.000503661
The norm of iteration 8-115 is 0.000476555
The norm of iteration 8-116 is 0.000450909
The norm of iteration 8-117 is 0.000426642
The norm of iteration 8-118 is 0.000403682
The norm of iteration 8-119 is 0.000381957
The norm of iteration 8-120 is 0.000361401
The norm of iteration 8-121 is 0.000341952
The norm of iteration 8-122 is 0.000323549
The norm of iteration 8-123 is 0.000306137
The norm of iteration 8-124 is 0.000289662
The norm of iteration 8-125 is 0.000274073
The norm of iteration 8-126 is 0.000259323
The norm of iteration 8-127 is 0.000245367
The norm of iteration 8-128 is 0.000232163
The norm of iteration 8-129 is 0.000219668
The norm of iteration 8-130 is 0.000207846
The norm of iteration 8-131 is 0.000196661
The norm of iteration 8-132 is 0.000186077
The norm of iteration 8-133 is 0.000176063
The norm of iteration 8-134 is 0.000166588
The norm of iteration 8-135 is 0.000157623
The norm of iteration 8-136 is 0.00014914
The norm of iteration 8-137 is 0.000141114
The norm of iteration 8-138 is 0.00013352
The norm of iteration 8-139 is 0.000126334
The norm of iteration 8-140 is 0.000119535
The norm of iteration 8-141 is 0.000113102
The norm of iteration 8-142 is 0.000107015
The norm of iteration 8-143 is 0.000101256
The norm of iteration 8-144 is 9.58069e-05
The norm of iteration 8-145 is 9.06509e-05
The norm of iteration 8-146 is 8.57723e-05
The norm of iteration 8-147 is 8.11564e-05
The norm of iteration 8-148 is 7.67888e-05
The norm of iteration 8-149 is 7.26563e-05
The norm of iteration 8-150 is 6.87461e-05
The norm of iteration 8-151 is 6.50465e-05
The norm of iteration 8-152 is 6.15459e-05
The norm of iteration 8-153 is 5.82337e-05
The norm of iteration 8-154 is 5.50997e-05
The norm of iteration 8-155 is 5.21344e-05
The norm of iteration 8-156 is 4.93287e-05
The norm of iteration 8-157 is 4.6674e-05
The norm of iteration 8-158 is 4.41622e-05
The norm of iteration 8-159 is 4.17855e-05
The norm of iteration 8-160 is 3.95368e-05
The norm of iteration 8-161 is 3.7409e-05
The norm of iteration 8-162 is 3.53958e-05
The norm of iteration 8-163 is 3.34909e-05
The norm of iteration 8-164 is 3.16885e-05
The norm of iteration 8-165 is 2.99832e-05
The norm of iteration 8-166 is 2.83696e-05
The norm of iteration 8-167 is 2.68428e-05
The norm of iteration 8-168 is 2.53982e-05
The norm of iteration 8-169 is 2.40314e-05
The norm of iteration 8-170 is 2.27381e-05
The norm of iteration 8-171 is 2.15144e-05
The norm of iteration 8-172 is 2.03566e-05
The norm of iteration 8-173 is 1.9261e-05
The norm of iteration 8-174 is 1.82245e-05
The norm of iteration 8-175 is 1.72437e-05
The norm of iteration 8-176 is 1.63157e-05
The norm of iteration 8-177 is 1.54376e-05
The norm of iteration 8-178 is 1.46068e-05
The norm of iteration 8-179 is 1.38207e-05
The norm of iteration 8-180 is 1.3077e-05
The norm of iteration 8-181 is 1.23732e-05
The norm of iteration 8-182 is 1.17073e-05
The norm of iteration 8-183 is 1.10773e-05
The norm of iteration 8-184 is 1.04811e-05
The norm of iteration 8-185 is 9.91707e-06
The norm of iteration 8-186 is 9.38336e-06
The norm of iteration 8-187 is 8.87838e-06
The norm of iteration 8-188 is 8.40058e-06
The norm of iteration 8-189 is 7.94849e-06
The norm of iteration 8-190 is 7.52072e-06
The norm of iteration 8-191 is 7.11598e-06
The norm of iteration 8-192 is 6.73303e-06
The norm of iteration 8-193 is 6.37068e-06
The norm of iteration 8-194 is 6.02783e-06
The norm of iteration 8-195 is 5.70343e-06
The norm of iteration 8-196 is 5.39649e-06
The norm of iteration 8-197 is 5.10607e-06
The norm of iteration 8-198 is 4.83128e-06
The norm of iteration 8-199 is 4.57127e-06
The norm of iteration 8-200 is 4.32526e-06
The norm of iteration 8-201 is 4.09249e-06
The norm of iteration 8-202 is 3.87225e-06
The norm of iteration 8-203 is 3.66386e-06
The norm of iteration 8-204 is 3.46668e-06
The norm of iteration 8-205 is 3.28011e-06
The norm of iteration 8-206 is 3.10359e-06
The norm of iteration 8-207 is 2.93656e-06
The norm of iteration 8-208 is 2.77853e-06
The norm of iteration 8-209 is 2.629e-06
The norm of iteration 8-210 is 2.48751e-06
The norm of iteration 8-211 is 2.35364e-06
The norm of iteration 8-212 is 2.22698e-06
The norm of iteration 8-213 is 2.10713e-06
The norm of iteration 8-214 is 1.99373e-06
The norm of iteration 8-215 is 1.88643e-06
The norm of iteration 8-216 is 1.78491e-06
The norm of iteration 8-217 is 1.68885e-06
The norm of iteration 8-218 is 1.59797e-06
The norm of iteration 8-219 is 1.51197e-06
The norm of iteration 8-220 is 1.4306e-06
The norm of iteration 8-221 is 1.35361e-06
The norm of iteration 8-222 is 1.28076e-06
The norm of iteration 8-223 is 1.21184e-06
The norm of iteration 8-224 is 1.14662e-06
The norm of iteration 8-225 is 1.08491e-06
The norm of iteration 8-226 is 1.02653e-06
The norm of iteration 8-227 is 9.71282e-07
The norm of iteration 9-0 is 0.981504
The norm of iteration 9-1 is 0.0637836
The norm of iteration 9-2 is 0.330204
The norm of iteration 9-3 is 0.0937044
The norm of iteration 9-4 is 0.171387
The norm of iteration 9-5 is 0.103584
The norm of iteration 9-6 is 0.122372
The norm of iteration 9-7 is 0.0991999
The norm of iteration 9-8 is 0.100961
The norm of iteration 9-9 is 0.0906586
The norm of iteration 9-10 is 0.0878156
The norm of iteration 9-11 is 0.0816309
The norm of iteration 9-12 is 0.0778088
The norm of iteration 9-13 is 0.0731767
The norm of iteration 9-14 is 0.0693935
The norm of iteration 9-15 is 0.0655206
The norm of iteration 9-16 is 0.0620343
The norm of iteration 9-17 is 0.0586516
The norm of iteration 9-18 is 0.0555044
The norm of iteration 9-19 is 0.0525027
The norm of iteration 9-20 is 0.0496788
The norm of iteration 9-21 is 0.0470002
The norm of iteration 9-22 is 0.0444708
The norm of iteration 9-23 is 0.0420757
The norm of iteration 9-24 is 0.0398111
The norm of iteration 9-25 is 0.037668
The norm of iteration 9-26 is 0.0356407
The norm of iteration 9-27 is 0.0337223
The norm of iteration 9-28 is 0.0319074
The norm of iteration 9-29 is 0.0301902
The norm of iteration 9-30 is 0.0285654
The norm of iteration 9-31 is 0.0270281
The norm of iteration 9-32 is 0.0255735
The norm of iteration 9-33 is 0.0241972
The norm of iteration 9-34 is 0.022895
The norm of iteration 9-35 is 0.0216628
The norm of iteration 9-36 is 0.020497
The norm of iteration 9-37 is 0.0193939
The norm of iteration 9-38 is 0.0183502
The norm of iteration 9-39 is 0.0173626
The norm of iteration 9-40 is 0.0164282
The norm of iteration 9-41 is 0.0155441
The norm of iteration 9-42 is 0.0147076
The norm of iteration 9-43 is 0.0139161
The norm of iteration 9-44 is 0.0131672
The norm of iteration 9-45 is 0.0124585
The norm of iteration 9-46 is 0.0117881
The norm of iteration 9-47 is 0.0111537
The norm of iteration 9-48 is 0.0105534
The norm of iteration 9-49 is 0.00998547
The norm of iteration 9-50 is 0.00944808
The norm of iteration 9-51 is 0.00893962
The norm of iteration 9-52 is 0.00845852
The norm of iteration 9-53 is 0.00800331
The norm of iteration 9-54 is 0.0075726
The norm of iteration 9-55 is 0.00716507
The norm of iteration 9-56 is 0.00677947
The norm of iteration 9-57 is 0.00641462
The norm of iteration 9-58 is 0.0060694
The norm of iteration 9-59 is 0.00574277
The norm of iteration 9-60 is 0.00543371
The norm of iteration 9-61 is 0.00514129
The norm of iteration 9-62 is 0.0048646
The norm of iteration 9-63 is 0.0046028
The norm of iteration 9-64 is 0.0043551
The norm of iteration 9-65 is 0.00412072
The norm of iteration 9-66 is 0.00389896
The norm of iteration 9-67 is 0.00368913
The norm of iteration 9-68 is 0.00349059
The norm of iteration 9-69 is 0.00330274
The norm of iteration 9-70 is 0.003125
The norm of iteration 9-71 is 0.00295682
The norm of iteration 9-72 is 0.00279769
The norm of iteration 9-73 is 0.00264713
The norm of iteration 9-74 is 0.00250467
The norm of iteration 9-75 is 0.00236988
The norm of iteration 9-76 is 0.00224234
The norm of iteration 9-77 is 0.00212166
The norm of iteration 9-78 is 0.00200748
The norm of iteration 9-79 is 0.00189945
The norm of iteration 9-80 is 0.00179722
The norm of iteration 9-81 is 0.0017005
The norm of iteration 9-82 is 0.00160899
The norm of iteration 9-83 is 0.0015224
The norm of iteration 9-84 is 0.00144047
The norm of iteration 9-85 is 0.00136295
The norm of iteration 9-86 is 0.0012896
The norm of iteration 9-87 is 0.0012202
The norm of iteration 9-88 is 0.00115453
The norm of iteration 9-89 is 0.0010924
The norm of iteration 9-90 is 0.00103361
The norm of iteration 9-91 is 0.000977981
The norm of iteration 9-92 is 0.000925349
The norm of iteration 9-93 is 0.00087555
The norm of iteration 9-94 is 0.000828431
The norm of iteration 9-95 is 0.000783847
The norm of iteration 9-96 is 0.000741663
The norm of iteration 9-97 is 0.000701749
The norm of iteration 9-98 is 0.000663984
The norm of iteration 9-99 is 0.00062825
The norm of iteration 9-100 is 0.00059444
The norm of iteration 9-101 is 0.000562449
The norm of iteration 9-102 is 0.00053218
The norm of iteration 9-103 is 0.00050354
The norm of iteration 9-104 is 0.000476441
The norm of iteration 9-105 is 0.0004508
The norm of iteration 9-106 is 0.00042654
The norm of iteration 9-107 is 0.000403585
The norm of iteration 9-108 is 0.000381865
The norm of iteration 9-109 is 0.000361315
The norm of iteration 9-110 is 0.00034187
The norm of iteration 9-111 is 0.000323472
The norm of iteration 9-112 is 0.000306063
The norm of iteration 9-113 is 0.000289592
The norm of iteration 9-114 is 0.000274007
The norm of iteration 9-115 is 0.000259261
The norm of iteration 9-116 is 0.000245308
The norm of iteration 9-117 is 0.000232107
The norm of iteration 9-118 is 0.000219616
The norm of iteration 9-119 is 0.000207797
The norm of iteration 9-120 is 0.000196614
The norm of iteration 9-121 is 0.000186033
The norm of iteration 9-122 is 0.000176021
The norm of iteration 9-123 is 0.000166548
The norm of iteration 9-124 is 0.000157585
The norm of iteration 9-125 is 0.000149104
The norm of iteration 9-126 is 0.00014108
The norm of iteration 9-127 is 0.000133487
The norm of iteration 9-128 is 0.000126304
The norm of iteration 9-129 is 0.000119506
The norm of iteration 9-130 is 0.000113075
The norm of iteration 9-131 is 0.00010699
The norm of iteration 9-132 is 0.000101232
The norm of iteration 9-133 is 9.57838e-05
The norm of iteration 9-134 is 9.06291e-05
The norm of iteration 9-135 is 8.57517e-05
The norm of iteration 9-136 is 8.11368e-05
The norm of iteration 9-137 is 7.67703e-05
The norm of iteration 9-138 is 7.26388e-05
The norm of iteration 9-139 is 6.87296e-05
The norm of iteration 9-140 is 6.50308e-05
The norm of iteration 9-141 is 6.15311e-05
The norm of iteration 9-142 is 5.82197e-05
The norm of iteration 9-143 is 5.50865e-05
The norm of iteration 9-144 is 5.21219e-05
The norm of iteration 9-145 is 4.93169e-05
The norm of iteration 9-146 is 4.66628e-05
The norm of iteration 9-147 is 4.41516e-05
The norm of iteration 9-148 is 4.17755e-05
The norm of iteration 9-149 is 3.95273e-05
The norm of iteration 9-150 is 3.74e-05
The norm of iteration 9-151 is 3.53873e-05
The norm of iteration 9-152 is 3.34829e-05
The norm of iteration 9-153 is 3.16809e-05
The norm of iteration 9-154 is 2.9976e-05
The norm of iteration 9-155 is 2.83628e-05
The norm of iteration 9-156 is 2.68364e-05
The norm of iteration 9-157 is 2.53921e-05
The norm of iteration 9-158 is 2.40256e-05
The norm of iteration 9-159 is 2.27326e-05
The norm of iteration 9-160 is 2.15092e-05
The norm of iteration 9-161 is 2.03517e-05
The norm of iteration 9-162 is 1.92564e-05
The norm of iteration 9-163 is 1.82201e-05
The norm of iteration 9-164 is 1.72396e-05
The norm of iteration 9-165 is 1.63118e-05
The norm of iteration 9-166 is 1.54339e-05
The norm of iteration 9-167 is 1.46033e-05
The norm of iteration 9-168 is 1.38174e-05
The norm of iteration 9-169 is 1.30738e-05
The norm of iteration 9-170 is 1.23702e-05
The norm of iteration 9-171 is 1.17045e-05
The norm of iteration 9-172 is 1.10746e-05
The norm of iteration 9-173 is 1.04786e-05
The norm of iteration 9-174 is 9.91468e-06
The norm of iteration 9-175 is 9.38111e-06
The norm of iteration 9-176 is 8.87625e-06
The norm of iteration 9-177 is 8.39856e-06
The norm of iteration 9-178 is 7.94658e-06
The norm of iteration 9-179 is 7.51892e-06
The norm of iteration 9-180 is 7.11427e-06
The norm of iteration 9-181 is 6.73141e-06
The norm of iteration 9-182 is 6.36914e-06
The norm of iteration 9-183 is 6.02638e-06
The norm of iteration 9-184 is 5.70206e-06
The norm of iteration 9-185 is 5.39519e-06
The norm of iteration 9-186 is 5.10484e-06
The norm of iteration 9-187 is 4.83012e-06
The norm of iteration 9-188 is 4.57017e-06
The norm of iteration 9-189 is 4.32422e-06
The norm of iteration 9-190 is 4.09151e-06
The norm of iteration 9-191 is 3.87132e-06
The norm of iteration 9-192 is 3.66298e-06
The norm of iteration 9-193 is 3.46585e-06
The norm of iteration 9-194 is 3.27933e-06
The norm of iteration 9-195 is 3.10284e-06
The norm of iteration 9-196 is 2.93586e-06
The norm of iteration 9-197 is 2.77786e-06
The norm of iteration 9-198 is 2.62836e-06
The norm of iteration 9-199 is 2.48691e-06
The norm of iteration 9-200 is 2.35308e-06
The norm of iteration 9-201 is 2.22644e-06
The norm of iteration 9-202 is 2.10662e-06
The norm of iteration 9-203 is 1.99325e-06
The norm of iteration 9-204 is 1.88598e-06
The norm of iteration 9-205 is 1.78448e-06
The norm of iteration 9-206 is 1.68845e-06
The norm of iteration 9-207 is 1.59758e-06
The norm of iteration 9-208 is 1.51161e-06
The norm of iteration 9-209 is 1.43026e-06
The norm of iteration 9-210 is 1.35328e-06
The norm of iteration 9-211 is 1.28046e-06
The norm of iteration 9-212 is 1.21155e-06
The norm of iteration 9-213 is 1.14634e-06
The norm of iteration 9-214 is 1.08465e-06
The norm of iteration 9-215 is 1.02628e-06
The norm of iteration 9-216 is 9.71048e-07
The norm of iteration 10-0 is 0.284432
The norm of iteration 10-1 is 0.0671434
The norm of iteration 10-2 is 0.0603235
The norm of iteration 10-3 is 0.0441638
The norm of iteration 10-4 is 0.0252227
The norm of iteration 10-5 is 0.0313798
The norm of iteration 10-6 is 0.0228635
The norm of iteration 10-7 is 0.0248308
The norm of iteration 10-8 is 0.0211958
The norm of iteration 10-9 is 0.0210011
The norm of iteration 10-10 is 0.0191207
The norm of iteration 10-11 is 0.0183409
The norm of iteration 10-12 is 0.017107
The norm of iteration 10-13 is 0.0162442
The norm of iteration 10-14 is 0.0152867
The norm of iteration 10-15 is 0.014474
The norm of iteration 10-16 is 0.013666
The norm of iteration 10-17 is 0.0129304
The norm of iteration 10-18 is 0.012224
The norm of iteration 10-19 is 0.0115647
The norm of iteration 10-20 is 0.0109383
The norm of iteration 10-21 is 0.0103487
The norm of iteration 10-22 is 0.00979018
The norm of iteration 10-23 is 0.00926275
The norm of iteration 10-24 is 0.00876362
The norm of iteration 10-25 is 0.00829172
The norm of iteration 10-26 is 0.00784522
The norm of iteration 10-27 is 0.00742289
The norm of iteration 10-28 is 0.0070233
The norm of iteration 10-29 is 0.00664527
The norm of iteration 10-30 is 0.0062876
The norm of iteration 10-31 is 0.00594919
The norm of iteration 10-32 is 0.005629
The norm of iteration 10-33 is 0.00532606
The norm of iteration 10-34 is 0.00503942
The norm of iteration 10-35 is 0.00476821
The norm of iteration 10-36 is 0.0045116
The norm of iteration 10-37 is 0.00426879
The norm of iteration 10-38 is 0.00403906
The norm of iteration 10-39 is 0.00382169
The norm of iteration 10-40 is 0.00361602
The norm of iteration 10-41 is 0.00342142
The norm of iteration 10-42 is 0.00323729
The norm of iteration 10-43 is 0.00306307
The norm of iteration 10-44 is 0.00289822
The norm of iteration 10-45 is 0.00274225
The norm of iteration 10-46 is 0.00259467
The norm of iteration 10-47 is 0.00245503
The norm of iteration 10-48 is 0.00232291
The norm of iteration 10-49 is 0.0021979
The norm of iteration 10-50 is 0.00207962
The norm of iteration 10-51 is 0.0019677
The norm of iteration 10-52 is 0.0018618
The norm of iteration 10-53 is 0.00176161
The norm of iteration 10-54 is 0.0016668
The norm of iteration 10-55 is 0.0015771
The norm of iteration 10-56 is 0.00149223
The norm of iteration 10-57 is 0.00141192
The norm of iteration 10-58 is 0.00133594
The norm of iteration 10-59 is 0.00126404
The norm of iteration 10-60 is 0.00119601
The norm of iteration 10-61 is 0.00113165
The norm of iteration 10-62 is 0.00107075
The norm of iteration 10-63 is 0.00101312
The norm of iteration 10-64 is 0.000958599
The norm of iteration 10-65 is 0.000907011
The norm of iteration 10-66 is 0.000858199
The norm of iteration 10-67 is 0.000812013
The norm of iteration 10-68 is 0.000768313
The norm of iteration 10-69 is 0.000726965
The norm of iteration 10-70 is 0.000687842
The norm of iteration 10-71 is 0.000650825
The norm of iteration 10-72 is 0.0006158
The norm of iteration 10-73 is 0.000582659
The norm of iteration 10-74 is 0.000551303
The norm of iteration 10-75 is 0.000521633
The norm of iteration 10-76 is 0.000493561
The norm of iteration 10-77 is 0.000466999
The norm of iteration 10-78 is 0.000441867
The norm of iteration 10-79 is 0.000418087
The norm of iteration 10-80 is 0.000395587
The norm of iteration 10-81 is 0.000374298
The norm of iteration 10-82 is 0.000354154
The norm of iteration 10-83 is 0.000335095
The norm of iteration 10-84 is 0.000317061
The norm of iteration 10-85 is 0.000299998
The norm of iteration 10-86 is 0.000283853
The norm of iteration 10-87 is 0.000268577
The norm of iteration 10-88 is 0.000254123
The norm of iteration 10-89 is 0.000240447
The norm of iteration 10-90 is 0.000227507
The norm of iteration 10-91 is 0.000215263
The norm of iteration 10-92 is 0.000203678
The norm of iteration 10-93 is 0.000192717
The norm of iteration 10-94 is 0.000182346
The norm of iteration 10-95 is 0.000172533
The norm of iteration 10-96 is 0.000163247
The norm of iteration 10-97 is 0.000154462
The norm of iteration 10-98 is 0.000146149
The norm of iteration 10-99 is 0.000138284
The norm of iteration 10-100 is 0.000130842
The norm of iteration 10-101 is 0.000123801
The norm of iteration 10-102 is 0.000117138
The norm of iteration 10-103 is 0.000110834
The norm of iteration 10-104 is 0.000104869
The norm of iteration 10-105 is 9.92256e-05
The norm of iteration 10-106 is 9.38856e-05
The norm of iteration 10-107 is 8.8833e-05
The norm of iteration 10-108 is 8.40523e-05
The norm of iteration 10-109 is 7.95289e-05
The norm of iteration 10-110 is 7.52489e-05
The norm of iteration 10-111 is 7.11993e-05
The norm of iteration 10-112 is 6.73676e-05
The norm of iteration 10-113 is 6.37421e-05
The norm of iteration 10-114 is 6.03117e-05
The norm of iteration 10-115 is 5.70659e-05
The norm of iteration 10-116 is 5.39948e-05
The norm of iteration 10-117 is 5.1089e-05
The norm of iteration 10-118 is 4.83395e-05
The norm of iteration 10-119 is 4.57381e-05
The norm of iteration 10-120 is 4.32766e-05
The norm of iteration 10-121 is 4.09476e-05
The norm of iteration 10-122 is 3.87439e-05
The norm of iteration 10-123 is 3.66589e-05
The norm of iteration 10-124 is 3.4686e-05
The norm of iteration 10-125 is 3.28193e-05
The norm of iteration 10-126 is 3.10531e-05
The norm of iteration 10-127 is 2.93819e-05
The norm of iteration 10-128 is 2.78007e-05
The norm of iteration 10-129 is 2.63045e-05
The norm of iteration 10-130 is 2.48889e-05
The norm of iteration 10-131 is 2.35495e-05
The norm of iteration 10-132 is 2.22821e-05
The norm of iteration 10-133 is 2.1083e-05
The norm of iteration 10-134 is 1.99484e-05
The norm of iteration 10-135 is 1.88748e-05
The norm of iteration 10-136 is 1.7859e-05
The norm of iteration 10-137 is 1.68979e-05
The norm of iteration 10-138 is 1.59885e-05
The norm of iteration 10-139 is 1.51281e-05
The norm of iteration 10-140 is 1.43139e-05
The norm of iteration 10-141 is 1.35436e-05
The norm of iteration 10-142 is 1.28147e-05
The norm of iteration 10-143 is 1.21251e-05
The norm of iteration 10-144 is 1.14725e-05
The norm of iteration 10-145 is 1.08551e-05
The norm of iteration 10-146 is 1.02709e-05
The norm of iteration 10-147 is 9.7182e-06
The norm of iteration 10-148 is 9.1952e-06
The norm of iteration 10-149 is 8.70034e-06
The norm of iteration 10-150 is 8.23212e-06
The norm of iteration 10-151 is 7.78909e-06
The norm of iteration 10-152 is 7.36991e-06
The norm of iteration 10-153 is 6.97328e-06
The norm of iteration 10-154 is 6.59801e-06
The norm of iteration 10-155 is 6.24292e-06
The norm of iteration 10-156 is 5.90695e-06
The norm of iteration 10-157 is 5.58906e-06
The norm of iteration 10-158 is 5.28827e-06
The norm of iteration 10-159 is 5.00367e-06
The norm of iteration 10-160 is 4.73439e-06
The norm of iteration 10-161 is 4.4796e-06
The norm of iteration 10-162 is 4.23853e-06
The norm of iteration 10-163 is 4.01042e-06
The norm of iteration 10-164 is 3.7946e-06
The norm of iteration 10-165 is 3.59038e-06
The norm of iteration 10-166 is 3.39716e-06
The norm of iteration 10-167 is 3.21434e-06
The norm of iteration 10-168 is 3.04135e-06
The norm of iteration 10-169 is 2.87768e-06
The norm of iteration 10-170 is 2.72281e-06
The norm of iteration 10-171 is 2.57628e-06
The norm of iteration 10-172 is 2.43763e-06
The norm of iteration 10-173 is 2.30644e-06
The norm of iteration 10-174 is 2.18232e-06
The norm of iteration 10-175 is 2.06487e-06
The norm of iteration 10-176 is 1.95375e-06
The norm of iteration 10-177 is 1.84861e-06
The norm of iteration 10-178 is 1.74912e-06
The norm of iteration 10-179 is 1.65499e-06
The norm of iteration 10-180 is 1.56592e-06
The norm of iteration 10-181 is 1.48165e-06
The norm of iteration 10-182 is 1.40191e-06
The norm of iteration 10-183 is 1.32647e-06
The norm of iteration 10-184 is 1.25508e-06
The norm of iteration 10-185 is 1.18754e-06
The norm of iteration 10-186 is 1.12363e-06
The norm of iteration 10-187 is 1.06316e-06
The norm of iteration 10-188 is 1.00594e-06
The norm of iteration 10-189 is 9.51804e-07
The total amount of iterations was 3164
