gridpoints_x: 16
gridpoints_y: 16
timesteps: 10
write_per_t: 1
radi_coef_beta: 1
freq_coef_gamma: 1
coef_alpha: 1
tolerance: 1e-06
The norm of iteration 1-0 is 0.802783
The norm of iteration 1-1 is 0.299879
The norm of iteration 1-2 is 0.462002
The norm of iteration 1-3 is 0.313803
The norm of iteration 1-4 is 0.345939
The norm of iteration 1-5 is 0.291248
The norm of iteration 1-6 is 0.288176
The norm of iteration 1-7 is 0.261055
The norm of iteration 1-8 is 0.249439
The norm of iteration 1-9 is 0.23159
The norm of iteration 1-10 is 0.218851
The norm of iteration 1-11 is 0.204879
The norm of iteration 1-12 is 0.19295
The norm of iteration 1-13 is 0.181144
The norm of iteration 1-14 is 0.170423
The norm of iteration 1-15 is 0.160154
The norm of iteration 1-16 is 0.150632
The norm of iteration 1-17 is 0.141608
The norm of iteration 1-18 is 0.133178
The norm of iteration 1-19 is 0.125218
The norm of iteration 1-20 is 0.117762
The norm of iteration 1-21 is 0.11073
The norm of iteration 1-22 is 0.104136
The norm of iteration 1-23 is 0.0979202
The norm of iteration 1-24 is 0.0920887
The norm of iteration 1-25 is 0.0865937
The norm of iteration 1-26 is 0.0814364
The norm of iteration 1-27 is 0.076578
The norm of iteration 1-28 is 0.0720168
The norm of iteration 1-29 is 0.0677209
The norm of iteration 1-30 is 0.063687
The norm of iteration 1-31 is 0.0598883
The norm of iteration 1-32 is 0.0563207
The norm of iteration 1-33 is 0.0529617
The norm of iteration 1-34 is 0.0498065
The norm of iteration 1-35 is 0.0468362
The norm of iteration 1-36 is 0.0440458
The norm of iteration 1-37 is 0.0414192
The norm of iteration 1-38 is 0.0389514
The norm of iteration 1-39 is 0.0366287
The norm of iteration 1-40 is 0.0344462
The norm of iteration 1-41 is 0.0323923
The norm of iteration 1-42 is 0.0304622
The norm of iteration 1-43 is 0.0286459
The norm of iteration 1-44 is 0.0269389
The norm of iteration 1-45 is 0.0253327
The norm of iteration 1-46 is 0.0238231
The norm of iteration 1-47 is 0.0224028
The norm of iteration 1-48 is 0.0210677
The norm of iteration 1-49 is 0.0198117
The norm of iteration 1-50 is 0.018631
The norm of iteration 1-51 is 0.0175203
The norm of iteration 1-52 is 0.0164762
The norm of iteration 1-53 is 0.0154939
The norm of iteration 1-54 is 0.0145705
The norm of iteration 1-55 is 0.0137019
The norm of iteration 1-56 is 0.0128853
The norm of iteration 1-57 is 0.0121172
The norm of iteration 1-58 is 0.011395
The norm of iteration 1-59 is 0.0107157
The norm of iteration 1-60 is 0.010077
The norm of iteration 1-61 is 0.00947633
The norm of iteration 1-62 is 0.00891154
The norm of iteration 1-63 is 0.00838031
The norm of iteration 1-64 is 0.00788083
The norm of iteration 1-65 is 0.00741105
The norm of iteration 1-66 is 0.00696934
The norm of iteration 1-67 is 0.00655389
The norm of iteration 1-68 is 0.00616327
The norm of iteration 1-69 is 0.00579587
The norm of iteration 1-70 is 0.00545042
The norm of iteration 1-71 is 0.00512553
The norm of iteration 1-72 is 0.00482003
The norm of iteration 1-73 is 0.00453271
The norm of iteration 1-74 is 0.00426255
The norm of iteration 1-75 is 0.00400846
The norm of iteration 1-76 is 0.00376954
The norm of iteration 1-77 is 0.00354485
The norm of iteration 1-78 is 0.00333356
The norm of iteration 1-79 is 0.00313485
The norm of iteration 1-80 is 0.002948
The norm of iteration 1-81 is 0.00277228
The norm of iteration 1-82 is 0.00260704
The norm of iteration 1-83 is 0.00245164
The norm of iteration 1-84 is 0.00230551
The norm of iteration 1-85 is 0.00216808
The norm of iteration 1-86 is 0.00203885
The norm of iteration 1-87 is 0.00191732
The norm of iteration 1-88 is 0.00180304
The norm of iteration 1-89 is 0.00169557
The norm of iteration 1-90 is 0.0015945
The norm of iteration 1-91 is 0.00149946
The norm of iteration 1-92 is 0.00141008
The norm of iteration 1-93 is 0.00132603
The norm of iteration 1-94 is 0.00124699
The norm of iteration 1-95 is 0.00117266
The norm of iteration 1-96 is 0.00110277
The norm of iteration 1-97 is 0.00103703
The norm of iteration 1-98 is 0.000975221
The norm of iteration 1-99 is 0.000917092
The norm of iteration 1-100 is 0.000862428
The norm of iteration 1-101 is 0.000811021
The norm of iteration 1-102 is 0.00076268
The norm of iteration 1-103 is 0.000717219
The norm of iteration 1-104 is 0.000674469
The norm of iteration 1-105 is 0.000634266
The norm of iteration 1-106 is 0.00059646
The norm of iteration 1-107 is 0.000560907
The norm of iteration 1-108 is 0.000527474
The norm of iteration 1-109 is 0.000496033
The norm of iteration 1-110 is 0.000466466
The norm of iteration 1-111 is 0.000438662
The norm of iteration 1-112 is 0.000412515
The norm of iteration 1-113 is 0.000387927
The norm of iteration 1-114 is 0.000364804
The norm of iteration 1-115 is 0.000343059
The norm of iteration 1-116 is 0.000322611
The norm of iteration 1-117 is 0.000303381
The norm of iteration 1-118 is 0.000285298
The norm of iteration 1-119 is 0.000268292
The norm of iteration 1-120 is 0.0002523
The norm of iteration 1-121 is 0.000237262
The norm of iteration 1-122 is 0.00022312
The norm of iteration 1-123 is 0.00020982
The norm of iteration 1-124 is 0.000197314
The norm of iteration 1-125 is 0.000185553
The norm of iteration 1-126 is 0.000174492
The norm of iteration 1-127 is 0.000164092
The norm of iteration 1-128 is 0.000154311
The norm of iteration 1-129 is 0.000145113
The norm of iteration 1-130 is 0.000136463
The norm of iteration 1-131 is 0.000128329
The norm of iteration 1-132 is 0.00012068
The norm of iteration 1-133 is 0.000113487
The norm of iteration 1-134 is 0.000106722
The norm of iteration 1-135 is 0.000100361
The norm of iteration 1-136 is 9.43788e-05
The norm of iteration 1-137 is 8.87532e-05
The norm of iteration 1-138 is 8.3463e-05
The norm of iteration 1-139 is 7.84881e-05
The norm of iteration 1-140 is 7.38097e-05
The norm of iteration 1-141 is 6.94102e-05
The norm of iteration 1-142 is 6.52729e-05
The norm of iteration 1-143 is 6.13822e-05
The norm of iteration 1-144 is 5.77235e-05
The norm of iteration 1-145 is 5.42828e-05
The norm of iteration 1-146 is 5.10472e-05
The norm of iteration 1-147 is 4.80045e-05
The norm of iteration 1-148 is 4.51431e-05
The norm of iteration 1-149 is 4.24523e-05
The norm of iteration 1-150 is 3.99219e-05
The norm of iteration 1-151 is 3.75423e-05
The norm of iteration 1-152 is 3.53046e-05
The norm of iteration 1-153 is 3.32002e-05
The norm of iteration 1-154 is 3.12212e-05
The norm of iteration 1-155 is 2.93603e-05
The norm of iteration 1-156 is 2.76102e-05
The norm of iteration 1-157 is 2.59645e-05
The norm of iteration 1-158 is 2.44168e-05
The norm of iteration 1-159 is 2.29614e-05
The norm of iteration 1-160 is 2.15928e-05
The norm of iteration 1-161 is 2.03057e-05
The norm of iteration 1-162 is 1.90954e-05
The norm of iteration 1-163 is 1.79572e-05
The norm of iteration 1-164 is 1.68868e-05
The norm of iteration 1-165 is 1.58803e-05
The norm of iteration 1-166 is 1.49337e-05
The norm of iteration 1-167 is 1.40436e-05
The norm of iteration 1-168 is 1.32065e-05
The norm of iteration 1-169 is 1.24193e-05
The norm of iteration 1-170 is 1.1679e-05
The norm of iteration 1-171 is 1.09829e-05
The norm of iteration 1-172 is 1.03282e-05
The norm of iteration 1-173 is 9.71261e-06
The norm of iteration 1-174 is 9.13368e-06
The norm of iteration 1-175 is 8.58925e-06
The norm of iteration 1-176 is 8.07728e-06
The norm of iteration 1-177 is 7.59583e-06
The norm of iteration 1-178 is 7.14307e-06
The norm of iteration 1-179 is 6.7173e-06
The norm of iteration 1-180 is 6.3169e-06
The norm of iteration 1-181 is 5.94038e-06
The norm of iteration 1-182 is 5.58629e-06
The norm of iteration 1-183 is 5.25332e-06
The norm of iteration 1-184 is 4.94019e-06
The norm of iteration 1-185 is 4.64572e-06
The norm of iteration 1-186 is 4.36881e-06
The norm of iteration 1-187 is 4.1084e-06
The norm of iteration 1-188 is 3.86351e-06
The norm of iteration 1-189 is 3.63322e-06
The norm of iteration 1-190 is 3.41666e-06
The norm of iteration 1-191 is 3.21301e-06
The norm of iteration 1-192 is 3.02149e-06
The norm of iteration 1-193 is 2.84139e-06
The norm of iteration 1-194 is 2.67203e-06
The norm of iteration 1-195 is 2.51276e-06
The norm of iteration 1-196 is 2.36298e-06
The norm of iteration 1-197 is 2.22213e-06
The norm of iteration 1-198 is 2.08968e-06
The norm of iteration 1-199 is 1.96512e-06
The norm of iteration 1-200 is 1.84799e-06
The norm of iteration 1-201 is 1.73784e-06
The norm of iteration 1-202 is 1.63425e-06
The norm of iteration 1-203 is 1.53684e-06
The norm of iteration 1-204 is 1.44524e-06
The norm of iteration 1-205 is 1.35909e-06
The norm of iteration 1-206 is 1.27808e-06
The norm of iteration 1-207 is 1.2019e-06
The norm of iteration 1-208 is 1.13026e-06
The norm of iteration 1-209 is 1.06289e-06
The norm of iteration 1-210 is 9.99534e-07
The norm of iteration 2-0 is 1.13974
The norm of iteration 2-1 is 0.117181
The norm of iteration 2-2 is 0.450021
The norm of iteration 2-3 is 0.18401
The norm of iteration 2-4 is 0.272396
The norm of iteration 2-5 is 0.192696
The norm of iteration 2-6 is 0.210648
The norm of iteration 2-7 is 0.18076
The norm of iteration 2-8 is 0.179003
The norm of iteration 2-9 is 0.163776
The norm of iteration 2-10 is 0.157036
The norm of iteration 2-11 is 0.146734
The norm of iteration 2-12 is 0.13923
The norm of iteration 2-13 is 0.130999
The norm of iteration 2-14 is 0.123881
The norm of iteration 2-15 is 0.116823
The norm of iteration 2-16 is 0.110356
The norm of iteration 2-17 is 0.104149
The norm of iteration 2-18 is 0.0983501
The norm of iteration 2-19 is 0.0928422
The norm of iteration 2-20 is 0.0876635
The norm of iteration 2-21 is 0.0827616
The norm of iteration 2-22 is 0.0781426
The norm of iteration 2-23 is 0.0737756
The norm of iteration 2-24 is 0.0696573
The norm of iteration 2-25 is 0.0657654
The norm of iteration 2-26 is 0.062094
The norm of iteration 2-27 is 0.0586251
The norm of iteration 2-28 is 0.0553522
The norm of iteration 2-29 is 0.0522601
The norm of iteration 2-30 is 0.0493424
The norm of iteration 2-31 is 0.0465862
The norm of iteration 2-32 is 0.0439852
The norm of iteration 2-33 is 0.0415283
The norm of iteration 2-34 is 0.0392097
The norm of iteration 2-35 is 0.0370196
The norm of iteration 2-36 is 0.0349526
The norm of iteration 2-37 is 0.0330003
The norm of iteration 2-38 is 0.0311578
The norm of iteration 2-39 is 0.0294175
The norm of iteration 2-40 is 0.0277749
The norm of iteration 2-41 is 0.0262236
The norm of iteration 2-42 is 0.0247594
The norm of iteration 2-43 is 0.0233765
The norm of iteration 2-44 is 0.0220712
The norm of iteration 2-45 is 0.0208385
The norm of iteration 2-46 is 0.0196749
The norm of iteration 2-47 is 0.0185761
The norm of iteration 2-48 is 0.0175388
The norm of iteration 2-49 is 0.0165593
The norm of iteration 2-50 is 0.0156346
The norm of iteration 2-51 is 0.0147614
The norm of iteration 2-52 is 0.0139371
The norm of iteration 2-53 is 0.0131588
The norm of iteration 2-54 is 0.012424
The norm of iteration 2-55 is 0.0117301
The norm of iteration 2-56 is 0.0110751
The norm of iteration 2-57 is 0.0104566
The norm of iteration 2-58 is 0.00987267
The norm of iteration 2-59 is 0.0093213
The norm of iteration 2-60 is 0.00880078
The norm of iteration 2-61 is 0.00830929
The norm of iteration 2-62 is 0.00784528
The norm of iteration 2-63 is 0.00740714
The norm of iteration 2-64 is 0.00699351
The norm of iteration 2-65 is 0.00660295
The norm of iteration 2-66 is 0.00623422
The norm of iteration 2-67 is 0.00588606
The norm of iteration 2-68 is 0.00555737
The norm of iteration 2-69 is 0.00524701
The norm of iteration 2-70 is 0.004954
The norm of iteration 2-71 is 0.00467734
The norm of iteration 2-72 is 0.00441614
The norm of iteration 2-73 is 0.00416952
The norm of iteration 2-74 is 0.00393668
The norm of iteration 2-75 is 0.00371683
The norm of iteration 2-76 is 0.00350927
The norm of iteration 2-77 is 0.00331329
The norm of iteration 2-78 is 0.00312827
The norm of iteration 2-79 is 0.00295357
The norm of iteration 2-80 is 0.00278863
The norm of iteration 2-81 is 0.0026329
The norm of iteration 2-82 is 0.00248587
The norm of iteration 2-83 is 0.00234704
The norm of iteration 2-84 is 0.00221598
The norm of iteration 2-85 is 0.00209222
The norm of iteration 2-86 is 0.00197539
The norm of iteration 2-87 is 0.00186507
The norm of iteration 2-88 is 0.00176092
The norm of iteration 2-89 is 0.00166258
The norm of iteration 2-90 is 0.00156973
The norm of iteration 2-91 is 0.00148207
The norm of iteration 2-92 is 0.00139931
The norm of iteration 2-93 is 0.00132116
The norm of iteration 2-94 is 0.00124738
The norm of iteration 2-95 is 0.00117772
The norm of iteration 2-96 is 0.00111195
The norm of iteration 2-97 is 0.00104986
The norm of iteration 2-98 is 0.000991229
The norm of iteration 2-99 is 0.000935874
The norm of iteration 2-100 is 0.000883611
The norm of iteration 2-101 is 0.000834265
The norm of iteration 2-102 is 0.000787676
The norm of iteration 2-103 is 0.000743689
The norm of iteration 2-104 is 0.000702158
The norm of iteration 2-105 is 0.000662946
The norm of iteration 2-106 is 0.000625924
The norm of iteration 2-107 is 0.00059097
The norm of iteration 2-108 is 0.000557967
The norm of iteration 2-109 is 0.000526808
The norm of iteration 2-110 is 0.000497389
The norm of iteration 2-111 is 0.000469612
The norm of iteration 2-112 is 0.000443387
The norm of iteration 2-113 is 0.000418626
The norm of iteration 2-114 is 0.000395248
The norm of iteration 2-115 is 0.000373176
The norm of iteration 2-116 is 0.000352336
The norm of iteration 2-117 is 0.00033266
The norm of iteration 2-118 is 0.000314083
The norm of iteration 2-119 is 0.000296543
The norm of iteration 2-120 is 0.000279982
The norm of iteration 2-121 is 0.000264347
The norm of iteration 2-122 is 0.000249585
The norm of iteration 2-123 is 0.000235647
The norm of iteration 2-124 is 0.000222487
The norm of iteration 2-125 is 0.000210062
The norm of iteration 2-126 is 0.000198332
The norm of iteration 2-127 is 0.000187256
The norm of iteration 2-128 is 0.000176799
The norm of iteration 2-129 is 0.000166925
The norm of iteration 2-130 is 0.000157603
The norm of iteration 2-131 is 0.000148802
The norm of iteration 2-132 is 0.000140492
The norm of iteration 2-133 is 0.000132647
The norm of iteration 2-134 is 0.000125239
The norm of iteration 2-135 is 0.000118245
The norm of iteration 2-136 is 0.000111642
The norm of iteration 2-137 is 0.000105407
The norm of iteration 2-138 is 9.95208e-05
The norm of iteration 2-139 is 9.39631e-05
The norm of iteration 2-140 is 8.87158e-05
The norm of iteration 2-141 is 8.37615e-05
The norm of iteration 2-142 is 7.90839e-05
The norm of iteration 2-143 is 7.46675e-05
The norm of iteration 2-144 is 7.04977e-05
The norm of iteration 2-145 is 6.65608e-05
The norm of iteration 2-146 is 6.28437e-05
The norm of iteration 2-147 is 5.93342e-05
The norm of iteration 2-148 is 5.60207e-05
The norm of iteration 2-149 is 5.28923e-05
The norm of iteration 2-150 is 4.99385e-05
The norm of iteration 2-151 is 4.71497e-05
The norm of iteration 2-152 is 4.45167e-05
The norm of iteration 2-153 is 4.20307e-05
The norm of iteration 2-154 is 3.96835e-05
The norm of iteration 2-155 is 3.74674e-05
The norm of iteration 2-156 is 3.5375e-05
The norm of iteration 2-157 is 3.33995e-05
The norm of iteration 2-158 is 3.15343e-05
The norm of iteration 2-159 is 2.97733e-05
The norm of iteration 2-160 is 2.81106e-05
The norm of iteration 2-161 is 2.65408e-05
The norm of iteration 2-162 is 2.50587e-05
The norm of iteration 2-163 is 2.36593e-05
The norm of iteration 2-164 is 2.2338e-05
The norm of iteration 2-165 is 2.10906e-05
The norm of iteration 2-166 is 1.99128e-05
The norm of iteration 2-167 is 1.88008e-05
The norm of iteration 2-168 is 1.77508e-05
The norm of iteration 2-169 is 1.67596e-05
The norm of iteration 2-170 is 1.58236e-05
The norm of iteration 2-171 is 1.494e-05
The norm of iteration 2-172 is 1.41056e-05
The norm of iteration 2-173 is 1.33179e-05
The norm of iteration 2-174 is 1.25742e-05
The norm of iteration 2-175 is 1.1872e-05
The norm of iteration 2-176 is 1.1209e-05
The norm of iteration 2-177 is 1.0583e-05
The norm of iteration 2-178 is 9.99203e-06
The norm of iteration 2-179 is 9.43403e-06
The norm of iteration 2-180 is 8.90719e-06
The norm of iteration 2-181 is 8.40977e-06
The norm of iteration 2-182 is 7.94013e-06
The norm of iteration 2-183 is 7.49672e-06
The norm of iteration 2-184 is 7.07807e-06
The norm of iteration 2-185 is 6.6828e-06
The norm of iteration 2-186 is 6.3096e-06
The norm of iteration 2-187 is 5.95724e-06
The norm of iteration 2-188 is 5.62456e-06
The norm of iteration 2-189 is 5.31046e-06
The norm of iteration 2-190 is 5.0139e-06
The norm of iteration 2-191 is 4.7339e-06
The norm of iteration 2-192 is 4.46954e-06
The norm of iteration 2-193 is 4.21994e-06
The norm of iteration 2-194 is 3.98428e-06
The norm of iteration 2-195 is 3.76178e-06
The norm of iteration 2-196 is 3.5517e-06
The norm of iteration 2-197 is 3.35336e-06
The norm of iteration 2-198 is 3.16609e-06
The norm of iteration 2-199 is 2.98929e-06
The norm of iteration 2-200 is 2.82235e-06
The norm of iteration 2-201 is 2.66474e-06
The norm of iteration 2-202 is 2.51593e-06
The norm of iteration 2-203 is 2.37543e-06
The norm of iteration 2-204 is 2.24277e-06
The norm of iteration 2-205 is 2.11752e-06
The norm of iteration 2-206 is 1.99927e-06
The norm of iteration 2-207 is 1.88762e-06
The norm of iteration 2-208 is 1.78221e-06
The norm of iteration 2-209 is 1.68268e-06
The norm of iteration 2-210 is 1.58871e-06
The norm of iteration 2-211 is 1.49999e-06
The norm of iteration 2-212 is 1.41623e-06
The norm of iteration 2-213 is 1.33714e-06
The norm of iteration 2-214 is 1.26247e-06
The norm of iteration 2-215 is 1.19196e-06
The norm of iteration 2-216 is 1.1254e-06
The norm of iteration 2-217 is 1.06255e-06
The norm of iteration 2-218 is 1.00321e-06
The norm of iteration 2-219 is 9.47191e-07
The norm of iteration 3-0 is 1.31511
The norm of iteration 3-1 is 0.103051
The norm of iteration 3-2 is 0.486923
The norm of iteration 3-3 is 0.17307
The norm of iteration 3-4 is 0.27853
The norm of iteration 3-5 is 0.186313
The norm of iteration 3-6 is 0.209883
The norm of iteration 3-7 is 0.176728
The norm of iteration 3-8 is 0.176996
The norm of iteration 3-9 is 0.161077
The norm of iteration 3-10 is 0.15521
The norm of iteration 3-11 is 0.14494
The norm of iteration 3-12 is 0.137916
The norm of iteration 3-13 is 0.129896
The norm of iteration 3-14 is 0.123102
The norm of iteration 3-15 is 0.116274
The norm of iteration 3-16 is 0.110051
The norm of iteration 3-17 is 0.104047
The norm of iteration 3-18 is 0.0984389
The norm of iteration 3-19 is 0.0930993
The norm of iteration 3-20 is 0.0880703
The norm of iteration 3-21 is 0.0833028
The norm of iteration 3-22 is 0.0788002
The norm of iteration 3-23 is 0.0745376
The norm of iteration 3-24 is 0.0705082
The norm of iteration 3-25 is 0.0666952
The norm of iteration 3-26 is 0.0630896
The norm of iteration 3-27 is 0.0596781
The norm of iteration 3-28 is 0.0564518
The norm of iteration 3-29 is 0.0533995
The norm of iteration 3-30 is 0.0505126
The norm of iteration 3-31 is 0.0477815
The norm of iteration 3-32 is 0.0451983
The norm of iteration 3-33 is 0.0427545
The norm of iteration 3-34 is 0.0404432
The norm of iteration 3-35 is 0.0382565
The norm of iteration 3-36 is 0.0361883
The norm of iteration 3-37 is 0.0342317
The norm of iteration 3-38 is 0.032381
The norm of iteration 3-39 is 0.0306303
The norm of iteration 3-40 is 0.0289744
The norm of iteration 3-41 is 0.0274078
The norm of iteration 3-42 is 0.0259261
The norm of iteration 3-43 is 0.0245243
The norm of iteration 3-44 is 0.0231985
The norm of iteration 3-45 is 0.0219442
The norm of iteration 3-46 is 0.0207579
The norm of iteration 3-47 is 0.0196356
The norm of iteration 3-48 is 0.018574
The norm of iteration 3-49 is 0.0175698
The norm of iteration 3-50 is 0.0166199
The norm of iteration 3-51 is 0.0157213
The norm of iteration 3-52 is 0.0148714
The norm of iteration 3-53 is 0.0140674
The norm of iteration 3-54 is 0.0133068
The norm of iteration 3-55 is 0.0125874
The norm of iteration 3-56 is 0.0119069
The norm of iteration 3-57 is 0.0112631
The norm of iteration 3-58 is 0.0106542
The norm of iteration 3-59 is 0.0100782
The norm of iteration 3-60 is 0.00953331
The norm of iteration 3-61 is 0.00901789
The norm of iteration 3-62 is 0.00853035
The norm of iteration 3-63 is 0.00806916
The norm of iteration 3-64 is 0.0076329
The norm of iteration 3-65 is 0.00722023
The norm of iteration 3-66 is 0.00682988
The norm of iteration 3-67 is 0.00646062
The norm of iteration 3-68 is 0.00611133
The norm of iteration 3-69 is 0.00578092
The norm of iteration 3-70 is 0.00546838
The norm of iteration 3-71 is 0.00517274
The norm of iteration 3-72 is 0.00489308
The norm of iteration 3-73 is 0.00462853
The norm of iteration 3-74 is 0.0043783
The norm of iteration 3-75 is 0.00414158
The norm of iteration 3-76 is 0.00391767
The norm of iteration 3-77 is 0.00370586
The norm of iteration 3-78 is 0.00350551
The norm of iteration 3-79 is 0.00331598
The norm of iteration 3-80 is 0.00313671
The norm of iteration 3-81 is 0.00296712
The norm of iteration 3-82 is 0.00280671
The norm of iteration 3-83 is 0.00265496
The norm of iteration 3-84 is 0.00251143
The norm of iteration 3-85 is 0.00237565
The norm of iteration 3-86 is 0.00224721
The norm of iteration 3-87 is 0.00212571
The norm of iteration 3-88 is 0.00201079
The norm of iteration 3-89 is 0.00190208
The norm of iteration 3-90 is 0.00179924
The norm of iteration 3-91 is 0.00170197
The norm of iteration 3-92 is 0.00160995
The norm of iteration 3-93 is 0.00152291
The norm of iteration 3-94 is 0.00144057
The norm of iteration 3-95 is 0.00136269
The norm of iteration 3-96 is 0.00128902
The norm of iteration 3-97 is 0.00121933
The norm of iteration 3-98 is 0.0011534
The norm of iteration 3-99 is 0.00109105
The norm of iteration 3-100 is 0.00103206
The norm of iteration 3-101 is 0.000976262
The norm of iteration 3-102 is 0.000923481
The norm of iteration 3-103 is 0.000873553
The norm of iteration 3-104 is 0.000826325
The norm of iteration 3-105 is 0.00078165
The norm of iteration 3-106 is 0.00073939
The norm of iteration 3-107 is 0.000699416
The norm of iteration 3-108 is 0.000661602
The norm of iteration 3-109 is 0.000625833
The norm of iteration 3-110 is 0.000591998
The norm of iteration 3-111 is 0.000559992
The norm of iteration 3-112 is 0.000529716
The norm of iteration 3-113 is 0.000501077
The norm of iteration 3-114 is 0.000473987
The norm of iteration 3-115 is 0.000448361
The norm of iteration 3-116 is 0.00042412
The norm of iteration 3-117 is 0.00040119
The norm of iteration 3-118 is 0.0003795
The norm of iteration 3-119 is 0.000358983
The norm of iteration 3-120 is 0.000339575
The norm of iteration 3-121 is 0.000321216
The norm of iteration 3-122 is 0.000303849
The norm of iteration 3-123 is 0.000287422
The norm of iteration 3-124 is 0.000271883
The norm of iteration 3-125 is 0.000257183
The norm of iteration 3-126 is 0.000243279
The norm of iteration 3-127 is 0.000230126
The norm of iteration 3-128 is 0.000217684
The norm of iteration 3-129 is 0.000205915
The norm of iteration 3-130 is 0.000194783
The norm of iteration 3-131 is 0.000184252
The norm of iteration 3-132 is 0.00017429
The norm of iteration 3-133 is 0.000164867
The norm of iteration 3-134 is 0.000155954
The norm of iteration 3-135 is 0.000147522
The norm of iteration 3-136 is 0.000139547
The norm of iteration 3-137 is 0.000132002
The norm of iteration 3-138 is 0.000124866
The norm of iteration 3-139 is 0.000118115
The norm of iteration 3-140 is 0.000111729
The norm of iteration 3-141 is 0.000105688
The norm of iteration 3-142 is 9.99744e-05
The norm of iteration 3-143 is 9.45693e-05
The norm of iteration 3-144 is 8.94565e-05
The norm of iteration 3-145 is 8.46201e-05
The norm of iteration 3-146 is 8.00451e-05
The norm of iteration 3-147 is 7.57175e-05
The norm of iteration 3-148 is 7.16239e-05
The norm of iteration 3-149 is 6.77516e-05
The norm of iteration 3-150 is 6.40886e-05
The norm of iteration 3-151 is 6.06237e-05
The norm of iteration 3-152 is 5.73461e-05
The norm of iteration 3-153 is 5.42457e-05
The norm of iteration 3-154 is 5.1313e-05
The norm of iteration 3-155 is 4.85388e-05
The norm of iteration 3-156 is 4.59145e-05
The norm of iteration 3-157 is 4.34322e-05
The norm of iteration 3-158 is 4.1084e-05
The norm of iteration 3-159 is 3.88629e-05
The norm of iteration 3-160 is 3.67618e-05
The norm of iteration 3-161 is 3.47743e-05
The norm of iteration 3-162 is 3.28942e-05
The norm of iteration 3-163 is 3.11158e-05
The norm of iteration 3-164 is 2.94335e-05
The norm of iteration 3-165 is 2.78422e-05
The norm of iteration 3-166 is 2.63369e-05
The norm of iteration 3-167 is 2.49131e-05
The norm of iteration 3-168 is 2.35661e-05
The norm of iteration 3-169 is 2.2292e-05
The norm of iteration 3-170 is 2.10868e-05
The norm of iteration 3-171 is 1.99468e-05
The norm of iteration 3-172 is 1.88684e-05
The norm of iteration 3-173 is 1.78483e-05
The norm of iteration 3-174 is 1.68833e-05
The norm of iteration 3-175 is 1.59705e-05
The norm of iteration 3-176 is 1.51071e-05
The norm of iteration 3-177 is 1.42903e-05
The norm of iteration 3-178 is 1.35177e-05
The norm of iteration 3-179 is 1.27869e-05
The norm of iteration 3-180 is 1.20956e-05
The norm of iteration 3-181 is 1.14416e-05
The norm of iteration 3-182 is 1.08231e-05
The norm of iteration 3-183 is 1.02379e-05
The norm of iteration 3-184 is 9.6844e-06
The norm of iteration 3-185 is 9.16082e-06
The norm of iteration 3-186 is 8.66555e-06
The norm of iteration 3-187 is 8.19705e-06
The norm of iteration 3-188 is 7.75388e-06
The norm of iteration 3-189 is 7.33467e-06
The norm of iteration 3-190 is 6.93812e-06
The norm of iteration 3-191 is 6.56302e-06
The norm of iteration 3-192 is 6.20819e-06
The norm of iteration 3-193 is 5.87255e-06
The norm of iteration 3-194 is 5.55505e-06
The norm of iteration 3-195 is 5.25472e-06
The norm of iteration 3-196 is 4.97063e-06
The norm of iteration 3-197 is 4.70189e-06
The norm of iteration 3-198 is 4.44769e-06
The norm of iteration 3-199 is 4.20723e-06
The norm of iteration 3-200 is 3.97976e-06
The norm of iteration 3-201 is 3.7646e-06
The norm of iteration 3-202 is 3.56107e-06
The norm of iteration 3-203 is 3.36854e-06
The norm of iteration 3-204 is 3.18642e-06
The norm of iteration 3-205 is 3.01415e-06
The norm of iteration 3-206 is 2.85119e-06
The norm of iteration 3-207 is 2.69704e-06
The norm of iteration 3-208 is 2.55123e-06
The norm of iteration 3-209 is 2.4133e-06
The norm of iteration 3-210 is 2.28282e-06
The norm of iteration 3-211 is 2.1594e-06
The norm of iteration 3-212 is 2.04266e-06
The norm of iteration 3-213 is 1.93222e-06
The norm of iteration 3-214 is 1.82776e-06
The norm of iteration 3-215 is 1.72894e-06
The norm of iteration 3-216 is 1.63547e-06
The norm of iteration 3-217 is 1.54705e-06
The norm of iteration 3-218 is 1.46341e-06
The norm of iteration 3-219 is 1.38429e-06
The norm of iteration 3-220 is 1.30945e-06
The norm of iteration 3-221 is 1.23865e-06
The norm of iteration 3-222 is 1.17169e-06
The norm of iteration 3-223 is 1.10834e-06
The norm of iteration 3-224 is 1.04842e-06
The norm of iteration 3-225 is 9.91735e-07
The norm of iteration 4-0 is 0.980089
The norm of iteration 4-1 is 0.0634919
The norm of iteration 4-2 is 0.329399
The norm of iteration 4-3 is 0.0930458
The norm of iteration 4-4 is 0.17073
The norm of iteration 4-5 is 0.102972
The norm of iteration 4-6 is 0.121789
The norm of iteration 4-7 is 0.0986489
The norm of iteration 4-8 is 0.100438
The norm of iteration 4-9 is 0.0901635
The norm of iteration 4-10 is 0.0873465
The norm of iteration 4-11 is 0.0811865
The norm of iteration 4-12 is 0.077388
The norm of iteration 4-13 is 0.0727781
The norm of iteration 4-14 is 0.0690161
The norm of iteration 4-15 is 0.0651632
The norm of iteration 4-16 is 0.0616959
The norm of iteration 4-17 is 0.0583312
The norm of iteration 4-18 is 0.055201
The norm of iteration 4-19 is 0.0522155
The norm of iteration 4-20 is 0.0494068
The norm of iteration 4-21 is 0.0467428
The norm of iteration 4-22 is 0.0442271
The norm of iteration 4-23 is 0.041845
The norm of iteration 4-24 is 0.0395927
The norm of iteration 4-25 is 0.0374612
The norm of iteration 4-26 is 0.0354449
The norm of iteration 4-27 is 0.033537
The norm of iteration 4-28 is 0.0317319
The norm of iteration 4-29 is 0.030024
The norm of iteration 4-30 is 0.0284081
The norm of iteration 4-31 is 0.0268792
The norm of iteration 4-32 is 0.0254325
The norm of iteration 4-33 is 0.0240637
The norm of iteration 4-34 is 0.0227686
The norm of iteration 4-35 is 0.0215432
The norm of iteration 4-36 is 0.0203838
The norm of iteration 4-37 is 0.0192867
The norm of iteration 4-38 is 0.0182487
The norm of iteration 4-39 is 0.0172666
The norm of iteration 4-40 is 0.0163373
The norm of iteration 4-41 is 0.015458
The norm of iteration 4-42 is 0.0146261
The norm of iteration 4-43 is 0.0138389
The norm of iteration 4-44 is 0.0130941
The norm of iteration 4-45 is 0.0123894
The norm of iteration 4-46 is 0.0117226
The norm of iteration 4-47 is 0.0110917
The norm of iteration 4-48 is 0.0104947
The norm of iteration 4-49 is 0.00992991
The norm of iteration 4-50 is 0.00939549
The norm of iteration 4-51 is 0.00888983
The norm of iteration 4-52 is 0.00841138
The norm of iteration 4-53 is 0.00795868
The norm of iteration 4-54 is 0.00753035
The norm of iteration 4-55 is 0.00712507
The norm of iteration 4-56 is 0.0067416
The norm of iteration 4-57 is 0.00637877
The norm of iteration 4-58 is 0.00603547
The norm of iteration 4-59 is 0.00571064
The norm of iteration 4-60 is 0.0054033
The norm of iteration 4-61 is 0.00511249
The norm of iteration 4-62 is 0.00483734
The norm of iteration 4-63 is 0.004577
The norm of iteration 4-64 is 0.00433067
The norm of iteration 4-65 is 0.00409759
The norm of iteration 4-66 is 0.00387706
The norm of iteration 4-67 is 0.0036684
The norm of iteration 4-68 is 0.00347097
The norm of iteration 4-69 is 0.00328416
The norm of iteration 4-70 is 0.00310741
The norm of iteration 4-71 is 0.00294017
The norm of iteration 4-72 is 0.00278193
The norm of iteration 4-73 is 0.00263221
The norm of iteration 4-74 is 0.00249054
The norm of iteration 4-75 is 0.0023565
The norm of iteration 4-76 is 0.00222968
The norm of iteration 4-77 is 0.00210968
The norm of iteration 4-78 is 0.00199614
The norm of iteration 4-79 is 0.0018887
The norm of iteration 4-80 is 0.00178706
The norm of iteration 4-81 is 0.00169088
The norm of iteration 4-82 is 0.00159987
The norm of iteration 4-83 is 0.00151377
The norm of iteration 4-84 is 0.0014323
The norm of iteration 4-85 is 0.00135521
The norm of iteration 4-86 is 0.00128228
The norm of iteration 4-87 is 0.00121326
The norm of iteration 4-88 is 0.00114797
The norm of iteration 4-89 is 0.00108618
The norm of iteration 4-90 is 0.00102773
The norm of iteration 4-91 is 0.000972415
The norm of iteration 4-92 is 0.00092008
The norm of iteration 4-93 is 0.000870561
The norm of iteration 4-94 is 0.000823708
The norm of iteration 4-95 is 0.000779376
The norm of iteration 4-96 is 0.000737431
The norm of iteration 4-97 is 0.000697742
The norm of iteration 4-98 is 0.00066019
The norm of iteration 4-99 is 0.000624659
The norm of iteration 4-100 is 0.00059104
The norm of iteration 4-101 is 0.000559231
The norm of iteration 4-102 is 0.000529133
The norm of iteration 4-103 is 0.000500655
The norm of iteration 4-104 is 0.00047371
The norm of iteration 4-105 is 0.000448215
The norm of iteration 4-106 is 0.000424093
The norm of iteration 4-107 is 0.000401268
The norm of iteration 4-108 is 0.000379672
The norm of iteration 4-109 is 0.000359238
The norm of iteration 4-110 is 0.000339904
The norm of iteration 4-111 is 0.000321611
The norm of iteration 4-112 is 0.000304302
The norm of iteration 4-113 is 0.000287924
The norm of iteration 4-114 is 0.000272428
The norm of iteration 4-115 is 0.000257766
The norm of iteration 4-116 is 0.000243894
The norm of iteration 4-117 is 0.000230767
The norm of iteration 4-118 is 0.000218347
The norm of iteration 4-119 is 0.000206596
The norm of iteration 4-120 is 0.000195477
The norm of iteration 4-121 is 0.000184957
The norm of iteration 4-122 is 0.000175002
The norm of iteration 4-123 is 0.000165584
The norm of iteration 4-124 is 0.000156672
The norm of iteration 4-125 is 0.00014824
The norm of iteration 4-126 is 0.000140262
The norm of iteration 4-127 is 0.000132713
The norm of iteration 4-128 is 0.000125571
The norm of iteration 4-129 is 0.000118812
The norm of iteration 4-130 is 0.000112418
The norm of iteration 4-131 is 0.000106368
The norm of iteration 4-132 is 0.000100643
The norm of iteration 4-133 is 9.52264e-05
The norm of iteration 4-134 is 9.01014e-05
The norm of iteration 4-135 is 8.52522e-05
The norm of iteration 4-136 is 8.06639e-05
The norm of iteration 4-137 is 7.63226e-05
The norm of iteration 4-138 is 7.2215e-05
The norm of iteration 4-139 is 6.83284e-05
The norm of iteration 4-140 is 6.4651e-05
The norm of iteration 4-141 is 6.11715e-05
The norm of iteration 4-142 is 5.78793e-05
The norm of iteration 4-143 is 5.47642e-05
The norm of iteration 4-144 is 5.18168e-05
The norm of iteration 4-145 is 4.90281e-05
The norm of iteration 4-146 is 4.63894e-05
The norm of iteration 4-147 is 4.38928e-05
The norm of iteration 4-148 is 4.15305e-05
The norm of iteration 4-149 is 3.92953e-05
The norm of iteration 4-150 is 3.71805e-05
The norm of iteration 4-151 is 3.51794e-05
The norm of iteration 4-152 is 3.32861e-05
The norm of iteration 4-153 is 3.14946e-05
The norm of iteration 4-154 is 2.97996e-05
The norm of iteration 4-155 is 2.81958e-05
The norm of iteration 4-156 is 2.66783e-05
The norm of iteration 4-157 is 2.52425e-05
The norm of iteration 4-158 is 2.3884e-05
The norm of iteration 4-159 is 2.25985e-05
The norm of iteration 4-160 is 2.13823e-05
The norm of iteration 4-161 is 2.02315e-05
The norm of iteration 4-162 is 1.91427e-05
The norm of iteration 4-163 is 1.81124e-05
The norm of iteration 4-164 is 1.71376e-05
The norm of iteration 4-165 is 1.62153e-05
The norm of iteration 4-166 is 1.53426e-05
The norm of iteration 4-167 is 1.45168e-05
The norm of iteration 4-168 is 1.37355e-05
The norm of iteration 4-169 is 1.29963e-05
The norm of iteration 4-170 is 1.22968e-05
The norm of iteration 4-171 is 1.1635e-05
The norm of iteration 4-172 is 1.10088e-05
The norm of iteration 4-173 is 1.04164e-05
The norm of iteration 4-174 is 9.85575e-06
The norm of iteration 4-175 is 9.32532e-06
The norm of iteration 4-176 is 8.82343e-06
The norm of iteration 4-177 is 8.34856e-06
The norm of iteration 4-178 is 7.89924e-06
The norm of iteration 4-179 is 7.47411e-06
The norm of iteration 4-180 is 7.07185e-06
The norm of iteration 4-181 is 6.69125e-06
The norm of iteration 4-182 is 6.33113e-06
The norm of iteration 4-183 is 5.99039e-06
The norm of iteration 4-184 is 5.66799e-06
The norm of iteration 4-185 is 5.36294e-06
The norm of iteration 4-186 is 5.07431e-06
The norm of iteration 4-187 is 4.80121e-06
The norm of iteration 4-188 is 4.54281e-06
The norm of iteration 4-189 is 4.29832e-06
The norm of iteration 4-190 is 4.06699e-06
The norm of iteration 4-191 is 3.8481e-06
The norm of iteration 4-192 is 3.641e-06
The norm of iteration 4-193 is 3.44504e-06
The norm of iteration 4-194 is 3.25963e-06
The norm of iteration 4-195 is 3.0842e-06
The norm of iteration 4-196 is 2.91821e-06
The norm of iteration 4-197 is 2.76115e-06
The norm of iteration 4-198 is 2.61255e-06
The norm of iteration 4-199 is 2.47194e-06
The norm of iteration 4-200 is 2.3389e-06
The norm of iteration 4-201 is 2.21303e-06
The norm of iteration 4-202 is 2.09392e-06
The norm of iteration 4-203 is 1.98123e-06
The norm of iteration 4-204 is 1.8746e-06
The norm of iteration 4-205 is 1.77371e-06
The norm of iteration 4-206 is 1.67825e-06
The norm of iteration 4-207 is 1.58793e-06
The norm of iteration 4-208 is 1.50246e-06
The norm of iteration 4-209 is 1.4216e-06
The norm of iteration 4-210 is 1.34509e-06
The norm of iteration 4-211 is 1.2727e-06
The norm of iteration 4-212 is 1.2042e-06
The norm of iteration 4-213 is 1.13939e-06
The norm of iteration 4-214 is 1.07807e-06
The norm of iteration 4-215 is 1.02005e-06
The norm of iteration 4-216 is 9.65152e-07
The norm of iteration 5-0 is 0.284428
The norm of iteration 5-1 is 0.0671462
The norm of iteration 5-2 is 0.0603222
The norm of iteration 5-3 is 0.0441661
The norm of iteration 5-4 is 0.025224
The norm of iteration 5-5 is 0.0313819
The norm of iteration 5-6 is 0.0228654
The norm of iteration 5-7 is 0.0248327
The norm of iteration 5-8 is 0.0211976
The norm of iteration 5-9 is 0.0210028
The norm of iteration 5-10 is 0.0191224
The norm of iteration 5-11 is 0.0183425
The norm of iteration 5-12 is 0.0171085
The norm of iteration 5-13 is 0.0162456
The norm of iteration 5-14 is 0.0152881
The norm of iteration 5-15 is 0.0144753
The norm of iteration 5-16 is 0.0136672
The norm of iteration 5-17 is 0.0129316
The norm of iteration 5-18 is 0.0122251
The norm of iteration 5-19 is 0.0115657
The norm of iteration 5-20 is 0.0109393
The norm of iteration 5-21 is 0.0103496
The norm of iteration 5-22 is 0.00979106
The norm of iteration 5-23 is 0.00926358
The norm of iteration 5-24 is 0.00876442
The norm of iteration 5-25 is 0.00829247
The norm of iteration 5-26 is 0.00784593
The norm of iteration 5-27 is 0.00742356
The norm of iteration 5-28 is 0.00702394
The norm of iteration 5-29 is 0.00664587
The norm of iteration 5-30 is 0.00628817
The norm of iteration 5-31 is 0.00594973
The norm of iteration 5-32 is 0.00562952
The norm of iteration 5-33 is 0.00532654
The norm of iteration 5-34 is 0.00503988
The norm of iteration 5-35 is 0.00476864
The norm of iteration 5-36 is 0.004512
The norm of iteration 5-37 is 0.00426918
The norm of iteration 5-38 is 0.00403943
The norm of iteration 5-39 is 0.00382204
The norm of iteration 5-40 is 0.00361635
The norm of iteration 5-41 is 0.00342173
The norm of iteration 5-42 is 0.00323758
The norm of iteration 5-43 is 0.00306334
The norm of iteration 5-44 is 0.00289848
The norm of iteration 5-45 is 0.0027425
The norm of iteration 5-46 is 0.00259491
The norm of iteration 5-47 is 0.00245526
The norm of iteration 5-48 is 0.00232312
The norm of iteration 5-49 is 0.0021981
The norm of iteration 5-50 is 0.0020798
The norm of iteration 5-51 is 0.00196788
The norm of iteration 5-52 is 0.00186197
The norm of iteration 5-53 is 0.00176177
The norm of iteration 5-54 is 0.00166695
The norm of iteration 5-55 is 0.00157724
The norm of iteration 5-56 is 0.00149236
The norm of iteration 5-57 is 0.00141205
The norm of iteration 5-58 is 0.00133606
The norm of iteration 5-59 is 0.00126415
The norm of iteration 5-60 is 0.00119612
The norm of iteration 5-61 is 0.00113175
The norm of iteration 5-62 is 0.00107084
The norm of iteration 5-63 is 0.00101321
The norm of iteration 5-64 is 0.000958686
The norm of iteration 5-65 is 0.000907093
The norm of iteration 5-66 is 0.000858276
The norm of iteration 5-67 is 0.000812087
The norm of iteration 5-68 is 0.000768383
The norm of iteration 5-69 is 0.000727031
The norm of iteration 5-70 is 0.000687905
The norm of iteration 5-71 is 0.000650884
The norm of iteration 5-72 is 0.000615855
The norm of iteration 5-73 is 0.000582712
The norm of iteration 5-74 is 0.000551353
The norm of iteration 5-75 is 0.000521681
The norm of iteration 5-76 is 0.000493605
The norm of iteration 5-77 is 0.000467041
The norm of iteration 5-78 is 0.000441907
The norm of iteration 5-79 is 0.000418125
The norm of iteration 5-80 is 0.000395623
The norm of iteration 5-81 is 0.000374331
The norm of iteration 5-82 is 0.000354186
The norm of iteration 5-83 is 0.000335125
The norm of iteration 5-84 is 0.00031709
The norm of iteration 5-85 is 0.000300025
The norm of iteration 5-86 is 0.000283879
The norm of iteration 5-87 is 0.000268601
The norm of iteration 5-88 is 0.000254146
The norm of iteration 5-89 is 0.000240469
The norm of iteration 5-90 is 0.000227528
The norm of iteration 5-91 is 0.000215283
The norm of iteration 5-92 is 0.000203697
The norm of iteration 5-93 is 0.000192735
The norm of iteration 5-94 is 0.000182362
The norm of iteration 5-95 is 0.000172548
The norm of iteration 5-96 is 0.000163262
The norm of iteration 5-97 is 0.000154476
The norm of iteration 5-98 is 0.000146163
The norm of iteration 5-99 is 0.000138297
The norm of iteration 5-100 is 0.000130854
The norm of iteration 5-101 is 0.000123812
The norm of iteration 5-102 is 0.000117149
The norm of iteration 5-103 is 0.000110844
The norm of iteration 5-104 is 0.000104879
The norm of iteration 5-105 is 9.92346e-05
The norm of iteration 5-106 is 9.38941e-05
The norm of iteration 5-107 is 8.88411e-05
The norm of iteration 5-108 is 8.40599e-05
The norm of iteration 5-109 is 7.95361e-05
The norm of iteration 5-110 is 7.52557e-05
The norm of iteration 5-111 is 7.12057e-05
The norm of iteration 5-112 is 6.73737e-05
The norm of iteration 5-113 is 6.37478e-05
The norm of iteration 5-114 is 6.03171e-05
The norm of iteration 5-115 is 5.70711e-05
The norm of iteration 5-116 is 5.39997e-05
The norm of iteration 5-117 is 5.10936e-05
The norm of iteration 5-118 is 4.83439e-05
The norm of iteration 5-119 is 4.57422e-05
The norm of iteration 5-120 is 4.32805e-05
The norm of iteration 5-121 is 4.09513e-05
The norm of iteration 5-122 is 3.87474e-05
The norm of iteration 5-123 is 3.66622e-05
The norm of iteration 5-124 is 3.46891e-05
The norm of iteration 5-125 is 3.28223e-05
The norm of iteration 5-126 is 3.10559e-05
The norm of iteration 5-127 is 2.93846e-05
The norm of iteration 5-128 is 2.78032e-05
The norm of iteration 5-129 is 2.63069e-05
The norm of iteration 5-130 is 2.48912e-05
The norm of iteration 5-131 is 2.35516e-05
The norm of iteration 5-132 is 2.22841e-05
The norm of iteration 5-133 is 2.10849e-05
The norm of iteration 5-134 is 1.99502e-05
The norm of iteration 5-135 is 1.88765e-05
The norm of iteration 5-136 is 1.78606e-05
The norm of iteration 5-137 is 1.68994e-05
The norm of iteration 5-138 is 1.599e-05
The norm of iteration 5-139 is 1.51294e-05
The norm of iteration 5-140 is 1.43152e-05
The norm of iteration 5-141 is 1.35448e-05
The norm of iteration 5-142 is 1.28159e-05
The norm of iteration 5-143 is 1.21262e-05
The norm of iteration 5-144 is 1.14736e-05
The norm of iteration 5-145 is 1.08561e-05
The norm of iteration 5-146 is 1.02719e-05
The norm of iteration 5-147 is 9.71908e-06
The norm of iteration 5-148 is 9.19603e-06
The norm of iteration 5-149 is 8.70113e-06
The norm of iteration 5-150 is 8.23286e-06
The norm of iteration 5-151 is 7.7898e-06
The norm of iteration 5-152 is 7.37058e-06
The norm of iteration 5-153 is 6.97392e-06
The norm of iteration 5-154 is 6.5986e-06
The norm of iteration 5-155 is 6.24349e-06
The norm of iteration 5-156 is 5.90748e-06
The norm of iteration 5-157 is 5.58956e-06
The norm of iteration 5-158 is 5.28875e-06
The norm of iteration 5-159 is 5.00413e-06
The norm of iteration 5-160 is 4.73482e-06
The norm of iteration 5-161 is 4.48001e-06
The norm of iteration 5-162 is 4.23891e-06
The norm of iteration 5-163 is 4.01079e-06
The norm of iteration 5-164 is 3.79494e-06
The norm of iteration 5-165 is 3.59071e-06
The norm of iteration 5-166 is 3.39747e-06
The norm of iteration 5-167 is 3.21463e-06
The norm of iteration 5-168 is 3.04163e-06
The norm of iteration 5-169 is 2.87794e-06
The norm of iteration 5-170 is 2.72306e-06
The norm of iteration 5-171 is 2.57651e-06
The norm of iteration 5-172 is 2.43785e-06
The norm of iteration 5-173 is 2.30665e-06
The norm of iteration 5-174 is 2.18252e-06
The norm of iteration 5-175 is 2.06506e-06
The norm of iteration 5-176 is 1.95393e-06
The norm of iteration 5-177 is 1.84877e-06
The norm of iteration 5-178 is 1.74928e-06
The norm of iteration 5-179 is 1.65514e-06
The norm of iteration 5-180 is 1.56606e-06
The norm of iteration 5-181 is 1.48178e-06
The norm of iteration 5-182 is 1.40204e-06
The norm of iteration 5-183 is 1.32659e-06
The norm of iteration 5-184 is 1.25519e-06
The norm of iteration 5-185 is 1.18764e-06
The norm of iteration 5-186 is 1.12373e-06
The norm of iteration 5-187 is 1.06325e-06
The norm of iteration 5-188 is 1.00603e-06
The norm of iteration 5-189 is 9.5189e-07
The norm of iteration 6-0 is 0.584854
The norm of iteration 6-1 is 0.112483
The norm of iteration 6-2 is 0.275146
The norm of iteration 6-3 is 0.146247
The norm of iteration 6-4 is 0.187721
The norm of iteration 6-5 is 0.146359
The norm of iteration 6-6 is 0.152992
The norm of iteration 6-7 is 0.135856
The norm of iteration 6-8 is 0.132803
The norm of iteration 6-9 is 0.123074
The norm of iteration 6-10 is 0.117694
The norm of iteration 6-11 is 0.110604
The norm of iteration 6-12 is 0.105012
The norm of iteration 6-13 is 0.0991371
The norm of iteration 6-14 is 0.093905
The norm of iteration 6-15 is 0.0887841
The norm of iteration 6-16 is 0.0840345
The norm of iteration 6-17 is 0.079491
The norm of iteration 6-18 is 0.0752201
The norm of iteration 6-19 is 0.0711648
The norm of iteration 6-20 is 0.067336
The norm of iteration 6-21 is 0.0637092
The norm of iteration 6-22 is 0.06028
The norm of iteration 6-23 is 0.0570344
The norm of iteration 6-24 is 0.0539641
The norm of iteration 6-25 is 0.0510588
The norm of iteration 6-26 is 0.04831
The norm of iteration 6-27 is 0.0457092
The norm of iteration 6-28 is 0.0432485
The norm of iteration 6-29 is 0.0409202
The norm of iteration 6-30 is 0.0387172
The norm of iteration 6-31 is 0.0366329
The norm of iteration 6-32 is 0.0346608
The norm of iteration 6-33 is 0.0327948
The norm of iteration 6-34 is 0.0310293
The norm of iteration 6-35 is 0.0293589
The norm of iteration 6-36 is 0.0277783
The norm of iteration 6-37 is 0.0262829
The norm of iteration 6-38 is 0.0248679
The norm of iteration 6-39 is 0.0235292
The norm of iteration 6-40 is 0.0222625
The norm of iteration 6-41 is 0.021064
The norm of iteration 6-42 is 0.01993
The norm of iteration 6-43 is 0.0188571
The norm of iteration 6-44 is 0.0178419
The norm of iteration 6-45 is 0.0168814
The norm of iteration 6-46 is 0.0159726
The norm of iteration 6-47 is 0.0151127
The norm of iteration 6-48 is 0.0142991
The norm of iteration 6-49 is 0.0135293
The norm of iteration 6-50 is 0.012801
The norm of iteration 6-51 is 0.0121118
The norm of iteration 6-52 is 0.0114598
The norm of iteration 6-53 is 0.0108429
The norm of iteration 6-54 is 0.0102591
The norm of iteration 6-55 is 0.00970685
The norm of iteration 6-56 is 0.00918428
The norm of iteration 6-57 is 0.00868985
The norm of iteration 6-58 is 0.00822203
The norm of iteration 6-59 is 0.0077794
The norm of iteration 6-60 is 0.0073606
The norm of iteration 6-61 is 0.00696434
The norm of iteration 6-62 is 0.00658942
The norm of iteration 6-63 is 0.00623468
The norm of iteration 6-64 is 0.00589903
The norm of iteration 6-65 is 0.00558146
The norm of iteration 6-66 is 0.00528098
The norm of iteration 6-67 is 0.00499668
The norm of iteration 6-68 is 0.00472769
The norm of iteration 6-69 is 0.00447317
The norm of iteration 6-70 is 0.00423236
The norm of iteration 6-71 is 0.00400451
The norm of iteration 6-72 is 0.00378893
The norm of iteration 6-73 is 0.00358495
The norm of iteration 6-74 is 0.00339196
The norm of iteration 6-75 is 0.00320935
The norm of iteration 6-76 is 0.00303658
The norm of iteration 6-77 is 0.0028731
The norm of iteration 6-78 is 0.00271843
The norm of iteration 6-79 is 0.00257209
The norm of iteration 6-80 is 0.00243362
The norm of iteration 6-81 is 0.0023026
The norm of iteration 6-82 is 0.00217864
The norm of iteration 6-83 is 0.00206136
The norm of iteration 6-84 is 0.00195038
The norm of iteration 6-85 is 0.00184539
The norm of iteration 6-86 is 0.00174604
The norm of iteration 6-87 is 0.00165204
The norm of iteration 6-88 is 0.0015631
The norm of iteration 6-89 is 0.00147896
The norm of iteration 6-90 is 0.00139934
The norm of iteration 6-91 is 0.001324
The norm of iteration 6-92 is 0.00125273
The norm of iteration 6-93 is 0.00118529
The norm of iteration 6-94 is 0.00112148
The norm of iteration 6-95 is 0.0010611
The norm of iteration 6-96 is 0.00100398
The norm of iteration 6-97 is 0.000949928
The norm of iteration 6-98 is 0.000898789
The norm of iteration 6-99 is 0.000850403
The norm of iteration 6-100 is 0.000804621
The norm of iteration 6-101 is 0.000761305
The norm of iteration 6-102 is 0.00072032
The norm of iteration 6-103 is 0.000681542
The norm of iteration 6-104 is 0.000644851
The norm of iteration 6-105 is 0.000610136
The norm of iteration 6-106 is 0.000577289
The norm of iteration 6-107 is 0.000546211
The norm of iteration 6-108 is 0.000516806
The norm of iteration 6-109 is 0.000488984
The norm of iteration 6-110 is 0.000462659
The norm of iteration 6-111 is 0.000437752
The norm of iteration 6-112 is 0.000414186
The norm of iteration 6-113 is 0.000391888
The norm of iteration 6-114 is 0.000370791
The norm of iteration 6-115 is 0.000350829
The norm of iteration 6-116 is 0.000331943
The norm of iteration 6-117 is 0.000314073
The norm of iteration 6-118 is 0.000297165
The norm of iteration 6-119 is 0.000281167
The norm of iteration 6-120 is 0.00026603
The norm of iteration 6-121 is 0.000251708
The norm of iteration 6-122 is 0.000238158
The norm of iteration 6-123 is 0.000225337
The norm of iteration 6-124 is 0.000213206
The norm of iteration 6-125 is 0.000201728
The norm of iteration 6-126 is 0.000190868
The norm of iteration 6-127 is 0.000180592
The norm of iteration 6-128 is 0.00017087
The norm of iteration 6-129 is 0.000161672
The norm of iteration 6-130 is 0.000152968
The norm of iteration 6-131 is 0.000144733
The norm of iteration 6-132 is 0.000136941
The norm of iteration 6-133 is 0.000129569
The norm of iteration 6-134 is 0.000122594
The norm of iteration 6-135 is 0.000115994
The norm of iteration 6-136 is 0.000109749
The norm of iteration 6-137 is 0.000103841
The norm of iteration 6-138 is 9.82508e-05
The norm of iteration 6-139 is 9.29615e-05
The norm of iteration 6-140 is 8.79569e-05
The norm of iteration 6-141 is 8.32218e-05
The norm of iteration 6-142 is 7.87416e-05
The norm of iteration 6-143 is 7.45025e-05
The norm of iteration 6-144 is 7.04917e-05
The norm of iteration 6-145 is 6.66968e-05
The norm of iteration 6-146 is 6.31062e-05
The norm of iteration 6-147 is 5.97089e-05
The norm of iteration 6-148 is 5.64945e-05
The norm of iteration 6-149 is 5.34531e-05
The norm of iteration 6-150 is 5.05755e-05
The norm of iteration 6-151 is 4.78527e-05
The norm of iteration 6-152 is 4.52766e-05
The norm of iteration 6-153 is 4.28391e-05
The norm of iteration 6-154 is 4.05329e-05
The norm of iteration 6-155 is 3.83508e-05
The norm of iteration 6-156 is 3.62862e-05
The norm of iteration 6-157 is 3.43327e-05
The norm of iteration 6-158 is 3.24844e-05
The norm of iteration 6-159 is 3.07357e-05
The norm of iteration 6-160 is 2.9081e-05
The norm of iteration 6-161 is 2.75154e-05
The norm of iteration 6-162 is 2.60341e-05
The norm of iteration 6-163 is 2.46326e-05
The norm of iteration 6-164 is 2.33065e-05
The norm of iteration 6-165 is 2.20518e-05
The norm of iteration 6-166 is 2.08647e-05
The norm of iteration 6-167 is 1.97414e-05
The norm of iteration 6-168 is 1.86786e-05
The norm of iteration 6-169 is 1.76731e-05
The norm of iteration 6-170 is 1.67216e-05
The norm of iteration 6-171 is 1.58214e-05
The norm of iteration 6-172 is 1.49697e-05
The norm of iteration 6-173 is 1.41638e-05
The norm of iteration 6-174 is 1.34013e-05
The norm of iteration 6-175 is 1.26798e-05
The norm of iteration 6-176 is 1.19972e-05
The norm of iteration 6-177 is 1.13514e-05
The norm of iteration 6-178 is 1.07403e-05
The norm of iteration 6-179 is 1.01621e-05
The norm of iteration 6-180 is 9.61499e-06
The norm of iteration 6-181 is 9.09737e-06
The norm of iteration 6-182 is 8.60761e-06
The norm of iteration 6-183 is 8.14422e-06
The norm of iteration 6-184 is 7.70578e-06
The norm of iteration 6-185 is 7.29094e-06
The norm of iteration 6-186 is 6.89843e-06
The norm of iteration 6-187 is 6.52706e-06
The norm of iteration 6-188 is 6.17567e-06
The norm of iteration 6-189 is 5.84321e-06
The norm of iteration 6-190 is 5.52864e-06
The norm of iteration 6-191 is 5.23101e-06
The norm of iteration 6-192 is 4.9494e-06
The norm of iteration 6-193 is 4.68295e-06
The norm of iteration 6-194 is 4.43084e-06
The norm of iteration 6-195 is 4.19231e-06
The norm of iteration 6-196 is 3.96662e-06
The norm of iteration 6-197 is 3.75307e-06
The norm of iteration 6-198 is 3.55103e-06
The norm of iteration 6-199 is 3.35986e-06
The norm of iteration 6-200 is 3.17898e-06
The norm of iteration 6-201 is 3.00784e-06
The norm of iteration 6-202 is 2.84591e-06
The norm of iteration 6-203 is 2.69271e-06
The norm of iteration 6-204 is 2.54774e-06
The norm of iteration 6-205 is 2.41059e-06
The norm of iteration 6-206 is 2.28081e-06
The norm of iteration 6-207 is 2.15803e-06
The norm of iteration 6-208 is 2.04185e-06
The norm of iteration 6-209 is 1.93193e-06
The norm of iteration 6-210 is 1.82792e-06
The norm of iteration 6-211 is 1.72952e-06
The norm of iteration 6-212 is 1.63641e-06
The norm of iteration 6-213 is 1.54831e-06
The norm of iteration 6-214 is 1.46496e-06
The norm of iteration 6-215 is 1.38609e-06
The norm of iteration 6-216 is 1.31147e-06
The norm of iteration 6-217 is 1.24087e-06
The norm of iteration 6-218 is 1.17407e-06
The norm of iteration 6-219 is 1.11086e-06
The norm of iteration 6-220 is 1.05106e-06
The norm of iteration 6-221 is 9.94476e-07
The norm of iteration 7-0 is 1.17714
The norm of iteration 7-1 is 0.131695
The norm of iteration 7-2 is 0.474491
The norm of iteration 7-3 is 0.200635
The norm of iteration 7-4 is 0.291565
The norm of iteration 7-5 is 0.208942
The norm of iteration 7-6 is 0.227358
The norm of iteration 7-7 is 0.196134
The norm of iteration 7-8 is 0.194162
The norm of iteration 7-9 is 0.178142
The norm of iteration 7-10 is 0.170975
The norm of iteration 7-11 is 0.160077
The norm of iteration 7-12 is 0.152096
The norm of iteration 7-13 is 0.143353
The norm of iteration 7-14 is 0.135762
The norm of iteration 7-15 is 0.12824
The norm of iteration 7-16 is 0.121322
The norm of iteration 7-17 is 0.114684
The norm of iteration 7-18 is 0.108462
The norm of iteration 7-19 is 0.102553
The norm of iteration 7-20 is 0.0969796
The norm of iteration 7-21 is 0.0917035
The norm of iteration 7-22 is 0.0867172
The norm of iteration 7-23 is 0.0820016
The norm of iteration 7-24 is 0.0775423
The norm of iteration 7-25 is 0.0733264
The norm of iteration 7-26 is 0.0693388
The norm of iteration 7-27 is 0.0655691
The norm of iteration 7-28 is 0.0620034
The norm of iteration 7-29 is 0.0586325
The norm of iteration 7-30 is 0.0554441
The norm of iteration 7-31 is 0.0524298
The norm of iteration 7-32 is 0.0495787
The norm of iteration 7-33 is 0.0468833
The norm of iteration 7-34 is 0.0443338
The norm of iteration 7-35 is 0.0419235
The norm of iteration 7-36 is 0.0396438
The norm of iteration 7-37 is 0.0374885
The norm of iteration 7-38 is 0.03545
The norm of iteration 7-39 is 0.0335226
The norm of iteration 7-40 is 0.0316998
The norm of iteration 7-41 is 0.0299763
The norm of iteration 7-42 is 0.0283463
The norm of iteration 7-43 is 0.0268051
The norm of iteration 7-44 is 0.0253476
The norm of iteration 7-45 is 0.0239695
The norm of iteration 7-46 is 0.0226661
The norm of iteration 7-47 is 0.0214338
The norm of iteration 7-48 is 0.0202683
The norm of iteration 7-49 is 0.0191663
The norm of iteration 7-50 is 0.0181242
The norm of iteration 7-51 is 0.0171387
The norm of iteration 7-52 is 0.0162068
The norm of iteration 7-53 is 0.0153257
The norm of iteration 7-54 is 0.0144923
The norm of iteration 7-55 is 0.0137044
The norm of iteration 7-56 is 0.0129592
The norm of iteration 7-57 is 0.0122546
The norm of iteration 7-58 is 0.0115883
The norm of iteration 7-59 is 0.0109582
The norm of iteration 7-60 is 0.0103624
The norm of iteration 7-61 is 0.00979896
The norm of iteration 7-62 is 0.00926616
The norm of iteration 7-63 is 0.00876235
The norm of iteration 7-64 is 0.00828591
The norm of iteration 7-65 is 0.00783539
The norm of iteration 7-66 is 0.00740935
The norm of iteration 7-67 is 0.0070065
The norm of iteration 7-68 is 0.00662553
The norm of iteration 7-69 is 0.00626529
The norm of iteration 7-70 is 0.00592463
The norm of iteration 7-71 is 0.00560249
The norm of iteration 7-72 is 0.00529787
The norm of iteration 7-73 is 0.00500981
The norm of iteration 7-74 is 0.00473742
The norm of iteration 7-75 is 0.00447983
The norm of iteration 7-76 is 0.00423625
The norm of iteration 7-77 is 0.00400592
The norm of iteration 7-78 is 0.00378811
The norm of iteration 7-79 is 0.00358214
The norm of iteration 7-80 is 0.00338737
The norm of iteration 7-81 is 0.00320319
The norm of iteration 7-82 is 0.00302902
The norm of iteration 7-83 is 0.00286433
The norm of iteration 7-84 is 0.00270859
The norm of iteration 7-85 is 0.00256132
The norm of iteration 7-86 is 0.00242205
The norm of iteration 7-87 is 0.00229036
The norm of iteration 7-88 is 0.00216583
The norm of iteration 7-89 is 0.00204807
The norm of iteration 7-90 is 0.00193671
The norm of iteration 7-91 is 0.0018314
The norm of iteration 7-92 is 0.00173183
The norm of iteration 7-93 is 0.00163766
The norm of iteration 7-94 is 0.00154862
The norm of iteration 7-95 is 0.00146442
The norm of iteration 7-96 is 0.00138479
The norm of iteration 7-97 is 0.0013095
The norm of iteration 7-98 is 0.0012383
The norm of iteration 7-99 is 0.00117097
The norm of iteration 7-100 is 0.0011073
The norm of iteration 7-101 is 0.00104709
The norm of iteration 7-102 is 0.000990161
The norm of iteration 7-103 is 0.000936323
The norm of iteration 7-104 is 0.000885413
The norm of iteration 7-105 is 0.000837271
The norm of iteration 7-106 is 0.000791747
The norm of iteration 7-107 is 0.000748698
The norm of iteration 7-108 is 0.000707989
The norm of iteration 7-109 is 0.000669494
The norm of iteration 7-110 is 0.000633092
The norm of iteration 7-111 is 0.000598669
The norm of iteration 7-112 is 0.000566118
The norm of iteration 7-113 is 0.000535337
The norm of iteration 7-114 is 0.000506229
The norm of iteration 7-115 is 0.000478705
The norm of iteration 7-116 is 0.000452676
The norm of iteration 7-117 is 0.000428063
The norm of iteration 7-118 is 0.000404788
The norm of iteration 7-119 is 0.000382779
The norm of iteration 7-120 is 0.000361966
The norm of iteration 7-121 is 0.000342285
The norm of iteration 7-122 is 0.000323675
The norm of iteration 7-123 is 0.000306076
The norm of iteration 7-124 is 0.000289433
The norm of iteration 7-125 is 0.000273696
The norm of iteration 7-126 is 0.000258815
The norm of iteration 7-127 is 0.000244742
The norm of iteration 7-128 is 0.000231435
The norm of iteration 7-129 is 0.000218851
The norm of iteration 7-130 is 0.000206952
The norm of iteration 7-131 is 0.0001957
The norm of iteration 7-132 is 0.000185059
The norm of iteration 7-133 is 0.000174997
The norm of iteration 7-134 is 0.000165482
The norm of iteration 7-135 is 0.000156484
The norm of iteration 7-136 is 0.000147976
The norm of iteration 7-137 is 0.00013993
The norm of iteration 7-138 is 0.000132322
The norm of iteration 7-139 is 0.000125127
The norm of iteration 7-140 is 0.000118324
The norm of iteration 7-141 is 0.00011189
The norm of iteration 7-142 is 0.000105806
The norm of iteration 7-143 is 0.000100053
The norm of iteration 7-144 is 9.46132e-05
The norm of iteration 7-145 is 8.94688e-05
The norm of iteration 7-146 is 8.46042e-05
The norm of iteration 7-147 is 8.00041e-05
The norm of iteration 7-148 is 7.56541e-05
The norm of iteration 7-149 is 7.15406e-05
The norm of iteration 7-150 is 6.76507e-05
The norm of iteration 7-151 is 6.39724e-05
The norm of iteration 7-152 is 6.04941e-05
The norm of iteration 7-153 is 5.72049e-05
The norm of iteration 7-154 is 5.40945e-05
The norm of iteration 7-155 is 5.11532e-05
The norm of iteration 7-156 is 4.83719e-05
The norm of iteration 7-157 is 4.57418e-05
The norm of iteration 7-158 is 4.32547e-05
The norm of iteration 7-159 is 4.09029e-05
The norm of iteration 7-160 is 3.86789e-05
The norm of iteration 7-161 is 3.65758e-05
The norm of iteration 7-162 is 3.45871e-05
The norm of iteration 7-163 is 3.27065e-05
The norm of iteration 7-164 is 3.09282e-05
The norm of iteration 7-165 is 2.92466e-05
The norm of iteration 7-166 is 2.76563e-05
The norm of iteration 7-167 is 2.61526e-05
The norm of iteration 7-168 is 2.47306e-05
The norm of iteration 7-169 is 2.3386e-05
The norm of iteration 7-170 is 2.21144e-05
The norm of iteration 7-171 is 2.0912e-05
The norm of iteration 7-172 is 1.9775e-05
The norm of iteration 7-173 is 1.86997e-05
The norm of iteration 7-174 is 1.7683e-05
The norm of iteration 7-175 is 1.67215e-05
The norm of iteration 7-176 is 1.58123e-05
The norm of iteration 7-177 is 1.49526e-05
The norm of iteration 7-178 is 1.41396e-05
The norm of iteration 7-179 is 1.33708e-05
The norm of iteration 7-180 is 1.26438e-05
The norm of iteration 7-181 is 1.19563e-05
The norm of iteration 7-182 is 1.13062e-05
The norm of iteration 7-183 is 1.06915e-05
The norm of iteration 7-184 is 1.01101e-05
The norm of iteration 7-185 is 9.56043e-06
The norm of iteration 7-186 is 9.04061e-06
The norm of iteration 7-187 is 8.54905e-06
The norm of iteration 7-188 is 8.08422e-06
The norm of iteration 7-189 is 7.64466e-06
The norm of iteration 7-190 is 7.229e-06
The norm of iteration 7-191 is 6.83594e-06
The norm of iteration 7-192 is 6.46426e-06
The norm of iteration 7-193 is 6.11278e-06
The norm of iteration 7-194 is 5.78041e-06
The norm of iteration 7-195 is 5.46612e-06
The norm of iteration 7-196 is 5.16891e-06
The norm of iteration 7-197 is 4.88787e-06
The norm of iteration 7-198 is 4.6221e-06
The norm of iteration 7-199 is 4.37079e-06
The norm of iteration 7-200 is 4.13314e-06
The norm of iteration 7-201 is 3.90841e-06
The norm of iteration 7-202 is 3.6959e-06
The norm of iteration 7-203 is 3.49494e-06
The norm of iteration 7-204 is 3.30491e-06
The norm of iteration 7-205 is 3.12522e-06
The norm of iteration 7-206 is 2.95529e-06
The norm of iteration 7-207 is 2.79461e-06
The norm of iteration 7-208 is 2.64266e-06
The norm of iteration 7-209 is 2.49897e-06
The norm of iteration 7-210 is 2.36309e-06
The norm of iteration 7-211 is 2.23461e-06
The norm of iteration 7-212 is 2.11311e-06
The norm of iteration 7-213 is 1.99821e-06
The norm of iteration 7-214 is 1.88956e-06
The norm of iteration 7-215 is 1.78682e-06
The norm of iteration 7-216 is 1.68967e-06
The norm of iteration 7-217 is 1.5978e-06
The norm of iteration 7-218 is 1.51092e-06
The norm of iteration 7-219 is 1.42877e-06
The norm of iteration 7-220 is 1.35108e-06
The norm of iteration 7-221 is 1.27762e-06
The norm of iteration 7-222 is 1.20816e-06
The norm of iteration 7-223 is 1.14247e-06
The norm of iteration 7-224 is 1.08035e-06
The norm of iteration 7-225 is 1.02161e-06
The norm of iteration 7-226 is 9.66058e-07
The norm of iteration 8-0 is 1.32643
The norm of iteration 8-1 is 0.111471
The norm of iteration 8-2 is 0.490505
The norm of iteration 8-3 is 0.179778
The norm of iteration 8-4 is 0.280811
The norm of iteration 8-5 is 0.19011
The norm of iteration 8-6 is 0.211366
The norm of iteration 8-7 is 0.17851
The norm of iteration 8-8 is 0.177569
The norm of iteration 8-9 is 0.161482
The norm of iteration 8-10 is 0.154912
The norm of iteration 8-11 is 0.144353
The norm of iteration 8-12 is 0.136869
The norm of iteration 8-13 is 0.128569
The norm of iteration 8-14 is 0.12145
The norm of iteration 8-15 is 0.114389
The norm of iteration 8-16 is 0.107929
The norm of iteration 8-17 is 0.101745
The norm of iteration 8-18 is 0.0959654
The norm of iteration 8-19 is 0.0904939
The norm of iteration 8-20 is 0.085345
The norm of iteration 8-21 is 0.0804872
The norm of iteration 8-22 is 0.0759059
The norm of iteration 8-23 is 0.0715879
The norm of iteration 8-24 is 0.0675129
The norm of iteration 8-25 is 0.0636731
The norm of iteration 8-26 is 0.0600488
The norm of iteration 8-27 is 0.0566336
The norm of iteration 8-28 is 0.0534102
The norm of iteration 8-29 is 0.0503726
The norm of iteration 8-30 is 0.0475057
The norm of iteration 8-31 is 0.0448038
The norm of iteration 8-32 is 0.0422539
The norm of iteration 8-33 is 0.0398507
The norm of iteration 8-34 is 0.0375828
The norm of iteration 8-35 is 0.0354452
The norm of iteration 8-36 is 0.0334281
The norm of iteration 8-37 is 0.0315267
The norm of iteration 8-38 is 0.0297326
The norm of iteration 8-39 is 0.0280414
The norm of iteration 8-40 is 0.0264457
The norm of iteration 8-41 is 0.0249414
The norm of iteration 8-42 is 0.0235222
The norm of iteration 8-43 is 0.0221842
The norm of iteration 8-44 is 0.0209218
The norm of iteration 8-45 is 0.0197317
The norm of iteration 8-46 is 0.018609
The norm of iteration 8-47 is 0.0175504
The norm of iteration 8-48 is 0.0165518
The norm of iteration 8-49 is 0.0156102
The norm of iteration 8-50 is 0.014722
The norm of iteration 8-51 is 0.0138845
The norm of iteration 8-52 is 0.0130945
The norm of iteration 8-53 is 0.0123496
The norm of iteration 8-54 is 0.0116469
The norm of iteration 8-55 is 0.0109843
The norm of iteration 8-56 is 0.0103594
The norm of iteration 8-57 is 0.00977002
The norm of iteration 8-58 is 0.00921414
The norm of iteration 8-59 is 0.00868995
The norm of iteration 8-60 is 0.00819553
The norm of iteration 8-61 is 0.00772928
The norm of iteration 8-62 is 0.00728952
The norm of iteration 8-63 is 0.00687482
The norm of iteration 8-64 is 0.00648367
The norm of iteration 8-65 is 0.00611481
The norm of iteration 8-66 is 0.00576691
The norm of iteration 8-67 is 0.00543882
The norm of iteration 8-68 is 0.00512938
The norm of iteration 8-69 is 0.00483757
The norm of iteration 8-70 is 0.00456233
The norm of iteration 8-71 is 0.00430278
The norm of iteration 8-72 is 0.00405797
The norm of iteration 8-73 is 0.00382711
The norm of iteration 8-74 is 0.00360937
The norm of iteration 8-75 is 0.00340402
The norm of iteration 8-76 is 0.00321035
The norm of iteration 8-77 is 0.00302771
The norm of iteration 8-78 is 0.00285545
The norm of iteration 8-79 is 0.002693
The norm of iteration 8-80 is 0.00253978
The norm of iteration 8-81 is 0.00239529
The norm of iteration 8-82 is 0.00225901
The norm of iteration 8-83 is 0.00213049
The norm of iteration 8-84 is 0.00200928
The norm of iteration 8-85 is 0.00189497
The norm of iteration 8-86 is 0.00178716
The norm of iteration 8-87 is 0.00168548
The norm of iteration 8-88 is 0.00158959
The norm of iteration 8-89 is 0.00149915
The norm of iteration 8-90 is 0.00141386
The norm of iteration 8-91 is 0.00133342
The norm of iteration 8-92 is 0.00125756
The norm of iteration 8-93 is 0.00118601
The norm of iteration 8-94 is 0.00111854
The norm of iteration 8-95 is 0.0010549
The norm of iteration 8-96 is 0.000994885
The norm of iteration 8-97 is 0.000938283
The norm of iteration 8-98 is 0.000884901
The norm of iteration 8-99 is 0.000834557
The norm of iteration 8-100 is 0.000787076
The norm of iteration 8-101 is 0.000742297
The norm of iteration 8-102 is 0.000700066
The norm of iteration 8-103 is 0.000660237
The norm of iteration 8-104 is 0.000622674
The norm of iteration 8-105 is 0.000587248
The norm of iteration 8-106 is 0.000553838
The norm of iteration 8-107 is 0.000522329
The norm of iteration 8-108 is 0.000492612
The norm of iteration 8-109 is 0.000464586
The norm of iteration 8-110 is 0.000438154
The norm of iteration 8-111 is 0.000413226
The norm of iteration 8-112 is 0.000389716
The norm of iteration 8-113 is 0.000367544
The norm of iteration 8-114 is 0.000346633
The norm of iteration 8-115 is 0.000326913
The norm of iteration 8-116 is 0.000308313
The norm of iteration 8-117 is 0.000290773
The norm of iteration 8-118 is 0.00027423
The norm of iteration 8-119 is 0.000258628
The norm of iteration 8-120 is 0.000243914
The norm of iteration 8-121 is 0.000230037
The norm of iteration 8-122 is 0.000216949
The norm of iteration 8-123 is 0.000204606
The norm of iteration 8-124 is 0.000192966
The norm of iteration 8-125 is 0.000181987
The norm of iteration 8-126 is 0.000171634
The norm of iteration 8-127 is 0.000161869
The norm of iteration 8-128 is 0.00015266
The norm of iteration 8-129 is 0.000143974
The norm of iteration 8-130 is 0.000135783
The norm of iteration 8-131 is 0.000128058
The norm of iteration 8-132 is 0.000120773
The norm of iteration 8-133 is 0.000113901
The norm of iteration 8-134 is 0.000107421
The norm of iteration 8-135 is 0.00010131
The norm of iteration 8-136 is 9.55459e-05
The norm of iteration 8-137 is 9.011e-05
The norm of iteration 8-138 is 8.49834e-05
The norm of iteration 8-139 is 8.01484e-05
The norm of iteration 8-140 is 7.55886e-05
The norm of iteration 8-141 is 7.12881e-05
The norm of iteration 8-142 is 6.72323e-05
The norm of iteration 8-143 is 6.34073e-05
The norm of iteration 8-144 is 5.97998e-05
The norm of iteration 8-145 is 5.63976e-05
The norm of iteration 8-146 is 5.3189e-05
The norm of iteration 8-147 is 5.01629e-05
The norm of iteration 8-148 is 4.7309e-05
The norm of iteration 8-149 is 4.46175e-05
The norm of iteration 8-150 is 4.2079e-05
The norm of iteration 8-151 is 3.9685e-05
The norm of iteration 8-152 is 3.74272e-05
The norm of iteration 8-153 is 3.52979e-05
The norm of iteration 8-154 is 3.32897e-05
The norm of iteration 8-155 is 3.13957e-05
The norm of iteration 8-156 is 2.96095e-05
The norm of iteration 8-157 is 2.7925e-05
The norm of iteration 8-158 is 2.63362e-05
The norm of iteration 8-159 is 2.48379e-05
The norm of iteration 8-160 is 2.34248e-05
The norm of iteration 8-161 is 2.20921e-05
The norm of iteration 8-162 is 2.08352e-05
The norm of iteration 8-163 is 1.96498e-05
The norm of iteration 8-164 is 1.85319e-05
The norm of iteration 8-165 is 1.74776e-05
The norm of iteration 8-166 is 1.64832e-05
The norm of iteration 8-167 is 1.55454e-05
The norm of iteration 8-168 is 1.4661e-05
The norm of iteration 8-169 is 1.38269e-05
The norm of iteration 8-170 is 1.30402e-05
The norm of iteration 8-171 is 1.22983e-05
The norm of iteration 8-172 is 1.15987e-05
The norm of iteration 8-173 is 1.09388e-05
The norm of iteration 8-174 is 1.03164e-05
The norm of iteration 8-175 is 9.7295e-06
The norm of iteration 8-176 is 9.17596e-06
The norm of iteration 8-177 is 8.65391e-06
The norm of iteration 8-178 is 8.16156e-06
The norm of iteration 8-179 is 7.69723e-06
The norm of iteration 8-180 is 7.25931e-06
The norm of iteration 8-181 is 6.84631e-06
The norm of iteration 8-182 is 6.4568e-06
The norm of iteration 8-183 is 6.08945e-06
The norm of iteration 8-184 is 5.74301e-06
The norm of iteration 8-185 is 5.41627e-06
The norm of iteration 8-186 is 5.10812e-06
The norm of iteration 8-187 is 4.81751e-06
The norm of iteration 8-188 is 4.54342e-06
The norm of iteration 8-189 is 4.28493e-06
The norm of iteration 8-190 is 4.04115e-06
The norm of iteration 8-191 is 3.81124e-06
The norm of iteration 8-192 is 3.59441e-06
The norm of iteration 8-193 is 3.38991e-06
The norm of iteration 8-194 is 3.19705e-06
The norm of iteration 8-195 is 3.01516e-06
The norm of iteration 8-196 is 2.84362e-06
The norm of iteration 8-197 is 2.68183e-06
The norm of iteration 8-198 is 2.52926e-06
The norm of iteration 8-199 is 2.38536e-06
The norm of iteration 8-200 is 2.24965e-06
The norm of iteration 8-201 is 2.12166e-06
The norm of iteration 8-202 is 2.00095e-06
The norm of iteration 8-203 is 1.88711e-06
The norm of iteration 8-204 is 1.77975e-06
The norm of iteration 8-205 is 1.67849e-06
The norm of iteration 8-206 is 1.583e-06
The norm of iteration 8-207 is 1.49294e-06
The norm of iteration 8-208 is 1.408e-06
The norm of iteration 8-209 is 1.3279e-06
The norm of iteration 8-210 is 1.25235e-06
The norm of iteration 8-211 is 1.1811e-06
The norm of iteration 8-212 is 1.1139e-06
The norm of iteration 8-213 is 1.05053e-06
The norm of iteration 8-214 is 9.90761e-07
The norm of iteration 9-0 is 0.965035
The norm of iteration 9-1 is 0.0646313
The norm of iteration 9-2 is 0.314859
The norm of iteration 9-3 is 0.0904059
The norm of iteration 9-4 is 0.159593
The norm of iteration 9-5 is 0.0968346
The norm of iteration 9-6 is 0.112132
The norm of iteration 9-7 is 0.0907433
The norm of iteration 9-8 is 0.0911657
The norm of iteration 9-9 is 0.081456
The norm of iteration 9-10 is 0.0781332
The norm of iteration 9-11 is 0.0721637
The norm of iteration 9-12 is 0.0682087
The norm of iteration 9-13 is 0.0636992
The norm of iteration 9-14 is 0.0599352
The norm of iteration 9-15 is 0.0561825
The norm of iteration 9-16 is 0.0527917
The norm of iteration 9-17 is 0.04955
The norm of iteration 9-18 is 0.0465424
The norm of iteration 9-19 is 0.0437043
The norm of iteration 9-20 is 0.041048
The norm of iteration 9-21 is 0.0385514
The norm of iteration 9-22 is 0.036208
The norm of iteration 9-23 is 0.0340079
The norm of iteration 9-24 is 0.0319409
The norm of iteration 9-25 is 0.0300008
The norm of iteration 9-26 is 0.0281775
The norm of iteration 9-27 is 0.0264662
The norm of iteration 9-28 is 0.024858
The norm of iteration 9-29 is 0.0233483
The norm of iteration 9-30 is 0.0219296
The norm of iteration 9-31 is 0.0205978
The norm of iteration 9-32 is 0.0193463
The norm of iteration 9-33 is 0.0181714
The norm of iteration 9-34 is 0.0170674
The norm of iteration 9-35 is 0.0160308
The norm of iteration 9-36 is 0.0150569
The norm of iteration 9-37 is 0.0141424
The norm of iteration 9-38 is 0.0132832
The norm of iteration 9-39 is 0.0124765
The norm of iteration 9-40 is 0.0117185
The norm of iteration 9-41 is 0.0110068
The norm of iteration 9-42 is 0.0103381
The norm of iteration 9-43 is 0.00971019
The norm of iteration 9-44 is 0.00912029
The norm of iteration 9-45 is 0.00856635
The norm of iteration 9-46 is 0.00804594
The norm of iteration 9-47 is 0.00755725
The norm of iteration 9-48 is 0.00709815
The norm of iteration 9-49 is 0.00666702
The norm of iteration 9-50 is 0.00626201
The norm of iteration 9-51 is 0.00588166
The norm of iteration 9-52 is 0.00552436
The norm of iteration 9-53 is 0.00518881
The norm of iteration 9-54 is 0.00487361
The norm of iteration 9-55 is 0.00457758
The norm of iteration 9-56 is 0.00429951
The norm of iteration 9-57 is 0.00403835
The norm of iteration 9-58 is 0.00379304
The norm of iteration 9-59 is 0.00356264
The norm of iteration 9-60 is 0.00334623
The norm of iteration 9-61 is 0.00314297
The norm of iteration 9-62 is 0.00295205
The norm of iteration 9-63 is 0.00277274
The norm of iteration 9-64 is 0.00260431
The norm of iteration 9-65 is 0.00244612
The norm of iteration 9-66 is 0.00229753
The norm of iteration 9-67 is 0.00215797
The norm of iteration 9-68 is 0.00202688
The norm of iteration 9-69 is 0.00190377
The norm of iteration 9-70 is 0.00178812
The norm of iteration 9-71 is 0.00167951
The norm of iteration 9-72 is 0.00157748
The norm of iteration 9-73 is 0.00148166
The norm of iteration 9-74 is 0.00139166
The norm of iteration 9-75 is 0.00130713
The norm of iteration 9-76 is 0.00122773
The norm of iteration 9-77 is 0.00115315
The norm of iteration 9-78 is 0.0010831
The norm of iteration 9-79 is 0.00101731
The norm of iteration 9-80 is 0.000955517
The norm of iteration 9-81 is 0.000897476
The norm of iteration 9-82 is 0.000842959
The norm of iteration 9-83 is 0.000791755
The norm of iteration 9-84 is 0.000743661
The norm of iteration 9-85 is 0.000698488
The norm of iteration 9-86 is 0.000656059
The norm of iteration 9-87 is 0.000616208
The norm of iteration 9-88 is 0.000578777
The norm of iteration 9-89 is 0.00054362
The norm of iteration 9-90 is 0.000510599
The norm of iteration 9-91 is 0.000479583
The norm of iteration 9-92 is 0.000450451
The norm of iteration 9-93 is 0.000423089
The norm of iteration 9-94 is 0.000397389
The norm of iteration 9-95 is 0.00037325
The norm of iteration 9-96 is 0.000350578
The norm of iteration 9-97 is 0.000329282
The norm of iteration 9-98 is 0.000309281
The norm of iteration 9-99 is 0.000290494
The norm of iteration 9-100 is 0.000272848
The norm of iteration 9-101 is 0.000256274
The norm of iteration 9-102 is 0.000240707
The norm of iteration 9-103 is 0.000226086
The norm of iteration 9-104 is 0.000212352
The norm of iteration 9-105 is 0.000199453
The norm of iteration 9-106 is 0.000187338
The norm of iteration 9-107 is 0.000175958
The norm of iteration 9-108 is 0.00016527
The norm of iteration 9-109 is 0.000155231
The norm of iteration 9-110 is 0.000145802
The norm of iteration 9-111 is 0.000136945
The norm of iteration 9-112 is 0.000128626
The norm of iteration 9-113 is 0.000120813
The norm of iteration 9-114 is 0.000113475
The norm of iteration 9-115 is 0.000106582
The norm of iteration 9-116 is 0.000100108
The norm of iteration 9-117 is 9.40267e-05
The norm of iteration 9-118 is 8.83151e-05
The norm of iteration 9-119 is 8.29505e-05
The norm of iteration 9-120 is 7.79118e-05
The norm of iteration 9-121 is 7.31792e-05
The norm of iteration 9-122 is 6.8734e-05
The norm of iteration 9-123 is 6.45588e-05
The norm of iteration 9-124 is 6.06373e-05
The norm of iteration 9-125 is 5.6954e-05
The norm of iteration 9-126 is 5.34944e-05
The norm of iteration 9-127 is 5.02449e-05
The norm of iteration 9-128 is 4.71929e-05
The norm of iteration 9-129 is 4.43262e-05
The norm of iteration 9-130 is 4.16337e-05
The norm of iteration 9-131 is 3.91047e-05
The norm of iteration 9-132 is 3.67293e-05
The norm of iteration 9-133 is 3.44982e-05
The norm of iteration 9-134 is 3.24027e-05
The norm of iteration 9-135 is 3.04344e-05
The norm of iteration 9-136 is 2.85857e-05
The norm of iteration 9-137 is 2.68493e-05
The norm of iteration 9-138 is 2.52184e-05
The norm of iteration 9-139 is 2.36865e-05
The norm of iteration 9-140 is 2.22477e-05
The norm of iteration 9-141 is 2.08963e-05
The norm of iteration 9-142 is 1.9627e-05
The norm of iteration 9-143 is 1.84348e-05
The norm of iteration 9-144 is 1.7315e-05
The norm of iteration 9-145 is 1.62632e-05
The norm of iteration 9-146 is 1.52753e-05
The norm of iteration 9-147 is 1.43474e-05
The norm of iteration 9-148 is 1.34759e-05
The norm of iteration 9-149 is 1.26574e-05
The norm of iteration 9-150 is 1.18885e-05
The norm of iteration 9-151 is 1.11663e-05
The norm of iteration 9-152 is 1.04881e-05
The norm of iteration 9-153 is 9.85098e-06
The norm of iteration 9-154 is 9.25259e-06
The norm of iteration 9-155 is 8.69056e-06
The norm of iteration 9-156 is 8.16266e-06
The norm of iteration 9-157 is 7.66683e-06
The norm of iteration 9-158 is 7.20112e-06
The norm of iteration 9-159 is 6.7637e-06
The norm of iteration 9-160 is 6.35284e-06
The norm of iteration 9-161 is 5.96695e-06
The norm of iteration 9-162 is 5.60449e-06
The norm of iteration 9-163 is 5.26406e-06
The norm of iteration 9-164 is 4.9443e-06
The norm of iteration 9-165 is 4.64396e-06
The norm of iteration 9-166 is 4.36187e-06
The norm of iteration 9-167 is 4.09692e-06
The norm of iteration 9-168 is 3.84805e-06
The norm of iteration 9-169 is 3.61431e-06
The norm of iteration 9-170 is 3.39476e-06
The norm of iteration 9-171 is 3.18855e-06
The norm of iteration 9-172 is 2.99487e-06
The norm of iteration 9-173 is 2.81295e-06
The norm of iteration 9-174 is 2.64208e-06
The norm of iteration 9-175 is 2.48159e-06
The norm of iteration 9-176 is 2.33085e-06
The norm of iteration 9-177 is 2.18926e-06
The norm of iteration 9-178 is 2.05628e-06
The norm of iteration 9-179 is 1.93137e-06
The norm of iteration 9-180 is 1.81406e-06
The norm of iteration 9-181 is 1.70386e-06
The norm of iteration 9-182 is 1.60036e-06
The norm of iteration 9-183 is 1.50315e-06
The norm of iteration 9-184 is 1.41185e-06
The norm of iteration 9-185 is 1.32608e-06
The norm of iteration 9-186 is 1.24553e-06
The norm of iteration 9-187 is 1.16988e-06
The norm of iteration 9-188 is 1.09881e-06
The norm of iteration 9-189 is 1.03207e-06
The norm of iteration 9-190 is 9.69375e-07
The norm of iteration 10-0 is 0.27527
The norm of iteration 10-1 is 0.0676409
The norm of iteration 10-2 is 0.0567989
The norm of iteration 10-3 is 0.0453412
The norm of iteration 10-4 is 0.0271102
The norm of iteration 10-5 is 0.0327592
The norm of iteration 10-6 is 0.0248722
The norm of iteration 10-7 is 0.0260487
The norm of iteration 10-8 is 0.0225422
The norm of iteration 10-9 is 0.0218929
The norm of iteration 10-10 is 0.0199338
The norm of iteration 10-11 is 0.0188777
The norm of iteration 10-12 is 0.0175108
The norm of iteration 10-13 is 0.0164589
The norm of iteration 10-14 is 0.0153708
The norm of iteration 10-15 is 0.0144186
The norm of iteration 10-16 is 0.0134993
The norm of iteration 10-17 is 0.0126578
The norm of iteration 10-18 is 0.0118624
The norm of iteration 10-19 is 0.0111228
The norm of iteration 10-20 is 0.010428
The norm of iteration 10-21 is 0.00977835
The norm of iteration 10-22 is 0.00916908
The norm of iteration 10-23 is 0.00859828
The norm of iteration 10-24 is 0.00806314
The norm of iteration 10-25 is 0.00756143
The norm of iteration 10-26 is 0.00709107
The norm of iteration 10-27 is 0.00664997
The norm of iteration 10-28 is 0.0062364
The norm of iteration 10-29 is 0.00584853
The norm of iteration 10-30 is 0.00548485
The norm of iteration 10-31 is 0.00514374
The norm of iteration 10-32 is 0.0048239
The norm of iteration 10-33 is 0.00452392
The norm of iteration 10-34 is 0.00424263
The norm of iteration 10-35 is 0.0039788
The norm of iteration 10-36 is 0.00373141
The norm of iteration 10-37 is 0.00349938
The norm of iteration 10-38 is 0.00328179
The norm of iteration 10-39 is 0.00307772
The norm of iteration 10-40 is 0.00288635
The norm of iteration 10-41 is 0.00270687
The norm of iteration 10-42 is 0.00253856
The norm of iteration 10-43 is 0.00238071
The norm of iteration 10-44 is 0.00223268
The norm of iteration 10-45 is 0.00209385
The norm of iteration 10-46 is 0.00196366
The norm of iteration 10-47 is 0.00184155
The norm of iteration 10-48 is 0.00172705
The norm of iteration 10-49 is 0.00161966
The norm of iteration 10-50 is 0.00151895
The norm of iteration 10-51 is 0.0014245
The norm of iteration 10-52 is 0.00133592
The norm of iteration 10-53 is 0.00125286
The norm of iteration 10-54 is 0.00117495
The norm of iteration 10-55 is 0.00110189
The norm of iteration 10-56 is 0.00103338
The norm of iteration 10-57 is 0.000969123
The norm of iteration 10-58 is 0.000908864
The norm of iteration 10-59 is 0.00085235
The norm of iteration 10-60 is 0.000799351
The norm of iteration 10-61 is 0.000749647
The norm of iteration 10-62 is 0.000703034
The norm of iteration 10-63 is 0.000659319
The norm of iteration 10-64 is 0.000618323
The norm of iteration 10-65 is 0.000579875
The norm of iteration 10-66 is 0.000543819
The norm of iteration 10-67 is 0.000510004
The norm of iteration 10-68 is 0.000478292
The norm of iteration 10-69 is 0.000448552
The norm of iteration 10-70 is 0.000420661
The norm of iteration 10-71 is 0.000394504
The norm of iteration 10-72 is 0.000369974
The norm of iteration 10-73 is 0.000346969
The norm of iteration 10-74 is 0.000325394
The norm of iteration 10-75 is 0.000305161
The norm of iteration 10-76 is 0.000286186
The norm of iteration 10-77 is 0.000268391
The norm of iteration 10-78 is 0.000251703
The norm of iteration 10-79 is 0.000236052
The norm of iteration 10-80 is 0.000221374
The norm of iteration 10-81 is 0.000207609
The norm of iteration 10-82 is 0.0001947
The norm of iteration 10-83 is 0.000182593
The norm of iteration 10-84 is 0.00017124
The norm of iteration 10-85 is 0.000160592
The norm of iteration 10-86 is 0.000150606
The norm of iteration 10-87 is 0.000141242
The norm of iteration 10-88 is 0.000132459
The norm of iteration 10-89 is 0.000124223
The norm of iteration 10-90 is 0.000116499
The norm of iteration 10-91 is 0.000109255
The norm of iteration 10-92 is 0.000102461
The norm of iteration 10-93 is 9.60902e-05
The norm of iteration 10-94 is 9.01153e-05
The norm of iteration 10-95 is 8.4512e-05
The norm of iteration 10-96 is 7.9257e-05
The norm of iteration 10-97 is 7.43288e-05
The norm of iteration 10-98 is 6.9707e-05
The norm of iteration 10-99 is 6.53726e-05
The norm of iteration 10-100 is 6.13078e-05
The norm of iteration 10-101 is 5.74956e-05
The norm of iteration 10-102 is 5.39205e-05
The norm of iteration 10-103 is 5.05678e-05
The norm of iteration 10-104 is 4.74235e-05
The norm of iteration 10-105 is 4.44747e-05
The norm of iteration 10-106 is 4.17092e-05
The norm of iteration 10-107 is 3.91157e-05
The norm of iteration 10-108 is 3.66835e-05
The norm of iteration 10-109 is 3.44025e-05
The norm of iteration 10-110 is 3.22634e-05
The norm of iteration 10-111 is 3.02572e-05
The norm of iteration 10-112 is 2.83758e-05
The norm of iteration 10-113 is 2.66114e-05
The norm of iteration 10-114 is 2.49567e-05
The norm of iteration 10-115 is 2.34049e-05
The norm of iteration 10-116 is 2.19496e-05
The norm of iteration 10-117 is 2.05848e-05
The norm of iteration 10-118 is 1.93048e-05
The norm of iteration 10-119 is 1.81044e-05
The norm of iteration 10-120 is 1.69787e-05
The norm of iteration 10-121 is 1.5923e-05
The norm of iteration 10-122 is 1.49329e-05
The norm of iteration 10-123 is 1.40043e-05
The norm of iteration 10-124 is 1.31336e-05
The norm of iteration 10-125 is 1.23169e-05
The norm of iteration 10-126 is 1.1551e-05
The norm of iteration 10-127 is 1.08328e-05
The norm of iteration 10-128 is 1.01592e-05
The norm of iteration 10-129 is 9.52751e-06
The norm of iteration 10-130 is 8.93509e-06
The norm of iteration 10-131 is 8.3795e-06
The norm of iteration 10-132 is 7.85847e-06
The norm of iteration 10-133 is 7.36983e-06
The norm of iteration 10-134 is 6.91157e-06
The norm of iteration 10-135 is 6.48181e-06
The norm of iteration 10-136 is 6.07877e-06
The norm of iteration 10-137 is 5.70079e-06
The norm of iteration 10-138 is 5.34631e-06
The norm of iteration 10-139 is 5.01388e-06
The norm of iteration 10-140 is 4.70212e-06
The norm of iteration 10-141 is 4.40974e-06
The norm of iteration 10-142 is 4.13554e-06
The norm of iteration 10-143 is 3.87839e-06
The norm of iteration 10-144 is 3.63723e-06
The norm of iteration 10-145 is 3.41107e-06
The norm of iteration 10-146 is 3.19897e-06
The norm of iteration 10-147 is 3.00006e-06
The norm of iteration 10-148 is 2.81351e-06
The norm of iteration 10-149 is 2.63857e-06
The norm of iteration 10-150 is 2.4745e-06
The norm of iteration 10-151 is 2.32064e-06
The norm of iteration 10-152 is 2.17634e-06
The norm of iteration 10-153 is 2.04102e-06
The norm of iteration 10-154 is 1.9141e-06
The norm of iteration 10-155 is 1.79509e-06
The norm of iteration 10-156 is 1.68347e-06
The norm of iteration 10-157 is 1.57879e-06
The norm of iteration 10-158 is 1.48062e-06
The norm of iteration 10-159 is 1.38855e-06
The norm of iteration 10-160 is 1.30221e-06
The norm of iteration 10-161 is 1.22124e-06
The norm of iteration 10-162 is 1.14531e-06
The norm of iteration 10-163 is 1.07409e-06
The norm of iteration 10-164 is 1.0073e-06
The norm of iteration 10-165 is 9.44669e-07
The total amount of iterations was 3065
