gridpoints_x: 16
gridpoints_y: 16
timesteps: 10
write_per_t: 1
radi_coef_beta: 0.1
freq_coef_gamma: 1
coef_alpha: 1
tolerance: 1e-06
The norm of iteration 1-0 is 0.766218
The norm of iteration 1-1 is 0.299377
The norm of iteration 1-2 is 0.455526
The norm of iteration 1-3 is 0.314753
The norm of iteration 1-4 is 0.347235
The norm of iteration 1-5 is 0.2948
The norm of iteration 1-6 is 0.292983
The norm of iteration 1-7 is 0.267061
The norm of iteration 1-8 is 0.25653
The norm of iteration 1-9 is 0.239541
The norm of iteration 1-10 is 0.227598
The norm of iteration 1-11 is 0.214272
The norm of iteration 1-12 is 0.202895
The norm of iteration 1-13 is 0.191552
The norm of iteration 1-14 is 0.181195
The norm of iteration 1-15 is 0.171233
The norm of iteration 1-16 is 0.161927
The norm of iteration 1-17 is 0.153078
The norm of iteration 1-18 is 0.144748
The norm of iteration 1-19 is 0.136856
The norm of iteration 1-20 is 0.129407
The norm of iteration 1-21 is 0.122357
The norm of iteration 1-22 is 0.115697
The norm of iteration 1-23 is 0.109397
The norm of iteration 1-24 is 0.103443
The norm of iteration 1-25 is 0.0978106
The norm of iteration 1-26 is 0.0924869
The norm of iteration 1-27 is 0.0874519
The norm of iteration 1-28 is 0.082692
The norm of iteration 1-29 is 0.0781904
The norm of iteration 1-30 is 0.0739347
The norm of iteration 1-31 is 0.0699099
The norm of iteration 1-32 is 0.0661048
The norm of iteration 1-33 is 0.0625063
The norm of iteration 1-34 is 0.0591042
The norm of iteration 1-35 is 0.0558868
The norm of iteration 1-36 is 0.052845
The norm of iteration 1-37 is 0.0499684
The norm of iteration 1-38 is 0.0472486
The norm of iteration 1-39 is 0.0446767
The norm of iteration 1-40 is 0.042245
The norm of iteration 1-41 is 0.0399454
The norm of iteration 1-42 is 0.0377712
The norm of iteration 1-43 is 0.0357151
The norm of iteration 1-44 is 0.0337712
The norm of iteration 1-45 is 0.0319329
The norm of iteration 1-46 is 0.0301948
The norm of iteration 1-47 is 0.0285511
The norm of iteration 1-48 is 0.0269971
The norm of iteration 1-49 is 0.0255276
The norm of iteration 1-50 is 0.0241381
The norm of iteration 1-51 is 0.0228242
The norm of iteration 1-52 is 0.0215818
The norm of iteration 1-53 is 0.0204071
The norm of iteration 1-54 is 0.0192963
The norm of iteration 1-55 is 0.0182459
The norm of iteration 1-56 is 0.0172528
The norm of iteration 1-57 is 0.0163137
The norm of iteration 1-58 is 0.0154257
The norm of iteration 1-59 is 0.014586
The norm of iteration 1-60 is 0.0137921
The norm of iteration 1-61 is 0.0130414
The norm of iteration 1-62 is 0.0123315
The norm of iteration 1-63 is 0.0116603
The norm of iteration 1-64 is 0.0110256
The norm of iteration 1-65 is 0.0104254
The norm of iteration 1-66 is 0.00985798
The norm of iteration 1-67 is 0.00932138
The norm of iteration 1-68 is 0.00881401
The norm of iteration 1-69 is 0.00833424
The norm of iteration 1-70 is 0.0078806
The norm of iteration 1-71 is 0.00745164
The norm of iteration 1-72 is 0.00704603
The norm of iteration 1-73 is 0.0066625
The norm of iteration 1-74 is 0.00629985
The norm of iteration 1-75 is 0.00595694
The norm of iteration 1-76 is 0.00563269
The norm of iteration 1-77 is 0.00532609
The norm of iteration 1-78 is 0.00503618
The norm of iteration 1-79 is 0.00476205
The norm of iteration 1-80 is 0.00450285
The norm of iteration 1-81 is 0.00425775
The norm of iteration 1-82 is 0.00402599
The norm of iteration 1-83 is 0.00380685
The norm of iteration 1-84 is 0.00359964
The norm of iteration 1-85 is 0.0034037
The norm of iteration 1-86 is 0.00321843
The norm of iteration 1-87 is 0.00304325
The norm of iteration 1-88 is 0.0028776
The norm of iteration 1-89 is 0.00272096
The norm of iteration 1-90 is 0.00257286
The norm of iteration 1-91 is 0.00243281
The norm of iteration 1-92 is 0.00230039
The norm of iteration 1-93 is 0.00217517
The norm of iteration 1-94 is 0.00205678
The norm of iteration 1-95 is 0.00194482
The norm of iteration 1-96 is 0.00183896
The norm of iteration 1-97 is 0.00173886
The norm of iteration 1-98 is 0.00164421
The norm of iteration 1-99 is 0.00155472
The norm of iteration 1-100 is 0.00147009
The norm of iteration 1-101 is 0.00139007
The norm of iteration 1-102 is 0.00131441
The norm of iteration 1-103 is 0.00124286
The norm of iteration 1-104 is 0.00117521
The norm of iteration 1-105 is 0.00111124
The norm of iteration 1-106 is 0.00105075
The norm of iteration 1-107 is 0.000993559
The norm of iteration 1-108 is 0.000939478
The norm of iteration 1-109 is 0.00088834
The norm of iteration 1-110 is 0.000839986
The norm of iteration 1-111 is 0.000794264
The norm of iteration 1-112 is 0.000751031
The norm of iteration 1-113 is 0.000710151
The norm of iteration 1-114 is 0.000671496
The norm of iteration 1-115 is 0.000634945
The norm of iteration 1-116 is 0.000600384
The norm of iteration 1-117 is 0.000567704
The norm of iteration 1-118 is 0.000536803
The norm of iteration 1-119 is 0.000507583
The norm of iteration 1-120 is 0.000479955
The norm of iteration 1-121 is 0.00045383
The norm of iteration 1-122 is 0.000429127
The norm of iteration 1-123 is 0.000405769
The norm of iteration 1-124 is 0.000383682
The norm of iteration 1-125 is 0.000362798
The norm of iteration 1-126 is 0.00034305
The norm of iteration 1-127 is 0.000324377
The norm of iteration 1-128 is 0.000306721
The norm of iteration 1-129 is 0.000290025
The norm of iteration 1-130 is 0.000274239
The norm of iteration 1-131 is 0.000259311
The norm of iteration 1-132 is 0.000245196
The norm of iteration 1-133 is 0.00023185
The norm of iteration 1-134 is 0.00021923
The norm of iteration 1-135 is 0.000207297
The norm of iteration 1-136 is 0.000196013
The norm of iteration 1-137 is 0.000185344
The norm of iteration 1-138 is 0.000175255
The norm of iteration 1-139 is 0.000165716
The norm of iteration 1-140 is 0.000156696
The norm of iteration 1-141 is 0.000148166
The norm of iteration 1-142 is 0.000140101
The norm of iteration 1-143 is 0.000132475
The norm of iteration 1-144 is 0.000125265
The norm of iteration 1-145 is 0.000118446
The norm of iteration 1-146 is 0.000111999
The norm of iteration 1-147 is 0.000105903
The norm of iteration 1-148 is 0.000100138
The norm of iteration 1-149 is 9.46874e-05
The norm of iteration 1-150 is 8.95334e-05
The norm of iteration 1-151 is 8.46599e-05
The norm of iteration 1-152 is 8.00517e-05
The norm of iteration 1-153 is 7.56944e-05
The norm of iteration 1-154 is 7.15742e-05
The norm of iteration 1-155 is 6.76783e-05
The norm of iteration 1-156 is 6.39944e-05
The norm of iteration 1-157 is 6.05111e-05
The norm of iteration 1-158 is 5.72173e-05
The norm of iteration 1-159 is 5.41029e-05
The norm of iteration 1-160 is 5.1158e-05
The norm of iteration 1-161 is 4.83734e-05
The norm of iteration 1-162 is 4.57403e-05
The norm of iteration 1-163 is 4.32506e-05
The norm of iteration 1-164 is 4.08964e-05
The norm of iteration 1-165 is 3.86703e-05
The norm of iteration 1-166 is 3.65654e-05
The norm of iteration 1-167 is 3.45751e-05
The norm of iteration 1-168 is 3.26931e-05
The norm of iteration 1-169 is 3.09135e-05
The norm of iteration 1-170 is 2.92309e-05
The norm of iteration 1-171 is 2.76398e-05
The norm of iteration 1-172 is 2.61353e-05
The norm of iteration 1-173 is 2.47127e-05
The norm of iteration 1-174 is 2.33675e-05
The norm of iteration 1-175 is 2.20956e-05
The norm of iteration 1-176 is 2.08929e-05
The norm of iteration 1-177 is 1.97557e-05
The norm of iteration 1-178 is 1.86803e-05
The norm of iteration 1-179 is 1.76635e-05
The norm of iteration 1-180 is 1.67021e-05
The norm of iteration 1-181 is 1.57929e-05
The norm of iteration 1-182 is 1.49333e-05
The norm of iteration 1-183 is 1.41204e-05
The norm of iteration 1-184 is 1.33518e-05
The norm of iteration 1-185 is 1.26251e-05
The norm of iteration 1-186 is 1.19379e-05
The norm of iteration 1-187 is 1.12881e-05
The norm of iteration 1-188 is 1.06736e-05
The norm of iteration 1-189 is 1.00927e-05
The norm of iteration 1-190 is 9.54329e-06
The norm of iteration 1-191 is 9.02383e-06
The norm of iteration 1-192 is 8.53265e-06
The norm of iteration 1-193 is 8.0682e-06
The norm of iteration 1-194 is 7.62903e-06
The norm of iteration 1-195 is 7.21377e-06
The norm of iteration 1-196 is 6.82111e-06
The norm of iteration 1-197 is 6.44983e-06
The norm of iteration 1-198 is 6.09875e-06
The norm of iteration 1-199 is 5.76678e-06
The norm of iteration 1-200 is 5.45289e-06
The norm of iteration 1-201 is 5.15608e-06
The norm of iteration 1-202 is 4.87542e-06
The norm of iteration 1-203 is 4.61004e-06
The norm of iteration 1-204 is 4.35911e-06
The norm of iteration 1-205 is 4.12183e-06
The norm of iteration 1-206 is 3.89748e-06
The norm of iteration 1-207 is 3.68533e-06
The norm of iteration 1-208 is 3.48473e-06
The norm of iteration 1-209 is 3.29505e-06
The norm of iteration 1-210 is 3.11569e-06
The norm of iteration 1-211 is 2.9461e-06
The norm of iteration 1-212 is 2.78574e-06
The norm of iteration 1-213 is 2.63411e-06
The norm of iteration 1-214 is 2.49073e-06
The norm of iteration 1-215 is 2.35515e-06
The norm of iteration 1-216 is 2.22696e-06
The norm of iteration 1-217 is 2.10574e-06
The norm of iteration 1-218 is 1.99112e-06
The norm of iteration 1-219 is 1.88274e-06
The norm of iteration 1-220 is 1.78026e-06
The norm of iteration 1-221 is 1.68336e-06
The norm of iteration 1-222 is 1.59173e-06
The norm of iteration 1-223 is 1.50509e-06
The norm of iteration 1-224 is 1.42316e-06
The norm of iteration 1-225 is 1.3457e-06
The norm of iteration 1-226 is 1.27245e-06
The norm of iteration 1-227 is 1.20319e-06
The norm of iteration 1-228 is 1.13769e-06
The norm of iteration 1-229 is 1.07577e-06
The norm of iteration 1-230 is 1.01721e-06
The norm of iteration 1-231 is 9.61843e-07
The norm of iteration 2-0 is 1.17327
The norm of iteration 2-1 is 0.129761
The norm of iteration 2-2 is 0.472358
The norm of iteration 2-3 is 0.198793
The norm of iteration 2-4 is 0.290063
The norm of iteration 2-5 is 0.207502
The norm of iteration 2-6 is 0.226186
The norm of iteration 2-7 is 0.195036
The norm of iteration 2-8 is 0.193247
The norm of iteration 2-9 is 0.177312
The norm of iteration 2-10 is 0.170277
The norm of iteration 2-11 is 0.159462
The norm of iteration 2-12 is 0.15158
The norm of iteration 2-13 is 0.142911
The norm of iteration 2-14 is 0.1354
The norm of iteration 2-15 is 0.127941
The norm of iteration 2-16 is 0.121088
The norm of iteration 2-17 is 0.114502
The norm of iteration 2-18 is 0.108332
The norm of iteration 2-19 is 0.102466
The norm of iteration 2-20 is 0.0969346
The norm of iteration 2-21 is 0.0916932
The norm of iteration 2-22 is 0.0867408
The norm of iteration 2-23 is 0.0820531
The norm of iteration 2-24 is 0.0776206
The norm of iteration 2-25 is 0.0734266
The norm of iteration 2-26 is 0.06946
The norm of iteration 2-27 is 0.0657072
The norm of iteration 2-28 is 0.0621575
The norm of iteration 2-29 is 0.0587994
The norm of iteration 2-30 is 0.0556229
The norm of iteration 2-31 is 0.0526178
The norm of iteration 2-32 is 0.0497752
The norm of iteration 2-33 is 0.0470861
The norm of iteration 2-34 is 0.0445424
The norm of iteration 2-35 is 0.042136
The norm of iteration 2-36 is 0.0398597
The norm of iteration 2-37 is 0.0377063
The norm of iteration 2-38 is 0.0356693
The norm of iteration 2-39 is 0.0337422
The norm of iteration 2-40 is 0.0319194
The norm of iteration 2-41 is 0.0301949
The norm of iteration 2-42 is 0.0285637
The norm of iteration 2-43 is 0.0270206
The norm of iteration 2-44 is 0.0255608
The norm of iteration 2-45 is 0.0241799
The norm of iteration 2-46 is 0.0228737
The norm of iteration 2-47 is 0.0216379
The norm of iteration 2-48 is 0.020469
The norm of iteration 2-49 is 0.0193631
The norm of iteration 2-50 is 0.0183171
The norm of iteration 2-51 is 0.0173275
The norm of iteration 2-52 is 0.0163914
The norm of iteration 2-53 is 0.0155059
The norm of iteration 2-54 is 0.0146682
The norm of iteration 2-55 is 0.0138758
The norm of iteration 2-56 is 0.0131261
The norm of iteration 2-57 is 0.012417
The norm of iteration 2-58 is 0.0117462
The norm of iteration 2-59 is 0.0111116
The norm of iteration 2-60 is 0.0105113
The norm of iteration 2-61 is 0.00994347
The norm of iteration 2-62 is 0.00940629
The norm of iteration 2-63 is 0.00889812
The norm of iteration 2-64 is 0.00841742
The norm of iteration 2-65 is 0.00796267
The norm of iteration 2-66 is 0.0075325
The norm of iteration 2-67 is 0.00712556
The norm of iteration 2-68 is 0.00674061
The norm of iteration 2-69 is 0.00637646
The norm of iteration 2-70 is 0.00603198
The norm of iteration 2-71 is 0.00570611
The norm of iteration 2-72 is 0.00539784
The norm of iteration 2-73 is 0.00510623
The norm of iteration 2-74 is 0.00483037
The norm of iteration 2-75 is 0.00456942
The norm of iteration 2-76 is 0.00432256
The norm of iteration 2-77 is 0.00408904
The norm of iteration 2-78 is 0.00386813
The norm of iteration 2-79 is 0.00365916
The norm of iteration 2-80 is 0.00346148
The norm of iteration 2-81 is 0.00327448
The norm of iteration 2-82 is 0.00309758
The norm of iteration 2-83 is 0.00293023
The norm of iteration 2-84 is 0.00277193
The norm of iteration 2-85 is 0.00262218
The norm of iteration 2-86 is 0.00248052
The norm of iteration 2-87 is 0.00234651
The norm of iteration 2-88 is 0.00221975
The norm of iteration 2-89 is 0.00209983
The norm of iteration 2-90 is 0.00198639
The norm of iteration 2-91 is 0.00187907
The norm of iteration 2-92 is 0.00177756
The norm of iteration 2-93 is 0.00168153
The norm of iteration 2-94 is 0.00159069
The norm of iteration 2-95 is 0.00150475
The norm of iteration 2-96 is 0.00142346
The norm of iteration 2-97 is 0.00134656
The norm of iteration 2-98 is 0.00127381
The norm of iteration 2-99 is 0.00120499
The norm of iteration 2-100 is 0.0011399
The norm of iteration 2-101 is 0.00107831
The norm of iteration 2-102 is 0.00102006
The norm of iteration 2-103 is 0.000964952
The norm of iteration 2-104 is 0.000912822
The norm of iteration 2-105 is 0.000863508
The norm of iteration 2-106 is 0.000816858
The norm of iteration 2-107 is 0.000772728
The norm of iteration 2-108 is 0.000730982
The norm of iteration 2-109 is 0.000691492
The norm of iteration 2-110 is 0.000654135
The norm of iteration 2-111 is 0.000618796
The norm of iteration 2-112 is 0.000585366
The norm of iteration 2-113 is 0.000553742
The norm of iteration 2-114 is 0.000523827
The norm of iteration 2-115 is 0.000495528
The norm of iteration 2-116 is 0.000468758
The norm of iteration 2-117 is 0.000443434
The norm of iteration 2-118 is 0.000419478
The norm of iteration 2-119 is 0.000396816
The norm of iteration 2-120 is 0.000375378
The norm of iteration 2-121 is 0.000355099
The norm of iteration 2-122 is 0.000335915
The norm of iteration 2-123 is 0.000317768
The norm of iteration 2-124 is 0.000300601
The norm of iteration 2-125 is 0.000284361
The norm of iteration 2-126 is 0.000268999
The norm of iteration 2-127 is 0.000254466
The norm of iteration 2-128 is 0.000240719
The norm of iteration 2-129 is 0.000227715
The norm of iteration 2-130 is 0.000215413
The norm of iteration 2-131 is 0.000203775
The norm of iteration 2-132 is 0.000192766
The norm of iteration 2-133 is 0.000182352
The norm of iteration 2-134 is 0.000172501
The norm of iteration 2-135 is 0.000163182
The norm of iteration 2-136 is 0.000154366
The norm of iteration 2-137 is 0.000146027
The norm of iteration 2-138 is 0.000138138
The norm of iteration 2-139 is 0.000130675
The norm of iteration 2-140 is 0.000123615
The norm of iteration 2-141 is 0.000116937
The norm of iteration 2-142 is 0.00011062
The norm of iteration 2-143 is 0.000104644
The norm of iteration 2-144 is 9.89905e-05
The norm of iteration 2-145 is 9.36427e-05
The norm of iteration 2-146 is 8.85837e-05
The norm of iteration 2-147 is 8.37981e-05
The norm of iteration 2-148 is 7.9271e-05
The norm of iteration 2-149 is 7.49885e-05
The norm of iteration 2-150 is 7.09373e-05
The norm of iteration 2-151 is 6.7105e-05
The norm of iteration 2-152 is 6.34797e-05
The norm of iteration 2-153 is 6.00503e-05
The norm of iteration 2-154 is 5.68062e-05
The norm of iteration 2-155 is 5.37373e-05
The norm of iteration 2-156 is 5.08342e-05
The norm of iteration 2-157 is 4.80879e-05
The norm of iteration 2-158 is 4.549e-05
The norm of iteration 2-159 is 4.30325e-05
The norm of iteration 2-160 is 4.07077e-05
The norm of iteration 2-161 is 3.85085e-05
The norm of iteration 2-162 is 3.64281e-05
The norm of iteration 2-163 is 3.44601e-05
The norm of iteration 2-164 is 3.25985e-05
The norm of iteration 2-165 is 3.08374e-05
The norm of iteration 2-166 is 2.91714e-05
The norm of iteration 2-167 is 2.75955e-05
The norm of iteration 2-168 is 2.61047e-05
The norm of iteration 2-169 is 2.46944e-05
The norm of iteration 2-170 is 2.33603e-05
The norm of iteration 2-171 is 2.20983e-05
The norm of iteration 2-172 is 2.09044e-05
The norm of iteration 2-173 is 1.97751e-05
The norm of iteration 2-174 is 1.87068e-05
The norm of iteration 2-175 is 1.76962e-05
The norm of iteration 2-176 is 1.67402e-05
The norm of iteration 2-177 is 1.58358e-05
The norm of iteration 2-178 is 1.49803e-05
The norm of iteration 2-179 is 1.4171e-05
The norm of iteration 2-180 is 1.34054e-05
The norm of iteration 2-181 is 1.26812e-05
The norm of iteration 2-182 is 1.19961e-05
The norm of iteration 2-183 is 1.1348e-05
The norm of iteration 2-184 is 1.0735e-05
The norm of iteration 2-185 is 1.0155e-05
The norm of iteration 2-186 is 9.60641e-06
The norm of iteration 2-187 is 9.08744e-06
The norm of iteration 2-188 is 8.5965e-06
The norm of iteration 2-189 is 8.13208e-06
The norm of iteration 2-190 is 7.69276e-06
The norm of iteration 2-191 is 7.27717e-06
The norm of iteration 2-192 is 6.88403e-06
The norm of iteration 2-193 is 6.51212e-06
The norm of iteration 2-194 is 6.16031e-06
The norm of iteration 2-195 is 5.82751e-06
The norm of iteration 2-196 is 5.51269e-06
The norm of iteration 2-197 is 5.21487e-06
The norm of iteration 2-198 is 4.93314e-06
The norm of iteration 2-199 is 4.66663e-06
The norm of iteration 2-200 is 4.41452e-06
The norm of iteration 2-201 is 4.17603e-06
The norm of iteration 2-202 is 3.95043e-06
The norm of iteration 2-203 is 3.73701e-06
The norm of iteration 2-204 is 3.53512e-06
The norm of iteration 2-205 is 3.34414e-06
The norm of iteration 2-206 is 3.16348e-06
The norm of iteration 2-207 is 2.99258e-06
The norm of iteration 2-208 is 2.83091e-06
The norm of iteration 2-209 is 2.67797e-06
The norm of iteration 2-210 is 2.5333e-06
The norm of iteration 2-211 is 2.39644e-06
The norm of iteration 2-212 is 2.26697e-06
The norm of iteration 2-213 is 2.1445e-06
The norm of iteration 2-214 is 2.02865e-06
The norm of iteration 2-215 is 1.91905e-06
The norm of iteration 2-216 is 1.81538e-06
The norm of iteration 2-217 is 1.7173e-06
The norm of iteration 2-218 is 1.62453e-06
The norm of iteration 2-219 is 1.53676e-06
The norm of iteration 2-220 is 1.45374e-06
The norm of iteration 2-221 is 1.37521e-06
The norm of iteration 2-222 is 1.30091e-06
The norm of iteration 2-223 is 1.23063e-06
The norm of iteration 2-224 is 1.16415e-06
The norm of iteration 2-225 is 1.10126e-06
The norm of iteration 2-226 is 1.04176e-06
The norm of iteration 2-227 is 9.85483e-07
The norm of iteration 3-0 is 1.32881
The norm of iteration 3-1 is 0.108615
The norm of iteration 3-2 is 0.495276
The norm of iteration 3-3 is 0.179387
The norm of iteration 3-4 is 0.285149
The norm of iteration 3-5 is 0.19218
The norm of iteration 3-6 is 0.215661
The norm of iteration 3-7 is 0.182103
The norm of iteration 3-8 is 0.182183
The norm of iteration 3-9 is 0.165982
The norm of iteration 3-10 is 0.159908
The norm of iteration 3-11 is 0.149408
The norm of iteration 3-12 is 0.142182
The norm of iteration 3-13 is 0.13396
The norm of iteration 3-14 is 0.126978
The norm of iteration 3-15 is 0.119969
The norm of iteration 3-16 is 0.113572
The norm of iteration 3-17 is 0.107404
The norm of iteration 3-18 is 0.101638
The norm of iteration 3-19 is 0.0961484
The norm of iteration 3-20 is 0.0909756
The norm of iteration 3-21 is 0.0860718
The norm of iteration 3-22 is 0.0814383
The norm of iteration 3-23 is 0.0770516
The norm of iteration 3-24 is 0.0729032
The norm of iteration 3-25 is 0.0689772
The norm of iteration 3-26 is 0.0652634
The norm of iteration 3-27 is 0.0617492
The norm of iteration 3-28 is 0.0584245
The norm of iteration 3-29 is 0.0552787
The norm of iteration 3-30 is 0.0523024
The norm of iteration 3-31 is 0.0494863
The norm of iteration 3-32 is 0.0468219
The norm of iteration 3-33 is 0.0443009
The norm of iteration 3-34 is 0.0419157
The norm of iteration 3-35 is 0.0396589
The norm of iteration 3-36 is 0.0375236
The norm of iteration 3-37 is 0.0355032
The norm of iteration 3-38 is 0.0335917
The norm of iteration 3-39 is 0.0317831
The norm of iteration 3-40 is 0.0300718
The norm of iteration 3-41 is 0.0284527
The norm of iteration 3-42 is 0.0269208
The norm of iteration 3-43 is 0.0254713
The norm of iteration 3-44 is 0.0240999
The norm of iteration 3-45 is 0.0228023
The norm of iteration 3-46 is 0.0215746
The norm of iteration 3-47 is 0.020413
The norm of iteration 3-48 is 0.0193139
The norm of iteration 3-49 is 0.018274
The norm of iteration 3-50 is 0.0172901
The norm of iteration 3-51 is 0.0163592
The norm of iteration 3-52 is 0.0154784
The norm of iteration 3-53 is 0.014645
The norm of iteration 3-54 is 0.0138565
The norm of iteration 3-55 is 0.0131105
The norm of iteration 3-56 is 0.0124046
The norm of iteration 3-57 is 0.0117367
The norm of iteration 3-58 is 0.0111048
The norm of iteration 3-59 is 0.0105069
The norm of iteration 3-60 is 0.00994116
The norm of iteration 3-61 is 0.00940591
The norm of iteration 3-62 is 0.00889949
The norm of iteration 3-63 is 0.00842032
The norm of iteration 3-64 is 0.00796696
The norm of iteration 3-65 is 0.00753801
The norm of iteration 3-66 is 0.00713215
The norm of iteration 3-67 is 0.00674814
The norm of iteration 3-68 is 0.00638481
The norm of iteration 3-69 is 0.00604104
The norm of iteration 3-70 is 0.00571579
The norm of iteration 3-71 is 0.00540804
The norm of iteration 3-72 is 0.00511686
The norm of iteration 3-73 is 0.00484136
The norm of iteration 3-74 is 0.0045807
The norm of iteration 3-75 is 0.00433406
The norm of iteration 3-76 is 0.00410071
The norm of iteration 3-77 is 0.00387992
The norm of iteration 3-78 is 0.00367102
The norm of iteration 3-79 is 0.00347337
The norm of iteration 3-80 is 0.00328636
The norm of iteration 3-81 is 0.00310941
The norm of iteration 3-82 is 0.002942
The norm of iteration 3-83 is 0.0027836
The norm of iteration 3-84 is 0.00263372
The norm of iteration 3-85 is 0.00249192
The norm of iteration 3-86 is 0.00235775
The norm of iteration 3-87 is 0.00223081
The norm of iteration 3-88 is 0.0021107
The norm of iteration 3-89 is 0.00199705
The norm of iteration 3-90 is 0.00188953
The norm of iteration 3-91 is 0.00178779
The norm of iteration 3-92 is 0.00169154
The norm of iteration 3-93 is 0.00160046
The norm of iteration 3-94 is 0.00151429
The norm of iteration 3-95 is 0.00143276
The norm of iteration 3-96 is 0.00135562
The norm of iteration 3-97 is 0.00128263
The norm of iteration 3-98 is 0.00121357
The norm of iteration 3-99 is 0.00114823
The norm of iteration 3-100 is 0.00108641
The norm of iteration 3-101 is 0.00102791
The norm of iteration 3-102 is 0.000972568
The norm of iteration 3-103 is 0.000920204
The norm of iteration 3-104 is 0.000870658
The norm of iteration 3-105 is 0.000823781
The norm of iteration 3-106 is 0.000779427
The norm of iteration 3-107 is 0.000737462
The norm of iteration 3-108 is 0.000697756
The norm of iteration 3-109 is 0.000660187
The norm of iteration 3-110 is 0.000624642
The norm of iteration 3-111 is 0.00059101
The norm of iteration 3-112 is 0.000559189
The norm of iteration 3-113 is 0.000529082
The norm of iteration 3-114 is 0.000500595
The norm of iteration 3-115 is 0.000473642
The norm of iteration 3-116 is 0.000448141
The norm of iteration 3-117 is 0.000424012
The norm of iteration 3-118 is 0.000401183
The norm of iteration 3-119 is 0.000379582
The norm of iteration 3-120 is 0.000359145
The norm of iteration 3-121 is 0.000339808
The norm of iteration 3-122 is 0.000321512
The norm of iteration 3-123 is 0.000304202
The norm of iteration 3-124 is 0.000287823
The norm of iteration 3-125 is 0.000272326
The norm of iteration 3-126 is 0.000257664
The norm of iteration 3-127 is 0.000243791
The norm of iteration 3-128 is 0.000230665
The norm of iteration 3-129 is 0.000218245
The norm of iteration 3-130 is 0.000206495
The norm of iteration 3-131 is 0.000195377
The norm of iteration 3-132 is 0.000184857
The norm of iteration 3-133 is 0.000174904
The norm of iteration 3-134 is 0.000165487
The norm of iteration 3-135 is 0.000156577
The norm of iteration 3-136 is 0.000148147
The norm of iteration 3-137 is 0.00014017
The norm of iteration 3-138 is 0.000132623
The norm of iteration 3-139 is 0.000125483
The norm of iteration 3-140 is 0.000118726
The norm of iteration 3-141 is 0.000112334
The norm of iteration 3-142 is 0.000106286
The norm of iteration 3-143 is 0.000100563
The norm of iteration 3-144 is 9.51487e-05
The norm of iteration 3-145 is 9.00258e-05
The norm of iteration 3-146 is 8.51786e-05
The norm of iteration 3-147 is 8.05925e-05
The norm of iteration 3-148 is 7.62533e-05
The norm of iteration 3-149 is 7.21477e-05
The norm of iteration 3-150 is 6.82631e-05
The norm of iteration 3-151 is 6.45877e-05
The norm of iteration 3-152 is 6.11102e-05
The norm of iteration 3-153 is 5.782e-05
The norm of iteration 3-154 is 5.47068e-05
The norm of iteration 3-155 is 5.17613e-05
The norm of iteration 3-156 is 4.89744e-05
The norm of iteration 3-157 is 4.63376e-05
The norm of iteration 3-158 is 4.38427e-05
The norm of iteration 3-159 is 4.14821e-05
The norm of iteration 3-160 is 3.92487e-05
The norm of iteration 3-161 is 3.71355e-05
The norm of iteration 3-162 is 3.5136e-05
The norm of iteration 3-163 is 3.32443e-05
The norm of iteration 3-164 is 3.14543e-05
The norm of iteration 3-165 is 2.97608e-05
The norm of iteration 3-166 is 2.81584e-05
The norm of iteration 3-167 is 2.66423e-05
The norm of iteration 3-168 is 2.52079e-05
The norm of iteration 3-169 is 2.38506e-05
The norm of iteration 3-170 is 2.25665e-05
The norm of iteration 3-171 is 2.13515e-05
The norm of iteration 3-172 is 2.02019e-05
The norm of iteration 3-173 is 1.91142e-05
The norm of iteration 3-174 is 1.8085e-05
The norm of iteration 3-175 is 1.71113e-05
The norm of iteration 3-176 is 1.619e-05
The norm of iteration 3-177 is 1.53183e-05
The norm of iteration 3-178 is 1.44936e-05
The norm of iteration 3-179 is 1.37132e-05
The norm of iteration 3-180 is 1.29749e-05
The norm of iteration 3-181 is 1.22763e-05
The norm of iteration 3-182 is 1.16153e-05
The norm of iteration 3-183 is 1.09899e-05
The norm of iteration 3-184 is 1.03982e-05
The norm of iteration 3-185 is 9.83834e-06
The norm of iteration 3-186 is 9.30863e-06
The norm of iteration 3-187 is 8.80744e-06
The norm of iteration 3-188 is 8.33323e-06
The norm of iteration 3-189 is 7.88456e-06
The norm of iteration 3-190 is 7.46004e-06
The norm of iteration 3-191 is 7.05838e-06
The norm of iteration 3-192 is 6.67835e-06
The norm of iteration 3-193 is 6.31878e-06
The norm of iteration 3-194 is 5.97856e-06
The norm of iteration 3-195 is 5.65667e-06
The norm of iteration 3-196 is 5.3521e-06
The norm of iteration 3-197 is 5.06394e-06
The norm of iteration 3-198 is 4.79129e-06
The norm of iteration 3-199 is 4.53332e-06
The norm of iteration 3-200 is 4.28924e-06
The norm of iteration 3-201 is 4.0583e-06
The norm of iteration 3-202 is 3.83979e-06
The norm of iteration 3-203 is 3.63305e-06
The norm of iteration 3-204 is 3.43744e-06
The norm of iteration 3-205 is 3.25237e-06
The norm of iteration 3-206 is 3.07725e-06
The norm of iteration 3-207 is 2.91157e-06
The norm of iteration 3-208 is 2.75481e-06
The norm of iteration 3-209 is 2.60648e-06
The norm of iteration 3-210 is 2.46615e-06
The norm of iteration 3-211 is 2.33337e-06
The norm of iteration 3-212 is 2.20773e-06
The norm of iteration 3-213 is 2.08887e-06
The norm of iteration 3-214 is 1.9764e-06
The norm of iteration 3-215 is 1.86999e-06
The norm of iteration 3-216 is 1.7693e-06
The norm of iteration 3-217 is 1.67404e-06
The norm of iteration 3-218 is 1.58391e-06
The norm of iteration 3-219 is 1.49863e-06
The norm of iteration 3-220 is 1.41794e-06
The norm of iteration 3-221 is 1.3416e-06
The norm of iteration 3-222 is 1.26936e-06
The norm of iteration 3-223 is 1.20102e-06
The norm of iteration 3-224 is 1.13635e-06
The norm of iteration 3-225 is 1.07517e-06
The norm of iteration 3-226 is 1.01728e-06
The norm of iteration 3-227 is 9.62509e-07
The norm of iteration 4-0 is 0.981362
The norm of iteration 4-1 is 0.0637536
The norm of iteration 4-2 is 0.330123
The norm of iteration 4-3 is 0.0936383
The norm of iteration 4-4 is 0.171322
The norm of iteration 4-5 is 0.103523
The norm of iteration 4-6 is 0.122313
The norm of iteration 4-7 is 0.0991447
The norm of iteration 4-8 is 0.100908
The norm of iteration 4-9 is 0.0906089
The norm of iteration 4-10 is 0.0877685
The norm of iteration 4-11 is 0.0815863
The norm of iteration 4-12 is 0.0777666
The norm of iteration 4-13 is 0.0731367
The norm of iteration 4-14 is 0.0693557
The norm of iteration 4-15 is 0.0654848
The norm of iteration 4-16 is 0.0620004
The norm of iteration 4-17 is 0.0586195
The norm of iteration 4-18 is 0.0554739
The norm of iteration 4-19 is 0.0524739
The norm of iteration 4-20 is 0.0496515
The norm of iteration 4-21 is 0.0469744
The norm of iteration 4-22 is 0.0444464
The norm of iteration 4-23 is 0.0420526
The norm of iteration 4-24 is 0.0397892
The norm of iteration 4-25 is 0.0376472
The norm of iteration 4-26 is 0.035621
The norm of iteration 4-27 is 0.0337037
The norm of iteration 4-28 is 0.0318898
The norm of iteration 4-29 is 0.0301735
The norm of iteration 4-30 is 0.0285496
The norm of iteration 4-31 is 0.0270131
The norm of iteration 4-32 is 0.0255593
The norm of iteration 4-33 is 0.0241838
The norm of iteration 4-34 is 0.0228823
The norm of iteration 4-35 is 0.0216508
The norm of iteration 4-36 is 0.0204856
The norm of iteration 4-37 is 0.0193832
The norm of iteration 4-38 is 0.01834
The norm of iteration 4-39 is 0.017353
The norm of iteration 4-40 is 0.0164191
The norm of iteration 4-41 is 0.0155355
The norm of iteration 4-42 is 0.0146994
The norm of iteration 4-43 is 0.0139083
The norm of iteration 4-44 is 0.0131598
The norm of iteration 4-45 is 0.0124516
The norm of iteration 4-46 is 0.0117815
The norm of iteration 4-47 is 0.0111475
The norm of iteration 4-48 is 0.0105475
The norm of iteration 4-49 is 0.0099799
The norm of iteration 4-50 is 0.00944281
The norm of iteration 4-51 is 0.00893463
The norm of iteration 4-52 is 0.00845379
The norm of iteration 4-53 is 0.00799883
The norm of iteration 4-54 is 0.00756836
The norm of iteration 4-55 is 0.00716105
The norm of iteration 4-56 is 0.00677567
The norm of iteration 4-57 is 0.00641102
The norm of iteration 4-58 is 0.006066
The norm of iteration 4-59 is 0.00573955
The norm of iteration 4-60 is 0.00543066
The norm of iteration 4-61 is 0.0051384
The norm of iteration 4-62 is 0.00486187
The norm of iteration 4-63 is 0.00460022
The norm of iteration 4-64 is 0.00435265
The norm of iteration 4-65 is 0.0041184
The norm of iteration 4-66 is 0.00389676
The norm of iteration 4-67 is 0.00368705
The norm of iteration 4-68 is 0.00348862
The norm of iteration 4-69 is 0.00330087
The norm of iteration 4-70 is 0.00312323
The norm of iteration 4-71 is 0.00295515
The norm of iteration 4-72 is 0.00279611
The norm of iteration 4-73 is 0.00264563
The norm of iteration 4-74 is 0.00250325
The norm of iteration 4-75 is 0.00236854
The norm of iteration 4-76 is 0.00224107
The norm of iteration 4-77 is 0.00212046
The norm of iteration 4-78 is 0.00200634
The norm of iteration 4-79 is 0.00189837
The norm of iteration 4-80 is 0.0017962
The norm of iteration 4-81 is 0.00169954
The norm of iteration 4-82 is 0.00160807
The norm of iteration 4-83 is 0.00152153
The norm of iteration 4-84 is 0.00143965
The norm of iteration 4-85 is 0.00136217
The norm of iteration 4-86 is 0.00128886
The norm of iteration 4-87 is 0.0012195
The norm of iteration 4-88 is 0.00115387
The norm of iteration 4-89 is 0.00109177
The norm of iteration 4-90 is 0.00103302
The norm of iteration 4-91 is 0.000977423
The norm of iteration 4-92 is 0.000924821
The norm of iteration 4-93 is 0.00087505
The norm of iteration 4-94 is 0.000827957
The norm of iteration 4-95 is 0.000783399
The norm of iteration 4-96 is 0.000741239
The norm of iteration 4-97 is 0.000701348
The norm of iteration 4-98 is 0.000663603
The norm of iteration 4-99 is 0.00062789
The norm of iteration 4-100 is 0.000594099
The norm of iteration 4-101 is 0.000562126
The norm of iteration 4-102 is 0.000531874
The norm of iteration 4-103 is 0.00050325
The norm of iteration 4-104 is 0.000476167
The norm of iteration 4-105 is 0.000450541
The norm of iteration 4-106 is 0.000426294
The norm of iteration 4-107 is 0.000403353
The norm of iteration 4-108 is 0.000381645
The norm of iteration 4-109 is 0.000361106
The norm of iteration 4-110 is 0.000341673
The norm of iteration 4-111 is 0.000323285
The norm of iteration 4-112 is 0.000305887
The norm of iteration 4-113 is 0.000289425
The norm of iteration 4-114 is 0.000273849
The norm of iteration 4-115 is 0.000259111
The norm of iteration 4-116 is 0.000245166
The norm of iteration 4-117 is 0.000231972
The norm of iteration 4-118 is 0.000219488
The norm of iteration 4-119 is 0.000207676
The norm of iteration 4-120 is 0.0001965
The norm of iteration 4-121 is 0.000185925
The norm of iteration 4-122 is 0.000175919
The norm of iteration 4-123 is 0.000166451
The norm of iteration 4-124 is 0.000157493
The norm of iteration 4-125 is 0.000149018
The norm of iteration 4-126 is 0.000140998
The norm of iteration 4-127 is 0.00013341
The norm of iteration 4-128 is 0.00012623
The norm of iteration 4-129 is 0.000119437
The norm of iteration 4-130 is 0.000113009
The norm of iteration 4-131 is 0.000106927
The norm of iteration 4-132 is 0.000101173
The norm of iteration 4-133 is 9.57279e-05
The norm of iteration 4-134 is 9.05761e-05
The norm of iteration 4-135 is 8.57016e-05
The norm of iteration 4-136 is 8.10894e-05
The norm of iteration 4-137 is 7.67254e-05
The norm of iteration 4-138 is 7.25963e-05
The norm of iteration 4-139 is 6.86894e-05
The norm of iteration 4-140 is 6.49927e-05
The norm of iteration 4-141 is 6.1495e-05
The norm of iteration 4-142 is 5.81855e-05
The norm of iteration 4-143 is 5.50542e-05
The norm of iteration 4-144 is 5.20913e-05
The norm of iteration 4-145 is 4.92879e-05
The norm of iteration 4-146 is 4.66354e-05
The norm of iteration 4-147 is 4.41256e-05
The norm of iteration 4-148 is 4.17509e-05
The norm of iteration 4-149 is 3.9504e-05
The norm of iteration 4-150 is 3.7378e-05
The norm of iteration 4-151 is 3.53664e-05
The norm of iteration 4-152 is 3.34631e-05
The norm of iteration 4-153 is 3.16622e-05
The norm of iteration 4-154 is 2.99583e-05
The norm of iteration 4-155 is 2.8346e-05
The norm of iteration 4-156 is 2.68205e-05
The norm of iteration 4-157 is 2.53771e-05
The norm of iteration 4-158 is 2.40114e-05
The norm of iteration 4-159 is 2.27192e-05
The norm of iteration 4-160 is 2.14965e-05
The norm of iteration 4-161 is 2.03396e-05
The norm of iteration 4-162 is 1.9245e-05
The norm of iteration 4-163 is 1.82093e-05
The norm of iteration 4-164 is 1.72293e-05
The norm of iteration 4-165 is 1.63021e-05
The norm of iteration 4-166 is 1.54248e-05
The norm of iteration 4-167 is 1.45947e-05
The norm of iteration 4-168 is 1.38092e-05
The norm of iteration 4-169 is 1.3066e-05
The norm of iteration 4-170 is 1.23629e-05
The norm of iteration 4-171 is 1.16975e-05
The norm of iteration 4-172 is 1.1068e-05
The norm of iteration 4-173 is 1.04724e-05
The norm of iteration 4-174 is 9.90877e-06
The norm of iteration 4-175 is 9.37551e-06
The norm of iteration 4-176 is 8.87095e-06
The norm of iteration 4-177 is 8.39354e-06
The norm of iteration 4-178 is 7.94183e-06
The norm of iteration 4-179 is 7.51442e-06
The norm of iteration 4-180 is 7.11002e-06
The norm of iteration 4-181 is 6.72738e-06
The norm of iteration 4-182 is 6.36533e-06
The norm of iteration 4-183 is 6.02277e-06
The norm of iteration 4-184 is 5.69864e-06
The norm of iteration 4-185 is 5.39196e-06
The norm of iteration 4-186 is 5.10178e-06
The norm of iteration 4-187 is 4.82722e-06
The norm of iteration 4-188 is 4.56743e-06
The norm of iteration 4-189 is 4.32163e-06
The norm of iteration 4-190 is 4.08905e-06
The norm of iteration 4-191 is 3.86899e-06
The norm of iteration 4-192 is 3.66077e-06
The norm of iteration 4-193 is 3.46376e-06
The norm of iteration 4-194 is 3.27735e-06
The norm of iteration 4-195 is 3.10097e-06
The norm of iteration 4-196 is 2.93409e-06
The norm of iteration 4-197 is 2.77618e-06
The norm of iteration 4-198 is 2.62678e-06
The norm of iteration 4-199 is 2.48541e-06
The norm of iteration 4-200 is 2.35166e-06
The norm of iteration 4-201 is 2.2251e-06
The norm of iteration 4-202 is 2.10535e-06
The norm of iteration 4-203 is 1.99205e-06
The norm of iteration 4-204 is 1.88484e-06
The norm of iteration 4-205 is 1.7834e-06
The norm of iteration 4-206 is 1.68743e-06
The norm of iteration 4-207 is 1.59661e-06
The norm of iteration 4-208 is 1.51069e-06
The norm of iteration 4-209 is 1.42939e-06
The norm of iteration 4-210 is 1.35246e-06
The norm of iteration 4-211 is 1.27968e-06
The norm of iteration 4-212 is 1.21081e-06
The norm of iteration 4-213 is 1.14565e-06
The norm of iteration 4-214 is 1.08399e-06
The norm of iteration 4-215 is 1.02565e-06
The norm of iteration 4-216 is 9.70457e-07
The norm of iteration 5-0 is 0.284432
The norm of iteration 5-1 is 0.0671437
The norm of iteration 5-2 is 0.0603234
The norm of iteration 5-3 is 0.044164
The norm of iteration 5-4 is 0.0252229
The norm of iteration 5-5 is 0.03138
The norm of iteration 5-6 is 0.0228637
The norm of iteration 5-7 is 0.024831
The norm of iteration 5-8 is 0.021196
The norm of iteration 5-9 is 0.0210012
The norm of iteration 5-10 is 0.0191209
The norm of iteration 5-11 is 0.018341
The norm of iteration 5-12 is 0.0171072
The norm of iteration 5-13 is 0.0162443
The norm of iteration 5-14 is 0.0152869
The norm of iteration 5-15 is 0.0144741
The norm of iteration 5-16 is 0.0136661
The norm of iteration 5-17 is 0.0129305
The norm of iteration 5-18 is 0.0122241
The norm of iteration 5-19 is 0.0115648
The norm of iteration 5-20 is 0.0109384
The norm of iteration 5-21 is 0.0103488
The norm of iteration 5-22 is 0.00979027
The norm of iteration 5-23 is 0.00926283
The norm of iteration 5-24 is 0.0087637
The norm of iteration 5-25 is 0.00829179
The norm of iteration 5-26 is 0.00784529
The norm of iteration 5-27 is 0.00742295
The norm of iteration 5-28 is 0.00702337
The norm of iteration 5-29 is 0.00664533
The norm of iteration 5-30 is 0.00628765
The norm of iteration 5-31 is 0.00594924
The norm of iteration 5-32 is 0.00562906
The norm of iteration 5-33 is 0.00532611
The norm of iteration 5-34 is 0.00503946
The norm of iteration 5-35 is 0.00476825
The norm of iteration 5-36 is 0.00451164
The norm of iteration 5-37 is 0.00426883
The norm of iteration 5-38 is 0.0040391
The norm of iteration 5-39 is 0.00382172
The norm of iteration 5-40 is 0.00361605
The norm of iteration 5-41 is 0.00342145
The norm of iteration 5-42 is 0.00323732
The norm of iteration 5-43 is 0.00306309
The norm of iteration 5-44 is 0.00289825
The norm of iteration 5-45 is 0.00274227
The norm of iteration 5-46 is 0.00259469
The norm of iteration 5-47 is 0.00245506
The norm of iteration 5-48 is 0.00232293
The norm of iteration 5-49 is 0.00219792
The norm of iteration 5-50 is 0.00207964
The norm of iteration 5-51 is 0.00196772
The norm of iteration 5-52 is 0.00186182
The norm of iteration 5-53 is 0.00176162
The norm of iteration 5-54 is 0.00166682
The norm of iteration 5-55 is 0.00157712
The norm of iteration 5-56 is 0.00149224
The norm of iteration 5-57 is 0.00141193
The norm of iteration 5-58 is 0.00133595
The norm of iteration 5-59 is 0.00126405
The norm of iteration 5-60 is 0.00119602
The norm of iteration 5-61 is 0.00113166
The norm of iteration 5-62 is 0.00107076
The norm of iteration 5-63 is 0.00101313
The norm of iteration 5-64 is 0.000958608
The norm of iteration 5-65 is 0.000907019
The norm of iteration 5-66 is 0.000858206
The norm of iteration 5-67 is 0.00081202
The norm of iteration 5-68 is 0.00076832
The norm of iteration 5-69 is 0.000726972
The norm of iteration 5-70 is 0.000687849
The norm of iteration 5-71 is 0.000650831
The norm of iteration 5-72 is 0.000615805
The norm of iteration 5-73 is 0.000582665
The norm of iteration 5-74 is 0.000551308
The norm of iteration 5-75 is 0.000521638
The norm of iteration 5-76 is 0.000493565
The norm of iteration 5-77 is 0.000467003
The norm of iteration 5-78 is 0.000441871
The norm of iteration 5-79 is 0.000418091
The norm of iteration 5-80 is 0.00039559
The norm of iteration 5-81 is 0.000374301
The norm of iteration 5-82 is 0.000354157
The norm of iteration 5-83 is 0.000335098
The norm of iteration 5-84 is 0.000317064
The norm of iteration 5-85 is 0.000300001
The norm of iteration 5-86 is 0.000283856
The norm of iteration 5-87 is 0.000268579
The norm of iteration 5-88 is 0.000254125
The norm of iteration 5-89 is 0.000240449
The norm of iteration 5-90 is 0.000227509
The norm of iteration 5-91 is 0.000215265
The norm of iteration 5-92 is 0.00020368
The norm of iteration 5-93 is 0.000192719
The norm of iteration 5-94 is 0.000182347
The norm of iteration 5-95 is 0.000172534
The norm of iteration 5-96 is 0.000163249
The norm of iteration 5-97 is 0.000154463
The norm of iteration 5-98 is 0.000146151
The norm of iteration 5-99 is 0.000138285
The norm of iteration 5-100 is 0.000130843
The norm of iteration 5-101 is 0.000123802
The norm of iteration 5-102 is 0.000117139
The norm of iteration 5-103 is 0.000110835
The norm of iteration 5-104 is 0.00010487
The norm of iteration 5-105 is 9.92265e-05
The norm of iteration 5-106 is 9.38865e-05
The norm of iteration 5-107 is 8.88338e-05
The norm of iteration 5-108 is 8.40531e-05
The norm of iteration 5-109 is 7.95296e-05
The norm of iteration 5-110 is 7.52496e-05
The norm of iteration 5-111 is 7.11999e-05
The norm of iteration 5-112 is 6.73682e-05
The norm of iteration 5-113 is 6.37426e-05
The norm of iteration 5-114 is 6.03122e-05
The norm of iteration 5-115 is 5.70664e-05
The norm of iteration 5-116 is 5.39953e-05
The norm of iteration 5-117 is 5.10894e-05
The norm of iteration 5-118 is 4.834e-05
The norm of iteration 5-119 is 4.57385e-05
The norm of iteration 5-120 is 4.3277e-05
The norm of iteration 5-121 is 4.0948e-05
The norm of iteration 5-122 is 3.87443e-05
The norm of iteration 5-123 is 3.66592e-05
The norm of iteration 5-124 is 3.46863e-05
The norm of iteration 5-125 is 3.28196e-05
The norm of iteration 5-126 is 3.10534e-05
The norm of iteration 5-127 is 2.93822e-05
The norm of iteration 5-128 is 2.78009e-05
The norm of iteration 5-129 is 2.63048e-05
The norm of iteration 5-130 is 2.48891e-05
The norm of iteration 5-131 is 2.35497e-05
The norm of iteration 5-132 is 2.22823e-05
The norm of iteration 5-133 is 2.10832e-05
The norm of iteration 5-134 is 1.99485e-05
The norm of iteration 5-135 is 1.8875e-05
The norm of iteration 5-136 is 1.78592e-05
The norm of iteration 5-137 is 1.68981e-05
The norm of iteration 5-138 is 1.59887e-05
The norm of iteration 5-139 is 1.51282e-05
The norm of iteration 5-140 is 1.43141e-05
The norm of iteration 5-141 is 1.35437e-05
The norm of iteration 5-142 is 1.28148e-05
The norm of iteration 5-143 is 1.21252e-05
The norm of iteration 5-144 is 1.14727e-05
The norm of iteration 5-145 is 1.08552e-05
The norm of iteration 5-146 is 1.0271e-05
The norm of iteration 5-147 is 9.71828e-06
The norm of iteration 5-148 is 9.19528e-06
The norm of iteration 5-149 is 8.70042e-06
The norm of iteration 5-150 is 8.23219e-06
The norm of iteration 5-151 is 7.78916e-06
The norm of iteration 5-152 is 7.36998e-06
The norm of iteration 5-153 is 6.97335e-06
The norm of iteration 5-154 is 6.59807e-06
The norm of iteration 5-155 is 6.24298e-06
The norm of iteration 5-156 is 5.907e-06
The norm of iteration 5-157 is 5.58911e-06
The norm of iteration 5-158 is 5.28832e-06
The norm of iteration 5-159 is 5.00372e-06
The norm of iteration 5-160 is 4.73444e-06
The norm of iteration 5-161 is 4.47964e-06
The norm of iteration 5-162 is 4.23857e-06
The norm of iteration 5-163 is 4.01046e-06
The norm of iteration 5-164 is 3.79463e-06
The norm of iteration 5-165 is 3.59042e-06
The norm of iteration 5-166 is 3.39719e-06
The norm of iteration 5-167 is 3.21437e-06
The norm of iteration 5-168 is 3.04138e-06
The norm of iteration 5-169 is 2.8777e-06
The norm of iteration 5-170 is 2.72283e-06
The norm of iteration 5-171 is 2.5763e-06
The norm of iteration 5-172 is 2.43765e-06
The norm of iteration 5-173 is 2.30647e-06
The norm of iteration 5-174 is 2.18234e-06
The norm of iteration 5-175 is 2.06489e-06
The norm of iteration 5-176 is 1.95377e-06
The norm of iteration 5-177 is 1.84862e-06
The norm of iteration 5-178 is 1.74914e-06
The norm of iteration 5-179 is 1.655e-06
The norm of iteration 5-180 is 1.56594e-06
The norm of iteration 5-181 is 1.48166e-06
The norm of iteration 5-182 is 1.40192e-06
The norm of iteration 5-183 is 1.32648e-06
The norm of iteration 5-184 is 1.25509e-06
The norm of iteration 5-185 is 1.18755e-06
The norm of iteration 5-186 is 1.12364e-06
The norm of iteration 5-187 is 1.06317e-06
The norm of iteration 5-188 is 1.00595e-06
The norm of iteration 5-189 is 9.51813e-07
The norm of iteration 6-0 is 0.584854
The norm of iteration 6-1 is 0.112481
The norm of iteration 6-2 is 0.275151
The norm of iteration 6-3 is 0.146248
The norm of iteration 6-4 is 0.18773
The norm of iteration 6-5 is 0.146366
The norm of iteration 6-6 is 0.153004
The norm of iteration 6-7 is 0.135868
The norm of iteration 6-8 is 0.132818
The norm of iteration 6-9 is 0.123089
The norm of iteration 6-10 is 0.117711
The norm of iteration 6-11 is 0.110622
The norm of iteration 6-12 is 0.105031
The norm of iteration 6-13 is 0.0991567
The norm of iteration 6-14 is 0.0939253
The norm of iteration 6-15 is 0.0888048
The norm of iteration 6-16 is 0.0840556
The norm of iteration 6-17 is 0.0795123
The norm of iteration 6-18 is 0.0752416
The norm of iteration 6-19 is 0.0711864
The norm of iteration 6-20 is 0.0673576
The norm of iteration 6-21 is 0.0637307
The norm of iteration 6-22 is 0.0603015
The norm of iteration 6-23 is 0.0570556
The norm of iteration 6-24 is 0.0539851
The norm of iteration 6-25 is 0.0510795
The norm of iteration 6-26 is 0.0483305
The norm of iteration 6-27 is 0.0457294
The norm of iteration 6-28 is 0.0432683
The norm of iteration 6-29 is 0.0409397
The norm of iteration 6-30 is 0.0387364
The norm of iteration 6-31 is 0.0366516
The norm of iteration 6-32 is 0.0346791
The norm of iteration 6-33 is 0.0328127
The norm of iteration 6-34 is 0.0310468
The norm of iteration 6-35 is 0.0293759
The norm of iteration 6-36 is 0.0277949
The norm of iteration 6-37 is 0.026299
The norm of iteration 6-38 is 0.0248837
The norm of iteration 6-39 is 0.0235445
The norm of iteration 6-40 is 0.0222773
The norm of iteration 6-41 is 0.0210784
The norm of iteration 6-42 is 0.019944
The norm of iteration 6-43 is 0.0188706
The norm of iteration 6-44 is 0.017855
The norm of iteration 6-45 is 0.0168941
The norm of iteration 6-46 is 0.0159849
The norm of iteration 6-47 is 0.0151246
The norm of iteration 6-48 is 0.0143106
The norm of iteration 6-49 is 0.0135405
The norm of iteration 6-50 is 0.0128117
The norm of iteration 6-51 is 0.0121222
The norm of iteration 6-52 is 0.0114698
The norm of iteration 6-53 is 0.0108525
The norm of iteration 6-54 is 0.0102685
The norm of iteration 6-55 is 0.00971583
The norm of iteration 6-56 is 0.00919294
The norm of iteration 6-57 is 0.00869819
The norm of iteration 6-58 is 0.00823006
The norm of iteration 6-59 is 0.00778713
The norm of iteration 6-60 is 0.00736804
The norm of iteration 6-61 is 0.0069715
The norm of iteration 6-62 is 0.00659631
The norm of iteration 6-63 is 0.00624131
The norm of iteration 6-64 is 0.00590541
The norm of iteration 6-65 is 0.00558759
The norm of iteration 6-66 is 0.00528687
The norm of iteration 6-67 is 0.00500234
The norm of iteration 6-68 is 0.00473312
The norm of iteration 6-69 is 0.00447839
The norm of iteration 6-70 is 0.00423737
The norm of iteration 6-71 is 0.00400932
The norm of iteration 6-72 is 0.00379355
The norm of iteration 6-73 is 0.00358938
The norm of iteration 6-74 is 0.00339621
The norm of iteration 6-75 is 0.00321343
The norm of iteration 6-76 is 0.00304049
The norm of iteration 6-77 is 0.00287685
The norm of iteration 6-78 is 0.00272203
The norm of iteration 6-79 is 0.00257553
The norm of iteration 6-80 is 0.00243692
The norm of iteration 6-81 is 0.00230577
The norm of iteration 6-82 is 0.00218167
The norm of iteration 6-83 is 0.00206426
The norm of iteration 6-84 is 0.00195316
The norm of iteration 6-85 is 0.00184805
The norm of iteration 6-86 is 0.00174859
The norm of iteration 6-87 is 0.00165448
The norm of iteration 6-88 is 0.00156544
The norm of iteration 6-89 is 0.00148119
The norm of iteration 6-90 is 0.00140148
The norm of iteration 6-91 is 0.00132605
The norm of iteration 6-92 is 0.00125468
The norm of iteration 6-93 is 0.00118716
The norm of iteration 6-94 is 0.00112327
The norm of iteration 6-95 is 0.00106282
The norm of iteration 6-96 is 0.00100562
The norm of iteration 6-97 is 0.000951496
The norm of iteration 6-98 is 0.000900287
The norm of iteration 6-99 is 0.000851835
The norm of iteration 6-100 is 0.000805991
The norm of iteration 6-101 is 0.000762614
The norm of iteration 6-102 is 0.000721571
The norm of iteration 6-103 is 0.000682737
The norm of iteration 6-104 is 0.000645993
The norm of iteration 6-105 is 0.000611227
The norm of iteration 6-106 is 0.000578331
The norm of iteration 6-107 is 0.000547207
The norm of iteration 6-108 is 0.000517757
The norm of iteration 6-109 is 0.000489892
The norm of iteration 6-110 is 0.000463527
The norm of iteration 6-111 is 0.00043858
The norm of iteration 6-112 is 0.000414977
The norm of iteration 6-113 is 0.000392643
The norm of iteration 6-114 is 0.000371512
The norm of iteration 6-115 is 0.000351517
The norm of iteration 6-116 is 0.000332599
The norm of iteration 6-117 is 0.000314699
The norm of iteration 6-118 is 0.000297763
The norm of iteration 6-119 is 0.000281738
The norm of iteration 6-120 is 0.000266575
The norm of iteration 6-121 is 0.000252228
The norm of iteration 6-122 is 0.000238654
The norm of iteration 6-123 is 0.00022581
The norm of iteration 6-124 is 0.000213657
The norm of iteration 6-125 is 0.000202158
The norm of iteration 6-126 is 0.000191278
The norm of iteration 6-127 is 0.000180984
The norm of iteration 6-128 is 0.000171244
The norm of iteration 6-129 is 0.000162028
The norm of iteration 6-130 is 0.000153308
The norm of iteration 6-131 is 0.000145057
The norm of iteration 6-132 is 0.00013725
The norm of iteration 6-133 is 0.000129863
The norm of iteration 6-134 is 0.000122874
The norm of iteration 6-135 is 0.000116261
The norm of iteration 6-136 is 0.000110004
The norm of iteration 6-137 is 0.000104084
The norm of iteration 6-138 is 9.84825e-05
The norm of iteration 6-139 is 9.31824e-05
The norm of iteration 6-140 is 8.81674e-05
The norm of iteration 6-141 is 8.34224e-05
The norm of iteration 6-142 is 7.89327e-05
The norm of iteration 6-143 is 7.46847e-05
The norm of iteration 6-144 is 7.06653e-05
The norm of iteration 6-145 is 6.68622e-05
The norm of iteration 6-146 is 6.32637e-05
The norm of iteration 6-147 is 5.9859e-05
The norm of iteration 6-148 is 5.66375e-05
The norm of iteration 6-149 is 5.35893e-05
The norm of iteration 6-150 is 5.07052e-05
The norm of iteration 6-151 is 4.79763e-05
The norm of iteration 6-152 is 4.53943e-05
The norm of iteration 6-153 is 4.29513e-05
The norm of iteration 6-154 is 4.06397e-05
The norm of iteration 6-155 is 3.84525e-05
The norm of iteration 6-156 is 3.63831e-05
The norm of iteration 6-157 is 3.4425e-05
The norm of iteration 6-158 is 3.25723e-05
The norm of iteration 6-159 is 3.08193e-05
The norm of iteration 6-160 is 2.91606e-05
The norm of iteration 6-161 is 2.75913e-05
The norm of iteration 6-162 is 2.61063e-05
The norm of iteration 6-163 is 2.47013e-05
The norm of iteration 6-164 is 2.3372e-05
The norm of iteration 6-165 is 2.21141e-05
The norm of iteration 6-166 is 2.0924e-05
The norm of iteration 6-167 is 1.97979e-05
The norm of iteration 6-168 is 1.87324e-05
The norm of iteration 6-169 is 1.77242e-05
The norm of iteration 6-170 is 1.67703e-05
The norm of iteration 6-171 is 1.58678e-05
The norm of iteration 6-172 is 1.50138e-05
The norm of iteration 6-173 is 1.42058e-05
The norm of iteration 6-174 is 1.34412e-05
The norm of iteration 6-175 is 1.27179e-05
The norm of iteration 6-176 is 1.20334e-05
The norm of iteration 6-177 is 1.13858e-05
The norm of iteration 6-178 is 1.0773e-05
The norm of iteration 6-179 is 1.01932e-05
The norm of iteration 6-180 is 9.64464e-06
The norm of iteration 6-181 is 9.12558e-06
The norm of iteration 6-182 is 8.63446e-06
The norm of iteration 6-183 is 8.16976e-06
The norm of iteration 6-184 is 7.73008e-06
The norm of iteration 6-185 is 7.31406e-06
The norm of iteration 6-186 is 6.92043e-06
The norm of iteration 6-187 is 6.54798e-06
The norm of iteration 6-188 is 6.19558e-06
The norm of iteration 6-189 is 5.86214e-06
The norm of iteration 6-190 is 5.54665e-06
The norm of iteration 6-191 is 5.24814e-06
The norm of iteration 6-192 is 4.96569e-06
The norm of iteration 6-193 is 4.69844e-06
The norm of iteration 6-194 is 4.44558e-06
The norm of iteration 6-195 is 4.20633e-06
The norm of iteration 6-196 is 3.97995e-06
The norm of iteration 6-197 is 3.76575e-06
The norm of iteration 6-198 is 3.56309e-06
The norm of iteration 6-199 is 3.37133e-06
The norm of iteration 6-200 is 3.18989e-06
The norm of iteration 6-201 is 3.01821e-06
The norm of iteration 6-202 is 2.85578e-06
The norm of iteration 6-203 is 2.70208e-06
The norm of iteration 6-204 is 2.55666e-06
The norm of iteration 6-205 is 2.41906e-06
The norm of iteration 6-206 is 2.28887e-06
The norm of iteration 6-207 is 2.16569e-06
The norm of iteration 6-208 is 2.04914e-06
The norm of iteration 6-209 is 1.93885e-06
The norm of iteration 6-210 is 1.83451e-06
The norm of iteration 6-211 is 1.73578e-06
The norm of iteration 6-212 is 1.64236e-06
The norm of iteration 6-213 is 1.55397e-06
The norm of iteration 6-214 is 1.47034e-06
The norm of iteration 6-215 is 1.39121e-06
The norm of iteration 6-216 is 1.31633e-06
The norm of iteration 6-217 is 1.24549e-06
The norm of iteration 6-218 is 1.17846e-06
The norm of iteration 6-219 is 1.11504e-06
The norm of iteration 6-220 is 1.05503e-06
The norm of iteration 6-221 is 9.98248e-07
The norm of iteration 7-0 is 1.17723
The norm of iteration 7-1 is 0.131358
The norm of iteration 7-2 is 0.474968
The norm of iteration 7-3 is 0.200584
The norm of iteration 7-4 is 0.292117
The norm of iteration 7-5 is 0.20925
The norm of iteration 7-6 is 0.227983
The norm of iteration 7-7 is 0.196693
The norm of iteration 7-8 is 0.194881
The norm of iteration 7-9 is 0.178863
The norm of iteration 7-10 is 0.171782
The norm of iteration 7-11 is 0.160905
The norm of iteration 7-12 is 0.152973
The norm of iteration 7-13 is 0.14425
The norm of iteration 7-14 is 0.136689
The norm of iteration 7-15 is 0.129181
The norm of iteration 7-16 is 0.12228
The norm of iteration 7-17 is 0.115649
The norm of iteration 7-18 is 0.109434
The norm of iteration 7-19 is 0.103525
The norm of iteration 7-20 is 0.097952
The norm of iteration 7-21 is 0.0926708
The norm of iteration 7-22 is 0.0876793
The norm of iteration 7-23 is 0.0829544
The norm of iteration 7-24 is 0.0784856
The norm of iteration 7-25 is 0.0742569
The norm of iteration 7-26 is 0.0702565
The norm of iteration 7-27 is 0.0664715
The norm of iteration 7-28 is 0.0628904
The norm of iteration 7-29 is 0.0595023
The norm of iteration 7-30 is 0.0562967
The norm of iteration 7-31 is 0.0532639
The norm of iteration 7-32 is 0.0503944
The norm of iteration 7-33 is 0.0476795
The norm of iteration 7-34 is 0.0451109
The norm of iteration 7-35 is 0.0426806
The norm of iteration 7-36 is 0.0403813
The norm of iteration 7-37 is 0.0382059
The norm of iteration 7-38 is 0.0361476
The norm of iteration 7-39 is 0.0342003
The norm of iteration 7-40 is 0.0323578
The norm of iteration 7-41 is 0.0306146
The norm of iteration 7-42 is 0.0289653
The norm of iteration 7-43 is 0.0274049
The norm of iteration 7-44 is 0.0259285
The norm of iteration 7-45 is 0.0245317
The norm of iteration 7-46 is 0.0232101
The norm of iteration 7-47 is 0.0219597
The norm of iteration 7-48 is 0.0207767
The norm of iteration 7-49 is 0.0196574
The norm of iteration 7-50 is 0.0185984
The norm of iteration 7-51 is 0.0175964
The norm of iteration 7-52 is 0.0166485
The norm of iteration 7-53 is 0.0157516
The norm of iteration 7-54 is 0.014903
The norm of iteration 7-55 is 0.0141001
The norm of iteration 7-56 is 0.0133405
The norm of iteration 7-57 is 0.0126218
The norm of iteration 7-58 is 0.0119419
The norm of iteration 7-59 is 0.0112985
The norm of iteration 7-60 is 0.0106899
The norm of iteration 7-61 is 0.010114
The norm of iteration 7-62 is 0.0095691
The norm of iteration 7-63 is 0.00905359
The norm of iteration 7-64 is 0.00856585
The norm of iteration 7-65 is 0.00810438
The norm of iteration 7-66 is 0.00766778
The norm of iteration 7-67 is 0.0072547
The norm of iteration 7-68 is 0.00686387
The norm of iteration 7-69 is 0.00649409
The norm of iteration 7-70 is 0.00614424
The norm of iteration 7-71 is 0.00581323
The norm of iteration 7-72 is 0.00550006
The norm of iteration 7-73 is 0.00520376
The norm of iteration 7-74 is 0.00492342
The norm of iteration 7-75 is 0.00465818
The norm of iteration 7-76 is 0.00440723
The norm of iteration 7-77 is 0.0041698
The norm of iteration 7-78 is 0.00394517
The norm of iteration 7-79 is 0.00373263
The norm of iteration 7-80 is 0.00353154
The norm of iteration 7-81 is 0.00334129
The norm of iteration 7-82 is 0.00316129
The norm of iteration 7-83 is 0.00299098
The norm of iteration 7-84 is 0.00282985
The norm of iteration 7-85 is 0.0026774
The norm of iteration 7-86 is 0.00253316
The norm of iteration 7-87 is 0.00239669
The norm of iteration 7-88 is 0.00226757
The norm of iteration 7-89 is 0.00214541
The norm of iteration 7-90 is 0.00202984
The norm of iteration 7-91 is 0.00192048
The norm of iteration 7-92 is 0.00181702
The norm of iteration 7-93 is 0.00171913
The norm of iteration 7-94 is 0.00162652
The norm of iteration 7-95 is 0.0015389
The norm of iteration 7-96 is 0.00145599
The norm of iteration 7-97 is 0.00137755
The norm of iteration 7-98 is 0.00130334
The norm of iteration 7-99 is 0.00123313
The norm of iteration 7-100 is 0.00116669
The norm of iteration 7-101 is 0.00110384
The norm of iteration 7-102 is 0.00104438
The norm of iteration 7-103 is 0.000988112
The norm of iteration 7-104 is 0.00093488
The norm of iteration 7-105 is 0.000884516
The norm of iteration 7-106 is 0.000836864
The norm of iteration 7-107 is 0.00079178
The norm of iteration 7-108 is 0.000749125
The norm of iteration 7-109 is 0.000708768
The norm of iteration 7-110 is 0.000670585
The norm of iteration 7-111 is 0.000634459
The norm of iteration 7-112 is 0.000600279
The norm of iteration 7-113 is 0.00056794
The norm of iteration 7-114 is 0.000537344
The norm of iteration 7-115 is 0.000508396
The norm of iteration 7-116 is 0.000481007
The norm of iteration 7-117 is 0.000455094
The norm of iteration 7-118 is 0.000430577
The norm of iteration 7-119 is 0.000407381
The norm of iteration 7-120 is 0.000385434
The norm of iteration 7-121 is 0.00036467
The norm of iteration 7-122 is 0.000345024
The norm of iteration 7-123 is 0.000326437
The norm of iteration 7-124 is 0.000308851
The norm of iteration 7-125 is 0.000292212
The norm of iteration 7-126 is 0.00027647
The norm of iteration 7-127 is 0.000261576
The norm of iteration 7-128 is 0.000247484
The norm of iteration 7-129 is 0.000234151
The norm of iteration 7-130 is 0.000221537
The norm of iteration 7-131 is 0.000209602
The norm of iteration 7-132 is 0.000198311
The norm of iteration 7-133 is 0.000187627
The norm of iteration 7-134 is 0.000177519
The norm of iteration 7-135 is 0.000167956
The norm of iteration 7-136 is 0.000158907
The norm of iteration 7-137 is 0.000150347
The norm of iteration 7-138 is 0.000142247
The norm of iteration 7-139 is 0.000134584
The norm of iteration 7-140 is 0.000127334
The norm of iteration 7-141 is 0.000120474
The norm of iteration 7-142 is 0.000113984
The norm of iteration 7-143 is 0.000107843
The norm of iteration 7-144 is 0.000102033
The norm of iteration 7-145 is 9.65364e-05
The norm of iteration 7-146 is 9.13357e-05
The norm of iteration 7-147 is 8.64152e-05
The norm of iteration 7-148 is 8.17598e-05
The norm of iteration 7-149 is 7.73552e-05
The norm of iteration 7-150 is 7.31879e-05
The norm of iteration 7-151 is 6.92451e-05
The norm of iteration 7-152 is 6.55147e-05
The norm of iteration 7-153 is 6.19852e-05
The norm of iteration 7-154 is 5.86459e-05
The norm of iteration 7-155 is 5.54865e-05
The norm of iteration 7-156 is 5.24973e-05
The norm of iteration 7-157 is 4.96691e-05
The norm of iteration 7-158 is 4.69933e-05
The norm of iteration 7-159 is 4.44617e-05
The norm of iteration 7-160 is 4.20664e-05
The norm of iteration 7-161 is 3.98002e-05
The norm of iteration 7-162 is 3.76561e-05
The norm of iteration 7-163 is 3.56274e-05
The norm of iteration 7-164 is 3.37081e-05
The norm of iteration 7-165 is 3.18922e-05
The norm of iteration 7-166 is 3.0174e-05
The norm of iteration 7-167 is 2.85485e-05
The norm of iteration 7-168 is 2.70105e-05
The norm of iteration 7-169 is 2.55554e-05
The norm of iteration 7-170 is 2.41786e-05
The norm of iteration 7-171 is 2.28761e-05
The norm of iteration 7-172 is 2.16437e-05
The norm of iteration 7-173 is 2.04777e-05
The norm of iteration 7-174 is 1.93745e-05
The norm of iteration 7-175 is 1.83307e-05
The norm of iteration 7-176 is 1.73432e-05
The norm of iteration 7-177 is 1.64089e-05
The norm of iteration 7-178 is 1.55249e-05
The norm of iteration 7-179 is 1.46885e-05
The norm of iteration 7-180 is 1.38972e-05
The norm of iteration 7-181 is 1.31486e-05
The norm of iteration 7-182 is 1.24402e-05
The norm of iteration 7-183 is 1.177e-05
The norm of iteration 7-184 is 1.11359e-05
The norm of iteration 7-185 is 1.0536e-05
The norm of iteration 7-186 is 9.96842e-06
The norm of iteration 7-187 is 9.43139e-06
The norm of iteration 7-188 is 8.9233e-06
The norm of iteration 7-189 is 8.44258e-06
The norm of iteration 7-190 is 7.98776e-06
The norm of iteration 7-191 is 7.55744e-06
The norm of iteration 7-192 is 7.1503e-06
The norm of iteration 7-193 is 6.76509e-06
The norm of iteration 7-194 is 6.40064e-06
The norm of iteration 7-195 is 6.05582e-06
The norm of iteration 7-196 is 5.72958e-06
The norm of iteration 7-197 is 5.42091e-06
The norm of iteration 7-198 is 5.12887e-06
The norm of iteration 7-199 is 4.85257e-06
The norm of iteration 7-200 is 4.59115e-06
The norm of iteration 7-201 is 4.34381e-06
The norm of iteration 7-202 is 4.1098e-06
The norm of iteration 7-203 is 3.88839e-06
The norm of iteration 7-204 is 3.67891e-06
The norm of iteration 7-205 is 3.48072e-06
The norm of iteration 7-206 is 3.29321e-06
The norm of iteration 7-207 is 3.11579e-06
The norm of iteration 7-208 is 2.94794e-06
The norm of iteration 7-209 is 2.78912e-06
The norm of iteration 7-210 is 2.63887e-06
The norm of iteration 7-211 is 2.4967e-06
The norm of iteration 7-212 is 2.3622e-06
The norm of iteration 7-213 is 2.23494e-06
The norm of iteration 7-214 is 2.11454e-06
The norm of iteration 7-215 is 2.00063e-06
The norm of iteration 7-216 is 1.89285e-06
The norm of iteration 7-217 is 1.79087e-06
The norm of iteration 7-218 is 1.6944e-06
The norm of iteration 7-219 is 1.60311e-06
The norm of iteration 7-220 is 1.51675e-06
The norm of iteration 7-221 is 1.43504e-06
The norm of iteration 7-222 is 1.35773e-06
The norm of iteration 7-223 is 1.28459e-06
The norm of iteration 7-224 is 1.21538e-06
The norm of iteration 7-225 is 1.14991e-06
The norm of iteration 7-226 is 1.08796e-06
The norm of iteration 7-227 is 1.02935e-06
The norm of iteration 7-228 is 9.73893e-07
The norm of iteration 8-0 is 1.32997
The norm of iteration 8-1 is 0.109491
The norm of iteration 8-2 is 0.495645
The norm of iteration 8-3 is 0.180078
The norm of iteration 8-4 is 0.285382
The norm of iteration 8-5 is 0.19257
The norm of iteration 8-6 is 0.21581
The norm of iteration 8-7 is 0.182283
The norm of iteration 8-8 is 0.182236
The norm of iteration 8-9 is 0.166018
The norm of iteration 8-10 is 0.159869
The norm of iteration 8-11 is 0.149338
The norm of iteration 8-12 is 0.142064
The norm of iteration 8-13 is 0.133812
The norm of iteration 8-14 is 0.126795
The norm of iteration 8-15 is 0.119761
The norm of iteration 8-16 is 0.113339
The norm of iteration 8-17 is 0.107151
The norm of iteration 8-18 is 0.101367
The norm of iteration 8-19 is 0.0958628
The norm of iteration 8-20 is 0.0906769
The norm of iteration 8-21 is 0.085763
The norm of iteration 8-22 is 0.0811207
The norm of iteration 8-23 is 0.0767278
The norm of iteration 8-24 is 0.072574
The norm of iteration 8-25 is 0.0686448
The norm of iteration 8-26 is 0.0649286
The norm of iteration 8-27 is 0.0614136
The norm of iteration 8-28 is 0.0580889
The norm of iteration 8-29 is 0.0549443
The norm of iteration 8-30 is 0.0519698
The norm of iteration 8-31 is 0.0491566
The norm of iteration 8-32 is 0.0464954
The norm of iteration 8-33 is 0.0439785
The norm of iteration 8-34 is 0.0415977
The norm of iteration 8-35 is 0.0393459
The norm of iteration 8-36 is 0.0372159
The norm of iteration 8-37 is 0.0352013
The norm of iteration 8-38 is 0.0332957
The norm of iteration 8-39 is 0.0314933
The norm of iteration 8-40 is 0.0297884
The norm of iteration 8-41 is 0.0281759
The norm of iteration 8-42 is 0.0266506
The norm of iteration 8-43 is 0.0252079
The norm of iteration 8-44 is 0.0238433
The norm of iteration 8-45 is 0.0225526
The norm of iteration 8-46 is 0.0213317
The norm of iteration 8-47 is 0.0201769
The norm of iteration 8-48 is 0.0190847
The norm of iteration 8-49 is 0.0180516
The norm of iteration 8-50 is 0.0170743
The norm of iteration 8-51 is 0.0161501
The norm of iteration 8-52 is 0.0152758
The norm of iteration 8-53 is 0.0144489
The norm of iteration 8-54 is 0.0136667
The norm of iteration 8-55 is 0.0129268
The norm of iteration 8-56 is 0.0122271
The norm of iteration 8-57 is 0.0115652
The norm of iteration 8-58 is 0.0109391
The norm of iteration 8-59 is 0.0103469
The norm of iteration 8-60 is 0.0097868
The norm of iteration 8-61 is 0.00925701
The norm of iteration 8-62 is 0.00875589
The norm of iteration 8-63 is 0.0082819
The norm of iteration 8-64 is 0.00783356
The norm of iteration 8-65 is 0.00740951
The norm of iteration 8-66 is 0.0070084
The norm of iteration 8-67 is 0.00662901
The norm of iteration 8-68 is 0.00627015
The norm of iteration 8-69 is 0.00593073
The norm of iteration 8-70 is 0.00560967
The norm of iteration 8-71 is 0.005306
The norm of iteration 8-72 is 0.00501876
The norm of iteration 8-73 is 0.00474708
The norm of iteration 8-74 is 0.0044901
The norm of iteration 8-75 is 0.00424704
The norm of iteration 8-76 is 0.00401713
The norm of iteration 8-77 is 0.00379966
The norm of iteration 8-78 is 0.00359397
The norm of iteration 8-79 is 0.00339942
The norm of iteration 8-80 is 0.00321539
The norm of iteration 8-81 is 0.00304133
The norm of iteration 8-82 is 0.00287669
The norm of iteration 8-83 is 0.00272097
The norm of iteration 8-84 is 0.00257367
The norm of iteration 8-85 is 0.00243435
The norm of iteration 8-86 is 0.00230257
The norm of iteration 8-87 is 0.00217792
The norm of iteration 8-88 is 0.00206002
The norm of iteration 8-89 is 0.0019485
The norm of iteration 8-90 is 0.00184302
The norm of iteration 8-91 is 0.00174325
The norm of iteration 8-92 is 0.00164888
The norm of iteration 8-93 is 0.00155962
The norm of iteration 8-94 is 0.0014752
The norm of iteration 8-95 is 0.00139534
The norm of iteration 8-96 is 0.0013198
The norm of iteration 8-97 is 0.00124836
The norm of iteration 8-98 is 0.00118078
The norm of iteration 8-99 is 0.00111686
The norm of iteration 8-100 is 0.0010564
The norm of iteration 8-101 is 0.000999211
The norm of iteration 8-102 is 0.00094512
The norm of iteration 8-103 is 0.000893957
The norm of iteration 8-104 is 0.000845563
The norm of iteration 8-105 is 0.00079979
The norm of iteration 8-106 is 0.000756494
The norm of iteration 8-107 is 0.000715542
The norm of iteration 8-108 is 0.000676807
The norm of iteration 8-109 is 0.000640169
The norm of iteration 8-110 is 0.000605514
The norm of iteration 8-111 is 0.000572735
The norm of iteration 8-112 is 0.000541731
The norm of iteration 8-113 is 0.000512405
The norm of iteration 8-114 is 0.000484666
The norm of iteration 8-115 is 0.000458429
The norm of iteration 8-116 is 0.000433613
The norm of iteration 8-117 is 0.00041014
The norm of iteration 8-118 is 0.000387937
The norm of iteration 8-119 is 0.000366937
The norm of iteration 8-120 is 0.000347073
The norm of iteration 8-121 is 0.000328285
The norm of iteration 8-122 is 0.000310513
The norm of iteration 8-123 is 0.000293704
The norm of iteration 8-124 is 0.000277805
The norm of iteration 8-125 is 0.000262766
The norm of iteration 8-126 is 0.000248541
The norm of iteration 8-127 is 0.000235087
The norm of iteration 8-128 is 0.000222361
The norm of iteration 8-129 is 0.000210324
The norm of iteration 8-130 is 0.000198938
The norm of iteration 8-131 is 0.000188169
The norm of iteration 8-132 is 0.000177982
The norm of iteration 8-133 is 0.000168347
The norm of iteration 8-134 is 0.000159234
The norm of iteration 8-135 is 0.000150614
The norm of iteration 8-136 is 0.000142461
The norm of iteration 8-137 is 0.000134749
The norm of iteration 8-138 is 0.000127454
The norm of iteration 8-139 is 0.000120555
The norm of iteration 8-140 is 0.000114029
The norm of iteration 8-141 is 0.000107856
The norm of iteration 8-142 is 0.000102017
The norm of iteration 8-143 is 9.64946e-05
The norm of iteration 8-144 is 9.1271e-05
The norm of iteration 8-145 is 8.63302e-05
The norm of iteration 8-146 is 8.16568e-05
The norm of iteration 8-147 is 7.72364e-05
The norm of iteration 8-148 is 7.30553e-05
The norm of iteration 8-149 is 6.91005e-05
The norm of iteration 8-150 is 6.53598e-05
The norm of iteration 8-151 is 6.18216e-05
The norm of iteration 8-152 is 5.8475e-05
The norm of iteration 8-153 is 5.53095e-05
The norm of iteration 8-154 is 5.23154e-05
The norm of iteration 8-155 is 4.94834e-05
The norm of iteration 8-156 is 4.68046e-05
The norm of iteration 8-157 is 4.42709e-05
The norm of iteration 8-158 is 4.18744e-05
The norm of iteration 8-159 is 3.96075e-05
The norm of iteration 8-160 is 3.74634e-05
The norm of iteration 8-161 is 3.54354e-05
The norm of iteration 8-162 is 3.35171e-05
The norm of iteration 8-163 is 3.17027e-05
The norm of iteration 8-164 is 2.99865e-05
The norm of iteration 8-165 is 2.83632e-05
The norm of iteration 8-166 is 2.68278e-05
The norm of iteration 8-167 is 2.53755e-05
The norm of iteration 8-168 is 2.40019e-05
The norm of iteration 8-169 is 2.27025e-05
The norm of iteration 8-170 is 2.14736e-05
The norm of iteration 8-171 is 2.03111e-05
The norm of iteration 8-172 is 1.92116e-05
The norm of iteration 8-173 is 1.81716e-05
The norm of iteration 8-174 is 1.71879e-05
The norm of iteration 8-175 is 1.62575e-05
The norm of iteration 8-176 is 1.53774e-05
The norm of iteration 8-177 is 1.45449e-05
The norm of iteration 8-178 is 1.37576e-05
The norm of iteration 8-179 is 1.30128e-05
The norm of iteration 8-180 is 1.23084e-05
The norm of iteration 8-181 is 1.16421e-05
The norm of iteration 8-182 is 1.10118e-05
The norm of iteration 8-183 is 1.04157e-05
The norm of iteration 8-184 is 9.85189e-06
The norm of iteration 8-185 is 9.31857e-06
The norm of iteration 8-186 is 8.81412e-06
The norm of iteration 8-187 is 8.33698e-06
The norm of iteration 8-188 is 7.88566e-06
The norm of iteration 8-189 is 7.45878e-06
The norm of iteration 8-190 is 7.05501e-06
The norm of iteration 8-191 is 6.67309e-06
The norm of iteration 8-192 is 6.31185e-06
The norm of iteration 8-193 is 5.97017e-06
The norm of iteration 8-194 is 5.64698e-06
The norm of iteration 8-195 is 5.34129e-06
The norm of iteration 8-196 is 5.05214e-06
The norm of iteration 8-197 is 4.77865e-06
The norm of iteration 8-198 is 4.51996e-06
The norm of iteration 8-199 is 4.27528e-06
The norm of iteration 8-200 is 4.04384e-06
The norm of iteration 8-201 is 3.82493e-06
The norm of iteration 8-202 is 3.61787e-06
The norm of iteration 8-203 is 3.42203e-06
The norm of iteration 8-204 is 3.23678e-06
The norm of iteration 8-205 is 3.06156e-06
The norm of iteration 8-206 is 2.89582e-06
The norm of iteration 8-207 is 2.73906e-06
The norm of iteration 8-208 is 2.59079e-06
The norm of iteration 8-209 is 2.45054e-06
The norm of iteration 8-210 is 2.31788e-06
The norm of iteration 8-211 is 2.1924e-06
The norm of iteration 8-212 is 2.07372e-06
The norm of iteration 8-213 is 1.96146e-06
The norm of iteration 8-214 is 1.85528e-06
The norm of iteration 8-215 is 1.75485e-06
The norm of iteration 8-216 is 1.65985e-06
The norm of iteration 8-217 is 1.57e-06
The norm of iteration 8-218 is 1.48501e-06
The norm of iteration 8-219 is 1.40462e-06
The norm of iteration 8-220 is 1.32858e-06
The norm of iteration 8-221 is 1.25666e-06
The norm of iteration 8-222 is 1.18863e-06
The norm of iteration 8-223 is 1.12429e-06
The norm of iteration 8-224 is 1.06342e-06
The norm of iteration 8-225 is 1.00586e-06
The norm of iteration 8-226 is 9.51405e-07
The norm of iteration 9-0 is 0.979806
The norm of iteration 9-1 is 0.0638601
The norm of iteration 9-2 is 0.328589
The norm of iteration 9-3 is 0.0933679
The norm of iteration 9-4 is 0.170129
The norm of iteration 9-5 is 0.102869
The norm of iteration 9-6 is 0.121268
The norm of iteration 9-7 is 0.0982883
The norm of iteration 9-8 is 0.0998943
The norm of iteration 9-9 is 0.0896542
The norm of iteration 9-10 is 0.0867518
The norm of iteration 9-11 is 0.0805869
The norm of iteration 9-12 is 0.0767447
The norm of iteration 9-13 is 0.0721219
The norm of iteration 9-14 is 0.0683361
The norm of iteration 9-15 is 0.0644724
The norm of iteration 9-16 is 0.0609925
The norm of iteration 9-17 is 0.0576217
The norm of iteration 9-18 is 0.0544861
The norm of iteration 9-19 is 0.0514992
The norm of iteration 9-20 is 0.0486906
The norm of iteration 9-21 is 0.0460293
The norm of iteration 9-22 is 0.0435176
The norm of iteration 9-23 is 0.0411417
The norm of iteration 9-24 is 0.0388966
The norm of iteration 9-25 is 0.0367738
The norm of iteration 9-26 is 0.0347672
The norm of iteration 9-27 is 0.0328701
The norm of iteration 9-28 is 0.0310765
The norm of iteration 9-29 is 0.029381
The norm of iteration 9-30 is 0.0277778
The norm of iteration 9-31 is 0.0262623
The norm of iteration 9-32 is 0.0248293
The norm of iteration 9-33 is 0.0234746
The norm of iteration 9-34 is 0.0221938
The norm of iteration 9-35 is 0.0209829
The norm of iteration 9-36 is 0.0198381
The norm of iteration 9-37 is 0.0187557
The norm of iteration 9-38 is 0.0177324
The norm of iteration 9-39 is 0.0167649
The norm of iteration 9-40 is 0.0158502
The norm of iteration 9-41 is 0.0149854
The norm of iteration 9-42 is 0.0141678
The norm of iteration 9-43 is 0.0133948
The norm of iteration 9-44 is 0.012664
The norm of iteration 9-45 is 0.011973
The norm of iteration 9-46 is 0.0113198
The norm of iteration 9-47 is 0.0107022
The norm of iteration 9-48 is 0.0101182
The norm of iteration 9-49 is 0.0095662
The norm of iteration 9-50 is 0.00904425
The norm of iteration 9-51 is 0.0085508
The norm of iteration 9-52 is 0.00808426
The norm of iteration 9-53 is 0.00764319
The norm of iteration 9-54 is 0.00722617
The norm of iteration 9-55 is 0.00683191
The norm of iteration 9-56 is 0.00645916
The norm of iteration 9-57 is 0.00610674
The norm of iteration 9-58 is 0.00577356
The norm of iteration 9-59 is 0.00545855
The norm of iteration 9-60 is 0.00516073
The norm of iteration 9-61 is 0.00487916
The norm of iteration 9-62 is 0.00461295
The norm of iteration 9-63 is 0.00436127
The norm of iteration 9-64 is 0.00412331
The norm of iteration 9-65 is 0.00389835
The norm of iteration 9-66 is 0.00368565
The norm of iteration 9-67 is 0.00348456
The norm of iteration 9-68 is 0.00329444
The norm of iteration 9-69 is 0.0031147
The norm of iteration 9-70 is 0.00294476
The norm of iteration 9-71 is 0.00278409
The norm of iteration 9-72 is 0.00263219
The norm of iteration 9-73 is 0.00248858
The norm of iteration 9-74 is 0.0023528
The norm of iteration 9-75 is 0.00222443
The norm of iteration 9-76 is 0.00210306
The norm of iteration 9-77 is 0.00198832
The norm of iteration 9-78 is 0.00187984
The norm of iteration 9-79 is 0.00177727
The norm of iteration 9-80 is 0.0016803
The norm of iteration 9-81 is 0.00158863
The norm of iteration 9-82 is 0.00150195
The norm of iteration 9-83 is 0.00142
The norm of iteration 9-84 is 0.00134253
The norm of iteration 9-85 is 0.00126928
The norm of iteration 9-86 is 0.00120003
The norm of iteration 9-87 is 0.00113455
The norm of iteration 9-88 is 0.00107265
The norm of iteration 9-89 is 0.00101413
The norm of iteration 9-90 is 0.000958795
The norm of iteration 9-91 is 0.000906483
The norm of iteration 9-92 is 0.000857025
The norm of iteration 9-93 is 0.000810265
The norm of iteration 9-94 is 0.000766057
The norm of iteration 9-95 is 0.000724261
The norm of iteration 9-96 is 0.000684745
The norm of iteration 9-97 is 0.000647385
The norm of iteration 9-98 is 0.000612063
The norm of iteration 9-99 is 0.000578669
The norm of iteration 9-100 is 0.000547097
The norm of iteration 9-101 is 0.000517247
The norm of iteration 9-102 is 0.000489026
The norm of iteration 9-103 is 0.000462344
The norm of iteration 9-104 is 0.000437119
The norm of iteration 9-105 is 0.000413269
The norm of iteration 9-106 is 0.000390721
The norm of iteration 9-107 is 0.000369403
The norm of iteration 9-108 is 0.000349249
The norm of iteration 9-109 is 0.000330193
The norm of iteration 9-110 is 0.000312178
The norm of iteration 9-111 is 0.000295145
The norm of iteration 9-112 is 0.000279042
The norm of iteration 9-113 is 0.000263818
The norm of iteration 9-114 is 0.000249424
The norm of iteration 9-115 is 0.000235815
The norm of iteration 9-116 is 0.000222949
The norm of iteration 9-117 is 0.000210785
The norm of iteration 9-118 is 0.000199284
The norm of iteration 9-119 is 0.000188411
The norm of iteration 9-120 is 0.000178131
The norm of iteration 9-121 is 0.000168413
The norm of iteration 9-122 is 0.000159224
The norm of iteration 9-123 is 0.000150537
The norm of iteration 9-124 is 0.000142323
The norm of iteration 9-125 is 0.000134558
The norm of iteration 9-126 is 0.000127217
The norm of iteration 9-127 is 0.000120276
The norm of iteration 9-128 is 0.000113713
The norm of iteration 9-129 is 0.000107509
The norm of iteration 9-130 is 0.000101643
The norm of iteration 9-131 is 9.60976e-05
The norm of iteration 9-132 is 9.08545e-05
The norm of iteration 9-133 is 8.58974e-05
The norm of iteration 9-134 is 8.12109e-05
The norm of iteration 9-135 is 7.678e-05
The norm of iteration 9-136 is 7.25908e-05
The norm of iteration 9-137 is 6.86302e-05
The norm of iteration 9-138 is 6.48858e-05
The norm of iteration 9-139 is 6.13456e-05
The norm of iteration 9-140 is 5.79985e-05
The norm of iteration 9-141 is 5.48341e-05
The norm of iteration 9-142 is 5.18423e-05
The norm of iteration 9-143 is 4.90138e-05
The norm of iteration 9-144 is 4.63396e-05
The norm of iteration 9-145 is 4.38113e-05
The norm of iteration 9-146 is 4.14209e-05
The norm of iteration 9-147 is 3.9161e-05
The norm of iteration 9-148 is 3.70244e-05
The norm of iteration 9-149 is 3.50043e-05
The norm of iteration 9-150 is 3.30945e-05
The norm of iteration 9-151 is 3.12888e-05
The norm of iteration 9-152 is 2.95817e-05
The norm of iteration 9-153 is 2.79677e-05
The norm of iteration 9-154 is 2.64418e-05
The norm of iteration 9-155 is 2.49991e-05
The norm of iteration 9-156 is 2.36351e-05
The norm of iteration 9-157 is 2.23456e-05
The norm of iteration 9-158 is 2.11264e-05
The norm of iteration 9-159 is 1.99738e-05
The norm of iteration 9-160 is 1.8884e-05
The norm of iteration 9-161 is 1.78537e-05
The norm of iteration 9-162 is 1.68796e-05
The norm of iteration 9-163 is 1.59586e-05
The norm of iteration 9-164 is 1.50879e-05
The norm of iteration 9-165 is 1.42647e-05
The norm of iteration 9-166 is 1.34864e-05
The norm of iteration 9-167 is 1.27506e-05
The norm of iteration 9-168 is 1.20549e-05
The norm of iteration 9-169 is 1.13972e-05
The norm of iteration 9-170 is 1.07754e-05
The norm of iteration 9-171 is 1.01875e-05
The norm of iteration 9-172 is 9.63162e-06
The norm of iteration 9-173 is 9.10612e-06
The norm of iteration 9-174 is 8.60928e-06
The norm of iteration 9-175 is 8.13956e-06
The norm of iteration 9-176 is 7.69546e-06
The norm of iteration 9-177 is 7.27559e-06
The norm of iteration 9-178 is 6.87864e-06
The norm of iteration 9-179 is 6.50333e-06
The norm of iteration 9-180 is 6.14851e-06
The norm of iteration 9-181 is 5.81305e-06
The norm of iteration 9-182 is 5.49588e-06
The norm of iteration 9-183 is 5.19603e-06
The norm of iteration 9-184 is 4.91253e-06
The norm of iteration 9-185 is 4.6445e-06
The norm of iteration 9-186 is 4.3911e-06
The norm of iteration 9-187 is 4.15152e-06
The norm of iteration 9-188 is 3.92501e-06
The norm of iteration 9-189 is 3.71086e-06
The norm of iteration 9-190 is 3.50839e-06
The norm of iteration 9-191 is 3.31697e-06
The norm of iteration 9-192 is 3.136e-06
The norm of iteration 9-193 is 2.9649e-06
The norm of iteration 9-194 is 2.80313e-06
The norm of iteration 9-195 is 2.65019e-06
The norm of iteration 9-196 is 2.5056e-06
The norm of iteration 9-197 is 2.36889e-06
The norm of iteration 9-198 is 2.23964e-06
The norm of iteration 9-199 is 2.11745e-06
The norm of iteration 9-200 is 2.00192e-06
The norm of iteration 9-201 is 1.89269e-06
The norm of iteration 9-202 is 1.78943e-06
The norm of iteration 9-203 is 1.6918e-06
The norm of iteration 9-204 is 1.59949e-06
The norm of iteration 9-205 is 1.51222e-06
The norm of iteration 9-206 is 1.42971e-06
The norm of iteration 9-207 is 1.35171e-06
The norm of iteration 9-208 is 1.27796e-06
The norm of iteration 9-209 is 1.20823e-06
The norm of iteration 9-210 is 1.14231e-06
The norm of iteration 9-211 is 1.07999e-06
The norm of iteration 9-212 is 1.02106e-06
The norm of iteration 9-213 is 9.65353e-07
The norm of iteration 10-0 is 0.283444
The norm of iteration 10-1 is 0.067193
The norm of iteration 10-2 is 0.0599059
The norm of iteration 10-3 is 0.0442907
The norm of iteration 10-4 is 0.0254092
The norm of iteration 10-5 is 0.0315339
The norm of iteration 10-6 is 0.0230899
The norm of iteration 10-7 is 0.0249717
The norm of iteration 10-8 is 0.0213541
The norm of iteration 10-9 is 0.0211089
The norm of iteration 10-10 is 0.0192215
The norm of iteration 10-11 is 0.0184109
The norm of iteration 10-12 is 0.0171629
The norm of iteration 10-13 is 0.0162788
The norm of iteration 10-14 is 0.0153069
The norm of iteration 10-15 is 0.0144783
The norm of iteration 10-16 is 0.0136577
The norm of iteration 10-17 is 0.0129098
The norm of iteration 10-18 is 0.012193
The norm of iteration 10-19 is 0.0115242
The norm of iteration 10-20 is 0.0108896
The norm of iteration 10-21 is 0.0102926
The norm of iteration 10-22 is 0.00972773
The norm of iteration 10-23 is 0.00919476
The norm of iteration 10-24 is 0.00869093
The norm of iteration 10-25 is 0.00821499
The norm of iteration 10-26 is 0.00776514
The norm of iteration 10-27 is 0.00734002
The norm of iteration 10-28 is 0.0069382
The norm of iteration 10-29 is 0.00655841
The norm of iteration 10-30 is 0.00619943
The norm of iteration 10-31 is 0.00586011
The norm of iteration 10-32 is 0.00553937
The norm of iteration 10-33 is 0.00523619
The norm of iteration 10-34 is 0.00494961
The norm of iteration 10-35 is 0.00467872
The norm of iteration 10-36 is 0.00442265
The norm of iteration 10-37 is 0.0041806
The norm of iteration 10-38 is 0.0039518
The norm of iteration 10-39 is 0.00373552
The norm of iteration 10-40 is 0.00353108
The norm of iteration 10-41 is 0.00333782
The norm of iteration 10-42 is 0.00315514
The norm of iteration 10-43 is 0.00298246
The norm of iteration 10-44 is 0.00281924
The norm of iteration 10-45 is 0.00266494
The norm of iteration 10-46 is 0.00251909
The norm of iteration 10-47 is 0.00238122
The norm of iteration 10-48 is 0.0022509
The norm of iteration 10-49 is 0.00212771
The norm of iteration 10-50 is 0.00201126
The norm of iteration 10-51 is 0.00190119
The norm of iteration 10-52 is 0.00179714
The norm of iteration 10-53 is 0.00169878
The norm of iteration 10-54 is 0.00160581
The norm of iteration 10-55 is 0.00151792
The norm of iteration 10-56 is 0.00143485
The norm of iteration 10-57 is 0.00135632
The norm of iteration 10-58 is 0.00128209
The norm of iteration 10-59 is 0.00121192
The norm of iteration 10-60 is 0.00114559
The norm of iteration 10-61 is 0.0010829
The norm of iteration 10-62 is 0.00102363
The norm of iteration 10-63 is 0.000967608
The norm of iteration 10-64 is 0.000914652
The norm of iteration 10-65 is 0.000864593
The norm of iteration 10-66 is 0.000817275
The norm of iteration 10-67 is 0.000772546
The norm of iteration 10-68 is 0.000730265
The norm of iteration 10-69 is 0.000690298
The norm of iteration 10-70 is 0.000652519
The norm of iteration 10-71 is 0.000616807
The norm of iteration 10-72 is 0.00058305
The norm of iteration 10-73 is 0.00055114
The norm of iteration 10-74 is 0.000520976
The norm of iteration 10-75 is 0.000492464
The norm of iteration 10-76 is 0.000465511
The norm of iteration 10-77 is 0.000440034
The norm of iteration 10-78 is 0.000415952
The norm of iteration 10-79 is 0.000393187
The norm of iteration 10-80 is 0.000371668
The norm of iteration 10-81 is 0.000351327
The norm of iteration 10-82 is 0.000332099
The norm of iteration 10-83 is 0.000313923
The norm of iteration 10-84 is 0.000296743
The norm of iteration 10-85 is 0.000280502
The norm of iteration 10-86 is 0.00026515
The norm of iteration 10-87 is 0.000250639
The norm of iteration 10-88 is 0.000236922
The norm of iteration 10-89 is 0.000223955
The norm of iteration 10-90 is 0.000211698
The norm of iteration 10-91 is 0.000200112
The norm of iteration 10-92 is 0.00018916
The norm of iteration 10-93 is 0.000178808
The norm of iteration 10-94 is 0.000169022
The norm of iteration 10-95 is 0.000159771
The norm of iteration 10-96 is 0.000151027
The norm of iteration 10-97 is 0.000142761
The norm of iteration 10-98 is 0.000134948
The norm of iteration 10-99 is 0.000127563
The norm of iteration 10-100 is 0.000120581
The norm of iteration 10-101 is 0.000113982
The norm of iteration 10-102 is 0.000107744
The norm of iteration 10-103 is 0.000101847
The norm of iteration 10-104 is 9.62729e-05
The norm of iteration 10-105 is 9.1004e-05
The norm of iteration 10-106 is 8.60234e-05
The norm of iteration 10-107 is 8.13154e-05
The norm of iteration 10-108 is 7.68651e-05
The norm of iteration 10-109 is 7.26583e-05
The norm of iteration 10-110 is 6.86818e-05
The norm of iteration 10-111 is 6.49229e-05
The norm of iteration 10-112 is 6.13697e-05
The norm of iteration 10-113 is 5.8011e-05
The norm of iteration 10-114 is 5.48361e-05
The norm of iteration 10-115 is 5.18349e-05
The norm of iteration 10-116 is 4.8998e-05
The norm of iteration 10-117 is 4.63164e-05
The norm of iteration 10-118 is 4.37816e-05
The norm of iteration 10-119 is 4.13854e-05
The norm of iteration 10-120 is 3.91204e-05
The norm of iteration 10-121 is 3.69794e-05
The norm of iteration 10-122 is 3.49555e-05
The norm of iteration 10-123 is 3.30424e-05
The norm of iteration 10-124 is 3.12341e-05
The norm of iteration 10-125 is 2.95246e-05
The norm of iteration 10-126 is 2.79088e-05
The norm of iteration 10-127 is 2.63814e-05
The norm of iteration 10-128 is 2.49375e-05
The norm of iteration 10-129 is 2.35727e-05
The norm of iteration 10-130 is 2.22826e-05
The norm of iteration 10-131 is 2.10631e-05
The norm of iteration 10-132 is 1.99103e-05
The norm of iteration 10-133 is 1.88206e-05
The norm of iteration 10-134 is 1.77906e-05
The norm of iteration 10-135 is 1.68169e-05
The norm of iteration 10-136 is 1.58966e-05
The norm of iteration 10-137 is 1.50265e-05
The norm of iteration 10-138 is 1.42042e-05
The norm of iteration 10-139 is 1.34268e-05
The norm of iteration 10-140 is 1.26919e-05
The norm of iteration 10-141 is 1.19973e-05
The norm of iteration 10-142 is 1.13407e-05
The norm of iteration 10-143 is 1.072e-05
The norm of iteration 10-144 is 1.01333e-05
The norm of iteration 10-145 is 9.57875e-06
The norm of iteration 10-146 is 9.05451e-06
The norm of iteration 10-147 is 8.55897e-06
The norm of iteration 10-148 is 8.09054e-06
The norm of iteration 10-149 is 7.64775e-06
The norm of iteration 10-150 is 7.22919e-06
The norm of iteration 10-151 is 6.83355e-06
The norm of iteration 10-152 is 6.45955e-06
The norm of iteration 10-153 is 6.10602e-06
The norm of iteration 10-154 is 5.77185e-06
The norm of iteration 10-155 is 5.45596e-06
The norm of iteration 10-156 is 5.15736e-06
The norm of iteration 10-157 is 4.8751e-06
The norm of iteration 10-158 is 4.60829e-06
The norm of iteration 10-159 is 4.35608e-06
The norm of iteration 10-160 is 4.11767e-06
The norm of iteration 10-161 is 3.89232e-06
The norm of iteration 10-162 is 3.67929e-06
The norm of iteration 10-163 is 3.47793e-06
The norm of iteration 10-164 is 3.28758e-06
The norm of iteration 10-165 is 3.10766e-06
The norm of iteration 10-166 is 2.93758e-06
The norm of iteration 10-167 is 2.77681e-06
The norm of iteration 10-168 is 2.62483e-06
The norm of iteration 10-169 is 2.48118e-06
The norm of iteration 10-170 is 2.34539e-06
The norm of iteration 10-171 is 2.21702e-06
The norm of iteration 10-172 is 2.09569e-06
The norm of iteration 10-173 is 1.98099e-06
The norm of iteration 10-174 is 1.87257e-06
The norm of iteration 10-175 is 1.77009e-06
The norm of iteration 10-176 is 1.67321e-06
The norm of iteration 10-177 is 1.58164e-06
The norm of iteration 10-178 is 1.49508e-06
The norm of iteration 10-179 is 1.41325e-06
The norm of iteration 10-180 is 1.33591e-06
The norm of iteration 10-181 is 1.26279e-06
The norm of iteration 10-182 is 1.19368e-06
The norm of iteration 10-183 is 1.12835e-06
The norm of iteration 10-184 is 1.0666e-06
The norm of iteration 10-185 is 1.00822e-06
The norm of iteration 10-186 is 9.53045e-07
The total amount of iterations was 3154
