gridpoints_x: 16
gridpoints_y: 16
timesteps: 10
write_per_t: 1
radi_coef_beta: 10
freq_coef_gamma: 1
coef_alpha: 1
tolerance: 1e-06
The norm of iteration 1-0 is 1.04912
The norm of iteration 1-1 is 0.280193
The norm of iteration 1-2 is 0.48221
The norm of iteration 1-3 is 0.289295
The norm of iteration 1-4 is 0.321007
The norm of iteration 1-5 is 0.255642
The norm of iteration 1-6 is 0.246563
The norm of iteration 1-7 is 0.214784
The norm of iteration 1-8 is 0.198604
The norm of iteration 1-9 is 0.177917
The norm of iteration 1-10 is 0.162509
The norm of iteration 1-11 is 0.146888
The norm of iteration 1-12 is 0.133705
The norm of iteration 1-13 is 0.121218
The norm of iteration 1-14 is 0.110237
The norm of iteration 1-15 is 0.100054
The norm of iteration 1-16 is 0.0909675
The norm of iteration 1-17 is 0.0826048
The norm of iteration 1-18 is 0.0750972
The norm of iteration 1-19 is 0.0682103
The norm of iteration 1-20 is 0.0620084
The norm of iteration 1-21 is 0.05633
The norm of iteration 1-22 is 0.0512064
The norm of iteration 1-23 is 0.0465216
The norm of iteration 1-24 is 0.0422886
The norm of iteration 1-25 is 0.0384223
The norm of iteration 1-26 is 0.0349251
The norm of iteration 1-27 is 0.0317336
The norm of iteration 1-28 is 0.0288444
The norm of iteration 1-29 is 0.0262095
The norm of iteration 1-30 is 0.0238226
The norm of iteration 1-31 is 0.0216471
The norm of iteration 1-32 is 0.0196752
The norm of iteration 1-33 is 0.0178789
The norm of iteration 1-34 is 0.01625
The norm of iteration 1-35 is 0.0147667
The norm of iteration 1-36 is 0.0134211
The norm of iteration 1-37 is 0.0121962
The norm of iteration 1-38 is 0.0110846
The norm of iteration 1-39 is 0.0100731
The norm of iteration 1-40 is 0.00915497
The norm of iteration 1-41 is 0.00831964
The norm of iteration 1-42 is 0.00756124
The norm of iteration 1-43 is 0.00687138
The norm of iteration 1-44 is 0.00624496
The norm of iteration 1-45 is 0.00567523
The norm of iteration 1-46 is 0.00515782
The norm of iteration 1-47 is 0.0046873
The norm of iteration 1-48 is 0.00425993
The norm of iteration 1-49 is 0.00387134
The norm of iteration 1-50 is 0.00351835
The norm of iteration 1-51 is 0.00319742
The norm of iteration 1-52 is 0.00290587
The norm of iteration 1-53 is 0.00264082
The norm of iteration 1-54 is 0.00240001
The norm of iteration 1-55 is 0.00218111
The norm of iteration 1-56 is 0.00198222
The norm of iteration 1-57 is 0.00180142
The norm of iteration 1-58 is 0.00163715
The norm of iteration 1-59 is 0.00148783
The norm of iteration 1-60 is 0.00135215
The norm of iteration 1-61 is 0.00122883
The norm of iteration 1-62 is 0.00111677
The norm of iteration 1-63 is 0.00101492
The norm of iteration 1-64 is 0.000922361
The norm of iteration 1-65 is 0.000838239
The norm of iteration 1-66 is 0.000761796
The norm of iteration 1-67 is 0.000692318
The norm of iteration 1-68 is 0.000629182
The norm of iteration 1-69 is 0.000571799
The norm of iteration 1-70 is 0.000519654
The norm of iteration 1-71 is 0.000472261
The norm of iteration 1-72 is 0.000429192
The norm of iteration 1-73 is 0.000390049
The norm of iteration 1-74 is 0.000354478
The norm of iteration 1-75 is 0.000322149
The norm of iteration 1-76 is 0.00029277
The norm of iteration 1-77 is 0.00026607
The norm of iteration 1-78 is 0.000241805
The norm of iteration 1-79 is 0.000219752
The norm of iteration 1-80 is 0.000199711
The norm of iteration 1-81 is 0.000181498
The norm of iteration 1-82 is 0.000164945
The norm of iteration 1-83 is 0.000149902
The norm of iteration 1-84 is 0.000136232
The norm of iteration 1-85 is 0.000123807
The norm of iteration 1-86 is 0.000112516
The norm of iteration 1-87 is 0.000102255
The norm of iteration 1-88 is 9.29295e-05
The norm of iteration 1-89 is 8.44544e-05
The norm of iteration 1-90 is 7.67523e-05
The norm of iteration 1-91 is 6.97525e-05
The norm of iteration 1-92 is 6.33912e-05
The norm of iteration 1-93 is 5.761e-05
The norm of iteration 1-94 is 5.2356e-05
The norm of iteration 1-95 is 4.75812e-05
The norm of iteration 1-96 is 4.32419e-05
The norm of iteration 1-97 is 3.92983e-05
The norm of iteration 1-98 is 3.57143e-05
The norm of iteration 1-99 is 3.24572e-05
The norm of iteration 1-100 is 2.94971e-05
The norm of iteration 1-101 is 2.6807e-05
The norm of iteration 1-102 is 2.43623e-05
The norm of iteration 1-103 is 2.21405e-05
The norm of iteration 1-104 is 2.01213e-05
The norm of iteration 1-105 is 1.82862e-05
The norm of iteration 1-106 is 1.66186e-05
The norm of iteration 1-107 is 1.5103e-05
The norm of iteration 1-108 is 1.37256e-05
The norm of iteration 1-109 is 1.24738e-05
The norm of iteration 1-110 is 1.13362e-05
The norm of iteration 1-111 is 1.03024e-05
The norm of iteration 1-112 is 9.36282e-06
The norm of iteration 1-113 is 8.50894e-06
The norm of iteration 1-114 is 7.73293e-06
The norm of iteration 1-115 is 7.0277e-06
The norm of iteration 1-116 is 6.38678e-06
The norm of iteration 1-117 is 5.80432e-06
The norm of iteration 1-118 is 5.27497e-06
The norm of iteration 1-119 is 4.7939e-06
The norm of iteration 1-120 is 4.3567e-06
The norm of iteration 1-121 is 3.95937e-06
The norm of iteration 1-122 is 3.59828e-06
The norm of iteration 1-123 is 3.27012e-06
The norm of iteration 1-124 is 2.97189e-06
The norm of iteration 1-125 is 2.70086e-06
The norm of iteration 1-126 is 2.45454e-06
The norm of iteration 1-127 is 2.23069e-06
The norm of iteration 1-128 is 2.02726e-06
The norm of iteration 1-129 is 1.84237e-06
The norm of iteration 1-130 is 1.67435e-06
The norm of iteration 1-131 is 1.52165e-06
The norm of iteration 1-132 is 1.38288e-06
The norm of iteration 1-133 is 1.25676e-06
The norm of iteration 1-134 is 1.14215e-06
The norm of iteration 1-135 is 1.03798e-06
The norm of iteration 1-136 is 9.43322e-07
The norm of iteration 2-0 is 0.932192
The norm of iteration 2-1 is 0.0686639
The norm of iteration 2-2 is 0.317178
The norm of iteration 2-3 is 0.104138
The norm of iteration 2-4 is 0.170865
The norm of iteration 2-5 is 0.110876
The norm of iteration 2-6 is 0.123354
The norm of iteration 2-7 is 0.101961
The norm of iteration 2-8 is 0.100242
The norm of iteration 2-9 is 0.0896847
The norm of iteration 2-10 is 0.0848111
The norm of iteration 2-11 is 0.0778379
The norm of iteration 2-12 is 0.0727255
The norm of iteration 2-13 is 0.0672982
The norm of iteration 2-14 is 0.0626471
The norm of iteration 2-15 is 0.0581292
The norm of iteration 2-16 is 0.0540523
The norm of iteration 2-17 is 0.0502006
The norm of iteration 2-18 is 0.0466647
The norm of iteration 2-19 is 0.0433538
The norm of iteration 2-20 is 0.0402964
The norm of iteration 2-21 is 0.0374423
The norm of iteration 2-22 is 0.0348008
The norm of iteration 2-23 is 0.0323378
The norm of iteration 2-24 is 0.030056
The norm of iteration 2-25 is 0.0279297
The norm of iteration 2-26 is 0.0259587
The norm of iteration 2-27 is 0.0241228
The norm of iteration 2-28 is 0.0224202
The norm of iteration 2-29 is 0.0208348
The norm of iteration 2-30 is 0.0193641
The norm of iteration 2-31 is 0.0179951
The norm of iteration 2-32 is 0.0167247
The norm of iteration 2-33 is 0.0155424
The norm of iteration 2-34 is 0.014445
The norm of iteration 2-35 is 0.013424
The norm of iteration 2-36 is 0.0124761
The norm of iteration 2-37 is 0.0115943
The norm of iteration 2-38 is 0.0107756
The norm of iteration 2-39 is 0.010014
The norm of iteration 2-40 is 0.00930688
The norm of iteration 2-41 is 0.00864915
The norm of iteration 2-42 is 0.00803834
The norm of iteration 2-43 is 0.00747029
The norm of iteration 2-44 is 0.0069427
The norm of iteration 2-45 is 0.0064521
The norm of iteration 2-46 is 0.00599641
The norm of iteration 2-47 is 0.00557269
The norm of iteration 2-48 is 0.00517909
The norm of iteration 2-49 is 0.00481314
The norm of iteration 2-50 is 0.00447318
The norm of iteration 2-51 is 0.00415711
The norm of iteration 2-52 is 0.00386348
The norm of iteration 2-53 is 0.0035905
The norm of iteration 2-54 is 0.00333689
The norm of iteration 2-55 is 0.00310112
The norm of iteration 2-56 is 0.00288207
The norm of iteration 2-57 is 0.00267844
The norm of iteration 2-58 is 0.00248924
The norm of iteration 2-59 is 0.00231337
The norm of iteration 2-60 is 0.00214996
The norm of iteration 2-61 is 0.00199806
The norm of iteration 2-62 is 0.00185692
The norm of iteration 2-63 is 0.00172572
The norm of iteration 2-64 is 0.00160382
The norm of iteration 2-65 is 0.00149051
The norm of iteration 2-66 is 0.00138522
The norm of iteration 2-67 is 0.00128735
The norm of iteration 2-68 is 0.00119641
The norm of iteration 2-69 is 0.00111189
The norm of iteration 2-70 is 0.00103334
The norm of iteration 2-71 is 0.000960338
The norm of iteration 2-72 is 0.000892497
The norm of iteration 2-73 is 0.000829444
The norm of iteration 2-74 is 0.00077085
The norm of iteration 2-75 is 0.000716391
The norm of iteration 2-76 is 0.000665783
The norm of iteration 2-77 is 0.000618747
The norm of iteration 2-78 is 0.000575037
The norm of iteration 2-79 is 0.000534412
The norm of iteration 2-80 is 0.000496659
The norm of iteration 2-81 is 0.000461572
The norm of iteration 2-82 is 0.000428965
The norm of iteration 2-83 is 0.00039866
The norm of iteration 2-84 is 0.000370497
The norm of iteration 2-85 is 0.000344323
The norm of iteration 2-86 is 0.000319998
The norm of iteration 2-87 is 0.000297392
The norm of iteration 2-88 is 0.000276383
The norm of iteration 2-89 is 0.000256857
The norm of iteration 2-90 is 0.000238712
The norm of iteration 2-91 is 0.000221848
The norm of iteration 2-92 is 0.000206175
The norm of iteration 2-93 is 0.00019161
The norm of iteration 2-94 is 0.000178074
The norm of iteration 2-95 is 0.000165493
The norm of iteration 2-96 is 0.000153802
The norm of iteration 2-97 is 0.000142937
The norm of iteration 2-98 is 0.000132839
The norm of iteration 2-99 is 0.000123455
The norm of iteration 2-100 is 0.000114733
The norm of iteration 2-101 is 0.000106628
The norm of iteration 2-102 is 9.9095e-05
The norm of iteration 2-103 is 9.20944e-05
The norm of iteration 2-104 is 8.55884e-05
The norm of iteration 2-105 is 7.95419e-05
The norm of iteration 2-106 is 7.39227e-05
The norm of iteration 2-107 is 6.87004e-05
The norm of iteration 2-108 is 6.3847e-05
The norm of iteration 2-109 is 5.93365e-05
The norm of iteration 2-110 is 5.51447e-05
The norm of iteration 2-111 is 5.1249e-05
The norm of iteration 2-112 is 4.76285e-05
The norm of iteration 2-113 is 4.42637e-05
The norm of iteration 2-114 is 4.11367e-05
The norm of iteration 2-115 is 3.82306e-05
The norm of iteration 2-116 is 3.55298e-05
The norm of iteration 2-117 is 3.30198e-05
The norm of iteration 2-118 is 3.06871e-05
The norm of iteration 2-119 is 2.85192e-05
The norm of iteration 2-120 is 2.65045e-05
The norm of iteration 2-121 is 2.4632e-05
The norm of iteration 2-122 is 2.28919e-05
The norm of iteration 2-123 is 2.12747e-05
The norm of iteration 2-124 is 1.97717e-05
The norm of iteration 2-125 is 1.8375e-05
The norm of iteration 2-126 is 1.70769e-05
The norm of iteration 2-127 is 1.58705e-05
The norm of iteration 2-128 is 1.47493e-05
The norm of iteration 2-129 is 1.37073e-05
The norm of iteration 2-130 is 1.2739e-05
The norm of iteration 2-131 is 1.1839e-05
The norm of iteration 2-132 is 1.10026e-05
The norm of iteration 2-133 is 1.02254e-05
The norm of iteration 2-134 is 9.50298e-06
The norm of iteration 2-135 is 8.83164e-06
The norm of iteration 2-136 is 8.20773e-06
The norm of iteration 2-137 is 7.62789e-06
The norm of iteration 2-138 is 7.08902e-06
The norm of iteration 2-139 is 6.58821e-06
The norm of iteration 2-140 is 6.12279e-06
The norm of iteration 2-141 is 5.69024e-06
The norm of iteration 2-142 is 5.28825e-06
The norm of iteration 2-143 is 4.91466e-06
The norm of iteration 2-144 is 4.56746e-06
The norm of iteration 2-145 is 4.24479e-06
The norm of iteration 2-146 is 3.94492e-06
The norm of iteration 2-147 is 3.66623e-06
The norm of iteration 2-148 is 3.40723e-06
The norm of iteration 2-149 is 3.16652e-06
The norm of iteration 2-150 is 2.94282e-06
The norm of iteration 2-151 is 2.73493e-06
The norm of iteration 2-152 is 2.54172e-06
The norm of iteration 2-153 is 2.36216e-06
The norm of iteration 2-154 is 2.19528e-06
The norm of iteration 2-155 is 2.0402e-06
The norm of iteration 2-156 is 1.89606e-06
The norm of iteration 2-157 is 1.76212e-06
The norm of iteration 2-158 is 1.63763e-06
The norm of iteration 2-159 is 1.52194e-06
The norm of iteration 2-160 is 1.41442e-06
The norm of iteration 2-161 is 1.3145e-06
The norm of iteration 2-162 is 1.22164e-06
The norm of iteration 2-163 is 1.13533e-06
The norm of iteration 2-164 is 1.05513e-06
The norm of iteration 2-165 is 9.80589e-07
The norm of iteration 3-0 is 1.20311
The norm of iteration 3-1 is 0.0768992
The norm of iteration 3-2 is 0.419479
The norm of iteration 3-3 is 0.124475
The norm of iteration 3-4 is 0.225634
The norm of iteration 3-5 is 0.140129
The norm of iteration 3-6 is 0.163937
The norm of iteration 3-7 is 0.134236
The norm of iteration 3-8 is 0.135859
The norm of iteration 3-9 is 0.122278
The norm of iteration 3-10 is 0.118026
The norm of iteration 3-11 is 0.109631
The norm of iteration 3-12 is 0.104208
The norm of iteration 3-13 is 0.0978177
The norm of iteration 3-14 is 0.0925246
The norm of iteration 3-15 is 0.0871563
The norm of iteration 3-16 is 0.0823134
The norm of iteration 3-17 is 0.0776302
The norm of iteration 3-18 is 0.073282
The norm of iteration 3-19 is 0.0691414
The norm of iteration 3-20 is 0.0652595
The norm of iteration 3-21 is 0.0615815
The norm of iteration 3-22 is 0.0581216
The norm of iteration 3-23 is 0.0548491
The norm of iteration 3-24 is 0.0517668
The norm of iteration 3-25 is 0.0488534
The norm of iteration 3-26 is 0.0461078
The norm of iteration 3-27 is 0.0435134
The norm of iteration 3-28 is 0.0410678
The norm of iteration 3-29 is 0.0387572
The norm of iteration 3-30 is 0.0365789
The norm of iteration 3-31 is 0.034521
The norm of iteration 3-32 is 0.0325807
The norm of iteration 3-33 is 0.0307479
The norm of iteration 3-34 is 0.0290195
The norm of iteration 3-35 is 0.0273871
The norm of iteration 3-36 is 0.0258476
The norm of iteration 3-37 is 0.0243937
The norm of iteration 3-38 is 0.0230225
The norm of iteration 3-39 is 0.0217275
The norm of iteration 3-40 is 0.0205061
The norm of iteration 3-41 is 0.0193527
The norm of iteration 3-42 is 0.0182648
The norm of iteration 3-43 is 0.0172375
The norm of iteration 3-44 is 0.0162684
The norm of iteration 3-45 is 0.0153534
The norm of iteration 3-46 is 0.0144903
The norm of iteration 3-47 is 0.0136753
The norm of iteration 3-48 is 0.0129065
The norm of iteration 3-49 is 0.0121806
The norm of iteration 3-50 is 0.0114958
The norm of iteration 3-51 is 0.0108493
The norm of iteration 3-52 is 0.0102393
The norm of iteration 3-53 is 0.00966347
The norm of iteration 3-54 is 0.00912015
The norm of iteration 3-55 is 0.00860726
The norm of iteration 3-56 is 0.00812332
The norm of iteration 3-57 is 0.00766649
The norm of iteration 3-58 is 0.00723544
The norm of iteration 3-59 is 0.00682855
The norm of iteration 3-60 is 0.00644461
The norm of iteration 3-61 is 0.00608219
The norm of iteration 3-62 is 0.00574021
The norm of iteration 3-63 is 0.00541741
The norm of iteration 3-64 is 0.00511281
The norm of iteration 3-65 is 0.00482529
The norm of iteration 3-66 is 0.00455398
The norm of iteration 3-67 is 0.00429789
The norm of iteration 3-68 is 0.00405623
The norm of iteration 3-69 is 0.00382813
The norm of iteration 3-70 is 0.00361288
The norm of iteration 3-71 is 0.00340972
The norm of iteration 3-72 is 0.003218
The norm of iteration 3-73 is 0.00303704
The norm of iteration 3-74 is 0.00286627
The norm of iteration 3-75 is 0.00270509
The norm of iteration 3-76 is 0.00255299
The norm of iteration 3-77 is 0.00240943
The norm of iteration 3-78 is 0.00227395
The norm of iteration 3-79 is 0.00214608
The norm of iteration 3-80 is 0.00202541
The norm of iteration 3-81 is 0.00191151
The norm of iteration 3-82 is 0.00180403
The norm of iteration 3-83 is 0.00170259
The norm of iteration 3-84 is 0.00160685
The norm of iteration 3-85 is 0.00151649
The norm of iteration 3-86 is 0.00143122
The norm of iteration 3-87 is 0.00135074
The norm of iteration 3-88 is 0.00127479
The norm of iteration 3-89 is 0.00120311
The norm of iteration 3-90 is 0.00113546
The norm of iteration 3-91 is 0.00107161
The norm of iteration 3-92 is 0.00101135
The norm of iteration 3-93 is 0.000954481
The norm of iteration 3-94 is 0.00090081
The norm of iteration 3-95 is 0.000850156
The norm of iteration 3-96 is 0.000802352
The norm of iteration 3-97 is 0.000757235
The norm of iteration 3-98 is 0.000714655
The norm of iteration 3-99 is 0.000674469
The norm of iteration 3-100 is 0.000636544
The norm of iteration 3-101 is 0.00060075
The norm of iteration 3-102 is 0.00056697
The norm of iteration 3-103 is 0.000535088
The norm of iteration 3-104 is 0.000505
The norm of iteration 3-105 is 0.000476603
The norm of iteration 3-106 is 0.000449804
The norm of iteration 3-107 is 0.000424511
The norm of iteration 3-108 is 0.00040064
The norm of iteration 3-109 is 0.000378112
The norm of iteration 3-110 is 0.000356851
The norm of iteration 3-111 is 0.000336784
The norm of iteration 3-112 is 0.000317847
The norm of iteration 3-113 is 0.000299974
The norm of iteration 3-114 is 0.000283106
The norm of iteration 3-115 is 0.000267187
The norm of iteration 3-116 is 0.000252163
The norm of iteration 3-117 is 0.000237984
The norm of iteration 3-118 is 0.000224602
The norm of iteration 3-119 is 0.000211972
The norm of iteration 3-120 is 0.000200053
The norm of iteration 3-121 is 0.000188804
The norm of iteration 3-122 is 0.000178187
The norm of iteration 3-123 is 0.000168167
The norm of iteration 3-124 is 0.000158711
The norm of iteration 3-125 is 0.000149787
The norm of iteration 3-126 is 0.000141364
The norm of iteration 3-127 is 0.000133415
The norm of iteration 3-128 is 0.000125913
The norm of iteration 3-129 is 0.000118833
The norm of iteration 3-130 is 0.000112151
The norm of iteration 3-131 is 0.000105845
The norm of iteration 3-132 is 9.98928e-05
The norm of iteration 3-133 is 9.42758e-05
The norm of iteration 3-134 is 8.89746e-05
The norm of iteration 3-135 is 8.39715e-05
The norm of iteration 3-136 is 7.92497e-05
The norm of iteration 3-137 is 7.47934e-05
The norm of iteration 3-138 is 7.05877e-05
The norm of iteration 3-139 is 6.66185e-05
The norm of iteration 3-140 is 6.28725e-05
The norm of iteration 3-141 is 5.93372e-05
The norm of iteration 3-142 is 5.60006e-05
The norm of iteration 3-143 is 5.28516e-05
The norm of iteration 3-144 is 4.98797e-05
The norm of iteration 3-145 is 4.7075e-05
The norm of iteration 3-146 is 4.44279e-05
The norm of iteration 3-147 is 4.19297e-05
The norm of iteration 3-148 is 3.95719e-05
The norm of iteration 3-149 is 3.73468e-05
The norm of iteration 3-150 is 3.52467e-05
The norm of iteration 3-151 is 3.32648e-05
The norm of iteration 3-152 is 3.13943e-05
The norm of iteration 3-153 is 2.9629e-05
The norm of iteration 3-154 is 2.79629e-05
The norm of iteration 3-155 is 2.63905e-05
The norm of iteration 3-156 is 2.49066e-05
The norm of iteration 3-157 is 2.35061e-05
The norm of iteration 3-158 is 2.21843e-05
The norm of iteration 3-159 is 2.09369e-05
The norm of iteration 3-160 is 1.97596e-05
The norm of iteration 3-161 is 1.86485e-05
The norm of iteration 3-162 is 1.75998e-05
The norm of iteration 3-163 is 1.66102e-05
The norm of iteration 3-164 is 1.56762e-05
The norm of iteration 3-165 is 1.47947e-05
The norm of iteration 3-166 is 1.39628e-05
The norm of iteration 3-167 is 1.31777e-05
The norm of iteration 3-168 is 1.24367e-05
The norm of iteration 3-169 is 1.17373e-05
The norm of iteration 3-170 is 1.10773e-05
The norm of iteration 3-171 is 1.04545e-05
The norm of iteration 3-172 is 9.86659e-06
The norm of iteration 3-173 is 9.31178e-06
The norm of iteration 3-174 is 8.78818e-06
The norm of iteration 3-175 is 8.29401e-06
The norm of iteration 3-176 is 7.82763e-06
The norm of iteration 3-177 is 7.38748e-06
The norm of iteration 3-178 is 6.97207e-06
The norm of iteration 3-179 is 6.58003e-06
The norm of iteration 3-180 is 6.21003e-06
The norm of iteration 3-181 is 5.86083e-06
The norm of iteration 3-182 is 5.53128e-06
The norm of iteration 3-183 is 5.22025e-06
The norm of iteration 3-184 is 4.92671e-06
The norm of iteration 3-185 is 4.64968e-06
The norm of iteration 3-186 is 4.38822e-06
The norm of iteration 3-187 is 4.14147e-06
The norm of iteration 3-188 is 3.90859e-06
The norm of iteration 3-189 is 3.68881e-06
The norm of iteration 3-190 is 3.48138e-06
The norm of iteration 3-191 is 3.28562e-06
The norm of iteration 3-192 is 3.10087e-06
The norm of iteration 3-193 is 2.92651e-06
The norm of iteration 3-194 is 2.76195e-06
The norm of iteration 3-195 is 2.60664e-06
The norm of iteration 3-196 is 2.46007e-06
The norm of iteration 3-197 is 2.32173e-06
The norm of iteration 3-198 is 2.19118e-06
The norm of iteration 3-199 is 2.06797e-06
The norm of iteration 3-200 is 1.95169e-06
The norm of iteration 3-201 is 1.84194e-06
The norm of iteration 3-202 is 1.73837e-06
The norm of iteration 3-203 is 1.64062e-06
The norm of iteration 3-204 is 1.54836e-06
The norm of iteration 3-205 is 1.4613e-06
The norm of iteration 3-206 is 1.37913e-06
The norm of iteration 3-207 is 1.30158e-06
The norm of iteration 3-208 is 1.22839e-06
The norm of iteration 3-209 is 1.15932e-06
The norm of iteration 3-210 is 1.09413e-06
The norm of iteration 3-211 is 1.0326e-06
The norm of iteration 3-212 is 9.7454e-07
The norm of iteration 4-0 is 0.967711
The norm of iteration 4-1 is 0.0616482
The norm of iteration 4-2 is 0.322371
The norm of iteration 4-3 is 0.0873613
The norm of iteration 4-4 is 0.164992
The norm of iteration 4-5 is 0.0976417
The norm of iteration 4-6 is 0.116702
The norm of iteration 4-7 is 0.0938433
The norm of iteration 4-8 is 0.0958783
The norm of iteration 4-9 is 0.0858448
The norm of iteration 4-10 is 0.0832536
The norm of iteration 4-11 is 0.0773092
The norm of iteration 4-12 is 0.0737153
The norm of iteration 4-13 is 0.0692997
The norm of iteration 4-14 is 0.0657222
The norm of iteration 4-15 is 0.062044
The norm of iteration 4-16 is 0.0587426
The norm of iteration 4-17 is 0.0555349
The norm of iteration 4-18 is 0.0525536
The norm of iteration 4-19 is 0.049709
The norm of iteration 4-20 is 0.0470339
The norm of iteration 4-21 is 0.0444962
The norm of iteration 4-22 is 0.0421002
The norm of iteration 4-23 is 0.0398314
The norm of iteration 4-24 is 0.0376865
The norm of iteration 4-25 is 0.0356565
The norm of iteration 4-26 is 0.0337364
The norm of iteration 4-27 is 0.0319196
The norm of iteration 4-28 is 0.0302008
The norm of iteration 4-29 is 0.0285745
The norm of iteration 4-30 is 0.0270358
The norm of iteration 4-31 is 0.02558
The norm of iteration 4-32 is 0.0242026
The norm of iteration 4-33 is 0.0228994
The norm of iteration 4-34 is 0.0216664
The norm of iteration 4-35 is 0.0204997
The norm of iteration 4-36 is 0.0193959
The norm of iteration 4-37 is 0.0183515
The norm of iteration 4-38 is 0.0173633
The norm of iteration 4-39 is 0.0164284
The norm of iteration 4-40 is 0.0155438
The norm of iteration 4-41 is 0.0147068
The norm of iteration 4-42 is 0.0139149
The norm of iteration 4-43 is 0.0131657
The norm of iteration 4-44 is 0.0124568
The norm of iteration 4-45 is 0.011786
The norm of iteration 4-46 is 0.0111514
The norm of iteration 4-47 is 0.0105509
The norm of iteration 4-48 is 0.00998282
The norm of iteration 4-49 is 0.00944528
The norm of iteration 4-50 is 0.0089367
The norm of iteration 4-51 is 0.00845549
The norm of iteration 4-52 is 0.0080002
The norm of iteration 4-53 is 0.00756943
The norm of iteration 4-54 is 0.00716185
The norm of iteration 4-55 is 0.00677621
The norm of iteration 4-56 is 0.00641134
The norm of iteration 4-57 is 0.00606612
The norm of iteration 4-58 is 0.00573949
The norm of iteration 4-59 is 0.00543044
The norm of iteration 4-60 is 0.00513803
The norm of iteration 4-61 is 0.00486137
The norm of iteration 4-62 is 0.00459961
The norm of iteration 4-63 is 0.00435194
The norm of iteration 4-64 is 0.00411761
The norm of iteration 4-65 is 0.00389589
The norm of iteration 4-66 is 0.00368612
The norm of iteration 4-67 is 0.00348763
The norm of iteration 4-68 is 0.00329984
The norm of iteration 4-69 is 0.00312216
The norm of iteration 4-70 is 0.00295404
The norm of iteration 4-71 is 0.00279498
The norm of iteration 4-72 is 0.00264448
The norm of iteration 4-73 is 0.00250209
The norm of iteration 4-74 is 0.00236736
The norm of iteration 4-75 is 0.00223989
The norm of iteration 4-76 is 0.00211928
The norm of iteration 4-77 is 0.00200517
The norm of iteration 4-78 is 0.0018972
The norm of iteration 4-79 is 0.00179504
The norm of iteration 4-80 is 0.00169839
The norm of iteration 4-81 is 0.00160694
The norm of iteration 4-82 is 0.00152041
The norm of iteration 4-83 is 0.00143854
The norm of iteration 4-84 is 0.00136108
The norm of iteration 4-85 is 0.00128779
The norm of iteration 4-86 is 0.00121845
The norm of iteration 4-87 is 0.00115284
The norm of iteration 4-88 is 0.00109077
The norm of iteration 4-89 is 0.00103204
The norm of iteration 4-90 is 0.000976465
The norm of iteration 4-91 is 0.000923887
The norm of iteration 4-92 is 0.000874139
The norm of iteration 4-93 is 0.000827071
The norm of iteration 4-94 is 0.000782537
The norm of iteration 4-95 is 0.0007404
The norm of iteration 4-96 is 0.000700533
The norm of iteration 4-97 is 0.000662812
The norm of iteration 4-98 is 0.000627123
The norm of iteration 4-99 is 0.000593355
The norm of iteration 4-100 is 0.000561405
The norm of iteration 4-101 is 0.000531176
The norm of iteration 4-102 is 0.000502575
The norm of iteration 4-103 is 0.000475513
The norm of iteration 4-104 is 0.000449909
The norm of iteration 4-105 is 0.000425683
The norm of iteration 4-106 is 0.000402762
The norm of iteration 4-107 is 0.000381075
The norm of iteration 4-108 is 0.000360556
The norm of iteration 4-109 is 0.000341141
The norm of iteration 4-110 is 0.000322773
The norm of iteration 4-111 is 0.000305393
The norm of iteration 4-112 is 0.000288949
The norm of iteration 4-113 is 0.00027339
The norm of iteration 4-114 is 0.000258669
The norm of iteration 4-115 is 0.000244741
The norm of iteration 4-116 is 0.000231563
The norm of iteration 4-117 is 0.000219094
The norm of iteration 4-118 is 0.000207297
The norm of iteration 4-119 is 0.000196135
The norm of iteration 4-120 is 0.000185574
The norm of iteration 4-121 is 0.000175581
The norm of iteration 4-122 is 0.000166127
The norm of iteration 4-123 is 0.000157182
The norm of iteration 4-124 is 0.000148718
The norm of iteration 4-125 is 0.00014071
The norm of iteration 4-126 is 0.000133134
The norm of iteration 4-127 is 0.000125965
The norm of iteration 4-128 is 0.000119182
The norm of iteration 4-129 is 0.000112765
The norm of iteration 4-130 is 0.000106693
The norm of iteration 4-131 is 0.000100948
The norm of iteration 4-132 is 9.55125e-05
The norm of iteration 4-133 is 9.03696e-05
The norm of iteration 4-134 is 8.55036e-05
The norm of iteration 4-135 is 8.08996e-05
The norm of iteration 4-136 is 7.65435e-05
The norm of iteration 4-137 is 7.2422e-05
The norm of iteration 4-138 is 6.85224e-05
The norm of iteration 4-139 is 6.48327e-05
The norm of iteration 4-140 is 6.13418e-05
The norm of iteration 4-141 is 5.80388e-05
The norm of iteration 4-142 is 5.49137e-05
The norm of iteration 4-143 is 5.19568e-05
The norm of iteration 4-144 is 4.91591e-05
The norm of iteration 4-145 is 4.65121e-05
The norm of iteration 4-146 is 4.40077e-05
The norm of iteration 4-147 is 4.1638e-05
The norm of iteration 4-148 is 3.9396e-05
The norm of iteration 4-149 is 3.72747e-05
The norm of iteration 4-150 is 3.52676e-05
The norm of iteration 4-151 is 3.33686e-05
The norm of iteration 4-152 is 3.15719e-05
The norm of iteration 4-153 is 2.98719e-05
The norm of iteration 4-154 is 2.82634e-05
The norm of iteration 4-155 is 2.67415e-05
The norm of iteration 4-156 is 2.53016e-05
The norm of iteration 4-157 is 2.39392e-05
The norm of iteration 4-158 is 2.26502e-05
The norm of iteration 4-159 is 2.14306e-05
The norm of iteration 4-160 is 2.02766e-05
The norm of iteration 4-161 is 1.91848e-05
The norm of iteration 4-162 is 1.81518e-05
The norm of iteration 4-163 is 1.71744e-05
The norm of iteration 4-164 is 1.62497e-05
The norm of iteration 4-165 is 1.53747e-05
The norm of iteration 4-166 is 1.45468e-05
The norm of iteration 4-167 is 1.37635e-05
The norm of iteration 4-168 is 1.30224e-05
The norm of iteration 4-169 is 1.23212e-05
The norm of iteration 4-170 is 1.16578e-05
The norm of iteration 4-171 is 1.10301e-05
The norm of iteration 4-172 is 1.04361e-05
The norm of iteration 4-173 is 9.8742e-06
The norm of iteration 4-174 is 9.34252e-06
The norm of iteration 4-175 is 8.83947e-06
The norm of iteration 4-176 is 8.3635e-06
The norm of iteration 4-177 is 7.91316e-06
The norm of iteration 4-178 is 7.48707e-06
The norm of iteration 4-179 is 7.08393e-06
The norm of iteration 4-180 is 6.70249e-06
The norm of iteration 4-181 is 6.34159e-06
The norm of iteration 4-182 is 6.00012e-06
The norm of iteration 4-183 is 5.67704e-06
The norm of iteration 4-184 is 5.37136e-06
The norm of iteration 4-185 is 5.08213e-06
The norm of iteration 4-186 is 4.80848e-06
The norm of iteration 4-187 is 4.54957e-06
The norm of iteration 4-188 is 4.30459e-06
The norm of iteration 4-189 is 4.07281e-06
The norm of iteration 4-190 is 3.85351e-06
The norm of iteration 4-191 is 3.64601e-06
The norm of iteration 4-192 is 3.44969e-06
The norm of iteration 4-193 is 3.26394e-06
The norm of iteration 4-194 is 3.08819e-06
The norm of iteration 4-195 is 2.9219e-06
The norm of iteration 4-196 is 2.76457e-06
The norm of iteration 4-197 is 2.61571e-06
The norm of iteration 4-198 is 2.47487e-06
The norm of iteration 4-199 is 2.34161e-06
The norm of iteration 4-200 is 2.21552e-06
The norm of iteration 4-201 is 2.09623e-06
The norm of iteration 4-202 is 1.98335e-06
The norm of iteration 4-203 is 1.87656e-06
The norm of iteration 4-204 is 1.77551e-06
The norm of iteration 4-205 is 1.67991e-06
The norm of iteration 4-206 is 1.58945e-06
The norm of iteration 4-207 is 1.50387e-06
The norm of iteration 4-208 is 1.42289e-06
The norm of iteration 4-209 is 1.34628e-06
The norm of iteration 4-210 is 1.27378e-06
The norm of iteration 4-211 is 1.2052e-06
The norm of iteration 4-212 is 1.1403e-06
The norm of iteration 4-213 is 1.0789e-06
The norm of iteration 4-214 is 1.02081e-06
The norm of iteration 4-215 is 9.65841e-07
The norm of iteration 5-0 is 0.284388
The norm of iteration 5-1 is 0.0671707
The norm of iteration 5-2 is 0.0603112
The norm of iteration 5-3 is 0.0441866
The norm of iteration 5-4 is 0.0252348
The norm of iteration 5-5 is 0.0314
The norm of iteration 5-6 is 0.0228816
The norm of iteration 5-7 is 0.0248494
The norm of iteration 5-8 is 0.0212134
The norm of iteration 5-9 is 0.0210181
The norm of iteration 5-10 is 0.0191369
The norm of iteration 5-11 is 0.0183563
The norm of iteration 5-12 is 0.0171217
The norm of iteration 5-13 is 0.0162581
The norm of iteration 5-14 is 0.0152999
The norm of iteration 5-15 is 0.0144866
The norm of iteration 5-16 is 0.0136779
The norm of iteration 5-17 is 0.0129416
The norm of iteration 5-18 is 0.0122346
The norm of iteration 5-19 is 0.0115748
The norm of iteration 5-20 is 0.0109479
The norm of iteration 5-21 is 0.0103577
The norm of iteration 5-22 is 0.00979872
The norm of iteration 5-23 is 0.00927083
The norm of iteration 5-24 is 0.00877128
The norm of iteration 5-25 is 0.00829896
The norm of iteration 5-26 is 0.00785208
The norm of iteration 5-27 is 0.00742937
The norm of iteration 5-28 is 0.00702944
The norm of iteration 5-29 is 0.00665108
The norm of iteration 5-30 is 0.00629309
The norm of iteration 5-31 is 0.00595439
The norm of iteration 5-32 is 0.00563392
The norm of iteration 5-33 is 0.00533071
The norm of iteration 5-34 is 0.00504382
The norm of iteration 5-35 is 0.00477237
The norm of iteration 5-36 is 0.00451554
The norm of iteration 5-37 is 0.00427252
The norm of iteration 5-38 is 0.00404259
The norm of iteration 5-39 is 0.00382503
The norm of iteration 5-40 is 0.00361918
The norm of iteration 5-41 is 0.0034244
The norm of iteration 5-42 is 0.00324011
The norm of iteration 5-43 is 0.00306574
The norm of iteration 5-44 is 0.00290075
The norm of iteration 5-45 is 0.00274464
The norm of iteration 5-46 is 0.00259694
The norm of iteration 5-47 is 0.00245718
The norm of iteration 5-48 is 0.00232494
The norm of iteration 5-49 is 0.00219982
The norm of iteration 5-50 is 0.00208143
The norm of iteration 5-51 is 0.00196942
The norm of iteration 5-52 is 0.00186343
The norm of iteration 5-53 is 0.00176315
The norm of iteration 5-54 is 0.00166826
The norm of iteration 5-55 is 0.00157848
The norm of iteration 5-56 is 0.00149353
The norm of iteration 5-57 is 0.00141315
The norm of iteration 5-58 is 0.0013371
The norm of iteration 5-59 is 0.00126514
The norm of iteration 5-60 is 0.00119706
The norm of iteration 5-61 is 0.00113264
The norm of iteration 5-62 is 0.00107168
The norm of iteration 5-63 is 0.00101401
The norm of iteration 5-64 is 0.000959437
The norm of iteration 5-65 is 0.000907803
The norm of iteration 5-66 is 0.000858948
The norm of iteration 5-67 is 0.000812723
The norm of iteration 5-68 is 0.000768985
The norm of iteration 5-69 is 0.0007276
The norm of iteration 5-70 is 0.000688443
The norm of iteration 5-71 is 0.000651394
The norm of iteration 5-72 is 0.000616338
The norm of iteration 5-73 is 0.000583168
The norm of iteration 5-74 is 0.000551784
The norm of iteration 5-75 is 0.000522089
The norm of iteration 5-76 is 0.000493992
The norm of iteration 5-77 is 0.000467407
The norm of iteration 5-78 is 0.000442253
The norm of iteration 5-79 is 0.000418452
The norm of iteration 5-80 is 0.000395932
The norm of iteration 5-81 is 0.000374625
The norm of iteration 5-82 is 0.000354464
The norm of iteration 5-83 is 0.000335387
The norm of iteration 5-84 is 0.000317338
The norm of iteration 5-85 is 0.00030026
The norm of iteration 5-86 is 0.000284101
The norm of iteration 5-87 is 0.000268812
The norm of iteration 5-88 is 0.000254345
The norm of iteration 5-89 is 0.000240657
The norm of iteration 5-90 is 0.000227706
The norm of iteration 5-91 is 0.000215451
The norm of iteration 5-92 is 0.000203856
The norm of iteration 5-93 is 0.000192886
The norm of iteration 5-94 is 0.000182505
The norm of iteration 5-95 is 0.000172683
The norm of iteration 5-96 is 0.00016339
The norm of iteration 5-97 is 0.000154597
The norm of iteration 5-98 is 0.000146277
The norm of iteration 5-99 is 0.000138405
The norm of iteration 5-100 is 0.000130956
The norm of iteration 5-101 is 0.000123909
The norm of iteration 5-102 is 0.00011724
The norm of iteration 5-103 is 0.000110931
The norm of iteration 5-104 is 0.000104961
The norm of iteration 5-105 is 9.93123e-05
The norm of iteration 5-106 is 9.39676e-05
The norm of iteration 5-107 is 8.89106e-05
The norm of iteration 5-108 is 8.41257e-05
The norm of iteration 5-109 is 7.95984e-05
The norm of iteration 5-110 is 7.53147e-05
The norm of iteration 5-111 is 7.12615e-05
The norm of iteration 5-112 is 6.74264e-05
The norm of iteration 5-113 is 6.37977e-05
The norm of iteration 5-114 is 6.03644e-05
The norm of iteration 5-115 is 5.71158e-05
The norm of iteration 5-116 is 5.4042e-05
The norm of iteration 5-117 is 5.11336e-05
The norm of iteration 5-118 is 4.83818e-05
The norm of iteration 5-119 is 4.5778e-05
The norm of iteration 5-120 is 4.33144e-05
The norm of iteration 5-121 is 4.09834e-05
The norm of iteration 5-122 is 3.87778e-05
The norm of iteration 5-123 is 3.66909e-05
The norm of iteration 5-124 is 3.47163e-05
The norm of iteration 5-125 is 3.2848e-05
The norm of iteration 5-126 is 3.10802e-05
The norm of iteration 5-127 is 2.94076e-05
The norm of iteration 5-128 is 2.7825e-05
The norm of iteration 5-129 is 2.63275e-05
The norm of iteration 5-130 is 2.49107e-05
The norm of iteration 5-131 is 2.357e-05
The norm of iteration 5-132 is 2.23016e-05
The norm of iteration 5-133 is 2.11014e-05
The norm of iteration 5-134 is 1.99658e-05
The norm of iteration 5-135 is 1.88913e-05
The norm of iteration 5-136 is 1.78746e-05
The norm of iteration 5-137 is 1.69127e-05
The norm of iteration 5-138 is 1.60025e-05
The norm of iteration 5-139 is 1.51413e-05
The norm of iteration 5-140 is 1.43264e-05
The norm of iteration 5-141 is 1.35554e-05
The norm of iteration 5-142 is 1.28259e-05
The norm of iteration 5-143 is 1.21357e-05
The norm of iteration 5-144 is 1.14826e-05
The norm of iteration 5-145 is 1.08646e-05
The norm of iteration 5-146 is 1.02799e-05
The norm of iteration 5-147 is 9.72669e-06
The norm of iteration 5-148 is 9.20323e-06
The norm of iteration 5-149 is 8.70794e-06
The norm of iteration 5-150 is 8.23931e-06
The norm of iteration 5-151 is 7.7959e-06
The norm of iteration 5-152 is 7.37635e-06
The norm of iteration 5-153 is 6.97938e-06
The norm of iteration 5-154 is 6.60377e-06
The norm of iteration 5-155 is 6.24838e-06
The norm of iteration 5-156 is 5.91211e-06
The norm of iteration 5-157 is 5.59394e-06
The norm of iteration 5-158 is 5.29289e-06
The norm of iteration 5-159 is 5.00805e-06
The norm of iteration 5-160 is 4.73853e-06
The norm of iteration 5-161 is 4.48352e-06
The norm of iteration 5-162 is 4.24223e-06
The norm of iteration 5-163 is 4.01393e-06
The norm of iteration 5-164 is 3.79791e-06
The norm of iteration 5-165 is 3.59352e-06
The norm of iteration 5-166 is 3.40013e-06
The norm of iteration 5-167 is 3.21714e-06
The norm of iteration 5-168 is 3.04401e-06
The norm of iteration 5-169 is 2.88019e-06
The norm of iteration 5-170 is 2.72519e-06
The norm of iteration 5-171 is 2.57853e-06
The norm of iteration 5-172 is 2.43976e-06
The norm of iteration 5-173 is 2.30846e-06
The norm of iteration 5-174 is 2.18423e-06
The norm of iteration 5-175 is 2.06668e-06
The norm of iteration 5-176 is 1.95546e-06
The norm of iteration 5-177 is 1.85022e-06
The norm of iteration 5-178 is 1.75065e-06
The norm of iteration 5-179 is 1.65643e-06
The norm of iteration 5-180 is 1.56729e-06
The norm of iteration 5-181 is 1.48294e-06
The norm of iteration 5-182 is 1.40314e-06
The norm of iteration 5-183 is 1.32762e-06
The norm of iteration 5-184 is 1.25618e-06
The norm of iteration 5-185 is 1.18857e-06
The norm of iteration 5-186 is 1.12461e-06
The norm of iteration 5-187 is 1.06408e-06
The norm of iteration 5-188 is 1.00682e-06
The norm of iteration 5-189 is 9.52636e-07
The norm of iteration 6-0 is 0.584854
The norm of iteration 6-1 is 0.112505
The norm of iteration 6-2 is 0.275096
The norm of iteration 6-3 is 0.146238
The norm of iteration 6-4 is 0.187632
The norm of iteration 6-5 is 0.146289
The norm of iteration 6-6 is 0.15287
The norm of iteration 6-7 is 0.135736
The norm of iteration 6-8 is 0.132653
The norm of iteration 6-9 is 0.122919
The norm of iteration 6-10 is 0.117521
The norm of iteration 6-11 is 0.110425
The norm of iteration 6-12 is 0.104821
The norm of iteration 6-13 is 0.0989414
The norm of iteration 6-14 is 0.0937019
The norm of iteration 6-15 is 0.0885779
The norm of iteration 6-16 is 0.0838237
The norm of iteration 6-17 is 0.0792788
The norm of iteration 6-18 is 0.0750055
The norm of iteration 6-19 is 0.0709502
The norm of iteration 6-20 is 0.0671207
The norm of iteration 6-21 is 0.0634951
The norm of iteration 6-22 is 0.0600666
The norm of iteration 6-23 is 0.056823
The norm of iteration 6-24 is 0.0537544
The norm of iteration 6-25 is 0.0508519
The norm of iteration 6-26 is 0.0481057
The norm of iteration 6-27 is 0.0455084
The norm of iteration 6-28 is 0.0430507
The norm of iteration 6-29 is 0.0407263
The norm of iteration 6-30 is 0.038527
The norm of iteration 6-31 is 0.0364468
The norm of iteration 6-32 is 0.0344785
The norm of iteration 6-33 is 0.0326169
The norm of iteration 6-34 is 0.0308555
The norm of iteration 6-35 is 0.0291895
The norm of iteration 6-36 is 0.0276132
The norm of iteration 6-37 is 0.0261223
The norm of iteration 6-38 is 0.0247117
The norm of iteration 6-39 is 0.0233774
The norm of iteration 6-40 is 0.022115
The norm of iteration 6-41 is 0.0209209
The norm of iteration 6-42 is 0.0197911
The norm of iteration 6-43 is 0.0187225
The norm of iteration 6-44 is 0.0177115
The norm of iteration 6-45 is 0.0167552
The norm of iteration 6-46 is 0.0158504
The norm of iteration 6-47 is 0.0149945
The norm of iteration 6-48 is 0.0141848
The norm of iteration 6-49 is 0.0134189
The norm of iteration 6-50 is 0.0126943
The norm of iteration 6-51 is 0.0120088
The norm of iteration 6-52 is 0.0113604
The norm of iteration 6-53 is 0.010747
The norm of iteration 6-54 is 0.0101666
The norm of iteration 6-55 is 0.00961768
The norm of iteration 6-56 is 0.00909833
The norm of iteration 6-57 is 0.00860705
The norm of iteration 6-58 is 0.00814228
The norm of iteration 6-59 is 0.00770263
The norm of iteration 6-60 is 0.0072867
The norm of iteration 6-61 is 0.00689324
The norm of iteration 6-62 is 0.00652101
The norm of iteration 6-63 is 0.0061689
The norm of iteration 6-64 is 0.00583579
The norm of iteration 6-65 is 0.00552067
The norm of iteration 6-66 is 0.00522257
The norm of iteration 6-67 is 0.00494056
The norm of iteration 6-68 is 0.00467378
The norm of iteration 6-69 is 0.00442141
The norm of iteration 6-70 is 0.00418266
The norm of iteration 6-71 is 0.00395681
The norm of iteration 6-72 is 0.00374315
The norm of iteration 6-73 is 0.00354103
The norm of iteration 6-74 is 0.00334982
The norm of iteration 6-75 is 0.00316894
The norm of iteration 6-76 is 0.00299782
The norm of iteration 6-77 is 0.00283595
The norm of iteration 6-78 is 0.00268281
The norm of iteration 6-79 is 0.00253795
The norm of iteration 6-80 is 0.00240091
The norm of iteration 6-81 is 0.00227126
The norm of iteration 6-82 is 0.00214862
The norm of iteration 6-83 is 0.0020326
The norm of iteration 6-84 is 0.00192284
The norm of iteration 6-85 is 0.00181901
The norm of iteration 6-86 is 0.00172079
The norm of iteration 6-87 is 0.00162787
The norm of iteration 6-88 is 0.00153997
The norm of iteration 6-89 is 0.00145682
The norm of iteration 6-90 is 0.00137815
The norm of iteration 6-91 is 0.00130374
The norm of iteration 6-92 is 0.00123334
The norm of iteration 6-93 is 0.00116674
The norm of iteration 6-94 is 0.00110374
The norm of iteration 6-95 is 0.00104414
The norm of iteration 6-96 is 0.000987758
The norm of iteration 6-97 is 0.000934421
The norm of iteration 6-98 is 0.000883965
The norm of iteration 6-99 is 0.000836233
The norm of iteration 6-100 is 0.000791078
The norm of iteration 6-101 is 0.000748362
The norm of iteration 6-102 is 0.000707952
The norm of iteration 6-103 is 0.000669724
The norm of iteration 6-104 is 0.000633561
The norm of iteration 6-105 is 0.00059935
The norm of iteration 6-106 is 0.000566986
The norm of iteration 6-107 is 0.00053637
The norm of iteration 6-108 is 0.000507408
The norm of iteration 6-109 is 0.000480009
The norm of iteration 6-110 is 0.000454089
The norm of iteration 6-111 is 0.00042957
The norm of iteration 6-112 is 0.000406374
The norm of iteration 6-113 is 0.000384431
The norm of iteration 6-114 is 0.000363672
The norm of iteration 6-115 is 0.000344035
The norm of iteration 6-116 is 0.000325458
The norm of iteration 6-117 is 0.000307884
The norm of iteration 6-118 is 0.000291259
The norm of iteration 6-119 is 0.000275532
The norm of iteration 6-120 is 0.000260654
The norm of iteration 6-121 is 0.000246579
The norm of iteration 6-122 is 0.000233264
The norm of iteration 6-123 is 0.000220668
The norm of iteration 6-124 is 0.000208753
The norm of iteration 6-125 is 0.000197481
The norm of iteration 6-126 is 0.000186817
The norm of iteration 6-127 is 0.00017673
The norm of iteration 6-128 is 0.000167187
The norm of iteration 6-129 is 0.000158159
The norm of iteration 6-130 is 0.000149619
The norm of iteration 6-131 is 0.00014154
The norm of iteration 6-132 is 0.000133897
The norm of iteration 6-133 is 0.000126667
The norm of iteration 6-134 is 0.000119827
The norm of iteration 6-135 is 0.000113357
The norm of iteration 6-136 is 0.000107236
The norm of iteration 6-137 is 0.000101445
The norm of iteration 6-138 is 9.59673e-05
The norm of iteration 6-139 is 9.07853e-05
The norm of iteration 6-140 is 8.58831e-05
The norm of iteration 6-141 is 8.12456e-05
The norm of iteration 6-142 is 7.68586e-05
The norm of iteration 6-143 is 7.27084e-05
The norm of iteration 6-144 is 6.87823e-05
The norm of iteration 6-145 is 6.50682e-05
The norm of iteration 6-146 is 6.15547e-05
The norm of iteration 6-147 is 5.82309e-05
The norm of iteration 6-148 is 5.50865e-05
The norm of iteration 6-149 is 5.2112e-05
The norm of iteration 6-150 is 4.92981e-05
The norm of iteration 6-151 is 4.66361e-05
The norm of iteration 6-152 is 4.41179e-05
The norm of iteration 6-153 is 4.17356e-05
The norm of iteration 6-154 is 3.9482e-05
The norm of iteration 6-155 is 3.735e-05
The norm of iteration 6-156 is 3.53332e-05
The norm of iteration 6-157 is 3.34253e-05
The norm of iteration 6-158 is 3.16204e-05
The norm of iteration 6-159 is 2.9913e-05
The norm of iteration 6-160 is 2.82978e-05
The norm of iteration 6-161 is 2.67697e-05
The norm of iteration 6-162 is 2.53242e-05
The norm of iteration 6-163 is 2.39568e-05
The norm of iteration 6-164 is 2.26632e-05
The norm of iteration 6-165 is 2.14394e-05
The norm of iteration 6-166 is 2.02817e-05
The norm of iteration 6-167 is 1.91866e-05
The norm of iteration 6-168 is 1.81505e-05
The norm of iteration 6-169 is 1.71705e-05
The norm of iteration 6-170 is 1.62433e-05
The norm of iteration 6-171 is 1.53662e-05
The norm of iteration 6-172 is 1.45365e-05
The norm of iteration 6-173 is 1.37515e-05
The norm of iteration 6-174 is 1.3009e-05
The norm of iteration 6-175 is 1.23065e-05
The norm of iteration 6-176 is 1.1642e-05
The norm of iteration 6-177 is 1.10134e-05
The norm of iteration 6-178 is 1.04187e-05
The norm of iteration 6-179 is 9.85608e-06
The norm of iteration 6-180 is 9.32387e-06
The norm of iteration 6-181 is 8.82041e-06
The norm of iteration 6-182 is 8.34412e-06
The norm of iteration 6-183 is 7.89356e-06
The norm of iteration 6-184 is 7.46733e-06
The norm of iteration 6-185 is 7.06411e-06
The norm of iteration 6-186 is 6.68266e-06
The norm of iteration 6-187 is 6.32182e-06
The norm of iteration 6-188 is 5.98045e-06
The norm of iteration 6-189 is 5.65752e-06
The norm of iteration 6-190 is 5.35203e-06
The norm of iteration 6-191 is 5.06303e-06
The norm of iteration 6-192 is 4.78964e-06
The norm of iteration 6-193 is 4.53101e-06
The norm of iteration 6-194 is 4.28635e-06
The norm of iteration 6-195 is 4.05489e-06
The norm of iteration 6-196 is 3.83594e-06
The norm of iteration 6-197 is 3.62881e-06
The norm of iteration 6-198 is 3.43286e-06
The norm of iteration 6-199 is 3.24749e-06
The norm of iteration 6-200 is 3.07214e-06
The norm of iteration 6-201 is 2.90625e-06
The norm of iteration 6-202 is 2.74932e-06
The norm of iteration 6-203 is 2.60086e-06
The norm of iteration 6-204 is 2.46042e-06
The norm of iteration 6-205 is 2.32756e-06
The norm of iteration 6-206 is 2.20188e-06
The norm of iteration 6-207 is 2.08298e-06
The norm of iteration 6-208 is 1.97051e-06
The norm of iteration 6-209 is 1.86411e-06
The norm of iteration 6-210 is 1.76345e-06
The norm of iteration 6-211 is 1.66823e-06
The norm of iteration 6-212 is 1.57815e-06
The norm of iteration 6-213 is 1.49293e-06
The norm of iteration 6-214 is 1.41231e-06
The norm of iteration 6-215 is 1.33605e-06
The norm of iteration 6-216 is 1.26391e-06
The norm of iteration 6-217 is 1.19566e-06
The norm of iteration 6-218 is 1.1311e-06
The norm of iteration 6-219 is 1.07002e-06
The norm of iteration 6-220 is 1.01224e-06
The norm of iteration 6-221 is 9.57584e-07
The norm of iteration 7-0 is 1.17617
The norm of iteration 7-1 is 0.135048
The norm of iteration 7-2 is 0.469835
The norm of iteration 7-3 is 0.20109
The norm of iteration 7-4 is 0.286255
The norm of iteration 7-5 is 0.205968
The norm of iteration 7-6 is 0.221419
The norm of iteration 7-7 is 0.190839
The norm of iteration 7-8 is 0.187398
The norm of iteration 7-9 is 0.171378
The norm of iteration 7-10 is 0.163442
The norm of iteration 7-11 is 0.152377
The norm of iteration 7-12 is 0.143965
The norm of iteration 7-13 is 0.135063
The norm of iteration 7-14 is 0.127229
The norm of iteration 7-15 is 0.119606
The norm of iteration 7-16 is 0.112565
The norm of iteration 7-17 is 0.105891
The norm of iteration 7-18 is 0.0996305
The norm of iteration 7-19 is 0.0937434
The norm of iteration 7-20 is 0.0881949
The norm of iteration 7-21 is 0.0829889
The norm of iteration 7-22 is 0.0780763
The norm of iteration 7-23 is 0.0734686
The norm of iteration 7-24 is 0.0691201
The norm of iteration 7-25 is 0.0650408
The norm of iteration 7-26 is 0.0611918
The norm of iteration 7-27 is 0.0575801
The norm of iteration 7-28 is 0.0541732
The norm of iteration 7-29 is 0.0509754
The norm of iteration 7-30 is 0.0479597
The norm of iteration 7-31 is 0.0451283
The norm of iteration 7-32 is 0.0424589
The norm of iteration 7-33 is 0.039952
The norm of iteration 7-34 is 0.0375891
The norm of iteration 7-35 is 0.0353695
The norm of iteration 7-36 is 0.0332778
The norm of iteration 7-37 is 0.0313126
The norm of iteration 7-38 is 0.029461
The norm of iteration 7-39 is 0.0277211
The norm of iteration 7-40 is 0.0260819
The norm of iteration 7-41 is 0.0245415
The norm of iteration 7-42 is 0.0230905
The norm of iteration 7-43 is 0.0217266
The norm of iteration 7-44 is 0.0204421
The norm of iteration 7-45 is 0.0192346
The norm of iteration 7-46 is 0.0180975
The norm of iteration 7-47 is 0.0170284
The norm of iteration 7-48 is 0.0160218
The norm of iteration 7-49 is 0.0150753
The norm of iteration 7-50 is 0.0141841
The norm of iteration 7-51 is 0.0133462
The norm of iteration 7-52 is 0.0125573
The norm of iteration 7-53 is 0.0118154
The norm of iteration 7-54 is 0.011117
The norm of iteration 7-55 is 0.0104602
The norm of iteration 7-56 is 0.00984194
The norm of iteration 7-57 is 0.00926046
The norm of iteration 7-58 is 0.00871311
The norm of iteration 7-59 is 0.00819831
The norm of iteration 7-60 is 0.00771375
The norm of iteration 7-61 is 0.00725798
The norm of iteration 7-62 is 0.00682901
The norm of iteration 7-63 is 0.00642551
The norm of iteration 7-64 is 0.00604575
The norm of iteration 7-65 is 0.00568853
The norm of iteration 7-66 is 0.00535233
The norm of iteration 7-67 is 0.00503607
The norm of iteration 7-68 is 0.00473843
The norm of iteration 7-69 is 0.00445845
The norm of iteration 7-70 is 0.00419495
The norm of iteration 7-71 is 0.00394708
The norm of iteration 7-72 is 0.00371381
The norm of iteration 7-73 is 0.00349436
The norm of iteration 7-74 is 0.00328785
The norm of iteration 7-75 is 0.00309357
The norm of iteration 7-76 is 0.00291074
The norm of iteration 7-77 is 0.00273875
The norm of iteration 7-78 is 0.00257689
The norm of iteration 7-79 is 0.00242462
The norm of iteration 7-80 is 0.00228133
The norm of iteration 7-81 is 0.00214653
The norm of iteration 7-82 is 0.00201967
The norm of iteration 7-83 is 0.00190033
The norm of iteration 7-84 is 0.00178802
The norm of iteration 7-85 is 0.00168236
The norm of iteration 7-86 is 0.00158294
The norm of iteration 7-87 is 0.0014894
The norm of iteration 7-88 is 0.00140139
The norm of iteration 7-89 is 0.00131857
The norm of iteration 7-90 is 0.00124065
The norm of iteration 7-91 is 0.00116734
The norm of iteration 7-92 is 0.00109835
The norm of iteration 7-93 is 0.00103345
The norm of iteration 7-94 is 0.000972376
The norm of iteration 7-95 is 0.000914915
The norm of iteration 7-96 is 0.000860848
The norm of iteration 7-97 is 0.000809977
The norm of iteration 7-98 is 0.000762111
The norm of iteration 7-99 is 0.000717076
The norm of iteration 7-100 is 0.0006747
The norm of iteration 7-101 is 0.00063483
The norm of iteration 7-102 is 0.000597314
The norm of iteration 7-103 is 0.000562017
The norm of iteration 7-104 is 0.000528804
The norm of iteration 7-105 is 0.000497555
The norm of iteration 7-106 is 0.000468152
The norm of iteration 7-107 is 0.000440487
The norm of iteration 7-108 is 0.000414457
The norm of iteration 7-109 is 0.000389965
The norm of iteration 7-110 is 0.00036692
The norm of iteration 7-111 is 0.000345237
The norm of iteration 7-112 is 0.000324836
The norm of iteration 7-113 is 0.00030564
The norm of iteration 7-114 is 0.000287578
The norm of iteration 7-115 is 0.000270584
The norm of iteration 7-116 is 0.000254594
The norm of iteration 7-117 is 0.000239549
The norm of iteration 7-118 is 0.000225393
The norm of iteration 7-119 is 0.000212074
The norm of iteration 7-120 is 0.000199541
The norm of iteration 7-121 is 0.000187749
The norm of iteration 7-122 is 0.000176654
The norm of iteration 7-123 is 0.000166215
The norm of iteration 7-124 is 0.000156393
The norm of iteration 7-125 is 0.000147151
The norm of iteration 7-126 is 0.000138455
The norm of iteration 7-127 is 0.000130273
The norm of iteration 7-128 is 0.000122575
The norm of iteration 7-129 is 0.000115331
The norm of iteration 7-130 is 0.000108516
The norm of iteration 7-131 is 0.000102103
The norm of iteration 7-132 is 9.60695e-05
The norm of iteration 7-133 is 9.03923e-05
The norm of iteration 7-134 is 8.50506e-05
The norm of iteration 7-135 is 8.00246e-05
The norm of iteration 7-136 is 7.52956e-05
The norm of iteration 7-137 is 7.08461e-05
The norm of iteration 7-138 is 6.66595e-05
The norm of iteration 7-139 is 6.27203e-05
The norm of iteration 7-140 is 5.90139e-05
The norm of iteration 7-141 is 5.55265e-05
The norm of iteration 7-142 is 5.22452e-05
The norm of iteration 7-143 is 4.91578e-05
The norm of iteration 7-144 is 4.62528e-05
The norm of iteration 7-145 is 4.35196e-05
The norm of iteration 7-146 is 4.09478e-05
The norm of iteration 7-147 is 3.8528e-05
The norm of iteration 7-148 is 3.62512e-05
The norm of iteration 7-149 is 3.4109e-05
The norm of iteration 7-150 is 3.20933e-05
The norm of iteration 7-151 is 3.01968e-05
The norm of iteration 7-152 is 2.84123e-05
The norm of iteration 7-153 is 2.67333e-05
The norm of iteration 7-154 is 2.51535e-05
The norm of iteration 7-155 is 2.36671e-05
The norm of iteration 7-156 is 2.22685e-05
The norm of iteration 7-157 is 2.09526e-05
The norm of iteration 7-158 is 1.97144e-05
The norm of iteration 7-159 is 1.85494e-05
The norm of iteration 7-160 is 1.74532e-05
The norm of iteration 7-161 is 1.64218e-05
The norm of iteration 7-162 is 1.54514e-05
The norm of iteration 7-163 is 1.45383e-05
The norm of iteration 7-164 is 1.36792e-05
The norm of iteration 7-165 is 1.28708e-05
The norm of iteration 7-166 is 1.21102e-05
The norm of iteration 7-167 is 1.13946e-05
The norm of iteration 7-168 is 1.07212e-05
The norm of iteration 7-169 is 1.00877e-05
The norm of iteration 7-170 is 9.49154e-06
The norm of iteration 7-171 is 8.93064e-06
The norm of iteration 7-172 is 8.40289e-06
The norm of iteration 7-173 is 7.90633e-06
The norm of iteration 7-174 is 7.43911e-06
The norm of iteration 7-175 is 6.9995e-06
The norm of iteration 7-176 is 6.58587e-06
The norm of iteration 7-177 is 6.19668e-06
The norm of iteration 7-178 is 5.83049e-06
The norm of iteration 7-179 is 5.48594e-06
The norm of iteration 7-180 is 5.16175e-06
The norm of iteration 7-181 is 4.85672e-06
The norm of iteration 7-182 is 4.56972e-06
The norm of iteration 7-183 is 4.29967e-06
The norm of iteration 7-184 is 4.04559e-06
The norm of iteration 7-185 is 3.80652e-06
The norm of iteration 7-186 is 3.58157e-06
The norm of iteration 7-187 is 3.36992e-06
The norm of iteration 7-188 is 3.17078e-06
The norm of iteration 7-189 is 2.9834e-06
The norm of iteration 7-190 is 2.8071e-06
The norm of iteration 7-191 is 2.64122e-06
The norm of iteration 7-192 is 2.48514e-06
The norm of iteration 7-193 is 2.33828e-06
The norm of iteration 7-194 is 2.2001e-06
The norm of iteration 7-195 is 2.07009e-06
The norm of iteration 7-196 is 1.94776e-06
The norm of iteration 7-197 is 1.83266e-06
The norm of iteration 7-198 is 1.72436e-06
The norm of iteration 7-199 is 1.62246e-06
The norm of iteration 7-200 is 1.52658e-06
The norm of iteration 7-201 is 1.43637e-06
The norm of iteration 7-202 is 1.35148e-06
The norm of iteration 7-203 is 1.27162e-06
The norm of iteration 7-204 is 1.19647e-06
The norm of iteration 7-205 is 1.12577e-06
The norm of iteration 7-206 is 1.05924e-06
The norm of iteration 7-207 is 9.96647e-07
The norm of iteration 8-0 is 1.29296
The norm of iteration 8-1 is 0.130115
The norm of iteration 8-2 is 0.446403
The norm of iteration 8-3 is 0.175185
The norm of iteration 8-4 is 0.244155
The norm of iteration 8-5 is 0.169529
The norm of iteration 8-6 is 0.177386
The norm of iteration 8-7 is 0.149601
The norm of iteration 8-8 is 0.143273
The norm of iteration 8-9 is 0.128482
The norm of iteration 8-10 is 0.119772
The norm of iteration 8-11 is 0.1095
The norm of iteration 8-12 is 0.101261
The norm of iteration 8-13 is 0.0931439
The norm of iteration 8-14 is 0.0859407
The norm of iteration 8-15 is 0.0792064
The norm of iteration 8-16 is 0.0730393
The norm of iteration 8-17 is 0.0673583
The norm of iteration 8-18 is 0.0621077
The norm of iteration 8-19 is 0.0572884
The norm of iteration 8-20 is 0.0528239
The norm of iteration 8-21 is 0.0487276
The norm of iteration 8-22 is 0.0449322
The norm of iteration 8-23 is 0.0414481
The norm of iteration 8-24 is 0.0382212
The norm of iteration 8-25 is 0.0352571
The norm of iteration 8-26 is 0.0325133
The norm of iteration 8-27 is 0.0299913
The norm of iteration 8-28 is 0.027658
The norm of iteration 8-29 is 0.0255123
The norm of iteration 8-30 is 0.0235279
The norm of iteration 8-31 is 0.0217022
The norm of iteration 8-32 is 0.0200146
The norm of iteration 8-33 is 0.0184613
The norm of iteration 8-34 is 0.0170259
The norm of iteration 8-35 is 0.0157044
The norm of iteration 8-36 is 0.0144835
The norm of iteration 8-37 is 0.0133592
The norm of iteration 8-38 is 0.0123207
The norm of iteration 8-39 is 0.0113642
The norm of iteration 8-40 is 0.0104809
The norm of iteration 8-41 is 0.00966715
The norm of iteration 8-42 is 0.00891584
The norm of iteration 8-43 is 0.00822353
The norm of iteration 8-44 is 0.00758446
The norm of iteration 8-45 is 0.0069955
The norm of iteration 8-46 is 0.00645189
The norm of iteration 8-47 is 0.00595085
The norm of iteration 8-48 is 0.00548844
The norm of iteration 8-49 is 0.0050622
The norm of iteration 8-50 is 0.00466887
The norm of iteration 8-51 is 0.00430626
The norm of iteration 8-52 is 0.00397167
The norm of iteration 8-53 is 0.0036632
The norm of iteration 8-54 is 0.00337859
The norm of iteration 8-55 is 0.00311618
The norm of iteration 8-56 is 0.00287407
The norm of iteration 8-57 is 0.00265084
The norm of iteration 8-58 is 0.00244489
The norm of iteration 8-59 is 0.00225499
The norm of iteration 8-60 is 0.0020798
The norm of iteration 8-61 is 0.00191825
The norm of iteration 8-62 is 0.00176922
The norm of iteration 8-63 is 0.0016318
The norm of iteration 8-64 is 0.00150503
The norm of iteration 8-65 is 0.00138812
The norm of iteration 8-66 is 0.00128028
The norm of iteration 8-67 is 0.00118083
The norm of iteration 8-68 is 0.0010891
The norm of iteration 8-69 is 0.0010045
The norm of iteration 8-70 is 0.000926464
The norm of iteration 8-71 is 0.000854497
The norm of iteration 8-72 is 0.000788116
The norm of iteration 8-73 is 0.000726895
The norm of iteration 8-74 is 0.000670427
The norm of iteration 8-75 is 0.000618348
The norm of iteration 8-76 is 0.000570312
The norm of iteration 8-77 is 0.000526011
The norm of iteration 8-78 is 0.000485148
The norm of iteration 8-79 is 0.000447462
The norm of iteration 8-80 is 0.000412701
The norm of iteration 8-81 is 0.000380642
The norm of iteration 8-82 is 0.000351073
The norm of iteration 8-83 is 0.000323801
The norm of iteration 8-84 is 0.000298647
The norm of iteration 8-85 is 0.000275448
The norm of iteration 8-86 is 0.00025405
The norm of iteration 8-87 is 0.000234315
The norm of iteration 8-88 is 0.000216113
The norm of iteration 8-89 is 0.000199325
The norm of iteration 8-90 is 0.000183841
The norm of iteration 8-91 is 0.00016956
The norm of iteration 8-92 is 0.000156388
The norm of iteration 8-93 is 0.00014424
The norm of iteration 8-94 is 0.000133035
The norm of iteration 8-95 is 0.0001227
The norm of iteration 8-96 is 0.000113169
The norm of iteration 8-97 is 0.000104378
The norm of iteration 8-98 is 9.62694e-05
The norm of iteration 8-99 is 8.8791e-05
The norm of iteration 8-100 is 8.18935e-05
The norm of iteration 8-101 is 7.55319e-05
The norm of iteration 8-102 is 6.96644e-05
The norm of iteration 8-103 is 6.42527e-05
The norm of iteration 8-104 is 5.92614e-05
The norm of iteration 8-105 is 5.46579e-05
The norm of iteration 8-106 is 5.0412e-05
The norm of iteration 8-107 is 4.64959e-05
The norm of iteration 8-108 is 4.2884e-05
The norm of iteration 8-109 is 3.95527e-05
The norm of iteration 8-110 is 3.64801e-05
The norm of iteration 8-111 is 3.36463e-05
The norm of iteration 8-112 is 3.10326e-05
The norm of iteration 8-113 is 2.86219e-05
The norm of iteration 8-114 is 2.63985e-05
The norm of iteration 8-115 is 2.43478e-05
The norm of iteration 8-116 is 2.24564e-05
The norm of iteration 8-117 is 2.0712e-05
The norm of iteration 8-118 is 1.9103e-05
The norm of iteration 8-119 is 1.7619e-05
The norm of iteration 8-120 is 1.62504e-05
The norm of iteration 8-121 is 1.4988e-05
The norm of iteration 8-122 is 1.38237e-05
The norm of iteration 8-123 is 1.27499e-05
The norm of iteration 8-124 is 1.17594e-05
The norm of iteration 8-125 is 1.08459e-05
The norm of iteration 8-126 is 1.00034e-05
The norm of iteration 8-127 is 9.22631e-06
The norm of iteration 8-128 is 8.50959e-06
The norm of iteration 8-129 is 7.84855e-06
The norm of iteration 8-130 is 7.23885e-06
The norm of iteration 8-131 is 6.67653e-06
The norm of iteration 8-132 is 6.15788e-06
The norm of iteration 8-133 is 5.67952e-06
The norm of iteration 8-134 is 5.23833e-06
The norm of iteration 8-135 is 4.8314e-06
The norm of iteration 8-136 is 4.45609e-06
The norm of iteration 8-137 is 4.10993e-06
The norm of iteration 8-138 is 3.79066e-06
The norm of iteration 8-139 is 3.4962e-06
The norm of iteration 8-140 is 3.22461e-06
The norm of iteration 8-141 is 2.97411e-06
The norm of iteration 8-142 is 2.74308e-06
The norm of iteration 8-143 is 2.52999e-06
The norm of iteration 8-144 is 2.33345e-06
The norm of iteration 8-145 is 2.15219e-06
The norm of iteration 8-146 is 1.985e-06
The norm of iteration 8-147 is 1.8308e-06
The norm of iteration 8-148 is 1.68858e-06
The norm of iteration 8-149 is 1.55741e-06
The norm of iteration 8-150 is 1.43643e-06
The norm of iteration 8-151 is 1.32484e-06
The norm of iteration 8-152 is 1.22193e-06
The norm of iteration 8-153 is 1.127e-06
The norm of iteration 8-154 is 1.03946e-06
The norm of iteration 8-155 is 9.58709e-07
The norm of iteration 9-0 is 0.853505
The norm of iteration 9-1 is 0.0716571
The norm of iteration 9-2 is 0.226024
The norm of iteration 9-3 is 0.0673891
The norm of iteration 9-4 is 0.0978449
The norm of iteration 9-5 is 0.0597069
The norm of iteration 9-6 is 0.0621304
The norm of iteration 9-7 is 0.0493368
The norm of iteration 9-8 is 0.0462529
The norm of iteration 9-9 is 0.0400026
The norm of iteration 9-10 is 0.0364041
The norm of iteration 9-11 is 0.0323788
The norm of iteration 9-12 is 0.0292511
The norm of iteration 9-13 is 0.0262685
The norm of iteration 9-14 is 0.0237033
The norm of iteration 9-15 is 0.0213626
The norm of iteration 9-16 is 0.0192813
The norm of iteration 9-17 is 0.0174027
The norm of iteration 9-18 is 0.0157137
The norm of iteration 9-19 is 0.014192
The norm of iteration 9-20 is 0.0128187
The norm of iteration 9-21 is 0.0115811
The norm of iteration 9-22 is 0.0104627
The norm of iteration 9-23 is 0.00945404
The norm of iteration 9-24 is 0.00854212
The norm of iteration 9-25 is 0.00771928
The norm of iteration 9-26 is 0.00697524
The norm of iteration 9-27 is 0.00630361
The norm of iteration 9-28 is 0.00569628
The norm of iteration 9-29 is 0.00514791
The norm of iteration 9-30 is 0.00465206
The norm of iteration 9-31 is 0.00420425
The norm of iteration 9-32 is 0.00379937
The norm of iteration 9-33 is 0.00343365
The norm of iteration 9-34 is 0.00310301
The norm of iteration 9-35 is 0.00280433
The norm of iteration 9-36 is 0.00253431
The norm of iteration 9-37 is 0.00229037
The norm of iteration 9-38 is 0.00206984
The norm of iteration 9-39 is 0.0018706
The norm of iteration 9-40 is 0.0016905
The norm of iteration 9-41 is 0.00152778
The norm of iteration 9-42 is 0.00138069
The norm of iteration 9-43 is 0.00124778
The norm of iteration 9-44 is 0.00112765
The norm of iteration 9-45 is 0.0010191
The norm of iteration 9-46 is 0.000920986
The norm of iteration 9-47 is 0.000832329
The norm of iteration 9-48 is 0.000752198
The norm of iteration 9-49 is 0.000679788
The norm of iteration 9-50 is 0.000614343
The norm of iteration 9-51 is 0.000555203
The norm of iteration 9-52 is 0.000501753
The norm of iteration 9-53 is 0.000453451
The norm of iteration 9-54 is 0.000409797
The norm of iteration 9-55 is 0.000370347
The norm of iteration 9-56 is 0.000334694
The norm of iteration 9-57 is 0.000302474
The norm of iteration 9-58 is 0.000273355
The norm of iteration 9-59 is 0.00024704
The norm of iteration 9-60 is 0.000223257
The norm of iteration 9-61 is 0.000201765
The norm of iteration 9-62 is 0.000182341
The norm of iteration 9-63 is 0.000164787
The norm of iteration 9-64 is 0.000148923
The norm of iteration 9-65 is 0.000134587
The norm of iteration 9-66 is 0.00012163
The norm of iteration 9-67 is 0.000109921
The norm of iteration 9-68 is 9.9339e-05
The norm of iteration 9-69 is 8.97758e-05
The norm of iteration 9-70 is 8.11332e-05
The norm of iteration 9-71 is 7.33226e-05
The norm of iteration 9-72 is 6.62639e-05
The norm of iteration 9-73 is 5.98848e-05
The norm of iteration 9-74 is 5.41197e-05
The norm of iteration 9-75 is 4.89097e-05
The norm of iteration 9-76 is 4.42012e-05
The norm of iteration 9-77 is 3.9946e-05
The norm of iteration 9-78 is 3.61005e-05
The norm of iteration 9-79 is 3.26251e-05
The norm of iteration 9-80 is 2.94843e-05
The norm of iteration 9-81 is 2.66459e-05
The norm of iteration 9-82 is 2.40807e-05
The norm of iteration 9-83 is 2.17625e-05
The norm of iteration 9-84 is 1.96675e-05
The norm of iteration 9-85 is 1.77741e-05
The norm of iteration 9-86 is 1.6063e-05
The norm of iteration 9-87 is 1.45167e-05
The norm of iteration 9-88 is 1.31191e-05
The norm of iteration 9-89 is 1.18562e-05
The norm of iteration 9-90 is 1.07148e-05
The norm of iteration 9-91 is 9.6833e-06
The norm of iteration 9-92 is 8.7511e-06
The norm of iteration 9-93 is 7.90865e-06
The norm of iteration 9-94 is 7.14729e-06
The norm of iteration 9-95 is 6.45923e-06
The norm of iteration 9-96 is 5.83741e-06
The norm of iteration 9-97 is 5.27545e-06
The norm of iteration 9-98 is 4.76759e-06
The norm of iteration 9-99 is 4.30862e-06
The norm of iteration 9-100 is 3.89383e-06
The norm of iteration 9-101 is 3.51898e-06
The norm of iteration 9-102 is 3.18021e-06
The norm of iteration 9-103 is 2.87405e-06
The norm of iteration 9-104 is 2.59737e-06
The norm of iteration 9-105 is 2.34733e-06
The norm of iteration 9-106 is 2.12135e-06
The norm of iteration 9-107 is 1.91713e-06
The norm of iteration 9-108 is 1.73257e-06
The norm of iteration 9-109 is 1.56578e-06
The norm of iteration 9-110 is 1.41504e-06
The norm of iteration 9-111 is 1.27882e-06
The norm of iteration 9-112 is 1.15571e-06
The norm of iteration 9-113 is 1.04445e-06
The norm of iteration 9-114 is 9.43902e-07
The norm of iteration 10-0 is 0.230556
The norm of iteration 10-1 is 0.0709354
The norm of iteration 10-2 is 0.0511344
The norm of iteration 10-3 is 0.0506648
The norm of iteration 10-4 is 0.0373908
The norm of iteration 10-5 is 0.0376474
The norm of iteration 10-6 is 0.0314938
The norm of iteration 10-7 is 0.0292813
The norm of iteration 10-8 is 0.0256835
The norm of iteration 10-9 is 0.0232667
The norm of iteration 10-10 is 0.0207312
The norm of iteration 10-11 is 0.0186507
The norm of iteration 10-12 is 0.0167059
The norm of iteration 10-13 is 0.0150066
The norm of iteration 10-14 is 0.0134672
The norm of iteration 10-15 is 0.0120957
The norm of iteration 10-16 is 0.0108631
The norm of iteration 10-17 is 0.00975828
The norm of iteration 10-18 is 0.00876684
The norm of iteration 10-19 is 0.00787638
The norm of iteration 10-20 is 0.00707732
The norm of iteration 10-21 is 0.00635916
The norm of iteration 10-22 is 0.00571453
The norm of iteration 10-23 is 0.00513503
The norm of iteration 10-24 is 0.0046147
The norm of iteration 10-25 is 0.00414692
The norm of iteration 10-26 is 0.00372682
The norm of iteration 10-27 is 0.00334914
The norm of iteration 10-28 is 0.00300989
The norm of iteration 10-29 is 0.00270492
The norm of iteration 10-30 is 0.00243095
The norm of iteration 10-31 is 0.00218466
The norm of iteration 10-32 is 0.00196339
The norm of iteration 10-33 is 0.00176449
The norm of iteration 10-34 is 0.00158578
The norm of iteration 10-35 is 0.00142514
The norm of iteration 10-36 is 0.0012808
The norm of iteration 10-37 is 0.00115106
The norm of iteration 10-38 is 0.00103447
The norm of iteration 10-39 is 0.000929687
The norm of iteration 10-40 is 0.000835526
The norm of iteration 10-41 is 0.000750894
The norm of iteration 10-42 is 0.000674841
The norm of iteration 10-43 is 0.000606485
The norm of iteration 10-44 is 0.000545058
The norm of iteration 10-45 is 0.000489849
The norm of iteration 10-46 is 0.000440235
The norm of iteration 10-47 is 0.000395644
The norm of iteration 10-48 is 0.000355572
The norm of iteration 10-49 is 0.000319556
The norm of iteration 10-50 is 0.00028719
The norm of iteration 10-51 is 0.000258101
The norm of iteration 10-52 is 0.00023196
The norm of iteration 10-53 is 0.000208465
The norm of iteration 10-54 is 0.00018735
The norm of iteration 10-55 is 0.000168374
The norm of iteration 10-56 is 0.00015132
The norm of iteration 10-57 is 0.000135994
The norm of iteration 10-58 is 0.000122219
The norm of iteration 10-59 is 0.00010984
The norm of iteration 10-60 is 9.87149e-05
The norm of iteration 10-61 is 8.87164e-05
The norm of iteration 10-62 is 7.97307e-05
The norm of iteration 10-63 is 7.1655e-05
The norm of iteration 10-64 is 6.43974e-05
The norm of iteration 10-65 is 5.78748e-05
The norm of iteration 10-66 is 5.20129e-05
The norm of iteration 10-67 is 4.67447e-05
The norm of iteration 10-68 is 4.20101e-05
The norm of iteration 10-69 is 3.77551e-05
The norm of iteration 10-70 is 3.3931e-05
The norm of iteration 10-71 is 3.04943e-05
The norm of iteration 10-72 is 2.74056e-05
The norm of iteration 10-73 is 2.46298e-05
The norm of iteration 10-74 is 2.21351e-05
The norm of iteration 10-75 is 1.98932e-05
The norm of iteration 10-76 is 1.78783e-05
The norm of iteration 10-77 is 1.60674e-05
The norm of iteration 10-78 is 1.444e-05
The norm of iteration 10-79 is 1.29775e-05
The norm of iteration 10-80 is 1.1663e-05
The norm of iteration 10-81 is 1.04817e-05
The norm of iteration 10-82 is 9.42006e-06
The norm of iteration 10-83 is 8.46594e-06
The norm of iteration 10-84 is 7.60846e-06
The norm of iteration 10-85 is 6.83782e-06
The norm of iteration 10-86 is 6.14525e-06
The norm of iteration 10-87 is 5.52282e-06
The norm of iteration 10-88 is 4.96343e-06
The norm of iteration 10-89 is 4.46071e-06
The norm of iteration 10-90 is 4.0089e-06
The norm of iteration 10-91 is 3.60285e-06
The norm of iteration 10-92 is 3.23793e-06
The norm of iteration 10-93 is 2.90998e-06
The norm of iteration 10-94 is 2.61523e-06
The norm of iteration 10-95 is 2.35035e-06
The norm of iteration 10-96 is 2.11229e-06
The norm of iteration 10-97 is 1.89834e-06
The norm of iteration 10-98 is 1.70607e-06
The norm of iteration 10-99 is 1.53327e-06
The norm of iteration 10-100 is 1.37797e-06
The norm of iteration 10-101 is 1.2384e-06
The norm of iteration 10-102 is 1.11297e-06
The norm of iteration 10-103 is 1.00024e-06
The norm of iteration 10-104 is 8.98928e-07
The total amount of iterations was 2708
